-- Install configuration: ""
-- Up-to-date: /home/jim/rm_dh_ws/install/rm_63_config/share/ament_index/resource_index/package_run_dependencies/rm_63_config
-- Up-to-date: /home/jim/rm_dh_ws/install/rm_63_config/share/ament_index/resource_index/parent_prefix_path/rm_63_config
-- Up-to-date: /home/jim/rm_dh_ws/install/rm_63_config/share/rm_63_config/environment/ament_prefix_path.sh
-- Up-to-date: /home/jim/rm_dh_ws/install/rm_63_config/share/rm_63_config/environment/ament_prefix_path.dsv
-- Up-to-date: /home/jim/rm_dh_ws/install/rm_63_config/share/rm_63_config/environment/path.sh
-- Up-to-date: /home/jim/rm_dh_ws/install/rm_63_config/share/rm_63_config/environment/path.dsv
-- Up-to-date: /home/jim/rm_dh_ws/install/rm_63_config/share/rm_63_config/local_setup.bash
-- Up-to-date: /home/jim/rm_dh_ws/install/rm_63_config/share/rm_63_config/local_setup.sh
-- Up-to-date: /home/jim/rm_dh_ws/install/rm_63_config/share/rm_63_config/local_setup.zsh
-- Up-to-date: /home/jim/rm_dh_ws/install/rm_63_config/share/rm_63_config/local_setup.dsv
-- Up-to-date: /home/jim/rm_dh_ws/install/rm_63_config/share/rm_63_config/package.dsv
-- Up-to-date: /home/jim/rm_dh_ws/install/rm_63_config/share/ament_index/resource_index/packages/rm_63_config
-- Up-to-date: /home/jim/rm_dh_ws/install/rm_63_config/share/rm_63_config/cmake/rm_63_configConfig.cmake
-- Up-to-date: /home/jim/rm_dh_ws/install/rm_63_config/share/rm_63_config/cmake/rm_63_configConfig-version.cmake
-- Up-to-date: /home/jim/rm_dh_ws/install/rm_63_config/share/rm_63_config/package.xml
-- Up-to-date: /home/jim/rm_dh_ws/install/rm_63_config/share/rm_63_config/launch
-- Up-to-date: /home/jim/rm_dh_ws/install/rm_63_config/share/rm_63_config/launch/gazebo_moveit_demo_III.launch.py
-- Up-to-date: /home/jim/rm_dh_ws/install/rm_63_config/share/rm_63_config/launch/move_group.launch.py
-- Up-to-date: /home/jim/rm_dh_ws/install/rm_63_config/share/rm_63_config/launch/gazebo_moveit_demo.launch.py
-- Up-to-date: /home/jim/rm_dh_ws/install/rm_63_config/share/rm_63_config/launch/real_moveit_demo_6f.launch.py
-- Up-to-date: /home/jim/rm_dh_ws/install/rm_63_config/share/rm_63_config/launch/demo_6f.launch.py
-- Up-to-date: /home/jim/rm_dh_ws/install/rm_63_config/share/rm_63_config/launch/setup_assistant.launch.py
-- Up-to-date: /home/jim/rm_dh_ws/install/rm_63_config/share/rm_63_config/launch/real_moveit_demo_6fb.launch.py
-- Up-to-date: /home/jim/rm_dh_ws/install/rm_63_config/share/rm_63_config/launch/real_moveit_demo_III.launch.py
-- Up-to-date: /home/jim/rm_dh_ws/install/rm_63_config/share/rm_63_config/launch/real_moveit_demo_III_6fb.launch.py
-- Up-to-date: /home/jim/rm_dh_ws/install/rm_63_config/share/rm_63_config/launch/warehouse_db.launch.py
-- Up-to-date: /home/jim/rm_dh_ws/install/rm_63_config/share/rm_63_config/launch/moveit_rviz.launch.py
-- Up-to-date: /home/jim/rm_dh_ws/install/rm_63_config/share/rm_63_config/launch/real_moveit_demo.launch.py
-- Up-to-date: /home/jim/rm_dh_ws/install/rm_63_config/share/rm_63_config/launch/demo_III.launch.py
-- Up-to-date: /home/jim/rm_dh_ws/install/rm_63_config/share/rm_63_config/launch/spawn_controllers.launch.py
-- Up-to-date: /home/jim/rm_dh_ws/install/rm_63_config/share/rm_63_config/launch/demo_III_6fb.launch.py
-- Up-to-date: /home/jim/rm_dh_ws/install/rm_63_config/share/rm_63_config/launch/demo_6fb.launch.py
-- Up-to-date: /home/jim/rm_dh_ws/install/rm_63_config/share/rm_63_config/launch/gazebo_moveit_demo_6f.launch.py
-- Up-to-date: /home/jim/rm_dh_ws/install/rm_63_config/share/rm_63_config/launch/static_virtual_joint_tfs.launch.py
-- Up-to-date: /home/jim/rm_dh_ws/install/rm_63_config/share/rm_63_config/launch/gazebo_moveit_demo_III_6fb.launch.py
-- Up-to-date: /home/jim/rm_dh_ws/install/rm_63_config/share/rm_63_config/launch/demo.launch.py
-- Up-to-date: /home/jim/rm_dh_ws/install/rm_63_config/share/rm_63_config/launch/gazebo_moveit_demo_6fb.launch.py
-- Up-to-date: /home/jim/rm_dh_ws/install/rm_63_config/share/rm_63_config/launch/rsp.launch.py
-- Up-to-date: /home/jim/rm_dh_ws/install/rm_63_config/share/rm_63_config/config
-- Up-to-date: /home/jim/rm_dh_ws/install/rm_63_config/share/rm_63_config/config/ros2_controllers.yaml
-- Up-to-date: /home/jim/rm_dh_ws/install/rm_63_config/share/rm_63_config/config/initial_positions.yaml
-- Up-to-date: /home/jim/rm_dh_ws/install/rm_63_config/share/rm_63_config/config/rml_63_6fb_description.urdf.xacro
-- Up-to-date: /home/jim/rm_dh_ws/install/rm_63_config/share/rm_63_config/config/pilz_cartesian_limits.yaml
-- Up-to-date: /home/jim/rm_dh_ws/install/rm_63_config/share/rm_63_config/config/kinematics.yaml
-- Up-to-date: /home/jim/rm_dh_ws/install/rm_63_config/share/rm_63_config/config/joint_limits.yaml
-- Up-to-date: /home/jim/rm_dh_ws/install/rm_63_config/share/rm_63_config/config/rml_63_description.srdf
-- Up-to-date: /home/jim/rm_dh_ws/install/rm_63_config/share/rm_63_config/config/rml_63_description.ros2_control.xacro
-- Up-to-date: /home/jim/rm_dh_ws/install/rm_63_config/share/rm_63_config/config/moveit.rviz
-- Up-to-date: /home/jim/rm_dh_ws/install/rm_63_config/share/rm_63_config/config/rml_63_description.urdf.xacro
-- Up-to-date: /home/jim/rm_dh_ws/install/rm_63_config/share/rm_63_config/config/moveit_controllers.yaml
-- Up-to-date: /home/jim/rm_dh_ws/install/rm_63_config/share/rm_63_config/.setup_assistant
