[0.038s] Invoking command in '/home/jim/rm_dh_ws/build/rm_bringup': CMAKE_PREFIX_PATH=${CMAKE_PREFIX_PATH}:/home/jim/rm_dh_ws/install/dh_gripper_driver:/home/jim/ws_moveit2/install/moveit_configs_utils:/home/jim/ws_moveit2/install/launch_param_builder:/home/jim/tactile_ws/install/tactile_sensor_ros2:/opt/ros/humble /usr/bin/cmake /home/jim/rm_dh_ws/src/rm_bringup -DCMAKE_INSTALL_PREFIX=/home/jim/rm_dh_ws/install/rm_bringup
[0.167s] -- The C compiler identification is GNU 11.4.0
[0.219s] -- The CXX compiler identification is GNU 11.4.0
[0.228s] -- Detecting C compiler ABI info
[0.309s] -- Detecting C compiler ABI info - done
[0.314s] -- Check for working C compiler: /usr/bin/cc - skipped
[0.314s] -- Detecting C compile features
[0.314s] -- Detecting C compile features - done
[0.316s] -- Detecting CXX compiler ABI info
[0.398s] -- Detecting CXX compiler ABI info - done
[0.403s] -- Check for working CXX compiler: /usr/bin/c++ - skipped
[0.404s] -- Detecting CXX compile features
[0.404s] -- Detecting CXX compile features - done
[0.413s] -- Found ament_cmake: 1.3.12 (/opt/ros/humble/share/ament_cmake/cmake)
[0.603s] -- Found Python3: /usr/bin/python3 (found version "3.10.12") found components: Interpreter 
[0.786s] -- Found ament_lint_auto: 0.12.14 (/opt/ros/humble/share/ament_lint_auto/cmake)
[0.862s] -- Added test 'flake8' to check Python code syntax and style conventions
[0.864s] -- Added test 'lint_cmake' to check CMake code style
[0.865s] -- Added test 'pep257' to check Python code against some of the docstring style conventions in PEP 257
[0.868s] -- Added test 'xmllint' to check XML markup files
[0.870s] -- Configuring done
[0.870s] -- Generating done
[0.871s] -- Build files have been written to: /home/jim/rm_dh_ws/build/rm_bringup
[0.899s] Invoked command in '/home/jim/rm_dh_ws/build/rm_bringup' returned '0': CMAKE_PREFIX_PATH=${CMAKE_PREFIX_PATH}:/home/jim/rm_dh_ws/install/dh_gripper_driver:/home/jim/ws_moveit2/install/moveit_configs_utils:/home/jim/ws_moveit2/install/launch_param_builder:/home/jim/tactile_ws/install/tactile_sensor_ros2:/opt/ros/humble /usr/bin/cmake /home/jim/rm_dh_ws/src/rm_bringup -DCMAKE_INSTALL_PREFIX=/home/jim/rm_dh_ws/install/rm_bringup
[0.900s] Invoking command in '/home/jim/rm_dh_ws/build/rm_bringup': CMAKE_PREFIX_PATH=${CMAKE_PREFIX_PATH}:/home/jim/rm_dh_ws/install/dh_gripper_driver:/home/jim/ws_moveit2/install/moveit_configs_utils:/home/jim/ws_moveit2/install/launch_param_builder:/home/jim/tactile_ws/install/tactile_sensor_ros2:/opt/ros/humble /usr/bin/cmake --build /home/jim/rm_dh_ws/build/rm_bringup -- -j16 -l16
[0.952s] Invoked command in '/home/jim/rm_dh_ws/build/rm_bringup' returned '0': CMAKE_PREFIX_PATH=${CMAKE_PREFIX_PATH}:/home/jim/rm_dh_ws/install/dh_gripper_driver:/home/jim/ws_moveit2/install/moveit_configs_utils:/home/jim/ws_moveit2/install/launch_param_builder:/home/jim/tactile_ws/install/tactile_sensor_ros2:/opt/ros/humble /usr/bin/cmake --build /home/jim/rm_dh_ws/build/rm_bringup -- -j16 -l16
[0.953s] Invoking command in '/home/jim/rm_dh_ws/build/rm_bringup': CMAKE_PREFIX_PATH=${CMAKE_PREFIX_PATH}:/home/jim/rm_dh_ws/install/dh_gripper_driver:/home/jim/ws_moveit2/install/moveit_configs_utils:/home/jim/ws_moveit2/install/launch_param_builder:/home/jim/tactile_ws/install/tactile_sensor_ros2:/opt/ros/humble /usr/bin/cmake --install /home/jim/rm_dh_ws/build/rm_bringup
[0.963s] -- Install configuration: ""
[0.963s] -- Installing: /home/jim/rm_dh_ws/install/rm_bringup/share/rm_bringup/launch
[0.963s] -- Installing: /home/jim/rm_dh_ws/install/rm_bringup/share/rm_bringup/launch/rm_75_6f_gazebo.launch.py
[0.964s] -- Installing: /home/jim/rm_dh_ws/install/rm_bringup/share/rm_bringup/launch/rm_65_6f_gazebo.launch.py
[0.964s] -- Installing: /home/jim/rm_dh_ws/install/rm_bringup/share/rm_bringup/launch/rm_63_6f_gazebo.launch.py
[0.964s] -- Installing: /home/jim/rm_dh_ws/install/rm_bringup/share/rm_bringup/launch/rm_63_6fb_bringup.launch.py
[0.964s] -- Installing: /home/jim/rm_dh_ws/install/rm_bringup/share/rm_bringup/launch/rm_gen72_gazebo.launch.py
[0.964s] -- Installing: /home/jim/rm_dh_ws/install/rm_bringup/share/rm_bringup/launch/rm_75_bringup.launch.py
[0.964s] -- Installing: /home/jim/rm_dh_ws/install/rm_bringup/share/rm_bringup/launch/rm_65_6fb_gazebo.launch.py
[0.965s] -- Installing: /home/jim/rm_dh_ws/install/rm_bringup/share/rm_bringup/launch/rm_eco63_6fb_gazebo.launch.py
[0.965s] -- Installing: /home/jim/rm_dh_ws/install/rm_bringup/share/rm_bringup/launch/rm_63_III_6fb_bringup.launch.py
[0.965s] -- Installing: /home/jim/rm_dh_ws/install/rm_bringup/share/rm_bringup/launch/rm_75_6fb_gazebo.launch.py
[0.965s] -- Installing: /home/jim/rm_dh_ws/install/rm_bringup/share/rm_bringup/launch/rm_75_6f_bringup.launch.py
[0.965s] -- Installing: /home/jim/rm_dh_ws/install/rm_bringup/share/rm_bringup/launch/rm_75_6fb_bringup.launch.py
[0.965s] -- Installing: /home/jim/rm_dh_ws/install/rm_bringup/share/rm_bringup/launch/rm_eco63_6fb_bringup.launch.py
[0.965s] -- Installing: /home/jim/rm_dh_ws/install/rm_bringup/share/rm_bringup/launch/rm_eco65_6f_gazebo.launch.py
[0.965s] -- Installing: /home/jim/rm_dh_ws/install/rm_bringup/share/rm_bringup/launch/rm_63_6f_bringup.launch.py
[0.965s] -- Installing: /home/jim/rm_dh_ws/install/rm_bringup/share/rm_bringup/launch/rm_eco65_6f_bringup.launch.py
[0.965s] -- Installing: /home/jim/rm_dh_ws/install/rm_bringup/share/rm_bringup/launch/rm_63_III_gazebo.launch.py
[0.966s] -- Installing: /home/jim/rm_dh_ws/install/rm_bringup/share/rm_bringup/launch/rm_63_III_bringup.launch.py
[0.966s] -- Installing: /home/jim/rm_dh_ws/install/rm_bringup/share/rm_bringup/launch/rm_gen72_II_gazebo.launch.py
[0.966s] -- Installing: /home/jim/rm_dh_ws/install/rm_bringup/share/rm_bringup/launch/rm_gen72_bringup.launch.py
[0.966s] -- Installing: /home/jim/rm_dh_ws/install/rm_bringup/share/rm_bringup/launch/rm_63_bringup.launch.py
[0.966s] -- Installing: /home/jim/rm_dh_ws/install/rm_bringup/share/rm_bringup/launch/rm_eco65_6fb_bringup.launch.py
[0.966s] -- Installing: /home/jim/rm_dh_ws/install/rm_bringup/share/rm_bringup/launch/rm_65_bringup.launch.py
[0.966s] -- Installing: /home/jim/rm_dh_ws/install/rm_bringup/share/rm_bringup/launch/rm_63_III_6fb_gazebo.launch.py
[0.966s] -- Installing: /home/jim/rm_dh_ws/install/rm_bringup/share/rm_bringup/launch/rm_75_gazebo.launch.py
[0.966s] -- Installing: /home/jim/rm_dh_ws/install/rm_bringup/share/rm_bringup/launch/rm_65_gazebo.launch.py
[0.967s] -- Installing: /home/jim/rm_dh_ws/install/rm_bringup/share/rm_bringup/launch/rm_63_6fb_gazebo.launch.py
[0.967s] -- Installing: /home/jim/rm_dh_ws/install/rm_bringup/share/rm_bringup/launch/rm_eco63_gazebo.launch.py
[0.967s] -- Installing: /home/jim/rm_dh_ws/install/rm_bringup/share/rm_bringup/launch/rm_65_6fb_bringup.launch.py
[0.967s] -- Installing: /home/jim/rm_dh_ws/install/rm_bringup/share/rm_bringup/launch/rm_eco65_gazebo.launch.py
[0.967s] -- Installing: /home/jim/rm_dh_ws/install/rm_bringup/share/rm_bringup/launch/rm_63_gazebo.launch.py
[0.967s] -- Installing: /home/jim/rm_dh_ws/install/rm_bringup/share/rm_bringup/launch/rm_eco65_bringup.launch.py
[0.967s] -- Installing: /home/jim/rm_dh_ws/install/rm_bringup/share/rm_bringup/launch/rm_eco65_6fb_gazebo.launch.py
[0.967s] -- Installing: /home/jim/rm_dh_ws/install/rm_bringup/share/rm_bringup/launch/rm_65_6f_bringup.launch.py
[0.967s] -- Installing: /home/jim/rm_dh_ws/install/rm_bringup/share/rm_bringup/launch/rm_gen72_II_bringup.launch.py
[0.967s] -- Installing: /home/jim/rm_dh_ws/install/rm_bringup/share/rm_bringup/launch/rm_eco63_bringup.launch.py
[0.967s] -- Installing: /home/jim/rm_dh_ws/install/rm_bringup/share/ament_index/resource_index/package_run_dependencies/rm_bringup
[0.967s] -- Installing: /home/jim/rm_dh_ws/install/rm_bringup/share/ament_index/resource_index/parent_prefix_path/rm_bringup
[0.967s] -- Installing: /home/jim/rm_dh_ws/install/rm_bringup/share/rm_bringup/environment/ament_prefix_path.sh
[0.968s] -- Installing: /home/jim/rm_dh_ws/install/rm_bringup/share/rm_bringup/environment/ament_prefix_path.dsv
[0.968s] -- Installing: /home/jim/rm_dh_ws/install/rm_bringup/share/rm_bringup/environment/path.sh
[0.968s] -- Installing: /home/jim/rm_dh_ws/install/rm_bringup/share/rm_bringup/environment/path.dsv
[0.968s] -- Installing: /home/jim/rm_dh_ws/install/rm_bringup/share/rm_bringup/local_setup.bash
[0.968s] -- Installing: /home/jim/rm_dh_ws/install/rm_bringup/share/rm_bringup/local_setup.sh
[0.968s] -- Installing: /home/jim/rm_dh_ws/install/rm_bringup/share/rm_bringup/local_setup.zsh
[0.968s] -- Installing: /home/jim/rm_dh_ws/install/rm_bringup/share/rm_bringup/local_setup.dsv
[0.968s] -- Installing: /home/jim/rm_dh_ws/install/rm_bringup/share/rm_bringup/package.dsv
[0.968s] -- Installing: /home/jim/rm_dh_ws/install/rm_bringup/share/ament_index/resource_index/packages/rm_bringup
[0.968s] -- Installing: /home/jim/rm_dh_ws/install/rm_bringup/share/rm_bringup/cmake/rm_bringupConfig.cmake
[0.968s] -- Installing: /home/jim/rm_dh_ws/install/rm_bringup/share/rm_bringup/cmake/rm_bringupConfig-version.cmake
[0.968s] -- Installing: /home/jim/rm_dh_ws/install/rm_bringup/share/rm_bringup/package.xml
[0.980s] Invoked command in '/home/jim/rm_dh_ws/build/rm_bringup' returned '0': CMAKE_PREFIX_PATH=${CMAKE_PREFIX_PATH}:/home/jim/rm_dh_ws/install/dh_gripper_driver:/home/jim/ws_moveit2/install/moveit_configs_utils:/home/jim/ws_moveit2/install/launch_param_builder:/home/jim/tactile_ws/install/tactile_sensor_ros2:/opt/ros/humble /usr/bin/cmake --install /home/jim/rm_dh_ws/build/rm_bringup
