[0.494s] Invoking command in '/home/jim/rm_dh_ws/src/dh_gripper_driver': AMENT_PREFIX_PATH=/home/jim/rm_dh_ws/install/dh_gripper_msgs:${AMENT_PREFIX_PATH} CMAKE_PREFIX_PATH=/home/jim/rm_dh_ws/install/dh_gripper_msgs:${CMAKE_PREFIX_PATH} LD_LIBRARY_PATH=/home/jim/rm_dh_ws/install/dh_gripper_msgs/lib:${LD_LIBRARY_PATH} PYTHONPATH=/home/jim/rm_dh_ws/build/dh_gripper_driver/prefix_override:/usr/lib/python3/dist-packages/colcon_core/task/python/colcon_distutils_commands:/home/jim/rm_dh_ws/install/dh_gripper_driver/lib/python3.10/site-packages:/home/jim/rm_dh_ws/install/dh_gripper_msgs/local/lib/python3.10/dist-packages:${PYTHONPATH} /usr/bin/python3 -W ignore:setup.py install is deprecated -W ignore:easy_install command is deprecated setup.py egg_info --egg-base ../../build/dh_gripper_driver build --build-base /home/jim/rm_dh_ws/build/dh_gripper_driver/build install --record /home/jim/rm_dh_ws/build/dh_gripper_driver/install.log --single-version-externally-managed install_data
[0.658s] running egg_info
[0.658s] creating ../../build/dh_gripper_driver/dh_gripper_driver.egg-info
[0.658s] writing ../../build/dh_gripper_driver/dh_gripper_driver.egg-info/PKG-INFO
[0.659s] writing dependency_links to ../../build/dh_gripper_driver/dh_gripper_driver.egg-info/dependency_links.txt
[0.659s] writing entry points to ../../build/dh_gripper_driver/dh_gripper_driver.egg-info/entry_points.txt
[0.659s] writing requirements to ../../build/dh_gripper_driver/dh_gripper_driver.egg-info/requires.txt
[0.659s] writing top-level names to ../../build/dh_gripper_driver/dh_gripper_driver.egg-info/top_level.txt
[0.659s] writing manifest file '../../build/dh_gripper_driver/dh_gripper_driver.egg-info/SOURCES.txt'
[0.660s] reading manifest file '../../build/dh_gripper_driver/dh_gripper_driver.egg-info/SOURCES.txt'
[0.660s] writing manifest file '../../build/dh_gripper_driver/dh_gripper_driver.egg-info/SOURCES.txt'
[0.660s] running build
[0.660s] running build_py
[0.661s] creating /home/jim/rm_dh_ws/build/dh_gripper_driver/build
[0.661s] creating /home/jim/rm_dh_ws/build/dh_gripper_driver/build/lib
[0.661s] creating /home/jim/rm_dh_ws/build/dh_gripper_driver/build/lib/dh_gripper_driver
[0.661s] copying dh_gripper_driver/driver.py -> /home/jim/rm_dh_ws/build/dh_gripper_driver/build/lib/dh_gripper_driver
[0.661s] copying dh_gripper_driver/__init__.py -> /home/jim/rm_dh_ws/build/dh_gripper_driver/build/lib/dh_gripper_driver
[0.661s] running install
[0.661s] running install_lib
[0.661s] creating /home/jim/rm_dh_ws/install/dh_gripper_driver/lib/python3.10/site-packages/dh_gripper_driver
[0.661s] copying /home/jim/rm_dh_ws/build/dh_gripper_driver/build/lib/dh_gripper_driver/driver.py -> /home/jim/rm_dh_ws/install/dh_gripper_driver/lib/python3.10/site-packages/dh_gripper_driver
[0.661s] copying /home/jim/rm_dh_ws/build/dh_gripper_driver/build/lib/dh_gripper_driver/__init__.py -> /home/jim/rm_dh_ws/install/dh_gripper_driver/lib/python3.10/site-packages/dh_gripper_driver
[0.661s] byte-compiling /home/jim/rm_dh_ws/install/dh_gripper_driver/lib/python3.10/site-packages/dh_gripper_driver/driver.py to driver.cpython-310.pyc
[0.662s] byte-compiling /home/jim/rm_dh_ws/install/dh_gripper_driver/lib/python3.10/site-packages/dh_gripper_driver/__init__.py to __init__.cpython-310.pyc
[0.662s] running install_data
[0.663s] creating /home/jim/rm_dh_ws/install/dh_gripper_driver/share/ament_index
[0.663s] creating /home/jim/rm_dh_ws/install/dh_gripper_driver/share/ament_index/resource_index
[0.663s] creating /home/jim/rm_dh_ws/install/dh_gripper_driver/share/ament_index/resource_index/packages
[0.663s] copying resource/dh_gripper_driver -> /home/jim/rm_dh_ws/install/dh_gripper_driver/share/ament_index/resource_index/packages
[0.663s] copying package.xml -> /home/jim/rm_dh_ws/install/dh_gripper_driver/share/dh_gripper_driver
[0.663s] running install_egg_info
[0.664s] Copying ../../build/dh_gripper_driver/dh_gripper_driver.egg-info to /home/jim/rm_dh_ws/install/dh_gripper_driver/lib/python3.10/site-packages/dh_gripper_driver-0.0.0-py3.10.egg-info
[0.664s] running install_scripts
[0.678s] Installing dh_gripper_driver script to /home/jim/rm_dh_ws/install/dh_gripper_driver/lib/dh_gripper_driver
[0.679s] writing list of installed files to '/home/jim/rm_dh_ws/build/dh_gripper_driver/install.log'
[0.694s] Invoked command in '/home/jim/rm_dh_ws/src/dh_gripper_driver' returned '0': AMENT_PREFIX_PATH=/home/jim/rm_dh_ws/install/dh_gripper_msgs:${AMENT_PREFIX_PATH} CMAKE_PREFIX_PATH=/home/jim/rm_dh_ws/install/dh_gripper_msgs:${CMAKE_PREFIX_PATH} LD_LIBRARY_PATH=/home/jim/rm_dh_ws/install/dh_gripper_msgs/lib:${LD_LIBRARY_PATH} PYTHONPATH=/home/jim/rm_dh_ws/build/dh_gripper_driver/prefix_override:/usr/lib/python3/dist-packages/colcon_core/task/python/colcon_distutils_commands:/home/jim/rm_dh_ws/install/dh_gripper_driver/lib/python3.10/site-packages:/home/jim/rm_dh_ws/install/dh_gripper_msgs/local/lib/python3.10/dist-packages:${PYTHONPATH} /usr/bin/python3 -W ignore:setup.py install is deprecated -W ignore:easy_install command is deprecated setup.py egg_info --egg-base ../../build/dh_gripper_driver build --build-base /home/jim/rm_dh_ws/build/dh_gripper_driver/build install --record /home/jim/rm_dh_ws/build/dh_gripper_driver/install.log --single-version-externally-managed install_data
