[0.049s] Invoking command in '/home/jim/rm_dh_ws/build/rm_gazebo': CMAKE_PREFIX_PATH=${CMAKE_PREFIX_PATH}:/home/jim/rm_dh_ws/install/dh_gripper_driver:/home/jim/ws_moveit2/install/moveit_configs_utils:/home/jim/ws_moveit2/install/launch_param_builder:/home/jim/tactile_ws/install/tactile_sensor_ros2:/opt/ros/humble /usr/bin/cmake --build /home/jim/rm_dh_ws/build/rm_gazebo -- -j16 -l16
[0.109s] Invoked command in '/home/jim/rm_dh_ws/build/rm_gazebo' returned '0': CMAKE_PREFIX_PATH=${CMAKE_PREFIX_PATH}:/home/jim/rm_dh_ws/install/dh_gripper_driver:/home/jim/ws_moveit2/install/moveit_configs_utils:/home/jim/ws_moveit2/install/launch_param_builder:/home/jim/tactile_ws/install/tactile_sensor_ros2:/opt/ros/humble /usr/bin/cmake --build /home/jim/rm_dh_ws/build/rm_gazebo -- -j16 -l16
[0.117s] Invoking command in '/home/jim/rm_dh_ws/build/rm_gazebo': CMAKE_PREFIX_PATH=${CMAKE_PREFIX_PATH}:/home/jim/rm_dh_ws/install/dh_gripper_driver:/home/jim/ws_moveit2/install/moveit_configs_utils:/home/jim/ws_moveit2/install/launch_param_builder:/home/jim/tactile_ws/install/tactile_sensor_ros2:/opt/ros/humble /usr/bin/cmake --install /home/jim/rm_dh_ws/build/rm_gazebo
[0.122s] -- Install configuration: ""
[0.122s] -- Up-to-date: /home/jim/rm_dh_ws/install/rm_gazebo/share/rm_gazebo/launch
[0.122s] -- Up-to-date: /home/jim/rm_dh_ws/install/rm_gazebo/share/rm_gazebo/launch/gazebo_65_6f_demo.launch.py
[0.122s] -- Up-to-date: /home/jim/rm_dh_ws/install/rm_gazebo/share/rm_gazebo/launch/gazebo_75_demo.launch.py
[0.122s] -- Up-to-date: /home/jim/rm_dh_ws/install/rm_gazebo/share/rm_gazebo/launch/gazebo_eco65_6fb_demo.launch.py
[0.122s] -- Up-to-date: /home/jim/rm_dh_ws/install/rm_gazebo/share/rm_gazebo/launch/gazebo_63_III_demo.launch.py
[0.122s] -- Up-to-date: /home/jim/rm_dh_ws/install/rm_gazebo/share/rm_gazebo/launch/gazebo_65_demo.launch.py
[0.122s] -- Up-to-date: /home/jim/rm_dh_ws/install/rm_gazebo/share/rm_gazebo/launch/gazebo_75_6f_demo.launch.py
[0.122s] -- Up-to-date: /home/jim/rm_dh_ws/install/rm_gazebo/share/rm_gazebo/launch/gazebo_63_6f_demo.launch.py
[0.122s] -- Up-to-date: /home/jim/rm_dh_ws/install/rm_gazebo/share/rm_gazebo/launch/gazebo_65_6fb_demo.launch.py
[0.122s] -- Up-to-date: /home/jim/rm_dh_ws/install/rm_gazebo/share/rm_gazebo/launch/gazebo_eco65_6f_demo.launch.py
[0.122s] -- Up-to-date: /home/jim/rm_dh_ws/install/rm_gazebo/share/rm_gazebo/launch/gazebo_gen72_demo.launch.py
[0.123s] -- Up-to-date: /home/jim/rm_dh_ws/install/rm_gazebo/share/rm_gazebo/launch/gazebo_eco63_demo.launch.py
[0.123s] -- Up-to-date: /home/jim/rm_dh_ws/install/rm_gazebo/share/rm_gazebo/launch/gazebo_gen72_II_demo.launch.py
[0.123s] -- Up-to-date: /home/jim/rm_dh_ws/install/rm_gazebo/share/rm_gazebo/launch/gazebo_63_demo.launch.py
[0.123s] -- Up-to-date: /home/jim/rm_dh_ws/install/rm_gazebo/share/rm_gazebo/launch/gazebo_75_6fb_demo.launch.py
[0.123s] -- Up-to-date: /home/jim/rm_dh_ws/install/rm_gazebo/share/rm_gazebo/launch/gazebo_63_6fb_demo.launch.py
[0.123s] -- Up-to-date: /home/jim/rm_dh_ws/install/rm_gazebo/share/rm_gazebo/launch/gazebo_63_III_6fb_demo.launch.py
[0.123s] -- Up-to-date: /home/jim/rm_dh_ws/install/rm_gazebo/share/rm_gazebo/launch/gazebo_eco65_demo.launch.py
[0.123s] -- Up-to-date: /home/jim/rm_dh_ws/install/rm_gazebo/share/rm_gazebo/launch/gazebo_eco63_6fb_demo.launch.py
[0.123s] -- Up-to-date: /home/jim/rm_dh_ws/install/rm_gazebo/share/rm_gazebo/config
[0.123s] -- Up-to-date: /home/jim/rm_dh_ws/install/rm_gazebo/share/rm_gazebo/config/gazebo_63_description.urdf.xacro
[0.123s] -- Up-to-date: /home/jim/rm_dh_ws/install/rm_gazebo/share/rm_gazebo/config/gazebo_65_description.urdf.xacro
[0.123s] -- Up-to-date: /home/jim/rm_dh_ws/install/rm_gazebo/share/rm_gazebo/config/gazebo_gen72_II_description.urdf.xacro
[0.123s] -- Up-to-date: /home/jim/rm_dh_ws/install/rm_gazebo/share/rm_gazebo/config/gazebo_eco65_6fb_description.urdf.xacro
[0.123s] -- Up-to-date: /home/jim/rm_dh_ws/install/rm_gazebo/share/rm_gazebo/config/gazebo_63_III_description.urdf.xacro
[0.124s] -- Up-to-date: /home/jim/rm_dh_ws/install/rm_gazebo/share/rm_gazebo/config/gazebo_gen72_description.urdf.xacro
[0.124s] -- Up-to-date: /home/jim/rm_dh_ws/install/rm_gazebo/share/rm_gazebo/config/gazebo_eco63_description.urdf.xacro
[0.124s] -- Up-to-date: /home/jim/rm_dh_ws/install/rm_gazebo/share/rm_gazebo/config/gazebo_63_6fb_description.urdf.xacro
[0.124s] -- Up-to-date: /home/jim/rm_dh_ws/install/rm_gazebo/share/rm_gazebo/config/gazebo_75_6fb_description.urdf.xacro
[0.124s] -- Up-to-date: /home/jim/rm_dh_ws/install/rm_gazebo/share/rm_gazebo/config/gazebo_75_description.urdf.xacro
[0.124s] -- Up-to-date: /home/jim/rm_dh_ws/install/rm_gazebo/share/rm_gazebo/config/gazebo_65_6fb_description.urdf.xacro
[0.124s] -- Up-to-date: /home/jim/rm_dh_ws/install/rm_gazebo/share/rm_gazebo/config/gazebo_eco65_description.urdf.xacro
[0.124s] -- Up-to-date: /home/jim/rm_dh_ws/install/rm_gazebo/share/rm_gazebo/config/gazebo_eco63_6fb_description.urdf.xacro
[0.124s] -- Up-to-date: /home/jim/rm_dh_ws/install/rm_gazebo/share/ament_index/resource_index/package_run_dependencies/rm_gazebo
[0.124s] -- Up-to-date: /home/jim/rm_dh_ws/install/rm_gazebo/share/ament_index/resource_index/parent_prefix_path/rm_gazebo
[0.124s] -- Up-to-date: /home/jim/rm_dh_ws/install/rm_gazebo/share/rm_gazebo/environment/ament_prefix_path.sh
[0.124s] -- Up-to-date: /home/jim/rm_dh_ws/install/rm_gazebo/share/rm_gazebo/environment/ament_prefix_path.dsv
[0.124s] -- Up-to-date: /home/jim/rm_dh_ws/install/rm_gazebo/share/rm_gazebo/environment/path.sh
[0.124s] -- Up-to-date: /home/jim/rm_dh_ws/install/rm_gazebo/share/rm_gazebo/environment/path.dsv
[0.125s] -- Up-to-date: /home/jim/rm_dh_ws/install/rm_gazebo/share/rm_gazebo/local_setup.bash
[0.125s] -- Up-to-date: /home/jim/rm_dh_ws/install/rm_gazebo/share/rm_gazebo/local_setup.sh
[0.125s] -- Up-to-date: /home/jim/rm_dh_ws/install/rm_gazebo/share/rm_gazebo/local_setup.zsh
[0.125s] -- Up-to-date: /home/jim/rm_dh_ws/install/rm_gazebo/share/rm_gazebo/local_setup.dsv
[0.125s] -- Up-to-date: /home/jim/rm_dh_ws/install/rm_gazebo/share/rm_gazebo/package.dsv
[0.125s] -- Up-to-date: /home/jim/rm_dh_ws/install/rm_gazebo/share/ament_index/resource_index/packages/rm_gazebo
[0.125s] -- Up-to-date: /home/jim/rm_dh_ws/install/rm_gazebo/share/rm_gazebo/cmake/rm_gazeboConfig.cmake
[0.125s] -- Up-to-date: /home/jim/rm_dh_ws/install/rm_gazebo/share/rm_gazebo/cmake/rm_gazeboConfig-version.cmake
[0.125s] -- Up-to-date: /home/jim/rm_dh_ws/install/rm_gazebo/share/rm_gazebo/package.xml
[0.173s] Invoked command in '/home/jim/rm_dh_ws/build/rm_gazebo' returned '0': CMAKE_PREFIX_PATH=${CMAKE_PREFIX_PATH}:/home/jim/rm_dh_ws/install/dh_gripper_driver:/home/jim/ws_moveit2/install/moveit_configs_utils:/home/jim/ws_moveit2/install/launch_param_builder:/home/jim/tactile_ws/install/tactile_sensor_ros2:/opt/ros/humble /usr/bin/cmake --install /home/jim/rm_dh_ws/build/rm_gazebo
