[35m[1mConsolidate compiler generated dependencies of target rm_control[0m
[100%] Built target rm_control
-- Install configuration: ""
-- Up-to-date: /home/jim/rm_dh_ws/install/rm_control/share/rm_control/launch
-- Up-to-date: /home/jim/rm_dh_ws/install/rm_control/share/rm_control/launch/rm_75_control.launch.py
-- Up-to-date: /home/jim/rm_dh_ws/install/rm_control/share/rm_control/launch/rm_gen72_control.launch.py
-- Up-to-date: /home/jim/rm_dh_ws/install/rm_control/share/rm_control/launch/rm_eco63_control.launch.py
-- Up-to-date: /home/jim/rm_dh_ws/install/rm_control/share/rm_control/launch/rm_63_control.launch.py
-- Up-to-date: /home/jim/rm_dh_ws/install/rm_control/share/rm_control/launch/rm_eco65_control.launch.py
-- Up-to-date: /home/jim/rm_dh_ws/install/rm_control/share/rm_control/launch/rm_65_control.launch.py
-- Up-to-date: /home/jim/rm_dh_ws/install/rm_control/lib/rm_control/rm_control
-- Up-to-date: /home/jim/rm_dh_ws/install/rm_control/share/ament_index/resource_index/package_run_dependencies/rm_control
-- Up-to-date: /home/jim/rm_dh_ws/install/rm_control/share/ament_index/resource_index/parent_prefix_path/rm_control
-- Up-to-date: /home/jim/rm_dh_ws/install/rm_control/share/rm_control/environment/ament_prefix_path.sh
-- Up-to-date: /home/jim/rm_dh_ws/install/rm_control/share/rm_control/environment/ament_prefix_path.dsv
-- Up-to-date: /home/jim/rm_dh_ws/install/rm_control/share/rm_control/environment/path.sh
-- Up-to-date: /home/jim/rm_dh_ws/install/rm_control/share/rm_control/environment/path.dsv
-- Up-to-date: /home/jim/rm_dh_ws/install/rm_control/share/rm_control/local_setup.bash
-- Up-to-date: /home/jim/rm_dh_ws/install/rm_control/share/rm_control/local_setup.sh
-- Up-to-date: /home/jim/rm_dh_ws/install/rm_control/share/rm_control/local_setup.zsh
-- Up-to-date: /home/jim/rm_dh_ws/install/rm_control/share/rm_control/local_setup.dsv
-- Installing: /home/jim/rm_dh_ws/install/rm_control/share/rm_control/package.dsv
-- Up-to-date: /home/jim/rm_dh_ws/install/rm_control/share/ament_index/resource_index/packages/rm_control
-- Up-to-date: /home/jim/rm_dh_ws/install/rm_control/share/rm_control/cmake/rm_controlConfig.cmake
-- Up-to-date: /home/jim/rm_dh_ws/install/rm_control/share/rm_control/cmake/rm_controlConfig-version.cmake
-- Up-to-date: /home/jim/rm_dh_ws/install/rm_control/share/rm_control/package.xml
