[0.048s] Invoking command in '/home/jim/rm_dh_ws/build/dh_gripper_msgs': CMAKE_PREFIX_PATH=${CMAKE_PREFIX_PATH}:/home/jim/ws_moveit2/install/moveit_configs_utils:/home/jim/ws_moveit2/install/launch_param_builder:/home/jim/tactile_ws/install/tactile_sensor_ros2:/opt/ros/humble /usr/bin/cmake /home/jim/rm_dh_ws/src/dh_gripper_msgs -DCMAKE_INSTALL_PREFIX=/home/jim/rm_dh_ws/install/dh_gripper_msgs
[0.143s] -- The C compiler identification is GNU 11.4.0
[0.202s] -- The CXX compiler identification is GNU 11.4.0
[0.210s] -- Detecting C compiler ABI info
[0.270s] -- Detecting C compiler ABI info - done
[0.280s] -- Check for working C compiler: /usr/bin/cc - skipped
[0.280s] -- Detecting C compile features
[0.280s] -- Detecting C compile features - done
[0.284s] -- Detecting CXX compiler ABI info
[0.359s] -- Detecting CXX compiler ABI info - done
[0.369s] -- Check for working CXX compiler: /usr/bin/c++ - skipped
[0.370s] -- Detecting CXX compile features
[0.370s] -- Detecting CXX compile features - done
[0.376s] -- Found ament_cmake: 1.3.12 (/opt/ros/humble/share/ament_cmake/cmake)
[0.540s] -- Found Python3: /usr/bin/python3 (found version "3.10.12") found components: Interpreter 
[0.675s] -- Found rosidl_default_generators: 1.2.0 (/opt/ros/humble/share/rosidl_default_generators/cmake)
[0.692s] -- Using all available rosidl_typesupport_c: rosidl_typesupport_fastrtps_c;rosidl_typesupport_introspection_c
[0.706s] -- Found rosidl_adapter: 3.1.7 (/opt/ros/humble/share/rosidl_adapter/cmake)
[0.811s] -- Using all available rosidl_typesupport_cpp: rosidl_typesupport_fastrtps_cpp;rosidl_typesupport_introspection_cpp
[0.900s] -- Found std_msgs: 4.9.0 (/opt/ros/humble/share/std_msgs/cmake)
[1.257s] -- Found ament_cmake_ros: 0.10.0 (/opt/ros/humble/share/ament_cmake_ros/cmake)
[1.494s] -- Using all available rosidl_typesupport_c: rosidl_typesupport_fastrtps_c;rosidl_typesupport_introspection_c
[1.823s] -- Using all available rosidl_typesupport_cpp: rosidl_typesupport_fastrtps_cpp;rosidl_typesupport_introspection_cpp
[1.842s] -- Found PythonInterp: /usr/bin/python3 (found suitable version "3.10.12", minimum required is "3.6") 
[1.846s] -- Found python_cmake_module: 0.10.0 (/opt/ros/humble/share/python_cmake_module/cmake)
[1.868s] -- Found PythonLibs: /usr/lib/x86_64-linux-gnu/libpython3.10.so (found suitable version "3.10.12", minimum required is "3.5") 
[1.869s] -- Using PYTHON_EXECUTABLE: /usr/bin/python3
[1.869s] -- Using PYTHON_INCLUDE_DIRS: /usr/include/python3.10
[1.869s] -- Using PYTHON_LIBRARIES: /usr/lib/x86_64-linux-gnu/libpython3.10.so
[1.886s] -- Found PythonExtra: .so  
[1.952s] -- Configuring done
[1.975s] -- Generating done
[1.982s] -- Build files have been written to: /home/jim/rm_dh_ws/build/dh_gripper_msgs
[1.987s] Invoked command in '/home/jim/rm_dh_ws/build/dh_gripper_msgs' returned '0': CMAKE_PREFIX_PATH=${CMAKE_PREFIX_PATH}:/home/jim/ws_moveit2/install/moveit_configs_utils:/home/jim/ws_moveit2/install/launch_param_builder:/home/jim/tactile_ws/install/tactile_sensor_ros2:/opt/ros/humble /usr/bin/cmake /home/jim/rm_dh_ws/src/dh_gripper_msgs -DCMAKE_INSTALL_PREFIX=/home/jim/rm_dh_ws/install/dh_gripper_msgs
[1.989s] Invoking command in '/home/jim/rm_dh_ws/build/dh_gripper_msgs': CMAKE_PREFIX_PATH=${CMAKE_PREFIX_PATH}:/home/jim/ws_moveit2/install/moveit_configs_utils:/home/jim/ws_moveit2/install/launch_param_builder:/home/jim/tactile_ws/install/tactile_sensor_ros2:/opt/ros/humble /usr/bin/cmake --build /home/jim/rm_dh_ws/build/dh_gripper_msgs -- -j16 -l16
[2.044s] [  1%] [34m[1mGenerating C code for ROS interfaces[0m
[2.055s] [  3%] [34m[1mGenerating C++ code for ROS interfaces[0m
[2.062s] [  3%] Built target ament_cmake_python_copy_dh_gripper_msgs
[2.252s] running egg_info
[2.252s] creating dh_gripper_msgs.egg-info
[2.252s] writing dh_gripper_msgs.egg-info/PKG-INFO
[2.252s] writing dependency_links to dh_gripper_msgs.egg-info/dependency_links.txt
[2.253s] writing top-level names to dh_gripper_msgs.egg-info/top_level.txt
[2.253s] writing manifest file 'dh_gripper_msgs.egg-info/SOURCES.txt'
[2.254s] reading manifest file 'dh_gripper_msgs.egg-info/SOURCES.txt'
[2.254s] writing manifest file 'dh_gripper_msgs.egg-info/SOURCES.txt'
[2.280s] [  3%] Built target ament_cmake_python_build_dh_gripper_msgs_egg
[2.328s] [  3%] Built target dh_gripper_msgs__cpp
[2.340s] [  5%] [34m[1mGenerating C++ type support for eProsima Fast-RTPS[0m
[2.340s] [  7%] [32mBuilding C object CMakeFiles/dh_gripper_msgs__rosidl_generator_c.dir/rosidl_generator_c/dh_gripper_msgs/msg/detail/gripper_ctrl__functions.c.o[0m
[2.340s] [  9%] [34m[1mGenerating C++ introspection for ROS interfaces[0m
[2.344s] [ 10%] [34m[1mGenerating C++ type support dispatch for ROS interfaces[0m
[2.346s] [ 14%] [32mBuilding C object CMakeFiles/dh_gripper_msgs__rosidl_generator_c.dir/rosidl_generator_c/dh_gripper_msgs/msg/detail/gripper_state__functions.c.o[0m
[2.346s] [ 14%] [32mBuilding C object CMakeFiles/dh_gripper_msgs__rosidl_generator_c.dir/rosidl_generator_c/dh_gripper_msgs/msg/detail/gripper_rot_ctrl__functions.c.o[0m
[2.346s] [ 16%] [32mBuilding C object CMakeFiles/dh_gripper_msgs__rosidl_generator_c.dir/rosidl_generator_c/dh_gripper_msgs/msg/detail/gripper_rot_state__functions.c.o[0m
[2.406s] [ 18%] [32m[1mLinking C shared library libdh_gripper_msgs__rosidl_generator_c.so[0m
[2.445s] [ 18%] Built target dh_gripper_msgs__rosidl_generator_c
[2.460s] [ 20%] [34m[1mGenerating C type support for eProsima Fast-RTPS[0m
[2.460s] [ 23%] [34m[1mGenerating C type support dispatch for ROS interfaces[0m
[2.460s] [ 23%] [34m[1mGenerating C introspection for ROS interfaces[0m
[2.566s] [ 25%] [32mBuilding CXX object CMakeFiles/dh_gripper_msgs__rosidl_typesupport_introspection_cpp.dir/rosidl_typesupport_introspection_cpp/dh_gripper_msgs/msg/detail/gripper_state__type_support.cpp.o[0m
[2.569s] [ 27%] [32mBuilding CXX object CMakeFiles/dh_gripper_msgs__rosidl_typesupport_introspection_cpp.dir/rosidl_typesupport_introspection_cpp/dh_gripper_msgs/msg/detail/gripper_rot_state__type_support.cpp.o[0m
[2.570s] [ 30%] [32mBuilding CXX object CMakeFiles/dh_gripper_msgs__rosidl_typesupport_introspection_cpp.dir/rosidl_typesupport_introspection_cpp/dh_gripper_msgs/msg/detail/gripper_rot_ctrl__type_support.cpp.o[0m
[2.570s] [ 30%] [32mBuilding CXX object CMakeFiles/dh_gripper_msgs__rosidl_typesupport_introspection_cpp.dir/rosidl_typesupport_introspection_cpp/dh_gripper_msgs/msg/detail/gripper_ctrl__type_support.cpp.o[0m
[2.656s] [ 36%] [32mBuilding CXX object CMakeFiles/dh_gripper_msgs__rosidl_typesupport_fastrtps_cpp.dir/rosidl_typesupport_fastrtps_cpp/dh_gripper_msgs/msg/detail/dds_fastrtps/gripper_rot_ctrl__type_support.cpp.o[0m
[2.656s] [ 36%] [32mBuilding CXX object CMakeFiles/dh_gripper_msgs__rosidl_typesupport_fastrtps_cpp.dir/rosidl_typesupport_fastrtps_cpp/dh_gripper_msgs/msg/detail/dds_fastrtps/gripper_rot_state__type_support.cpp.o[0m
[2.656s] [ 38%] [32mBuilding CXX object CMakeFiles/dh_gripper_msgs__rosidl_typesupport_fastrtps_cpp.dir/rosidl_typesupport_fastrtps_cpp/dh_gripper_msgs/msg/detail/dds_fastrtps/gripper_ctrl__type_support.cpp.o[0m
[2.656s] [ 36%] [32mBuilding CXX object CMakeFiles/dh_gripper_msgs__rosidl_typesupport_fastrtps_cpp.dir/rosidl_typesupport_fastrtps_cpp/dh_gripper_msgs/msg/detail/dds_fastrtps/gripper_state__type_support.cpp.o[0m
[2.766s] [ 40%] [32mBuilding CXX object CMakeFiles/dh_gripper_msgs__rosidl_typesupport_cpp.dir/rosidl_typesupport_cpp/dh_gripper_msgs/msg/gripper_ctrl__type_support.cpp.o[0m
[2.773s] [ 41%] [32mBuilding CXX object CMakeFiles/dh_gripper_msgs__rosidl_typesupport_cpp.dir/rosidl_typesupport_cpp/dh_gripper_msgs/msg/gripper_state__type_support.cpp.o[0m
[2.779s] [ 43%] [32mBuilding CXX object CMakeFiles/dh_gripper_msgs__rosidl_typesupport_cpp.dir/rosidl_typesupport_cpp/dh_gripper_msgs/msg/gripper_rot_ctrl__type_support.cpp.o[0m
[2.805s] [ 45%] [32mBuilding CXX object CMakeFiles/dh_gripper_msgs__rosidl_typesupport_cpp.dir/rosidl_typesupport_cpp/dh_gripper_msgs/msg/gripper_rot_state__type_support.cpp.o[0m
[2.905s] [ 47%] [32mBuilding CXX object CMakeFiles/dh_gripper_msgs__rosidl_typesupport_c.dir/rosidl_typesupport_c/dh_gripper_msgs/msg/gripper_ctrl__type_support.cpp.o[0m
[2.952s] [ 49%] [32mBuilding CXX object CMakeFiles/dh_gripper_msgs__rosidl_typesupport_c.dir/rosidl_typesupport_c/dh_gripper_msgs/msg/gripper_state__type_support.cpp.o[0m
[3.006s] [ 50%] [32mBuilding CXX object CMakeFiles/dh_gripper_msgs__rosidl_typesupport_c.dir/rosidl_typesupport_c/dh_gripper_msgs/msg/gripper_rot_ctrl__type_support.cpp.o[0m
[3.029s] [ 52%] [32mBuilding CXX object CMakeFiles/dh_gripper_msgs__rosidl_typesupport_c.dir/rosidl_typesupport_c/dh_gripper_msgs/msg/gripper_rot_state__type_support.cpp.o[0m
[3.057s] [ 54%] [32mBuilding C object CMakeFiles/dh_gripper_msgs__rosidl_typesupport_introspection_c.dir/rosidl_typesupport_introspection_c/dh_gripper_msgs/msg/detail/gripper_ctrl__type_support.c.o[0m
[3.061s] [ 56%] [32mBuilding C object CMakeFiles/dh_gripper_msgs__rosidl_typesupport_introspection_c.dir/rosidl_typesupport_introspection_c/dh_gripper_msgs/msg/detail/gripper_state__type_support.c.o[0m
[3.068s] [ 58%] [32mBuilding C object CMakeFiles/dh_gripper_msgs__rosidl_typesupport_introspection_c.dir/rosidl_typesupport_introspection_c/dh_gripper_msgs/msg/detail/gripper_rot_ctrl__type_support.c.o[0m
[3.078s] [ 60%] [32mBuilding CXX object CMakeFiles/dh_gripper_msgs__rosidl_typesupport_fastrtps_c.dir/rosidl_typesupport_fastrtps_c/dh_gripper_msgs/msg/detail/gripper_state__type_support_c.cpp.o[0m
[3.079s] [ 61%] [32mBuilding CXX object CMakeFiles/dh_gripper_msgs__rosidl_typesupport_fastrtps_c.dir/rosidl_typesupport_fastrtps_c/dh_gripper_msgs/msg/detail/gripper_ctrl__type_support_c.cpp.o[0m
[3.080s] [ 63%] [32mBuilding CXX object CMakeFiles/dh_gripper_msgs__rosidl_typesupport_fastrtps_c.dir/rosidl_typesupport_fastrtps_c/dh_gripper_msgs/msg/detail/gripper_rot_ctrl__type_support_c.cpp.o[0m
[3.090s] [ 65%] [32m[1mLinking CXX shared library libdh_gripper_msgs__rosidl_typesupport_c.so[0m
[3.104s] [ 67%] [32m[1mLinking CXX shared library libdh_gripper_msgs__rosidl_typesupport_introspection_cpp.so[0m
[3.107s] [ 69%] [32mBuilding CXX object CMakeFiles/dh_gripper_msgs__rosidl_typesupport_fastrtps_c.dir/rosidl_typesupport_fastrtps_c/dh_gripper_msgs/msg/detail/gripper_rot_state__type_support_c.cpp.o[0m
[3.107s] [ 70%] [32mBuilding C object CMakeFiles/dh_gripper_msgs__rosidl_typesupport_introspection_c.dir/rosidl_typesupport_introspection_c/dh_gripper_msgs/msg/detail/gripper_rot_state__type_support.c.o[0m
[3.152s] [ 70%] Built target dh_gripper_msgs__rosidl_typesupport_c
[3.154s] [ 72%] [32m[1mLinking C shared library libdh_gripper_msgs__rosidl_typesupport_introspection_c.so[0m
[3.191s] [ 74%] [32m[1mLinking CXX shared library libdh_gripper_msgs__rosidl_typesupport_fastrtps_cpp.so[0m
[3.193s] [ 74%] Built target dh_gripper_msgs__rosidl_typesupport_introspection_cpp
[3.204s] [ 74%] Built target dh_gripper_msgs__rosidl_typesupport_introspection_c
[3.210s] [ 76%] [32m[1mLinking CXX shared library libdh_gripper_msgs__rosidl_typesupport_cpp.so[0m
[3.264s] [ 76%] Built target dh_gripper_msgs__rosidl_typesupport_cpp
[3.289s] [ 76%] Built target dh_gripper_msgs__rosidl_typesupport_fastrtps_cpp
[3.429s] [ 78%] [32m[1mLinking CXX shared library libdh_gripper_msgs__rosidl_typesupport_fastrtps_c.so[0m
[3.501s] [ 78%] Built target dh_gripper_msgs__rosidl_typesupport_fastrtps_c
[3.530s] [ 78%] Built target dh_gripper_msgs
[3.559s] [ 80%] [34m[1mGenerating Python code for ROS interfaces[0m
[3.914s] [ 80%] Built target dh_gripper_msgs__py
[3.940s] [ 81%] [32mBuilding C object CMakeFiles/dh_gripper_msgs__rosidl_generator_py.dir/rosidl_generator_py/dh_gripper_msgs/msg/_gripper_ctrl_s.c.o[0m
[3.942s] [ 83%] [32mBuilding C object CMakeFiles/dh_gripper_msgs__rosidl_generator_py.dir/rosidl_generator_py/dh_gripper_msgs/msg/_gripper_rot_ctrl_s.c.o[0m
[3.944s] [ 85%] [32mBuilding C object CMakeFiles/dh_gripper_msgs__rosidl_generator_py.dir/rosidl_generator_py/dh_gripper_msgs/msg/_gripper_state_s.c.o[0m
[3.945s] [ 87%] [32mBuilding C object CMakeFiles/dh_gripper_msgs__rosidl_generator_py.dir/rosidl_generator_py/dh_gripper_msgs/msg/_gripper_rot_state_s.c.o[0m
[4.053s] [ 89%] [32m[1mLinking C shared library rosidl_generator_py/dh_gripper_msgs/libdh_gripper_msgs__rosidl_generator_py.so[0m
[4.094s] [ 89%] Built target dh_gripper_msgs__rosidl_generator_py
[4.122s] [ 90%] [32mBuilding C object CMakeFiles/dh_gripper_msgs__rosidl_typesupport_introspection_c__pyext.dir/rosidl_generator_py/dh_gripper_msgs/_dh_gripper_msgs_s.ep.rosidl_typesupport_introspection_c.c.o[0m
[4.124s] [ 92%] [32mBuilding C object CMakeFiles/dh_gripper_msgs__rosidl_typesupport_fastrtps_c__pyext.dir/rosidl_generator_py/dh_gripper_msgs/_dh_gripper_msgs_s.ep.rosidl_typesupport_fastrtps_c.c.o[0m
[4.127s] [ 94%] [32mBuilding C object CMakeFiles/dh_gripper_msgs__rosidl_typesupport_c__pyext.dir/rosidl_generator_py/dh_gripper_msgs/_dh_gripper_msgs_s.ep.rosidl_typesupport_c.c.o[0m
[4.202s] [ 96%] [32m[1mLinking C shared library rosidl_generator_py/dh_gripper_msgs/dh_gripper_msgs_s__rosidl_typesupport_introspection_c.cpython-310-x86_64-linux-gnu.so[0m
[4.208s] [ 98%] [32m[1mLinking C shared library rosidl_generator_py/dh_gripper_msgs/dh_gripper_msgs_s__rosidl_typesupport_c.cpython-310-x86_64-linux-gnu.so[0m
[4.246s] [100%] [32m[1mLinking C shared library rosidl_generator_py/dh_gripper_msgs/dh_gripper_msgs_s__rosidl_typesupport_fastrtps_c.cpython-310-x86_64-linux-gnu.so[0m
[4.246s] [100%] Built target dh_gripper_msgs__rosidl_typesupport_c__pyext
[4.248s] [100%] Built target dh_gripper_msgs__rosidl_typesupport_introspection_c__pyext
[4.288s] [100%] Built target dh_gripper_msgs__rosidl_typesupport_fastrtps_c__pyext
[4.299s] Invoked command in '/home/jim/rm_dh_ws/build/dh_gripper_msgs' returned '0': CMAKE_PREFIX_PATH=${CMAKE_PREFIX_PATH}:/home/jim/ws_moveit2/install/moveit_configs_utils:/home/jim/ws_moveit2/install/launch_param_builder:/home/jim/tactile_ws/install/tactile_sensor_ros2:/opt/ros/humble /usr/bin/cmake --build /home/jim/rm_dh_ws/build/dh_gripper_msgs -- -j16 -l16
[4.301s] Invoking command in '/home/jim/rm_dh_ws/build/dh_gripper_msgs': CMAKE_PREFIX_PATH=${CMAKE_PREFIX_PATH}:/home/jim/ws_moveit2/install/moveit_configs_utils:/home/jim/ws_moveit2/install/launch_param_builder:/home/jim/tactile_ws/install/tactile_sensor_ros2:/opt/ros/humble /usr/bin/cmake --install /home/jim/rm_dh_ws/build/dh_gripper_msgs
[4.310s] -- Install configuration: ""
[4.310s] -- Installing: /home/jim/rm_dh_ws/install/dh_gripper_msgs/share/ament_index/resource_index/rosidl_interfaces/dh_gripper_msgs
[4.310s] -- Installing: /home/jim/rm_dh_ws/install/dh_gripper_msgs/include/dh_gripper_msgs/dh_gripper_msgs
[4.310s] -- Installing: /home/jim/rm_dh_ws/install/dh_gripper_msgs/include/dh_gripper_msgs/dh_gripper_msgs/msg
[4.310s] -- Installing: /home/jim/rm_dh_ws/install/dh_gripper_msgs/include/dh_gripper_msgs/dh_gripper_msgs/msg/gripper_rot_state.h
[4.310s] -- Installing: /home/jim/rm_dh_ws/install/dh_gripper_msgs/include/dh_gripper_msgs/dh_gripper_msgs/msg/gripper_state.h
[4.311s] -- Installing: /home/jim/rm_dh_ws/install/dh_gripper_msgs/include/dh_gripper_msgs/dh_gripper_msgs/msg/rosidl_generator_c__visibility_control.h
[4.311s] -- Installing: /home/jim/rm_dh_ws/install/dh_gripper_msgs/include/dh_gripper_msgs/dh_gripper_msgs/msg/gripper_rot_ctrl.h
[4.311s] -- Installing: /home/jim/rm_dh_ws/install/dh_gripper_msgs/include/dh_gripper_msgs/dh_gripper_msgs/msg/gripper_ctrl.h
[4.311s] -- Installing: /home/jim/rm_dh_ws/install/dh_gripper_msgs/include/dh_gripper_msgs/dh_gripper_msgs/msg/detail
[4.311s] -- Installing: /home/jim/rm_dh_ws/install/dh_gripper_msgs/include/dh_gripper_msgs/dh_gripper_msgs/msg/detail/gripper_rot_ctrl__functions.h
[4.311s] -- Installing: /home/jim/rm_dh_ws/install/dh_gripper_msgs/include/dh_gripper_msgs/dh_gripper_msgs/msg/detail/gripper_ctrl__struct.h
[4.311s] -- Installing: /home/jim/rm_dh_ws/install/dh_gripper_msgs/include/dh_gripper_msgs/dh_gripper_msgs/msg/detail/gripper_ctrl__functions.h
[4.311s] -- Installing: /home/jim/rm_dh_ws/install/dh_gripper_msgs/include/dh_gripper_msgs/dh_gripper_msgs/msg/detail/gripper_ctrl__functions.c
[4.311s] -- Installing: /home/jim/rm_dh_ws/install/dh_gripper_msgs/include/dh_gripper_msgs/dh_gripper_msgs/msg/detail/gripper_rot_state__functions.h
[4.311s] -- Installing: /home/jim/rm_dh_ws/install/dh_gripper_msgs/include/dh_gripper_msgs/dh_gripper_msgs/msg/detail/gripper_rot_ctrl__struct.h
[4.311s] -- Installing: /home/jim/rm_dh_ws/install/dh_gripper_msgs/include/dh_gripper_msgs/dh_gripper_msgs/msg/detail/gripper_state__struct.h
[4.312s] -- Installing: /home/jim/rm_dh_ws/install/dh_gripper_msgs/include/dh_gripper_msgs/dh_gripper_msgs/msg/detail/gripper_rot_state__functions.c
[4.312s] -- Installing: /home/jim/rm_dh_ws/install/dh_gripper_msgs/include/dh_gripper_msgs/dh_gripper_msgs/msg/detail/gripper_ctrl__type_support.h
[4.312s] -- Installing: /home/jim/rm_dh_ws/install/dh_gripper_msgs/include/dh_gripper_msgs/dh_gripper_msgs/msg/detail/gripper_rot_state__type_support.h
[4.312s] -- Installing: /home/jim/rm_dh_ws/install/dh_gripper_msgs/include/dh_gripper_msgs/dh_gripper_msgs/msg/detail/gripper_state__type_support.h
[4.312s] -- Installing: /home/jim/rm_dh_ws/install/dh_gripper_msgs/include/dh_gripper_msgs/dh_gripper_msgs/msg/detail/gripper_rot_ctrl__functions.c
[4.312s] -- Installing: /home/jim/rm_dh_ws/install/dh_gripper_msgs/include/dh_gripper_msgs/dh_gripper_msgs/msg/detail/gripper_rot_state__struct.h
[4.312s] -- Installing: /home/jim/rm_dh_ws/install/dh_gripper_msgs/include/dh_gripper_msgs/dh_gripper_msgs/msg/detail/gripper_state__functions.h
[4.312s] -- Installing: /home/jim/rm_dh_ws/install/dh_gripper_msgs/include/dh_gripper_msgs/dh_gripper_msgs/msg/detail/gripper_rot_ctrl__type_support.h
[4.312s] -- Installing: /home/jim/rm_dh_ws/install/dh_gripper_msgs/include/dh_gripper_msgs/dh_gripper_msgs/msg/detail/gripper_state__functions.c
[4.312s] -- Installing: /home/jim/rm_dh_ws/install/dh_gripper_msgs/share/dh_gripper_msgs/environment/library_path.sh
[4.313s] -- Installing: /home/jim/rm_dh_ws/install/dh_gripper_msgs/share/dh_gripper_msgs/environment/library_path.dsv
[4.313s] -- Installing: /home/jim/rm_dh_ws/install/dh_gripper_msgs/lib/libdh_gripper_msgs__rosidl_generator_c.so
[4.313s] -- Set runtime path of "/home/jim/rm_dh_ws/install/dh_gripper_msgs/lib/libdh_gripper_msgs__rosidl_generator_c.so" to ""
[4.313s] -- Up-to-date: /home/jim/rm_dh_ws/install/dh_gripper_msgs/include/dh_gripper_msgs/dh_gripper_msgs
[4.313s] -- Up-to-date: /home/jim/rm_dh_ws/install/dh_gripper_msgs/include/dh_gripper_msgs/dh_gripper_msgs/msg
[4.313s] -- Installing: /home/jim/rm_dh_ws/install/dh_gripper_msgs/include/dh_gripper_msgs/dh_gripper_msgs/msg/rosidl_typesupport_fastrtps_c__visibility_control.h
[4.313s] -- Up-to-date: /home/jim/rm_dh_ws/install/dh_gripper_msgs/include/dh_gripper_msgs/dh_gripper_msgs/msg/detail
[4.313s] -- Installing: /home/jim/rm_dh_ws/install/dh_gripper_msgs/include/dh_gripper_msgs/dh_gripper_msgs/msg/detail/gripper_rot_ctrl__rosidl_typesupport_fastrtps_c.h
[4.313s] -- Installing: /home/jim/rm_dh_ws/install/dh_gripper_msgs/include/dh_gripper_msgs/dh_gripper_msgs/msg/detail/gripper_rot_state__rosidl_typesupport_fastrtps_c.h
[4.314s] -- Installing: /home/jim/rm_dh_ws/install/dh_gripper_msgs/include/dh_gripper_msgs/dh_gripper_msgs/msg/detail/gripper_state__rosidl_typesupport_fastrtps_c.h
[4.314s] -- Installing: /home/jim/rm_dh_ws/install/dh_gripper_msgs/include/dh_gripper_msgs/dh_gripper_msgs/msg/detail/gripper_ctrl__rosidl_typesupport_fastrtps_c.h
[4.314s] -- Installing: /home/jim/rm_dh_ws/install/dh_gripper_msgs/lib/libdh_gripper_msgs__rosidl_typesupport_fastrtps_c.so
[4.314s] -- Set runtime path of "/home/jim/rm_dh_ws/install/dh_gripper_msgs/lib/libdh_gripper_msgs__rosidl_typesupport_fastrtps_c.so" to ""
[4.314s] -- Up-to-date: /home/jim/rm_dh_ws/install/dh_gripper_msgs/include/dh_gripper_msgs/dh_gripper_msgs
[4.314s] -- Up-to-date: /home/jim/rm_dh_ws/install/dh_gripper_msgs/include/dh_gripper_msgs/dh_gripper_msgs/msg
[4.314s] -- Installing: /home/jim/rm_dh_ws/install/dh_gripper_msgs/include/dh_gripper_msgs/dh_gripper_msgs/msg/rosidl_typesupport_introspection_c__visibility_control.h
[4.314s] -- Up-to-date: /home/jim/rm_dh_ws/install/dh_gripper_msgs/include/dh_gripper_msgs/dh_gripper_msgs/msg/detail
[4.314s] -- Installing: /home/jim/rm_dh_ws/install/dh_gripper_msgs/include/dh_gripper_msgs/dh_gripper_msgs/msg/detail/gripper_rot_state__rosidl_typesupport_introspection_c.h
[4.314s] -- Installing: /home/jim/rm_dh_ws/install/dh_gripper_msgs/include/dh_gripper_msgs/dh_gripper_msgs/msg/detail/gripper_state__rosidl_typesupport_introspection_c.h
[4.315s] -- Installing: /home/jim/rm_dh_ws/install/dh_gripper_msgs/include/dh_gripper_msgs/dh_gripper_msgs/msg/detail/gripper_ctrl__rosidl_typesupport_introspection_c.h
[4.315s] -- Installing: /home/jim/rm_dh_ws/install/dh_gripper_msgs/include/dh_gripper_msgs/dh_gripper_msgs/msg/detail/gripper_rot_state__type_support.c
[4.315s] -- Installing: /home/jim/rm_dh_ws/install/dh_gripper_msgs/include/dh_gripper_msgs/dh_gripper_msgs/msg/detail/gripper_rot_ctrl__type_support.c
[4.315s] -- Installing: /home/jim/rm_dh_ws/install/dh_gripper_msgs/include/dh_gripper_msgs/dh_gripper_msgs/msg/detail/gripper_ctrl__type_support.c
[4.315s] -- Installing: /home/jim/rm_dh_ws/install/dh_gripper_msgs/include/dh_gripper_msgs/dh_gripper_msgs/msg/detail/gripper_rot_ctrl__rosidl_typesupport_introspection_c.h
[4.315s] -- Installing: /home/jim/rm_dh_ws/install/dh_gripper_msgs/include/dh_gripper_msgs/dh_gripper_msgs/msg/detail/gripper_state__type_support.c
[4.315s] -- Installing: /home/jim/rm_dh_ws/install/dh_gripper_msgs/lib/libdh_gripper_msgs__rosidl_typesupport_introspection_c.so
[4.315s] -- Set runtime path of "/home/jim/rm_dh_ws/install/dh_gripper_msgs/lib/libdh_gripper_msgs__rosidl_typesupport_introspection_c.so" to ""
[4.315s] -- Installing: /home/jim/rm_dh_ws/install/dh_gripper_msgs/lib/libdh_gripper_msgs__rosidl_typesupport_c.so
[4.315s] -- Set runtime path of "/home/jim/rm_dh_ws/install/dh_gripper_msgs/lib/libdh_gripper_msgs__rosidl_typesupport_c.so" to ""
[4.316s] -- Up-to-date: /home/jim/rm_dh_ws/install/dh_gripper_msgs/include/dh_gripper_msgs/dh_gripper_msgs
[4.316s] -- Up-to-date: /home/jim/rm_dh_ws/install/dh_gripper_msgs/include/dh_gripper_msgs/dh_gripper_msgs/msg
[4.316s] -- Installing: /home/jim/rm_dh_ws/install/dh_gripper_msgs/include/dh_gripper_msgs/dh_gripper_msgs/msg/rosidl_generator_cpp__visibility_control.hpp
[4.316s] -- Installing: /home/jim/rm_dh_ws/install/dh_gripper_msgs/include/dh_gripper_msgs/dh_gripper_msgs/msg/gripper_state.hpp
[4.316s] -- Installing: /home/jim/rm_dh_ws/install/dh_gripper_msgs/include/dh_gripper_msgs/dh_gripper_msgs/msg/gripper_rot_state.hpp
[4.316s] -- Up-to-date: /home/jim/rm_dh_ws/install/dh_gripper_msgs/include/dh_gripper_msgs/dh_gripper_msgs/msg/detail
[4.316s] -- Installing: /home/jim/rm_dh_ws/install/dh_gripper_msgs/include/dh_gripper_msgs/dh_gripper_msgs/msg/detail/gripper_rot_ctrl__builder.hpp
[4.316s] -- Installing: /home/jim/rm_dh_ws/install/dh_gripper_msgs/include/dh_gripper_msgs/dh_gripper_msgs/msg/detail/gripper_state__type_support.hpp
[4.316s] -- Installing: /home/jim/rm_dh_ws/install/dh_gripper_msgs/include/dh_gripper_msgs/dh_gripper_msgs/msg/detail/gripper_ctrl__struct.hpp
[4.316s] -- Installing: /home/jim/rm_dh_ws/install/dh_gripper_msgs/include/dh_gripper_msgs/dh_gripper_msgs/msg/detail/gripper_rot_ctrl__type_support.hpp
[4.316s] -- Installing: /home/jim/rm_dh_ws/install/dh_gripper_msgs/include/dh_gripper_msgs/dh_gripper_msgs/msg/detail/gripper_state__builder.hpp
[4.316s] -- Installing: /home/jim/rm_dh_ws/install/dh_gripper_msgs/include/dh_gripper_msgs/dh_gripper_msgs/msg/detail/gripper_state__traits.hpp
[4.317s] -- Installing: /home/jim/rm_dh_ws/install/dh_gripper_msgs/include/dh_gripper_msgs/dh_gripper_msgs/msg/detail/gripper_rot_ctrl__struct.hpp
[4.317s] -- Installing: /home/jim/rm_dh_ws/install/dh_gripper_msgs/include/dh_gripper_msgs/dh_gripper_msgs/msg/detail/gripper_state__struct.hpp
[4.317s] -- Installing: /home/jim/rm_dh_ws/install/dh_gripper_msgs/include/dh_gripper_msgs/dh_gripper_msgs/msg/detail/gripper_ctrl__traits.hpp
[4.317s] -- Installing: /home/jim/rm_dh_ws/install/dh_gripper_msgs/include/dh_gripper_msgs/dh_gripper_msgs/msg/detail/gripper_rot_state__type_support.hpp
[4.317s] -- Installing: /home/jim/rm_dh_ws/install/dh_gripper_msgs/include/dh_gripper_msgs/dh_gripper_msgs/msg/detail/gripper_ctrl__builder.hpp
[4.317s] -- Installing: /home/jim/rm_dh_ws/install/dh_gripper_msgs/include/dh_gripper_msgs/dh_gripper_msgs/msg/detail/gripper_rot_ctrl__traits.hpp
[4.317s] -- Installing: /home/jim/rm_dh_ws/install/dh_gripper_msgs/include/dh_gripper_msgs/dh_gripper_msgs/msg/detail/gripper_rot_state__traits.hpp
[4.317s] -- Installing: /home/jim/rm_dh_ws/install/dh_gripper_msgs/include/dh_gripper_msgs/dh_gripper_msgs/msg/detail/gripper_rot_state__struct.hpp
[4.317s] -- Installing: /home/jim/rm_dh_ws/install/dh_gripper_msgs/include/dh_gripper_msgs/dh_gripper_msgs/msg/detail/gripper_rot_state__builder.hpp
[4.317s] -- Installing: /home/jim/rm_dh_ws/install/dh_gripper_msgs/include/dh_gripper_msgs/dh_gripper_msgs/msg/detail/gripper_ctrl__type_support.hpp
[4.317s] -- Installing: /home/jim/rm_dh_ws/install/dh_gripper_msgs/include/dh_gripper_msgs/dh_gripper_msgs/msg/gripper_ctrl.hpp
[4.317s] -- Installing: /home/jim/rm_dh_ws/install/dh_gripper_msgs/include/dh_gripper_msgs/dh_gripper_msgs/msg/gripper_rot_ctrl.hpp
[4.317s] -- Up-to-date: /home/jim/rm_dh_ws/install/dh_gripper_msgs/include/dh_gripper_msgs/dh_gripper_msgs
[4.317s] -- Up-to-date: /home/jim/rm_dh_ws/install/dh_gripper_msgs/include/dh_gripper_msgs/dh_gripper_msgs/msg
[4.318s] -- Installing: /home/jim/rm_dh_ws/install/dh_gripper_msgs/include/dh_gripper_msgs/dh_gripper_msgs/msg/rosidl_typesupport_fastrtps_cpp__visibility_control.h
[4.318s] -- Up-to-date: /home/jim/rm_dh_ws/install/dh_gripper_msgs/include/dh_gripper_msgs/dh_gripper_msgs/msg/detail
[4.318s] -- Installing: /home/jim/rm_dh_ws/install/dh_gripper_msgs/include/dh_gripper_msgs/dh_gripper_msgs/msg/detail/gripper_state__rosidl_typesupport_fastrtps_cpp.hpp
[4.318s] -- Installing: /home/jim/rm_dh_ws/install/dh_gripper_msgs/include/dh_gripper_msgs/dh_gripper_msgs/msg/detail/gripper_ctrl__rosidl_typesupport_fastrtps_cpp.hpp
[4.318s] -- Installing: /home/jim/rm_dh_ws/install/dh_gripper_msgs/include/dh_gripper_msgs/dh_gripper_msgs/msg/detail/gripper_rot_ctrl__rosidl_typesupport_fastrtps_cpp.hpp
[4.318s] -- Installing: /home/jim/rm_dh_ws/install/dh_gripper_msgs/include/dh_gripper_msgs/dh_gripper_msgs/msg/detail/gripper_rot_state__rosidl_typesupport_fastrtps_cpp.hpp
[4.318s] -- Installing: /home/jim/rm_dh_ws/install/dh_gripper_msgs/include/dh_gripper_msgs/dh_gripper_msgs/msg/detail/dds_fastrtps
[4.318s] -- Installing: /home/jim/rm_dh_ws/install/dh_gripper_msgs/lib/libdh_gripper_msgs__rosidl_typesupport_fastrtps_cpp.so
[4.318s] -- Set runtime path of "/home/jim/rm_dh_ws/install/dh_gripper_msgs/lib/libdh_gripper_msgs__rosidl_typesupport_fastrtps_cpp.so" to ""
[4.318s] -- Up-to-date: /home/jim/rm_dh_ws/install/dh_gripper_msgs/include/dh_gripper_msgs/dh_gripper_msgs
[4.318s] -- Up-to-date: /home/jim/rm_dh_ws/install/dh_gripper_msgs/include/dh_gripper_msgs/dh_gripper_msgs/msg
[4.318s] -- Up-to-date: /home/jim/rm_dh_ws/install/dh_gripper_msgs/include/dh_gripper_msgs/dh_gripper_msgs/msg/detail
[4.318s] -- Installing: /home/jim/rm_dh_ws/install/dh_gripper_msgs/include/dh_gripper_msgs/dh_gripper_msgs/msg/detail/gripper_rot_state__type_support.cpp
[4.319s] -- Installing: /home/jim/rm_dh_ws/install/dh_gripper_msgs/include/dh_gripper_msgs/dh_gripper_msgs/msg/detail/gripper_rot_ctrl__type_support.cpp
[4.319s] -- Installing: /home/jim/rm_dh_ws/install/dh_gripper_msgs/include/dh_gripper_msgs/dh_gripper_msgs/msg/detail/gripper_rot_state__rosidl_typesupport_introspection_cpp.hpp
[4.319s] -- Installing: /home/jim/rm_dh_ws/install/dh_gripper_msgs/include/dh_gripper_msgs/dh_gripper_msgs/msg/detail/gripper_rot_ctrl__rosidl_typesupport_introspection_cpp.hpp
[4.319s] -- Installing: /home/jim/rm_dh_ws/install/dh_gripper_msgs/include/dh_gripper_msgs/dh_gripper_msgs/msg/detail/gripper_ctrl__type_support.cpp
[4.319s] -- Installing: /home/jim/rm_dh_ws/install/dh_gripper_msgs/include/dh_gripper_msgs/dh_gripper_msgs/msg/detail/gripper_state__type_support.cpp
[4.319s] -- Installing: /home/jim/rm_dh_ws/install/dh_gripper_msgs/include/dh_gripper_msgs/dh_gripper_msgs/msg/detail/gripper_ctrl__rosidl_typesupport_introspection_cpp.hpp
[4.319s] -- Installing: /home/jim/rm_dh_ws/install/dh_gripper_msgs/include/dh_gripper_msgs/dh_gripper_msgs/msg/detail/gripper_state__rosidl_typesupport_introspection_cpp.hpp
[4.319s] -- Installing: /home/jim/rm_dh_ws/install/dh_gripper_msgs/lib/libdh_gripper_msgs__rosidl_typesupport_introspection_cpp.so
[4.319s] -- Set runtime path of "/home/jim/rm_dh_ws/install/dh_gripper_msgs/lib/libdh_gripper_msgs__rosidl_typesupport_introspection_cpp.so" to ""
[4.319s] -- Installing: /home/jim/rm_dh_ws/install/dh_gripper_msgs/lib/libdh_gripper_msgs__rosidl_typesupport_cpp.so
[4.319s] -- Set runtime path of "/home/jim/rm_dh_ws/install/dh_gripper_msgs/lib/libdh_gripper_msgs__rosidl_typesupport_cpp.so" to ""
[4.319s] -- Installing: /home/jim/rm_dh_ws/install/dh_gripper_msgs/share/dh_gripper_msgs/environment/pythonpath.sh
[4.319s] -- Installing: /home/jim/rm_dh_ws/install/dh_gripper_msgs/share/dh_gripper_msgs/environment/pythonpath.dsv
[4.319s] -- Installing: /home/jim/rm_dh_ws/install/dh_gripper_msgs/local/lib/python3.10/dist-packages/dh_gripper_msgs-0.0.1-py3.10.egg-info
[4.320s] -- Installing: /home/jim/rm_dh_ws/install/dh_gripper_msgs/local/lib/python3.10/dist-packages/dh_gripper_msgs-0.0.1-py3.10.egg-info/dependency_links.txt
[4.320s] -- Installing: /home/jim/rm_dh_ws/install/dh_gripper_msgs/local/lib/python3.10/dist-packages/dh_gripper_msgs-0.0.1-py3.10.egg-info/PKG-INFO
[4.320s] -- Installing: /home/jim/rm_dh_ws/install/dh_gripper_msgs/local/lib/python3.10/dist-packages/dh_gripper_msgs-0.0.1-py3.10.egg-info/SOURCES.txt
[4.320s] -- Installing: /home/jim/rm_dh_ws/install/dh_gripper_msgs/local/lib/python3.10/dist-packages/dh_gripper_msgs-0.0.1-py3.10.egg-info/top_level.txt
[4.320s] -- Installing: /home/jim/rm_dh_ws/install/dh_gripper_msgs/local/lib/python3.10/dist-packages/dh_gripper_msgs
[4.320s] -- Installing: /home/jim/rm_dh_ws/install/dh_gripper_msgs/local/lib/python3.10/dist-packages/dh_gripper_msgs/dh_gripper_msgs_s__rosidl_typesupport_introspection_c.cpython-310-x86_64-linux-gnu.so
[4.320s] -- Installing: /home/jim/rm_dh_ws/install/dh_gripper_msgs/local/lib/python3.10/dist-packages/dh_gripper_msgs/msg
[4.320s] -- Installing: /home/jim/rm_dh_ws/install/dh_gripper_msgs/local/lib/python3.10/dist-packages/dh_gripper_msgs/msg/_gripper_ctrl_s.c
[4.320s] -- Installing: /home/jim/rm_dh_ws/install/dh_gripper_msgs/local/lib/python3.10/dist-packages/dh_gripper_msgs/msg/_gripper_rot_state_s.c
[4.320s] -- Installing: /home/jim/rm_dh_ws/install/dh_gripper_msgs/local/lib/python3.10/dist-packages/dh_gripper_msgs/msg/_gripper_rot_ctrl_s.c
[4.320s] -- Installing: /home/jim/rm_dh_ws/install/dh_gripper_msgs/local/lib/python3.10/dist-packages/dh_gripper_msgs/msg/_gripper_state_s.c
[4.320s] -- Installing: /home/jim/rm_dh_ws/install/dh_gripper_msgs/local/lib/python3.10/dist-packages/dh_gripper_msgs/msg/__init__.py
[4.320s] -- Installing: /home/jim/rm_dh_ws/install/dh_gripper_msgs/local/lib/python3.10/dist-packages/dh_gripper_msgs/msg/_gripper_rot_ctrl.py
[4.320s] -- Installing: /home/jim/rm_dh_ws/install/dh_gripper_msgs/local/lib/python3.10/dist-packages/dh_gripper_msgs/msg/_gripper_rot_state.py
[4.321s] -- Installing: /home/jim/rm_dh_ws/install/dh_gripper_msgs/local/lib/python3.10/dist-packages/dh_gripper_msgs/msg/_gripper_ctrl.py
[4.321s] -- Installing: /home/jim/rm_dh_ws/install/dh_gripper_msgs/local/lib/python3.10/dist-packages/dh_gripper_msgs/msg/_gripper_state.py
[4.321s] -- Installing: /home/jim/rm_dh_ws/install/dh_gripper_msgs/local/lib/python3.10/dist-packages/dh_gripper_msgs/__init__.py
[4.321s] -- Installing: /home/jim/rm_dh_ws/install/dh_gripper_msgs/local/lib/python3.10/dist-packages/dh_gripper_msgs/libdh_gripper_msgs__rosidl_generator_py.so
[4.321s] -- Installing: /home/jim/rm_dh_ws/install/dh_gripper_msgs/local/lib/python3.10/dist-packages/dh_gripper_msgs/dh_gripper_msgs_s__rosidl_typesupport_fastrtps_c.cpython-310-x86_64-linux-gnu.so
[4.321s] -- Installing: /home/jim/rm_dh_ws/install/dh_gripper_msgs/local/lib/python3.10/dist-packages/dh_gripper_msgs/_dh_gripper_msgs_s.ep.rosidl_typesupport_introspection_c.c
[4.321s] -- Installing: /home/jim/rm_dh_ws/install/dh_gripper_msgs/local/lib/python3.10/dist-packages/dh_gripper_msgs/_dh_gripper_msgs_s.ep.rosidl_typesupport_c.c
[4.321s] -- Installing: /home/jim/rm_dh_ws/install/dh_gripper_msgs/local/lib/python3.10/dist-packages/dh_gripper_msgs/dh_gripper_msgs_s__rosidl_typesupport_c.cpython-310-x86_64-linux-gnu.so
[4.321s] -- Installing: /home/jim/rm_dh_ws/install/dh_gripper_msgs/local/lib/python3.10/dist-packages/dh_gripper_msgs/_dh_gripper_msgs_s.ep.rosidl_typesupport_fastrtps_c.c
[4.344s] Listing '/home/jim/rm_dh_ws/install/dh_gripper_msgs/local/lib/python3.10/dist-packages/dh_gripper_msgs'...
[4.344s] Compiling '/home/jim/rm_dh_ws/install/dh_gripper_msgs/local/lib/python3.10/dist-packages/dh_gripper_msgs/__init__.py'...
[4.344s] Listing '/home/jim/rm_dh_ws/install/dh_gripper_msgs/local/lib/python3.10/dist-packages/dh_gripper_msgs/msg'...
[4.344s] Compiling '/home/jim/rm_dh_ws/install/dh_gripper_msgs/local/lib/python3.10/dist-packages/dh_gripper_msgs/msg/__init__.py'...
[4.345s] Compiling '/home/jim/rm_dh_ws/install/dh_gripper_msgs/local/lib/python3.10/dist-packages/dh_gripper_msgs/msg/_gripper_ctrl.py'...
[4.345s] Compiling '/home/jim/rm_dh_ws/install/dh_gripper_msgs/local/lib/python3.10/dist-packages/dh_gripper_msgs/msg/_gripper_rot_ctrl.py'...
[4.345s] Compiling '/home/jim/rm_dh_ws/install/dh_gripper_msgs/local/lib/python3.10/dist-packages/dh_gripper_msgs/msg/_gripper_rot_state.py'...
[4.345s] Compiling '/home/jim/rm_dh_ws/install/dh_gripper_msgs/local/lib/python3.10/dist-packages/dh_gripper_msgs/msg/_gripper_state.py'...
[4.347s] -- Installing: /home/jim/rm_dh_ws/install/dh_gripper_msgs/local/lib/python3.10/dist-packages/dh_gripper_msgs/dh_gripper_msgs_s__rosidl_typesupport_fastrtps_c.cpython-310-x86_64-linux-gnu.so
[4.348s] -- Set runtime path of "/home/jim/rm_dh_ws/install/dh_gripper_msgs/local/lib/python3.10/dist-packages/dh_gripper_msgs/dh_gripper_msgs_s__rosidl_typesupport_fastrtps_c.cpython-310-x86_64-linux-gnu.so" to ""
[4.348s] -- Installing: /home/jim/rm_dh_ws/install/dh_gripper_msgs/local/lib/python3.10/dist-packages/dh_gripper_msgs/dh_gripper_msgs_s__rosidl_typesupport_introspection_c.cpython-310-x86_64-linux-gnu.so
[4.348s] -- Set runtime path of "/home/jim/rm_dh_ws/install/dh_gripper_msgs/local/lib/python3.10/dist-packages/dh_gripper_msgs/dh_gripper_msgs_s__rosidl_typesupport_introspection_c.cpython-310-x86_64-linux-gnu.so" to ""
[4.348s] -- Installing: /home/jim/rm_dh_ws/install/dh_gripper_msgs/local/lib/python3.10/dist-packages/dh_gripper_msgs/dh_gripper_msgs_s__rosidl_typesupport_c.cpython-310-x86_64-linux-gnu.so
[4.348s] -- Set runtime path of "/home/jim/rm_dh_ws/install/dh_gripper_msgs/local/lib/python3.10/dist-packages/dh_gripper_msgs/dh_gripper_msgs_s__rosidl_typesupport_c.cpython-310-x86_64-linux-gnu.so" to ""
[4.348s] -- Installing: /home/jim/rm_dh_ws/install/dh_gripper_msgs/lib/libdh_gripper_msgs__rosidl_generator_py.so
[4.349s] -- Set runtime path of "/home/jim/rm_dh_ws/install/dh_gripper_msgs/lib/libdh_gripper_msgs__rosidl_generator_py.so" to ""
[4.349s] -- Installing: /home/jim/rm_dh_ws/install/dh_gripper_msgs/share/dh_gripper_msgs/msg/GripperCtrl.idl
[4.349s] -- Installing: /home/jim/rm_dh_ws/install/dh_gripper_msgs/share/dh_gripper_msgs/msg/GripperState.idl
[4.349s] -- Installing: /home/jim/rm_dh_ws/install/dh_gripper_msgs/share/dh_gripper_msgs/msg/GripperRotCtrl.idl
[4.349s] -- Installing: /home/jim/rm_dh_ws/install/dh_gripper_msgs/share/dh_gripper_msgs/msg/GripperRotState.idl
[4.349s] -- Installing: /home/jim/rm_dh_ws/install/dh_gripper_msgs/share/dh_gripper_msgs/msg/GripperCtrl.msg
[4.349s] -- Installing: /home/jim/rm_dh_ws/install/dh_gripper_msgs/share/dh_gripper_msgs/msg/GripperState.msg
[4.349s] -- Installing: /home/jim/rm_dh_ws/install/dh_gripper_msgs/share/dh_gripper_msgs/msg/GripperRotCtrl.msg
[4.349s] -- Installing: /home/jim/rm_dh_ws/install/dh_gripper_msgs/share/dh_gripper_msgs/msg/GripperRotState.msg
[4.350s] -- Installing: /home/jim/rm_dh_ws/install/dh_gripper_msgs/share/ament_index/resource_index/package_run_dependencies/dh_gripper_msgs
[4.350s] -- Installing: /home/jim/rm_dh_ws/install/dh_gripper_msgs/share/ament_index/resource_index/parent_prefix_path/dh_gripper_msgs
[4.350s] -- Installing: /home/jim/rm_dh_ws/install/dh_gripper_msgs/share/dh_gripper_msgs/environment/ament_prefix_path.sh
[4.350s] -- Installing: /home/jim/rm_dh_ws/install/dh_gripper_msgs/share/dh_gripper_msgs/environment/ament_prefix_path.dsv
[4.350s] -- Installing: /home/jim/rm_dh_ws/install/dh_gripper_msgs/share/dh_gripper_msgs/environment/path.sh
[4.350s] -- Installing: /home/jim/rm_dh_ws/install/dh_gripper_msgs/share/dh_gripper_msgs/environment/path.dsv
[4.350s] -- Installing: /home/jim/rm_dh_ws/install/dh_gripper_msgs/share/dh_gripper_msgs/local_setup.bash
[4.350s] -- Installing: /home/jim/rm_dh_ws/install/dh_gripper_msgs/share/dh_gripper_msgs/local_setup.sh
[4.350s] -- Installing: /home/jim/rm_dh_ws/install/dh_gripper_msgs/share/dh_gripper_msgs/local_setup.zsh
[4.350s] -- Installing: /home/jim/rm_dh_ws/install/dh_gripper_msgs/share/dh_gripper_msgs/local_setup.dsv
[4.350s] -- Installing: /home/jim/rm_dh_ws/install/dh_gripper_msgs/share/dh_gripper_msgs/package.dsv
[4.351s] -- Installing: /home/jim/rm_dh_ws/install/dh_gripper_msgs/share/ament_index/resource_index/packages/dh_gripper_msgs
[4.351s] -- Installing: /home/jim/rm_dh_ws/install/dh_gripper_msgs/share/dh_gripper_msgs/cmake/export_dh_gripper_msgs__rosidl_generator_cExport.cmake
[4.351s] -- Installing: /home/jim/rm_dh_ws/install/dh_gripper_msgs/share/dh_gripper_msgs/cmake/export_dh_gripper_msgs__rosidl_generator_cExport-noconfig.cmake
[4.351s] -- Installing: /home/jim/rm_dh_ws/install/dh_gripper_msgs/share/dh_gripper_msgs/cmake/export_dh_gripper_msgs__rosidl_typesupport_fastrtps_cExport.cmake
[4.351s] -- Installing: /home/jim/rm_dh_ws/install/dh_gripper_msgs/share/dh_gripper_msgs/cmake/export_dh_gripper_msgs__rosidl_typesupport_fastrtps_cExport-noconfig.cmake
[4.351s] -- Installing: /home/jim/rm_dh_ws/install/dh_gripper_msgs/share/dh_gripper_msgs/cmake/dh_gripper_msgs__rosidl_typesupport_introspection_cExport.cmake
[4.351s] -- Installing: /home/jim/rm_dh_ws/install/dh_gripper_msgs/share/dh_gripper_msgs/cmake/dh_gripper_msgs__rosidl_typesupport_introspection_cExport-noconfig.cmake
[4.351s] -- Installing: /home/jim/rm_dh_ws/install/dh_gripper_msgs/share/dh_gripper_msgs/cmake/dh_gripper_msgs__rosidl_typesupport_cExport.cmake
[4.351s] -- Installing: /home/jim/rm_dh_ws/install/dh_gripper_msgs/share/dh_gripper_msgs/cmake/dh_gripper_msgs__rosidl_typesupport_cExport-noconfig.cmake
[4.351s] -- Installing: /home/jim/rm_dh_ws/install/dh_gripper_msgs/share/dh_gripper_msgs/cmake/export_dh_gripper_msgs__rosidl_generator_cppExport.cmake
[4.351s] -- Installing: /home/jim/rm_dh_ws/install/dh_gripper_msgs/share/dh_gripper_msgs/cmake/export_dh_gripper_msgs__rosidl_typesupport_fastrtps_cppExport.cmake
[4.351s] -- Installing: /home/jim/rm_dh_ws/install/dh_gripper_msgs/share/dh_gripper_msgs/cmake/export_dh_gripper_msgs__rosidl_typesupport_fastrtps_cppExport-noconfig.cmake
[4.351s] -- Installing: /home/jim/rm_dh_ws/install/dh_gripper_msgs/share/dh_gripper_msgs/cmake/dh_gripper_msgs__rosidl_typesupport_introspection_cppExport.cmake
[4.352s] -- Installing: /home/jim/rm_dh_ws/install/dh_gripper_msgs/share/dh_gripper_msgs/cmake/dh_gripper_msgs__rosidl_typesupport_introspection_cppExport-noconfig.cmake
[4.352s] -- Installing: /home/jim/rm_dh_ws/install/dh_gripper_msgs/share/dh_gripper_msgs/cmake/dh_gripper_msgs__rosidl_typesupport_cppExport.cmake
[4.352s] -- Installing: /home/jim/rm_dh_ws/install/dh_gripper_msgs/share/dh_gripper_msgs/cmake/dh_gripper_msgs__rosidl_typesupport_cppExport-noconfig.cmake
[4.352s] -- Installing: /home/jim/rm_dh_ws/install/dh_gripper_msgs/share/dh_gripper_msgs/cmake/export_dh_gripper_msgs__rosidl_generator_pyExport.cmake
[4.352s] -- Installing: /home/jim/rm_dh_ws/install/dh_gripper_msgs/share/dh_gripper_msgs/cmake/export_dh_gripper_msgs__rosidl_generator_pyExport-noconfig.cmake
[4.352s] -- Installing: /home/jim/rm_dh_ws/install/dh_gripper_msgs/share/dh_gripper_msgs/cmake/rosidl_cmake-extras.cmake
[4.352s] -- Installing: /home/jim/rm_dh_ws/install/dh_gripper_msgs/share/dh_gripper_msgs/cmake/ament_cmake_export_dependencies-extras.cmake
[4.352s] -- Installing: /home/jim/rm_dh_ws/install/dh_gripper_msgs/share/dh_gripper_msgs/cmake/ament_cmake_export_include_directories-extras.cmake
[4.352s] -- Installing: /home/jim/rm_dh_ws/install/dh_gripper_msgs/share/dh_gripper_msgs/cmake/ament_cmake_export_libraries-extras.cmake
[4.353s] -- Installing: /home/jim/rm_dh_ws/install/dh_gripper_msgs/share/dh_gripper_msgs/cmake/ament_cmake_export_targets-extras.cmake
[4.353s] -- Installing: /home/jim/rm_dh_ws/install/dh_gripper_msgs/share/dh_gripper_msgs/cmake/rosidl_cmake_export_typesupport_targets-extras.cmake
[4.353s] -- Installing: /home/jim/rm_dh_ws/install/dh_gripper_msgs/share/dh_gripper_msgs/cmake/rosidl_cmake_export_typesupport_libraries-extras.cmake
[4.354s] -- Installing: /home/jim/rm_dh_ws/install/dh_gripper_msgs/share/dh_gripper_msgs/cmake/dh_gripper_msgsConfig.cmake
[4.354s] -- Installing: /home/jim/rm_dh_ws/install/dh_gripper_msgs/share/dh_gripper_msgs/cmake/dh_gripper_msgsConfig-version.cmake
[4.354s] -- Installing: /home/jim/rm_dh_ws/install/dh_gripper_msgs/share/dh_gripper_msgs/package.xml
[4.354s] Invoked command in '/home/jim/rm_dh_ws/build/dh_gripper_msgs' returned '0': CMAKE_PREFIX_PATH=${CMAKE_PREFIX_PATH}:/home/jim/ws_moveit2/install/moveit_configs_utils:/home/jim/ws_moveit2/install/launch_param_builder:/home/jim/tactile_ws/install/tactile_sensor_ros2:/opt/ros/humble /usr/bin/cmake --install /home/jim/rm_dh_ws/build/dh_gripper_msgs
