[35m[1mConsolidate compiler generated dependencies of target rm_force_position_control[0m
[100%] Built target rm_force_position_control
-- Install configuration: ""
-- Up-to-date: /home/jim/rm_dh_ws/install/force_position_control/share/force_position_control/launch
-- Up-to-date: /home/jim/rm_dh_ws/install/force_position_control/share/force_position_control/launch/force_position_control_demo.launch.py
-- Up-to-date: /home/jim/rm_dh_ws/install/force_position_control/lib/force_position_control/rm_force_position_control
-- Up-to-date: /home/jim/rm_dh_ws/install/force_position_control/share/ament_index/resource_index/package_run_dependencies/force_position_control
-- Up-to-date: /home/jim/rm_dh_ws/install/force_position_control/share/ament_index/resource_index/parent_prefix_path/force_position_control
-- Up-to-date: /home/jim/rm_dh_ws/install/force_position_control/share/force_position_control/environment/ament_prefix_path.sh
-- Up-to-date: /home/jim/rm_dh_ws/install/force_position_control/share/force_position_control/environment/ament_prefix_path.dsv
-- Up-to-date: /home/jim/rm_dh_ws/install/force_position_control/share/force_position_control/environment/path.sh
-- Up-to-date: /home/jim/rm_dh_ws/install/force_position_control/share/force_position_control/environment/path.dsv
-- Up-to-date: /home/jim/rm_dh_ws/install/force_position_control/share/force_position_control/local_setup.bash
-- Up-to-date: /home/jim/rm_dh_ws/install/force_position_control/share/force_position_control/local_setup.sh
-- Up-to-date: /home/jim/rm_dh_ws/install/force_position_control/share/force_position_control/local_setup.zsh
-- Up-to-date: /home/jim/rm_dh_ws/install/force_position_control/share/force_position_control/local_setup.dsv
-- Installing: /home/jim/rm_dh_ws/install/force_position_control/share/force_position_control/package.dsv
-- Up-to-date: /home/jim/rm_dh_ws/install/force_position_control/share/ament_index/resource_index/packages/force_position_control
-- Up-to-date: /home/jim/rm_dh_ws/install/force_position_control/share/force_position_control/cmake/force_position_controlConfig.cmake
-- Up-to-date: /home/jim/rm_dh_ws/install/force_position_control/share/force_position_control/cmake/force_position_controlConfig-version.cmake
-- Up-to-date: /home/jim/rm_dh_ws/install/force_position_control/share/force_position_control/package.xml
