[0.060s] Invoking command in '/home/jim/rm_dh_ws/build/rm_description': CMAKE_PREFIX_PATH=${CMAKE_PREFIX_PATH}:/home/jim/rm_dh_ws/install/dh_gripper_driver:/home/jim/ws_moveit2/install/moveit_configs_utils:/home/jim/ws_moveit2/install/launch_param_builder:/home/jim/tactile_ws/install/tactile_sensor_ros2:/opt/ros/humble /usr/bin/cmake --build /home/jim/rm_dh_ws/build/rm_description -- -j16 -l16
[0.147s] Invoked command in '/home/jim/rm_dh_ws/build/rm_description' returned '0': CMAKE_PREFIX_PATH=${CMAKE_PREFIX_PATH}:/home/jim/rm_dh_ws/install/dh_gripper_driver:/home/jim/ws_moveit2/install/moveit_configs_utils:/home/jim/ws_moveit2/install/launch_param_builder:/home/jim/tactile_ws/install/tactile_sensor_ros2:/opt/ros/humble /usr/bin/cmake --build /home/jim/rm_dh_ws/build/rm_description -- -j16 -l16
[0.149s] Invoking command in '/home/jim/rm_dh_ws/build/rm_description': CMAKE_PREFIX_PATH=${CMAKE_PREFIX_PATH}:/home/jim/rm_dh_ws/install/dh_gripper_driver:/home/jim/ws_moveit2/install/moveit_configs_utils:/home/jim/ws_moveit2/install/launch_param_builder:/home/jim/tactile_ws/install/tactile_sensor_ros2:/opt/ros/humble /usr/bin/cmake --install /home/jim/rm_dh_ws/build/rm_description
[0.167s] -- Install configuration: ""
[0.167s] -- Up-to-date: /home/jim/rm_dh_ws/install/rm_description/share/rm_description/launch
[0.167s] -- Up-to-date: /home/jim/rm_dh_ws/install/rm_description/share/rm_description/urdf
[0.167s] -- Up-to-date: /home/jim/rm_dh_ws/install/rm_description/share/rm_description/urdf/rm_eco63_gazebo.urdf
[0.167s] -- Up-to-date: /home/jim/rm_dh_ws/install/rm_description/share/rm_description/urdf/rm_eco63_gazebo.urdf.xacro
[0.167s] -- Up-to-date: /home/jim/rm_dh_ws/install/rm_description/share/rm_description/urdf/rml_63.urdf.xacro
[0.167s] -- Up-to-date: /home/jim/rm_dh_ws/install/rm_description/share/rm_description/urdf/rm_75_6fb.urdf
[0.168s] -- Up-to-date: /home/jim/rm_dh_ws/install/rm_description/share/rm_description/urdf/rm_75.urdf
[0.168s] -- Up-to-date: /home/jim/rm_dh_ws/install/rm_description/share/rm_description/urdf/rm_75_6f.urdf
[0.168s] -- Up-to-date: /home/jim/rm_dh_ws/install/rm_description/share/rm_description/urdf/rm_75_gazebo.urdf
[0.168s] -- Up-to-date: /home/jim/rm_dh_ws/install/rm_description/share/rm_description/urdf/rm_65.urdf
[0.168s] -- Up-to-date: /home/jim/rm_dh_ws/install/rm_description/share/rm_description/urdf/rm_eco63.urdf
[0.168s] -- Up-to-date: /home/jim/rm_dh_ws/install/rm_description/share/rm_description/urdf/rml_63_6fb_description.urdf.xacro
[0.168s] -- Up-to-date: /home/jim/rm_dh_ws/install/rm_description/share/rm_description/urdf/rm_65.urdf.xacro
[0.168s] -- Up-to-date: /home/jim/rm_dh_ws/install/rm_description/share/rm_description/urdf/rm_gen72_II.urdf
[0.169s] -- Up-to-date: /home/jim/rm_dh_ws/install/rm_description/share/rm_description/urdf/rm_75.urdf.xacro
[0.169s] -- Up-to-date: /home/jim/rm_dh_ws/install/rm_description/share/rm_description/urdf/rml_63_gazebo.urdf.xacro
[0.169s] -- Up-to-date: /home/jim/rm_dh_ws/install/rm_description/share/rm_description/urdf/rm_eco65_6fb.urdf
[0.169s] -- Up-to-date: /home/jim/rm_dh_ws/install/rm_description/share/rm_description/urdf/rml_63_6fb.urdf
[0.169s] -- Up-to-date: /home/jim/rm_dh_ws/install/rm_description/share/rm_description/urdf/rm_eco65_gazebo.urdf
[0.169s] -- Up-to-date: /home/jim/rm_dh_ws/install/rm_description/share/rm_description/urdf/rml_63_gazebo.urdf
[0.169s] -- Up-to-date: /home/jim/rm_dh_ws/install/rm_description/share/rm_description/urdf/rm_65_gazebo.urdf
[0.169s] -- Up-to-date: /home/jim/rm_dh_ws/install/rm_description/share/rm_description/urdf/rm_eco63_6fb.urdf
[0.169s] -- Up-to-date: /home/jim/rm_dh_ws/install/rm_description/share/rm_description/urdf/rm_eco65.urdf.xacro
[0.169s] -- Up-to-date: /home/jim/rm_dh_ws/install/rm_description/share/rm_description/urdf/rm_75_gazebo.urdf.xacro
[0.169s] -- Up-to-date: /home/jim/rm_dh_ws/install/rm_description/share/rm_description/urdf/rm_65_6fb.urdf
[0.170s] -- Up-to-date: /home/jim/rm_dh_ws/install/rm_description/share/rm_description/urdf/rm_gen72_gazebo.urdf
[0.170s] -- Up-to-date: /home/jim/rm_dh_ws/install/rm_description/share/rm_description/urdf/rm_eco65.urdf
[0.170s] -- Up-to-date: /home/jim/rm_dh_ws/install/rm_description/share/rm_description/urdf/rm_65_6f.urdf
[0.170s] -- Up-to-date: /home/jim/rm_dh_ws/install/rm_description/share/rm_description/urdf/rml_63_6f.urdf
[0.170s] -- Up-to-date: /home/jim/rm_dh_ws/install/rm_description/share/rm_description/urdf/rm_65_with_ag95.urdf.xacro
[0.171s] -- Up-to-date: /home/jim/rm_dh_ws/install/rm_description/share/rm_description/urdf/rm_gen72_II_gazebo.urdf
[0.171s] -- Up-to-date: /home/jim/rm_dh_ws/install/rm_description/share/rm_description/urdf/rml_63.urdf
[0.172s] -- Up-to-date: /home/jim/rm_dh_ws/install/rm_description/share/rm_description/urdf/rm_gen72.urdf
[0.172s] -- Up-to-date: /home/jim/rm_dh_ws/install/rm_description/share/rm_description/urdf/rm_eco65_gazebo.urdf.xacro
[0.172s] -- Up-to-date: /home/jim/rm_dh_ws/install/rm_description/share/rm_description/urdf/rm_eco63.urdf.xacro
[0.172s] -- Up-to-date: /home/jim/rm_dh_ws/install/rm_description/share/rm_description/urdf/rm_eco65_6f.urdf
[0.172s] -- Up-to-date: /home/jim/rm_dh_ws/install/rm_description/share/rm_description/urdf/rm_65_gazebo.urdf.xacro
[0.172s] -- Up-to-date: /home/jim/rm_dh_ws/install/rm_description/share/rm_description/meshes
[0.173s] -- Up-to-date: /home/jim/rm_dh_ws/install/rm_description/share/rm_description/meshes/rm_gen72_arm
[0.173s] -- Up-to-date: /home/jim/rm_dh_ws/install/rm_description/share/rm_description/meshes/rm_63_arm
[0.173s] -- Up-to-date: /home/jim/rm_dh_ws/install/rm_description/share/rm_description/meshes/rm_65_arm
[0.173s] -- Up-to-date: /home/jim/rm_dh_ws/install/rm_description/share/rm_description/meshes/rm_eco62_arm
[0.173s] -- Up-to-date: /home/jim/rm_dh_ws/install/rm_description/share/rm_description/meshes/rm_gen72_II_arm
[0.173s] -- Up-to-date: /home/jim/rm_dh_ws/install/rm_description/share/rm_description/meshes/rm_75_arm
[0.173s] -- Up-to-date: /home/jim/rm_dh_ws/install/rm_description/share/rm_description/meshes/rm_eco65_arm
[0.173s] -- Up-to-date: /home/jim/rm_dh_ws/install/rm_description/share/rm_description/meshes/rm_eco63_arm
[0.173s] -- Up-to-date: /home/jim/rm_dh_ws/install/rm_description/share/ament_index/resource_index/package_run_dependencies/rm_description
[0.174s] -- Up-to-date: /home/jim/rm_dh_ws/install/rm_description/share/ament_index/resource_index/parent_prefix_path/rm_description
[0.174s] -- Up-to-date: /home/jim/rm_dh_ws/install/rm_description/share/rm_description/environment/ament_prefix_path.sh
[0.174s] -- Up-to-date: /home/jim/rm_dh_ws/install/rm_description/share/rm_description/environment/ament_prefix_path.dsv
[0.174s] -- Up-to-date: /home/jim/rm_dh_ws/install/rm_description/share/rm_description/environment/path.sh
[0.174s] -- Up-to-date: /home/jim/rm_dh_ws/install/rm_description/share/rm_description/environment/path.dsv
[0.174s] -- Up-to-date: /home/jim/rm_dh_ws/install/rm_description/share/rm_description/local_setup.bash
[0.174s] -- Up-to-date: /home/jim/rm_dh_ws/install/rm_description/share/rm_description/local_setup.sh
[0.174s] -- Up-to-date: /home/jim/rm_dh_ws/install/rm_description/share/rm_description/local_setup.zsh
[0.174s] -- Up-to-date: /home/jim/rm_dh_ws/install/rm_description/share/rm_description/local_setup.dsv
[0.174s] -- Up-to-date: /home/jim/rm_dh_ws/install/rm_description/share/rm_description/package.dsv
[0.174s] -- Up-to-date: /home/jim/rm_dh_ws/install/rm_description/share/ament_index/resource_index/packages/rm_description
[0.175s] -- Up-to-date: /home/jim/rm_dh_ws/install/rm_description/share/rm_description/cmake/rm_descriptionConfig.cmake
[0.175s] -- Up-to-date: /home/jim/rm_dh_ws/install/rm_description/share/rm_description/cmake/rm_descriptionConfig-version.cmake
[0.175s] -- Up-to-date: /home/jim/rm_dh_ws/install/rm_description/share/rm_description/package.xml
[0.231s] Invoked command in '/home/jim/rm_dh_ws/build/rm_description' returned '0': CMAKE_PREFIX_PATH=${CMAKE_PREFIX_PATH}:/home/jim/rm_dh_ws/install/dh_gripper_driver:/home/jim/ws_moveit2/install/moveit_configs_utils:/home/jim/ws_moveit2/install/launch_param_builder:/home/jim/tactile_ws/install/tactile_sensor_ros2:/opt/ros/humble /usr/bin/cmake --install /home/jim/rm_dh_ws/build/rm_description
