-- Install configuration: ""
-- Up-to-date: /home/jim/rm_dh_ws/install/rm_description/share/rm_description/launch
-- Up-to-date: /home/jim/rm_dh_ws/install/rm_description/share/rm_description/launch/rm_75_6fb_display.launch.py
-- Up-to-date: /home/jim/rm_dh_ws/install/rm_description/share/rm_description/launch/rm_65_6fb_display.launch.py
-- Up-to-date: /home/jim/rm_dh_ws/install/rm_description/share/rm_description/launch/rm_eco63_6fb_display.launch.py
-- Up-to-date: /home/jim/rm_dh_ws/install/rm_description/share/rm_description/launch/view_rm65_ag95.launch.py
-- Up-to-date: /home/jim/rm_dh_ws/install/rm_description/share/rm_description/launch/rm_gen72_display.launch.py
-- Up-to-date: /home/jim/rm_dh_ws/install/rm_description/share/rm_description/launch/rm_gen72_II_display.launch.py
-- Up-to-date: /home/jim/rm_dh_ws/install/rm_description/share/rm_description/launch/rm_eco65_6f_display.launch.py
-- Up-to-date: /home/jim/rm_dh_ws/install/rm_description/share/rm_description/launch/rm_63_6fb_display.launch.py
-- Up-to-date: /home/jim/rm_dh_ws/install/rm_description/share/rm_description/launch/rm_63_6f_display.launch.py
-- Up-to-date: /home/jim/rm_dh_ws/install/rm_description/share/rm_description/launch/rm_63_III_6fb_display.launch.py
-- Up-to-date: /home/jim/rm_dh_ws/install/rm_description/share/rm_description/launch/rm_63_III_display.launch.py
-- Up-to-date: /home/jim/rm_dh_ws/install/rm_description/share/rm_description/launch/rm_75_display.launch.py
-- Up-to-date: /home/jim/rm_dh_ws/install/rm_description/share/rm_description/launch/rm_75_6f_display.launch.py
-- Up-to-date: /home/jim/rm_dh_ws/install/rm_description/share/rm_description/launch/rm_eco65_6fb_display.launch.py
-- Up-to-date: /home/jim/rm_dh_ws/install/rm_description/share/rm_description/launch/rm_eco63_display.launch.py
-- Up-to-date: /home/jim/rm_dh_ws/install/rm_description/share/rm_description/launch/rm_eco65_display.launch.py
-- Up-to-date: /home/jim/rm_dh_ws/install/rm_description/share/rm_description/launch/rm_65_6f_display.launch.py
-- Up-to-date: /home/jim/rm_dh_ws/install/rm_description/share/rm_description/launch/rm_65_display.launch.py
-- Up-to-date: /home/jim/rm_dh_ws/install/rm_description/share/rm_description/launch/rm_63_display.launch.py
-- Up-to-date: /home/jim/rm_dh_ws/install/rm_description/share/rm_description/urdf
-- Up-to-date: /home/jim/rm_dh_ws/install/rm_description/share/rm_description/urdf/rm_eco63_gazebo.urdf
-- Up-to-date: /home/jim/rm_dh_ws/install/rm_description/share/rm_description/urdf/rm_eco63_gazebo.urdf.xacro
-- Up-to-date: /home/jim/rm_dh_ws/install/rm_description/share/rm_description/urdf/rml_63.urdf.xacro
-- Up-to-date: /home/jim/rm_dh_ws/install/rm_description/share/rm_description/urdf/rm_75_6fb.urdf
-- Up-to-date: /home/jim/rm_dh_ws/install/rm_description/share/rm_description/urdf/rm_gen72.csv
-- Up-to-date: /home/jim/rm_dh_ws/install/rm_description/share/rm_description/urdf/rm_75.urdf
-- Installing: /home/jim/rm_dh_ws/install/rm_description/share/rm_description/urdf/ag95_macro.xacro
-- Up-to-date: /home/jim/rm_dh_ws/install/rm_description/share/rm_description/urdf/rm_eco65.csv
-- Up-to-date: /home/jim/rm_dh_ws/install/rm_description/share/rm_description/urdf/rm_65_description.csv
-- Up-to-date: /home/jim/rm_dh_ws/install/rm_description/share/rm_description/urdf/rm_75_6f.urdf
-- Up-to-date: /home/jim/rm_dh_ws/install/rm_description/share/rm_description/urdf/rm_75_gazebo.urdf
-- Up-to-date: /home/jim/rm_dh_ws/install/rm_description/share/rm_description/urdf/rm_65.urdf
-- Up-to-date: /home/jim/rm_dh_ws/install/rm_description/share/rm_description/urdf/rml_63_description.csv
-- Up-to-date: /home/jim/rm_dh_ws/install/rm_description/share/rm_description/urdf/rm_eco63.urdf
-- Up-to-date: /home/jim/rm_dh_ws/install/rm_description/share/rm_description/urdf/rml_63_6fb_description.urdf.xacro
-- Up-to-date: /home/jim/rm_dh_ws/install/rm_description/share/rm_description/urdf/rm_65.urdf.xacro
-- Up-to-date: /home/jim/rm_dh_ws/install/rm_description/share/rm_description/urdf/rm_gen72_II.urdf
-- Up-to-date: /home/jim/rm_dh_ws/install/rm_description/share/rm_description/urdf/rm_75.urdf.xacro
-- Up-to-date: /home/jim/rm_dh_ws/install/rm_description/share/rm_description/urdf/rml_63_gazebo.urdf.xacro
-- Up-to-date: /home/jim/rm_dh_ws/install/rm_description/share/rm_description/urdf/rm_75_description.csv
-- Up-to-date: /home/jim/rm_dh_ws/install/rm_description/share/rm_description/urdf/rm_eco65_6fb.urdf
-- Up-to-date: /home/jim/rm_dh_ws/install/rm_description/share/rm_description/urdf/rml_63_6fb.urdf
-- Up-to-date: /home/jim/rm_dh_ws/install/rm_description/share/rm_description/urdf/rm_eco65_gazebo.urdf
-- Up-to-date: /home/jim/rm_dh_ws/install/rm_description/share/rm_description/urdf/rml_63_gazebo.urdf
-- Up-to-date: /home/jim/rm_dh_ws/install/rm_description/share/rm_description/urdf/rm_65_gazebo.urdf
-- Up-to-date: /home/jim/rm_dh_ws/install/rm_description/share/rm_description/urdf/rm_eco63_6fb.urdf
-- Up-to-date: /home/jim/rm_dh_ws/install/rm_description/share/rm_description/urdf/rm_eco65.urdf.xacro
-- Up-to-date: /home/jim/rm_dh_ws/install/rm_description/share/rm_description/urdf/rm_75_gazebo.urdf.xacro
-- Up-to-date: /home/jim/rm_dh_ws/install/rm_description/share/rm_description/urdf/rm_eco63.csv
-- Up-to-date: /home/jim/rm_dh_ws/install/rm_description/share/rm_description/urdf/display_arm.rviz
-- Up-to-date: /home/jim/rm_dh_ws/install/rm_description/share/rm_description/urdf/rm_65_6fb.urdf
-- Up-to-date: /home/jim/rm_dh_ws/install/rm_description/share/rm_description/urdf/rm_gen72_gazebo.urdf
-- Up-to-date: /home/jim/rm_dh_ws/install/rm_description/share/rm_description/urdf/rm_eco65.urdf
-- Up-to-date: /home/jim/rm_dh_ws/install/rm_description/share/rm_description/urdf/rm_65_6f.urdf
-- Up-to-date: /home/jim/rm_dh_ws/install/rm_description/share/rm_description/urdf/rml_63_6f.urdf
-- Up-to-date: /home/jim/rm_dh_ws/install/rm_description/share/rm_description/urdf/rm_65_with_ag95.urdf.xacro
-- Up-to-date: /home/jim/rm_dh_ws/install/rm_description/share/rm_description/urdf/rm_gen72_II_gazebo.urdf
-- Up-to-date: /home/jim/rm_dh_ws/install/rm_description/share/rm_description/urdf/rml_63.urdf
-- Up-to-date: /home/jim/rm_dh_ws/install/rm_description/share/rm_description/urdf/rm_gen72.urdf
-- Up-to-date: /home/jim/rm_dh_ws/install/rm_description/share/rm_description/urdf/rm_eco65_gazebo.urdf.xacro
-- Up-to-date: /home/jim/rm_dh_ws/install/rm_description/share/rm_description/urdf/rm_eco63.urdf.xacro
-- Up-to-date: /home/jim/rm_dh_ws/install/rm_description/share/rm_description/urdf/rm_eco65_6f.urdf
-- Up-to-date: /home/jim/rm_dh_ws/install/rm_description/share/rm_description/urdf/rm_65_gazebo.urdf.xacro
-- Up-to-date: /home/jim/rm_dh_ws/install/rm_description/share/rm_description/meshes
-- Up-to-date: /home/jim/rm_dh_ws/install/rm_description/share/rm_description/meshes/rm_gen72_arm
-- Up-to-date: /home/jim/rm_dh_ws/install/rm_description/share/rm_description/meshes/rm_gen72_arm/Link4.STL
-- Up-to-date: /home/jim/rm_dh_ws/install/rm_description/share/rm_description/meshes/rm_gen72_arm/base_link.STL
-- Up-to-date: /home/jim/rm_dh_ws/install/rm_description/share/rm_description/meshes/rm_gen72_arm/Link6.STL
-- Up-to-date: /home/jim/rm_dh_ws/install/rm_description/share/rm_description/meshes/rm_gen72_arm/Link7.STL
-- Up-to-date: /home/jim/rm_dh_ws/install/rm_description/share/rm_description/meshes/rm_gen72_arm/Link3.STL
-- Up-to-date: /home/jim/rm_dh_ws/install/rm_description/share/rm_description/meshes/rm_gen72_arm/Link2.STL
-- Up-to-date: /home/jim/rm_dh_ws/install/rm_description/share/rm_description/meshes/rm_gen72_arm/Link1.STL
-- Up-to-date: /home/jim/rm_dh_ws/install/rm_description/share/rm_description/meshes/rm_gen72_arm/Link5.STL
-- Up-to-date: /home/jim/rm_dh_ws/install/rm_description/share/rm_description/meshes/rm_63_arm
-- Up-to-date: /home/jim/rm_dh_ws/install/rm_description/share/rm_description/meshes/rm_63_arm/link1_III.STL
-- Up-to-date: /home/jim/rm_dh_ws/install/rm_description/share/rm_description/meshes/rm_63_arm/link2.STL
-- Up-to-date: /home/jim/rm_dh_ws/install/rm_description/share/rm_description/meshes/rm_63_arm/base_link.STL
-- Up-to-date: /home/jim/rm_dh_ws/install/rm_description/share/rm_description/meshes/rm_63_arm/link4.STL
-- Up-to-date: /home/jim/rm_dh_ws/install/rm_description/share/rm_description/meshes/rm_63_arm/link3.STL
-- Up-to-date: /home/jim/rm_dh_ws/install/rm_description/share/rm_description/meshes/rm_63_arm/base_link_III_old.STL
-- Up-to-date: /home/jim/rm_dh_ws/install/rm_description/share/rm_description/meshes/rm_63_arm/link5.STL
-- Up-to-date: /home/jim/rm_dh_ws/install/rm_description/share/rm_description/meshes/rm_63_arm/link6.STL
-- Up-to-date: /home/jim/rm_dh_ws/install/rm_description/share/rm_description/meshes/rm_63_arm/base_link_III.STL
-- Up-to-date: /home/jim/rm_dh_ws/install/rm_description/share/rm_description/meshes/rm_63_arm/link6_6f.STL
-- Up-to-date: /home/jim/rm_dh_ws/install/rm_description/share/rm_description/meshes/rm_63_arm/link6_6fb.STL
-- Up-to-date: /home/jim/rm_dh_ws/install/rm_description/share/rm_description/meshes/rm_63_arm/link1.STL
-- Up-to-date: /home/jim/rm_dh_ws/install/rm_description/share/rm_description/meshes/rm_65_arm
-- Up-to-date: /home/jim/rm_dh_ws/install/rm_description/share/rm_description/meshes/rm_65_arm/link2.STL
-- Up-to-date: /home/jim/rm_dh_ws/install/rm_description/share/rm_description/meshes/rm_65_arm/base_link.STL
-- Up-to-date: /home/jim/rm_dh_ws/install/rm_description/share/rm_description/meshes/rm_65_arm/link4.STL
-- Up-to-date: /home/jim/rm_dh_ws/install/rm_description/share/rm_description/meshes/rm_65_arm/link3.STL
-- Up-to-date: /home/jim/rm_dh_ws/install/rm_description/share/rm_description/meshes/rm_65_arm/link5.STL
-- Up-to-date: /home/jim/rm_dh_ws/install/rm_description/share/rm_description/meshes/rm_65_arm/link6.STL
-- Up-to-date: /home/jim/rm_dh_ws/install/rm_description/share/rm_description/meshes/rm_65_arm/link6_6f.STL
-- Up-to-date: /home/jim/rm_dh_ws/install/rm_description/share/rm_description/meshes/rm_65_arm/link6_6fb.STL
-- Up-to-date: /home/jim/rm_dh_ws/install/rm_description/share/rm_description/meshes/rm_65_arm/link1.STL
-- Up-to-date: /home/jim/rm_dh_ws/install/rm_description/share/rm_description/meshes/rm_eco62_arm
-- Up-to-date: /home/jim/rm_dh_ws/install/rm_description/share/rm_description/meshes/rm_eco62_arm/Link4.STL
-- Up-to-date: /home/jim/rm_dh_ws/install/rm_description/share/rm_description/meshes/rm_eco62_arm/base_link.STL
-- Up-to-date: /home/jim/rm_dh_ws/install/rm_description/share/rm_description/meshes/rm_eco62_arm/Link6.STL
-- Up-to-date: /home/jim/rm_dh_ws/install/rm_description/share/rm_description/meshes/rm_eco62_arm/Link3.STL
-- Up-to-date: /home/jim/rm_dh_ws/install/rm_description/share/rm_description/meshes/rm_eco62_arm/Link2.STL
-- Up-to-date: /home/jim/rm_dh_ws/install/rm_description/share/rm_description/meshes/rm_eco62_arm/Link1.STL
-- Up-to-date: /home/jim/rm_dh_ws/install/rm_description/share/rm_description/meshes/rm_eco62_arm/Link5.STL
-- Up-to-date: /home/jim/rm_dh_ws/install/rm_description/share/rm_description/meshes/rm_gen72_II_arm
-- Up-to-date: /home/jim/rm_dh_ws/install/rm_description/share/rm_description/meshes/rm_gen72_II_arm/Link4.STL
-- Up-to-date: /home/jim/rm_dh_ws/install/rm_description/share/rm_description/meshes/rm_gen72_II_arm/base_link.STL
-- Up-to-date: /home/jim/rm_dh_ws/install/rm_description/share/rm_description/meshes/rm_gen72_II_arm/Link6.STL
-- Up-to-date: /home/jim/rm_dh_ws/install/rm_description/share/rm_description/meshes/rm_gen72_II_arm/Link7.STL
-- Up-to-date: /home/jim/rm_dh_ws/install/rm_description/share/rm_description/meshes/rm_gen72_II_arm/Link3.STL
-- Up-to-date: /home/jim/rm_dh_ws/install/rm_description/share/rm_description/meshes/rm_gen72_II_arm/Link2.STL
-- Up-to-date: /home/jim/rm_dh_ws/install/rm_description/share/rm_description/meshes/rm_gen72_II_arm/Link1.STL
-- Up-to-date: /home/jim/rm_dh_ws/install/rm_description/share/rm_description/meshes/rm_gen72_II_arm/Link5.STL
-- Up-to-date: /home/jim/rm_dh_ws/install/rm_description/share/rm_description/meshes/rm_75_arm
-- Up-to-date: /home/jim/rm_dh_ws/install/rm_description/share/rm_description/meshes/rm_75_arm/link2.STL
-- Up-to-date: /home/jim/rm_dh_ws/install/rm_description/share/rm_description/meshes/rm_75_arm/base_link.STL
-- Up-to-date: /home/jim/rm_dh_ws/install/rm_description/share/rm_description/meshes/rm_75_arm/link4.STL
-- Up-to-date: /home/jim/rm_dh_ws/install/rm_description/share/rm_description/meshes/rm_75_arm/link7_6f.STL
-- Up-to-date: /home/jim/rm_dh_ws/install/rm_description/share/rm_description/meshes/rm_75_arm/link7.STL
-- Up-to-date: /home/jim/rm_dh_ws/install/rm_description/share/rm_description/meshes/rm_75_arm/link3.STL
-- Up-to-date: /home/jim/rm_dh_ws/install/rm_description/share/rm_description/meshes/rm_75_arm/link5.STL
-- Up-to-date: /home/jim/rm_dh_ws/install/rm_description/share/rm_description/meshes/rm_75_arm/link6.STL
-- Up-to-date: /home/jim/rm_dh_ws/install/rm_description/share/rm_description/meshes/rm_75_arm/link7_6fb.STL
-- Up-to-date: /home/jim/rm_dh_ws/install/rm_description/share/rm_description/meshes/rm_75_arm/link1.STL
-- Up-to-date: /home/jim/rm_dh_ws/install/rm_description/share/rm_description/meshes/rm_eco65_arm
-- Up-to-date: /home/jim/rm_dh_ws/install/rm_description/share/rm_description/meshes/rm_eco65_arm/Link6_6fb.STL
-- Up-to-date: /home/jim/rm_dh_ws/install/rm_description/share/rm_description/meshes/rm_eco65_arm/Link4.STL
-- Up-to-date: /home/jim/rm_dh_ws/install/rm_description/share/rm_description/meshes/rm_eco65_arm/Link6.STL
-- Up-to-date: /home/jim/rm_dh_ws/install/rm_description/share/rm_description/meshes/rm_eco65_arm/Link6_6f.STL
-- Up-to-date: /home/jim/rm_dh_ws/install/rm_description/share/rm_description/meshes/rm_eco65_arm/Link3.STL
-- Up-to-date: /home/jim/rm_dh_ws/install/rm_description/share/rm_description/meshes/rm_eco65_arm/Link2.STL
-- Up-to-date: /home/jim/rm_dh_ws/install/rm_description/share/rm_description/meshes/rm_eco65_arm/Link1.STL
-- Up-to-date: /home/jim/rm_dh_ws/install/rm_description/share/rm_description/meshes/rm_eco65_arm/baselink.STL
-- Up-to-date: /home/jim/rm_dh_ws/install/rm_description/share/rm_description/meshes/rm_eco65_arm/Link5.STL
-- Up-to-date: /home/jim/rm_dh_ws/install/rm_description/share/rm_description/meshes/rm_eco63_arm
-- Up-to-date: /home/jim/rm_dh_ws/install/rm_description/share/rm_description/meshes/rm_eco63_arm/Link6_6fb.STL
-- Up-to-date: /home/jim/rm_dh_ws/install/rm_description/share/rm_description/meshes/rm_eco63_arm/Link4.STL
-- Up-to-date: /home/jim/rm_dh_ws/install/rm_description/share/rm_description/meshes/rm_eco63_arm/base_link.STL
-- Up-to-date: /home/jim/rm_dh_ws/install/rm_description/share/rm_description/meshes/rm_eco63_arm/Link6.STL
-- Up-to-date: /home/jim/rm_dh_ws/install/rm_description/share/rm_description/meshes/rm_eco63_arm/Link3.STL
-- Up-to-date: /home/jim/rm_dh_ws/install/rm_description/share/rm_description/meshes/rm_eco63_arm/Link2.STL
-- Up-to-date: /home/jim/rm_dh_ws/install/rm_description/share/rm_description/meshes/rm_eco63_arm/Link1.STL
-- Up-to-date: /home/jim/rm_dh_ws/install/rm_description/share/rm_description/meshes/rm_eco63_arm/Link5.STL
-- Up-to-date: /home/jim/rm_dh_ws/install/rm_description/share/ament_index/resource_index/package_run_dependencies/rm_description
-- Up-to-date: /home/jim/rm_dh_ws/install/rm_description/share/ament_index/resource_index/parent_prefix_path/rm_description
-- Up-to-date: /home/jim/rm_dh_ws/install/rm_description/share/rm_description/environment/ament_prefix_path.sh
-- Up-to-date: /home/jim/rm_dh_ws/install/rm_description/share/rm_description/environment/ament_prefix_path.dsv
-- Up-to-date: /home/jim/rm_dh_ws/install/rm_description/share/rm_description/environment/path.sh
-- Up-to-date: /home/jim/rm_dh_ws/install/rm_description/share/rm_description/environment/path.dsv
-- Up-to-date: /home/jim/rm_dh_ws/install/rm_description/share/rm_description/local_setup.bash
-- Up-to-date: /home/jim/rm_dh_ws/install/rm_description/share/rm_description/local_setup.sh
-- Up-to-date: /home/jim/rm_dh_ws/install/rm_description/share/rm_description/local_setup.zsh
-- Up-to-date: /home/jim/rm_dh_ws/install/rm_description/share/rm_description/local_setup.dsv
-- Up-to-date: /home/jim/rm_dh_ws/install/rm_description/share/rm_description/package.dsv
-- Up-to-date: /home/jim/rm_dh_ws/install/rm_description/share/ament_index/resource_index/packages/rm_description
-- Up-to-date: /home/jim/rm_dh_ws/install/rm_description/share/rm_description/cmake/rm_descriptionConfig.cmake
-- Up-to-date: /home/jim/rm_dh_ws/install/rm_description/share/rm_description/cmake/rm_descriptionConfig-version.cmake
-- Up-to-date: /home/jim/rm_dh_ws/install/rm_description/share/rm_description/package.xml
