[0.037s] Invoking command in '/home/jim/rm_dh_ws/build/rm_bringup': CMAKE_PREFIX_PATH=${CMAKE_PREFIX_PATH}:/home/jim/rm_dh_ws/install/dh_gripper_driver:/home/jim/ws_moveit2/install/moveit_configs_utils:/home/jim/ws_moveit2/install/launch_param_builder:/home/jim/tactile_ws/install/tactile_sensor_ros2:/opt/ros/humble /usr/bin/cmake --build /home/jim/rm_dh_ws/build/rm_bringup -- -j16 -l16
[0.108s] Invoked command in '/home/jim/rm_dh_ws/build/rm_bringup' returned '0': CMAKE_PREFIX_PATH=${CMAKE_PREFIX_PATH}:/home/jim/rm_dh_ws/install/dh_gripper_driver:/home/jim/ws_moveit2/install/moveit_configs_utils:/home/jim/ws_moveit2/install/launch_param_builder:/home/jim/tactile_ws/install/tactile_sensor_ros2:/opt/ros/humble /usr/bin/cmake --build /home/jim/rm_dh_ws/build/rm_bringup -- -j16 -l16
[0.111s] Invoking command in '/home/jim/rm_dh_ws/build/rm_bringup': CMAKE_PREFIX_PATH=${CMAKE_PREFIX_PATH}:/home/jim/rm_dh_ws/install/dh_gripper_driver:/home/jim/ws_moveit2/install/moveit_configs_utils:/home/jim/ws_moveit2/install/launch_param_builder:/home/jim/tactile_ws/install/tactile_sensor_ros2:/opt/ros/humble /usr/bin/cmake --install /home/jim/rm_dh_ws/build/rm_bringup
[0.135s] -- Install configuration: ""
[0.136s] -- Up-to-date: /home/jim/rm_dh_ws/install/rm_bringup/share/rm_bringup/launch
[0.136s] -- Up-to-date: /home/jim/rm_dh_ws/install/rm_bringup/share/rm_bringup/launch/rm_75_6f_gazebo.launch.py
[0.136s] -- Up-to-date: /home/jim/rm_dh_ws/install/rm_bringup/share/rm_bringup/launch/rm_65_6f_gazebo.launch.py
[0.136s] -- Up-to-date: /home/jim/rm_dh_ws/install/rm_bringup/share/rm_bringup/launch/rm_63_6f_gazebo.launch.py
[0.136s] -- Up-to-date: /home/jim/rm_dh_ws/install/rm_bringup/share/rm_bringup/launch/rm_63_6fb_bringup.launch.py
[0.136s] -- Up-to-date: /home/jim/rm_dh_ws/install/rm_bringup/share/rm_bringup/launch/rm_gen72_gazebo.launch.py
[0.136s] -- Up-to-date: /home/jim/rm_dh_ws/install/rm_bringup/share/rm_bringup/launch/rm_75_bringup.launch.py
[0.136s] -- Up-to-date: /home/jim/rm_dh_ws/install/rm_bringup/share/rm_bringup/launch/rm_65_6fb_gazebo.launch.py
[0.136s] -- Up-to-date: /home/jim/rm_dh_ws/install/rm_bringup/share/rm_bringup/launch/rm_eco63_6fb_gazebo.launch.py
[0.136s] -- Up-to-date: /home/jim/rm_dh_ws/install/rm_bringup/share/rm_bringup/launch/rm_63_III_6fb_bringup.launch.py
[0.136s] -- Up-to-date: /home/jim/rm_dh_ws/install/rm_bringup/share/rm_bringup/launch/rm_75_6fb_gazebo.launch.py
[0.136s] -- Up-to-date: /home/jim/rm_dh_ws/install/rm_bringup/share/rm_bringup/launch/rm_75_6f_bringup.launch.py
[0.136s] -- Up-to-date: /home/jim/rm_dh_ws/install/rm_bringup/share/rm_bringup/launch/rm_75_6fb_bringup.launch.py
[0.136s] -- Up-to-date: /home/jim/rm_dh_ws/install/rm_bringup/share/rm_bringup/launch/rm_eco63_6fb_bringup.launch.py
[0.136s] -- Up-to-date: /home/jim/rm_dh_ws/install/rm_bringup/share/rm_bringup/launch/rm_eco65_6f_gazebo.launch.py
[0.136s] -- Up-to-date: /home/jim/rm_dh_ws/install/rm_bringup/share/rm_bringup/launch/rm_63_6f_bringup.launch.py
[0.136s] -- Up-to-date: /home/jim/rm_dh_ws/install/rm_bringup/share/rm_bringup/launch/rm_eco65_6f_bringup.launch.py
[0.136s] -- Up-to-date: /home/jim/rm_dh_ws/install/rm_bringup/share/rm_bringup/launch/rm_63_III_gazebo.launch.py
[0.136s] -- Up-to-date: /home/jim/rm_dh_ws/install/rm_bringup/share/rm_bringup/launch/rm_63_III_bringup.launch.py
[0.136s] -- Up-to-date: /home/jim/rm_dh_ws/install/rm_bringup/share/rm_bringup/launch/rm_gen72_II_gazebo.launch.py
[0.136s] -- Up-to-date: /home/jim/rm_dh_ws/install/rm_bringup/share/rm_bringup/launch/rm_gen72_bringup.launch.py
[0.136s] -- Up-to-date: /home/jim/rm_dh_ws/install/rm_bringup/share/rm_bringup/launch/rm_63_bringup.launch.py
[0.137s] -- Up-to-date: /home/jim/rm_dh_ws/install/rm_bringup/share/rm_bringup/launch/rm_eco65_6fb_bringup.launch.py
[0.137s] -- Up-to-date: /home/jim/rm_dh_ws/install/rm_bringup/share/rm_bringup/launch/rm_65_bringup.launch.py
[0.137s] -- Up-to-date: /home/jim/rm_dh_ws/install/rm_bringup/share/rm_bringup/launch/rm_63_III_6fb_gazebo.launch.py
[0.137s] -- Up-to-date: /home/jim/rm_dh_ws/install/rm_bringup/share/rm_bringup/launch/rm_75_gazebo.launch.py
[0.137s] -- Up-to-date: /home/jim/rm_dh_ws/install/rm_bringup/share/rm_bringup/launch/rm_65_gazebo.launch.py
[0.137s] -- Up-to-date: /home/jim/rm_dh_ws/install/rm_bringup/share/rm_bringup/launch/rm_63_6fb_gazebo.launch.py
[0.137s] -- Up-to-date: /home/jim/rm_dh_ws/install/rm_bringup/share/rm_bringup/launch/rm_eco63_gazebo.launch.py
[0.138s] -- Up-to-date: /home/jim/rm_dh_ws/install/rm_bringup/share/rm_bringup/launch/rm_65_6fb_bringup.launch.py
[0.138s] -- Up-to-date: /home/jim/rm_dh_ws/install/rm_bringup/share/rm_bringup/launch/rm_eco65_gazebo.launch.py
[0.138s] -- Up-to-date: /home/jim/rm_dh_ws/install/rm_bringup/share/rm_bringup/launch/rm_63_gazebo.launch.py
[0.139s] -- Up-to-date: /home/jim/rm_dh_ws/install/rm_bringup/share/rm_bringup/launch/rm_eco65_bringup.launch.py
[0.139s] -- Up-to-date: /home/jim/rm_dh_ws/install/rm_bringup/share/rm_bringup/launch/rm_eco65_6fb_gazebo.launch.py
[0.139s] -- Up-to-date: /home/jim/rm_dh_ws/install/rm_bringup/share/rm_bringup/launch/rm_65_6f_bringup.launch.py
[0.139s] -- Up-to-date: /home/jim/rm_dh_ws/install/rm_bringup/share/rm_bringup/launch/rm_gen72_II_bringup.launch.py
[0.139s] -- Up-to-date: /home/jim/rm_dh_ws/install/rm_bringup/share/rm_bringup/launch/rm_eco63_bringup.launch.py
[0.139s] -- Up-to-date: /home/jim/rm_dh_ws/install/rm_bringup/share/ament_index/resource_index/package_run_dependencies/rm_bringup
[0.139s] -- Up-to-date: /home/jim/rm_dh_ws/install/rm_bringup/share/ament_index/resource_index/parent_prefix_path/rm_bringup
[0.139s] -- Up-to-date: /home/jim/rm_dh_ws/install/rm_bringup/share/rm_bringup/environment/ament_prefix_path.sh
[0.139s] -- Up-to-date: /home/jim/rm_dh_ws/install/rm_bringup/share/rm_bringup/environment/ament_prefix_path.dsv
[0.139s] -- Up-to-date: /home/jim/rm_dh_ws/install/rm_bringup/share/rm_bringup/environment/path.sh
[0.139s] -- Up-to-date: /home/jim/rm_dh_ws/install/rm_bringup/share/rm_bringup/environment/path.dsv
[0.139s] -- Up-to-date: /home/jim/rm_dh_ws/install/rm_bringup/share/rm_bringup/local_setup.bash
[0.139s] -- Up-to-date: /home/jim/rm_dh_ws/install/rm_bringup/share/rm_bringup/local_setup.sh
[0.139s] -- Up-to-date: /home/jim/rm_dh_ws/install/rm_bringup/share/rm_bringup/local_setup.zsh
[0.139s] -- Up-to-date: /home/jim/rm_dh_ws/install/rm_bringup/share/rm_bringup/local_setup.dsv
[0.139s] -- Up-to-date: /home/jim/rm_dh_ws/install/rm_bringup/share/rm_bringup/package.dsv
[0.139s] -- Up-to-date: /home/jim/rm_dh_ws/install/rm_bringup/share/ament_index/resource_index/packages/rm_bringup
[0.139s] -- Up-to-date: /home/jim/rm_dh_ws/install/rm_bringup/share/rm_bringup/cmake/rm_bringupConfig.cmake
[0.139s] -- Up-to-date: /home/jim/rm_dh_ws/install/rm_bringup/share/rm_bringup/cmake/rm_bringupConfig-version.cmake
[0.139s] -- Up-to-date: /home/jim/rm_dh_ws/install/rm_bringup/share/rm_bringup/package.xml
[0.223s] Invoked command in '/home/jim/rm_dh_ws/build/rm_bringup' returned '0': CMAKE_PREFIX_PATH=${CMAKE_PREFIX_PATH}:/home/jim/rm_dh_ws/install/dh_gripper_driver:/home/jim/ws_moveit2/install/moveit_configs_utils:/home/jim/ws_moveit2/install/launch_param_builder:/home/jim/tactile_ws/install/tactile_sensor_ros2:/opt/ros/humble /usr/bin/cmake --install /home/jim/rm_dh_ws/build/rm_bringup
