-- The C compiler identification is GNU 11.4.0
-- The CXX compiler identification is GNU 11.4.0
-- Detecting C compiler ABI info
-- Detecting C compiler ABI info - done
-- Check for working C compiler: /usr/bin/cc - skipped
-- Detecting C compile features
-- Detecting C compile features - done
-- Detecting CXX compiler ABI info
-- Detecting CXX compiler ABI info - done
-- Check for working CXX compiler: /usr/bin/c++ - skipped
-- Detecting CXX compile features
-- Detecting CXX compile features - done
-- Found ament_cmake: 1.3.12 (/opt/ros/humble/share/ament_cmake/cmake)
-- Found Python3: /usr/bin/python3 (found version "3.10.12") found components: Interpreter 
-- Found rosidl_default_generators: 1.2.0 (/opt/ros/humble/share/rosidl_default_generators/cmake)
-- Using all available rosidl_typesupport_c: rosidl_typesupport_fastrtps_c;rosidl_typesupport_introspection_c
-- Found rosidl_adapter: 3.1.7 (/opt/ros/humble/share/rosidl_adapter/cmake)
-- Using all available rosidl_typesupport_cpp: rosidl_typesupport_fastrtps_cpp;rosidl_typesupport_introspection_cpp
-- Found std_msgs: 4.9.0 (/opt/ros/humble/share/std_msgs/cmake)
-- Found ament_cmake_ros: 0.10.0 (/opt/ros/humble/share/ament_cmake_ros/cmake)
-- Using all available rosidl_typesupport_c: rosidl_typesupport_fastrtps_c;rosidl_typesupport_introspection_c
-- Using all available rosidl_typesupport_cpp: rosidl_typesupport_fastrtps_cpp;rosidl_typesupport_introspection_cpp
-- Found PythonInterp: /usr/bin/python3 (found suitable version "3.10.12", minimum required is "3.6") 
-- Found python_cmake_module: 0.10.0 (/opt/ros/humble/share/python_cmake_module/cmake)
-- Found PythonLibs: /usr/lib/x86_64-linux-gnu/libpython3.10.so (found suitable version "3.10.12", minimum required is "3.5") 
-- Using PYTHON_EXECUTABLE: /usr/bin/python3
-- Using PYTHON_INCLUDE_DIRS: /usr/include/python3.10
-- Using PYTHON_LIBRARIES: /usr/lib/x86_64-linux-gnu/libpython3.10.so
-- Found PythonExtra: .so  
-- Configuring done
-- Generating done
-- Build files have been written to: /home/jim/rm_dh_ws/build/dh_gripper_msgs
[  1%] [34m[1mGenerating C code for ROS interfaces[0m
[  3%] [34m[1mGenerating C++ code for ROS interfaces[0m
[  3%] Built target ament_cmake_python_copy_dh_gripper_msgs
running egg_info
creating dh_gripper_msgs.egg-info
writing dh_gripper_msgs.egg-info/PKG-INFO
writing dependency_links to dh_gripper_msgs.egg-info/dependency_links.txt
writing top-level names to dh_gripper_msgs.egg-info/top_level.txt
writing manifest file 'dh_gripper_msgs.egg-info/SOURCES.txt'
reading manifest file 'dh_gripper_msgs.egg-info/SOURCES.txt'
writing manifest file 'dh_gripper_msgs.egg-info/SOURCES.txt'
[  3%] Built target ament_cmake_python_build_dh_gripper_msgs_egg
[  5%] [32mBuilding C object CMakeFiles/dh_gripper_msgs__rosidl_generator_c.dir/rosidl_generator_c/dh_gripper_msgs/msg/detail/gripper_rot_state__functions.c.o[0m
[  7%] [32mBuilding C object CMakeFiles/dh_gripper_msgs__rosidl_generator_c.dir/rosidl_generator_c/dh_gripper_msgs/msg/detail/gripper_rot_ctrl__functions.c.o[0m
[  9%] [32mBuilding C object CMakeFiles/dh_gripper_msgs__rosidl_generator_c.dir/rosidl_generator_c/dh_gripper_msgs/msg/detail/gripper_state__functions.c.o[0m
[ 10%] [32mBuilding C object CMakeFiles/dh_gripper_msgs__rosidl_generator_c.dir/rosidl_generator_c/dh_gripper_msgs/msg/detail/gripper_ctrl__functions.c.o[0m
[ 10%] Built target dh_gripper_msgs__cpp
[ 12%] [34m[1mGenerating C++ type support dispatch for ROS interfaces[0m
[ 14%] [34m[1mGenerating C++ introspection for ROS interfaces[0m
[ 16%] [34m[1mGenerating C++ type support for eProsima Fast-RTPS[0m
[ 18%] [32m[1mLinking C shared library libdh_gripper_msgs__rosidl_generator_c.so[0m
[ 18%] Built target dh_gripper_msgs__rosidl_generator_c
[ 20%] [34m[1mGenerating C introspection for ROS interfaces[0m
[ 21%] [34m[1mGenerating C type support for eProsima Fast-RTPS[0m
[ 23%] [34m[1mGenerating C type support dispatch for ROS interfaces[0m
[ 25%] [32mBuilding CXX object CMakeFiles/dh_gripper_msgs__rosidl_typesupport_cpp.dir/rosidl_typesupport_cpp/dh_gripper_msgs/msg/gripper_ctrl__type_support.cpp.o[0m
[ 29%] [32mBuilding CXX object CMakeFiles/dh_gripper_msgs__rosidl_typesupport_cpp.dir/rosidl_typesupport_cpp/dh_gripper_msgs/msg/gripper_rot_ctrl__type_support.cpp.o[0m
[ 29%] [32mBuilding CXX object CMakeFiles/dh_gripper_msgs__rosidl_typesupport_cpp.dir/rosidl_typesupport_cpp/dh_gripper_msgs/msg/gripper_state__type_support.cpp.o[0m
[ 30%] [32mBuilding CXX object CMakeFiles/dh_gripper_msgs__rosidl_typesupport_cpp.dir/rosidl_typesupport_cpp/dh_gripper_msgs/msg/gripper_rot_state__type_support.cpp.o[0m
[ 34%] [32mBuilding CXX object CMakeFiles/dh_gripper_msgs__rosidl_typesupport_introspection_cpp.dir/rosidl_typesupport_introspection_cpp/dh_gripper_msgs/msg/detail/gripper_state__type_support.cpp.o[0m
[ 36%] [32mBuilding CXX object CMakeFiles/dh_gripper_msgs__rosidl_typesupport_introspection_cpp.dir/rosidl_typesupport_introspection_cpp/dh_gripper_msgs/msg/detail/gripper_rot_ctrl__type_support.cpp.o[0m
[ 36%] [32mBuilding CXX object CMakeFiles/dh_gripper_msgs__rosidl_typesupport_introspection_cpp.dir/rosidl_typesupport_introspection_cpp/dh_gripper_msgs/msg/detail/gripper_rot_state__type_support.cpp.o[0m
[ 38%] [32mBuilding CXX object CMakeFiles/dh_gripper_msgs__rosidl_typesupport_introspection_cpp.dir/rosidl_typesupport_introspection_cpp/dh_gripper_msgs/msg/detail/gripper_ctrl__type_support.cpp.o[0m
[ 40%] [32mBuilding CXX object CMakeFiles/dh_gripper_msgs__rosidl_typesupport_c.dir/rosidl_typesupport_c/dh_gripper_msgs/msg/gripper_ctrl__type_support.cpp.o[0m
[ 41%] [32mBuilding CXX object CMakeFiles/dh_gripper_msgs__rosidl_typesupport_c.dir/rosidl_typesupport_c/dh_gripper_msgs/msg/gripper_state__type_support.cpp.o[0m
[ 43%] [32mBuilding CXX object CMakeFiles/dh_gripper_msgs__rosidl_typesupport_c.dir/rosidl_typesupport_c/dh_gripper_msgs/msg/gripper_rot_ctrl__type_support.cpp.o[0m
[ 45%] [32mBuilding CXX object CMakeFiles/dh_gripper_msgs__rosidl_typesupport_c.dir/rosidl_typesupport_c/dh_gripper_msgs/msg/gripper_rot_state__type_support.cpp.o[0m
[ 47%] [32m[1mLinking CXX shared library libdh_gripper_msgs__rosidl_typesupport_c.so[0m
[ 50%] [32mBuilding CXX object CMakeFiles/dh_gripper_msgs__rosidl_typesupport_fastrtps_c.dir/rosidl_typesupport_fastrtps_c/dh_gripper_msgs/msg/detail/gripper_state__type_support_c.cpp.o[0m
[ 50%] [32mBuilding CXX object CMakeFiles/dh_gripper_msgs__rosidl_typesupport_fastrtps_c.dir/rosidl_typesupport_fastrtps_c/dh_gripper_msgs/msg/detail/gripper_ctrl__type_support_c.cpp.o[0m
[ 52%] [32mBuilding CXX object CMakeFiles/dh_gripper_msgs__rosidl_typesupport_fastrtps_c.dir/rosidl_typesupport_fastrtps_c/dh_gripper_msgs/msg/detail/gripper_rot_ctrl__type_support_c.cpp.o[0m
[ 54%] [32mBuilding CXX object CMakeFiles/dh_gripper_msgs__rosidl_typesupport_fastrtps_c.dir/rosidl_typesupport_fastrtps_c/dh_gripper_msgs/msg/detail/gripper_rot_state__type_support_c.cpp.o[0m
[ 54%] Built target dh_gripper_msgs__rosidl_typesupport_c
[ 56%] [32mBuilding CXX object CMakeFiles/dh_gripper_msgs__rosidl_typesupport_fastrtps_cpp.dir/rosidl_typesupport_fastrtps_cpp/dh_gripper_msgs/msg/detail/dds_fastrtps/gripper_rot_ctrl__type_support.cpp.o[0m
[ 58%] [32mBuilding CXX object CMakeFiles/dh_gripper_msgs__rosidl_typesupport_fastrtps_cpp.dir/rosidl_typesupport_fastrtps_cpp/dh_gripper_msgs/msg/detail/dds_fastrtps/gripper_state__type_support.cpp.o[0m
[ 60%] [32mBuilding CXX object CMakeFiles/dh_gripper_msgs__rosidl_typesupport_fastrtps_cpp.dir/rosidl_typesupport_fastrtps_cpp/dh_gripper_msgs/msg/detail/dds_fastrtps/gripper_ctrl__type_support.cpp.o[0m
[ 61%] [32mBuilding CXX object CMakeFiles/dh_gripper_msgs__rosidl_typesupport_fastrtps_cpp.dir/rosidl_typesupport_fastrtps_cpp/dh_gripper_msgs/msg/detail/dds_fastrtps/gripper_rot_state__type_support.cpp.o[0m
[ 63%] [32mBuilding C object CMakeFiles/dh_gripper_msgs__rosidl_typesupport_introspection_c.dir/rosidl_typesupport_introspection_c/dh_gripper_msgs/msg/detail/gripper_state__type_support.c.o[0m
[ 65%] [32mBuilding C object CMakeFiles/dh_gripper_msgs__rosidl_typesupport_introspection_c.dir/rosidl_typesupport_introspection_c/dh_gripper_msgs/msg/detail/gripper_ctrl__type_support.c.o[0m
[ 67%] [32mBuilding C object CMakeFiles/dh_gripper_msgs__rosidl_typesupport_introspection_c.dir/rosidl_typesupport_introspection_c/dh_gripper_msgs/msg/detail/gripper_rot_ctrl__type_support.c.o[0m
[ 69%] [32m[1mLinking CXX shared library libdh_gripper_msgs__rosidl_typesupport_cpp.so[0m
[ 70%] [32mBuilding C object CMakeFiles/dh_gripper_msgs__rosidl_typesupport_introspection_c.dir/rosidl_typesupport_introspection_c/dh_gripper_msgs/msg/detail/gripper_rot_state__type_support.c.o[0m
[ 70%] Built target dh_gripper_msgs__rosidl_typesupport_cpp
[ 72%] [32m[1mLinking C shared library libdh_gripper_msgs__rosidl_typesupport_introspection_c.so[0m
[ 72%] Built target dh_gripper_msgs__rosidl_typesupport_introspection_c
[ 74%] [32m[1mLinking CXX shared library libdh_gripper_msgs__rosidl_typesupport_introspection_cpp.so[0m
[ 76%] [32m[1mLinking CXX shared library libdh_gripper_msgs__rosidl_typesupport_fastrtps_c.so[0m
[ 76%] Built target dh_gripper_msgs__rosidl_typesupport_introspection_cpp
[ 78%] [32m[1mLinking CXX shared library libdh_gripper_msgs__rosidl_typesupport_fastrtps_cpp.so[0m
[ 78%] Built target dh_gripper_msgs__rosidl_typesupport_fastrtps_c
[ 78%] Built target dh_gripper_msgs__rosidl_typesupport_fastrtps_cpp
[ 78%] Built target dh_gripper_msgs
[ 80%] [34m[1mGenerating Python code for ROS interfaces[0m
[ 80%] Built target dh_gripper_msgs__py
[ 81%] [32mBuilding C object CMakeFiles/dh_gripper_msgs__rosidl_generator_py.dir/rosidl_generator_py/dh_gripper_msgs/msg/_gripper_state_s.c.o[0m
[ 83%] [32mBuilding C object CMakeFiles/dh_gripper_msgs__rosidl_generator_py.dir/rosidl_generator_py/dh_gripper_msgs/msg/_gripper_rot_state_s.c.o[0m
[ 85%] [32mBuilding C object CMakeFiles/dh_gripper_msgs__rosidl_generator_py.dir/rosidl_generator_py/dh_gripper_msgs/msg/_gripper_ctrl_s.c.o[0m
[ 87%] [32mBuilding C object CMakeFiles/dh_gripper_msgs__rosidl_generator_py.dir/rosidl_generator_py/dh_gripper_msgs/msg/_gripper_rot_ctrl_s.c.o[0m
[ 89%] [32m[1mLinking C shared library rosidl_generator_py/dh_gripper_msgs/libdh_gripper_msgs__rosidl_generator_py.so[0m
[ 89%] Built target dh_gripper_msgs__rosidl_generator_py
[ 90%] [32mBuilding C object CMakeFiles/dh_gripper_msgs__rosidl_typesupport_introspection_c__pyext.dir/rosidl_generator_py/dh_gripper_msgs/_dh_gripper_msgs_s.ep.rosidl_typesupport_introspection_c.c.o[0m
[ 92%] [32mBuilding C object CMakeFiles/dh_gripper_msgs__rosidl_typesupport_c__pyext.dir/rosidl_generator_py/dh_gripper_msgs/_dh_gripper_msgs_s.ep.rosidl_typesupport_c.c.o[0m
[ 94%] [32mBuilding C object CMakeFiles/dh_gripper_msgs__rosidl_typesupport_fastrtps_c__pyext.dir/rosidl_generator_py/dh_gripper_msgs/_dh_gripper_msgs_s.ep.rosidl_typesupport_fastrtps_c.c.o[0m
[ 96%] [32m[1mLinking C shared library rosidl_generator_py/dh_gripper_msgs/dh_gripper_msgs_s__rosidl_typesupport_introspection_c.cpython-310-x86_64-linux-gnu.so[0m
[ 98%] [32m[1mLinking C shared library rosidl_generator_py/dh_gripper_msgs/dh_gripper_msgs_s__rosidl_typesupport_c.cpython-310-x86_64-linux-gnu.so[0m
[100%] [32m[1mLinking C shared library rosidl_generator_py/dh_gripper_msgs/dh_gripper_msgs_s__rosidl_typesupport_fastrtps_c.cpython-310-x86_64-linux-gnu.so[0m
[100%] Built target dh_gripper_msgs__rosidl_typesupport_introspection_c__pyext
[100%] Built target dh_gripper_msgs__rosidl_typesupport_c__pyext
[100%] Built target dh_gripper_msgs__rosidl_typesupport_fastrtps_c__pyext
-- Install configuration: ""
-- Installing: /home/jim/rm_dh_ws/install/dh_gripper_msgs/share/ament_index/resource_index/rosidl_interfaces/dh_gripper_msgs
-- Installing: /home/jim/rm_dh_ws/install/dh_gripper_msgs/include/dh_gripper_msgs/dh_gripper_msgs
-- Installing: /home/jim/rm_dh_ws/install/dh_gripper_msgs/include/dh_gripper_msgs/dh_gripper_msgs/msg
-- Installing: /home/jim/rm_dh_ws/install/dh_gripper_msgs/include/dh_gripper_msgs/dh_gripper_msgs/msg/gripper_rot_state.h
-- Installing: /home/jim/rm_dh_ws/install/dh_gripper_msgs/include/dh_gripper_msgs/dh_gripper_msgs/msg/gripper_state.h
-- Installing: /home/jim/rm_dh_ws/install/dh_gripper_msgs/include/dh_gripper_msgs/dh_gripper_msgs/msg/rosidl_generator_c__visibility_control.h
-- Installing: /home/jim/rm_dh_ws/install/dh_gripper_msgs/include/dh_gripper_msgs/dh_gripper_msgs/msg/gripper_rot_ctrl.h
-- Installing: /home/jim/rm_dh_ws/install/dh_gripper_msgs/include/dh_gripper_msgs/dh_gripper_msgs/msg/gripper_ctrl.h
-- Installing: /home/jim/rm_dh_ws/install/dh_gripper_msgs/include/dh_gripper_msgs/dh_gripper_msgs/msg/detail
-- Installing: /home/jim/rm_dh_ws/install/dh_gripper_msgs/include/dh_gripper_msgs/dh_gripper_msgs/msg/detail/gripper_rot_ctrl__functions.h
-- Installing: /home/jim/rm_dh_ws/install/dh_gripper_msgs/include/dh_gripper_msgs/dh_gripper_msgs/msg/detail/gripper_ctrl__struct.h
-- Installing: /home/jim/rm_dh_ws/install/dh_gripper_msgs/include/dh_gripper_msgs/dh_gripper_msgs/msg/detail/gripper_ctrl__functions.h
-- Installing: /home/jim/rm_dh_ws/install/dh_gripper_msgs/include/dh_gripper_msgs/dh_gripper_msgs/msg/detail/gripper_ctrl__functions.c
-- Installing: /home/jim/rm_dh_ws/install/dh_gripper_msgs/include/dh_gripper_msgs/dh_gripper_msgs/msg/detail/gripper_rot_state__functions.h
-- Installing: /home/jim/rm_dh_ws/install/dh_gripper_msgs/include/dh_gripper_msgs/dh_gripper_msgs/msg/detail/gripper_rot_ctrl__struct.h
-- Installing: /home/jim/rm_dh_ws/install/dh_gripper_msgs/include/dh_gripper_msgs/dh_gripper_msgs/msg/detail/gripper_state__struct.h
-- Installing: /home/jim/rm_dh_ws/install/dh_gripper_msgs/include/dh_gripper_msgs/dh_gripper_msgs/msg/detail/gripper_rot_state__functions.c
-- Installing: /home/jim/rm_dh_ws/install/dh_gripper_msgs/include/dh_gripper_msgs/dh_gripper_msgs/msg/detail/gripper_ctrl__type_support.h
-- Installing: /home/jim/rm_dh_ws/install/dh_gripper_msgs/include/dh_gripper_msgs/dh_gripper_msgs/msg/detail/gripper_rot_state__type_support.h
-- Installing: /home/jim/rm_dh_ws/install/dh_gripper_msgs/include/dh_gripper_msgs/dh_gripper_msgs/msg/detail/gripper_state__type_support.h
-- Installing: /home/jim/rm_dh_ws/install/dh_gripper_msgs/include/dh_gripper_msgs/dh_gripper_msgs/msg/detail/gripper_rot_ctrl__functions.c
-- Installing: /home/jim/rm_dh_ws/install/dh_gripper_msgs/include/dh_gripper_msgs/dh_gripper_msgs/msg/detail/gripper_rot_state__struct.h
-- Installing: /home/jim/rm_dh_ws/install/dh_gripper_msgs/include/dh_gripper_msgs/dh_gripper_msgs/msg/detail/gripper_state__functions.h
-- Installing: /home/jim/rm_dh_ws/install/dh_gripper_msgs/include/dh_gripper_msgs/dh_gripper_msgs/msg/detail/gripper_rot_ctrl__type_support.h
-- Installing: /home/jim/rm_dh_ws/install/dh_gripper_msgs/include/dh_gripper_msgs/dh_gripper_msgs/msg/detail/gripper_state__functions.c
-- Installing: /home/jim/rm_dh_ws/install/dh_gripper_msgs/share/dh_gripper_msgs/environment/library_path.sh
-- Installing: /home/jim/rm_dh_ws/install/dh_gripper_msgs/share/dh_gripper_msgs/environment/library_path.dsv
-- Installing: /home/jim/rm_dh_ws/install/dh_gripper_msgs/lib/libdh_gripper_msgs__rosidl_generator_c.so
-- Set runtime path of "/home/jim/rm_dh_ws/install/dh_gripper_msgs/lib/libdh_gripper_msgs__rosidl_generator_c.so" to ""
-- Up-to-date: /home/jim/rm_dh_ws/install/dh_gripper_msgs/include/dh_gripper_msgs/dh_gripper_msgs
-- Up-to-date: /home/jim/rm_dh_ws/install/dh_gripper_msgs/include/dh_gripper_msgs/dh_gripper_msgs/msg
-- Installing: /home/jim/rm_dh_ws/install/dh_gripper_msgs/include/dh_gripper_msgs/dh_gripper_msgs/msg/rosidl_typesupport_fastrtps_c__visibility_control.h
-- Up-to-date: /home/jim/rm_dh_ws/install/dh_gripper_msgs/include/dh_gripper_msgs/dh_gripper_msgs/msg/detail
-- Installing: /home/jim/rm_dh_ws/install/dh_gripper_msgs/include/dh_gripper_msgs/dh_gripper_msgs/msg/detail/gripper_rot_ctrl__rosidl_typesupport_fastrtps_c.h
-- Installing: /home/jim/rm_dh_ws/install/dh_gripper_msgs/include/dh_gripper_msgs/dh_gripper_msgs/msg/detail/gripper_rot_state__rosidl_typesupport_fastrtps_c.h
-- Installing: /home/jim/rm_dh_ws/install/dh_gripper_msgs/include/dh_gripper_msgs/dh_gripper_msgs/msg/detail/gripper_state__rosidl_typesupport_fastrtps_c.h
-- Installing: /home/jim/rm_dh_ws/install/dh_gripper_msgs/include/dh_gripper_msgs/dh_gripper_msgs/msg/detail/gripper_ctrl__rosidl_typesupport_fastrtps_c.h
-- Installing: /home/jim/rm_dh_ws/install/dh_gripper_msgs/lib/libdh_gripper_msgs__rosidl_typesupport_fastrtps_c.so
-- Set runtime path of "/home/jim/rm_dh_ws/install/dh_gripper_msgs/lib/libdh_gripper_msgs__rosidl_typesupport_fastrtps_c.so" to ""
-- Up-to-date: /home/jim/rm_dh_ws/install/dh_gripper_msgs/include/dh_gripper_msgs/dh_gripper_msgs
-- Up-to-date: /home/jim/rm_dh_ws/install/dh_gripper_msgs/include/dh_gripper_msgs/dh_gripper_msgs/msg
-- Installing: /home/jim/rm_dh_ws/install/dh_gripper_msgs/include/dh_gripper_msgs/dh_gripper_msgs/msg/rosidl_typesupport_introspection_c__visibility_control.h
-- Up-to-date: /home/jim/rm_dh_ws/install/dh_gripper_msgs/include/dh_gripper_msgs/dh_gripper_msgs/msg/detail
-- Installing: /home/jim/rm_dh_ws/install/dh_gripper_msgs/include/dh_gripper_msgs/dh_gripper_msgs/msg/detail/gripper_rot_state__rosidl_typesupport_introspection_c.h
-- Installing: /home/jim/rm_dh_ws/install/dh_gripper_msgs/include/dh_gripper_msgs/dh_gripper_msgs/msg/detail/gripper_state__rosidl_typesupport_introspection_c.h
-- Installing: /home/jim/rm_dh_ws/install/dh_gripper_msgs/include/dh_gripper_msgs/dh_gripper_msgs/msg/detail/gripper_ctrl__rosidl_typesupport_introspection_c.h
-- Installing: /home/jim/rm_dh_ws/install/dh_gripper_msgs/include/dh_gripper_msgs/dh_gripper_msgs/msg/detail/gripper_rot_state__type_support.c
-- Installing: /home/jim/rm_dh_ws/install/dh_gripper_msgs/include/dh_gripper_msgs/dh_gripper_msgs/msg/detail/gripper_rot_ctrl__type_support.c
-- Installing: /home/jim/rm_dh_ws/install/dh_gripper_msgs/include/dh_gripper_msgs/dh_gripper_msgs/msg/detail/gripper_ctrl__type_support.c
-- Installing: /home/jim/rm_dh_ws/install/dh_gripper_msgs/include/dh_gripper_msgs/dh_gripper_msgs/msg/detail/gripper_rot_ctrl__rosidl_typesupport_introspection_c.h
-- Installing: /home/jim/rm_dh_ws/install/dh_gripper_msgs/include/dh_gripper_msgs/dh_gripper_msgs/msg/detail/gripper_state__type_support.c
-- Installing: /home/jim/rm_dh_ws/install/dh_gripper_msgs/lib/libdh_gripper_msgs__rosidl_typesupport_introspection_c.so
-- Set runtime path of "/home/jim/rm_dh_ws/install/dh_gripper_msgs/lib/libdh_gripper_msgs__rosidl_typesupport_introspection_c.so" to ""
-- Installing: /home/jim/rm_dh_ws/install/dh_gripper_msgs/lib/libdh_gripper_msgs__rosidl_typesupport_c.so
-- Set runtime path of "/home/jim/rm_dh_ws/install/dh_gripper_msgs/lib/libdh_gripper_msgs__rosidl_typesupport_c.so" to ""
-- Up-to-date: /home/jim/rm_dh_ws/install/dh_gripper_msgs/include/dh_gripper_msgs/dh_gripper_msgs
-- Up-to-date: /home/jim/rm_dh_ws/install/dh_gripper_msgs/include/dh_gripper_msgs/dh_gripper_msgs/msg
-- Installing: /home/jim/rm_dh_ws/install/dh_gripper_msgs/include/dh_gripper_msgs/dh_gripper_msgs/msg/rosidl_generator_cpp__visibility_control.hpp
-- Installing: /home/jim/rm_dh_ws/install/dh_gripper_msgs/include/dh_gripper_msgs/dh_gripper_msgs/msg/gripper_state.hpp
-- Installing: /home/jim/rm_dh_ws/install/dh_gripper_msgs/include/dh_gripper_msgs/dh_gripper_msgs/msg/gripper_rot_state.hpp
-- Up-to-date: /home/jim/rm_dh_ws/install/dh_gripper_msgs/include/dh_gripper_msgs/dh_gripper_msgs/msg/detail
-- Installing: /home/jim/rm_dh_ws/install/dh_gripper_msgs/include/dh_gripper_msgs/dh_gripper_msgs/msg/detail/gripper_rot_ctrl__builder.hpp
-- Installing: /home/jim/rm_dh_ws/install/dh_gripper_msgs/include/dh_gripper_msgs/dh_gripper_msgs/msg/detail/gripper_state__type_support.hpp
-- Installing: /home/jim/rm_dh_ws/install/dh_gripper_msgs/include/dh_gripper_msgs/dh_gripper_msgs/msg/detail/gripper_ctrl__struct.hpp
-- Installing: /home/jim/rm_dh_ws/install/dh_gripper_msgs/include/dh_gripper_msgs/dh_gripper_msgs/msg/detail/gripper_rot_ctrl__type_support.hpp
-- Installing: /home/jim/rm_dh_ws/install/dh_gripper_msgs/include/dh_gripper_msgs/dh_gripper_msgs/msg/detail/gripper_state__builder.hpp
-- Installing: /home/jim/rm_dh_ws/install/dh_gripper_msgs/include/dh_gripper_msgs/dh_gripper_msgs/msg/detail/gripper_state__traits.hpp
-- Installing: /home/jim/rm_dh_ws/install/dh_gripper_msgs/include/dh_gripper_msgs/dh_gripper_msgs/msg/detail/gripper_rot_ctrl__struct.hpp
-- Installing: /home/jim/rm_dh_ws/install/dh_gripper_msgs/include/dh_gripper_msgs/dh_gripper_msgs/msg/detail/gripper_state__struct.hpp
-- Installing: /home/jim/rm_dh_ws/install/dh_gripper_msgs/include/dh_gripper_msgs/dh_gripper_msgs/msg/detail/gripper_ctrl__traits.hpp
-- Installing: /home/jim/rm_dh_ws/install/dh_gripper_msgs/include/dh_gripper_msgs/dh_gripper_msgs/msg/detail/gripper_rot_state__type_support.hpp
-- Installing: /home/jim/rm_dh_ws/install/dh_gripper_msgs/include/dh_gripper_msgs/dh_gripper_msgs/msg/detail/gripper_ctrl__builder.hpp
-- Installing: /home/jim/rm_dh_ws/install/dh_gripper_msgs/include/dh_gripper_msgs/dh_gripper_msgs/msg/detail/gripper_rot_ctrl__traits.hpp
-- Installing: /home/jim/rm_dh_ws/install/dh_gripper_msgs/include/dh_gripper_msgs/dh_gripper_msgs/msg/detail/gripper_rot_state__traits.hpp
-- Installing: /home/jim/rm_dh_ws/install/dh_gripper_msgs/include/dh_gripper_msgs/dh_gripper_msgs/msg/detail/gripper_rot_state__struct.hpp
-- Installing: /home/jim/rm_dh_ws/install/dh_gripper_msgs/include/dh_gripper_msgs/dh_gripper_msgs/msg/detail/gripper_rot_state__builder.hpp
-- Installing: /home/jim/rm_dh_ws/install/dh_gripper_msgs/include/dh_gripper_msgs/dh_gripper_msgs/msg/detail/gripper_ctrl__type_support.hpp
-- Installing: /home/jim/rm_dh_ws/install/dh_gripper_msgs/include/dh_gripper_msgs/dh_gripper_msgs/msg/gripper_ctrl.hpp
-- Installing: /home/jim/rm_dh_ws/install/dh_gripper_msgs/include/dh_gripper_msgs/dh_gripper_msgs/msg/gripper_rot_ctrl.hpp
-- Up-to-date: /home/jim/rm_dh_ws/install/dh_gripper_msgs/include/dh_gripper_msgs/dh_gripper_msgs
-- Up-to-date: /home/jim/rm_dh_ws/install/dh_gripper_msgs/include/dh_gripper_msgs/dh_gripper_msgs/msg
-- Installing: /home/jim/rm_dh_ws/install/dh_gripper_msgs/include/dh_gripper_msgs/dh_gripper_msgs/msg/rosidl_typesupport_fastrtps_cpp__visibility_control.h
-- Up-to-date: /home/jim/rm_dh_ws/install/dh_gripper_msgs/include/dh_gripper_msgs/dh_gripper_msgs/msg/detail
-- Installing: /home/jim/rm_dh_ws/install/dh_gripper_msgs/include/dh_gripper_msgs/dh_gripper_msgs/msg/detail/gripper_state__rosidl_typesupport_fastrtps_cpp.hpp
-- Installing: /home/jim/rm_dh_ws/install/dh_gripper_msgs/include/dh_gripper_msgs/dh_gripper_msgs/msg/detail/gripper_ctrl__rosidl_typesupport_fastrtps_cpp.hpp
-- Installing: /home/jim/rm_dh_ws/install/dh_gripper_msgs/include/dh_gripper_msgs/dh_gripper_msgs/msg/detail/gripper_rot_ctrl__rosidl_typesupport_fastrtps_cpp.hpp
-- Installing: /home/jim/rm_dh_ws/install/dh_gripper_msgs/include/dh_gripper_msgs/dh_gripper_msgs/msg/detail/gripper_rot_state__rosidl_typesupport_fastrtps_cpp.hpp
-- Installing: /home/jim/rm_dh_ws/install/dh_gripper_msgs/include/dh_gripper_msgs/dh_gripper_msgs/msg/detail/dds_fastrtps
-- Installing: /home/jim/rm_dh_ws/install/dh_gripper_msgs/lib/libdh_gripper_msgs__rosidl_typesupport_fastrtps_cpp.so
-- Set runtime path of "/home/jim/rm_dh_ws/install/dh_gripper_msgs/lib/libdh_gripper_msgs__rosidl_typesupport_fastrtps_cpp.so" to ""
-- Up-to-date: /home/jim/rm_dh_ws/install/dh_gripper_msgs/include/dh_gripper_msgs/dh_gripper_msgs
-- Up-to-date: /home/jim/rm_dh_ws/install/dh_gripper_msgs/include/dh_gripper_msgs/dh_gripper_msgs/msg
-- Up-to-date: /home/jim/rm_dh_ws/install/dh_gripper_msgs/include/dh_gripper_msgs/dh_gripper_msgs/msg/detail
-- Installing: /home/jim/rm_dh_ws/install/dh_gripper_msgs/include/dh_gripper_msgs/dh_gripper_msgs/msg/detail/gripper_rot_state__type_support.cpp
-- Installing: /home/jim/rm_dh_ws/install/dh_gripper_msgs/include/dh_gripper_msgs/dh_gripper_msgs/msg/detail/gripper_rot_ctrl__type_support.cpp
-- Installing: /home/jim/rm_dh_ws/install/dh_gripper_msgs/include/dh_gripper_msgs/dh_gripper_msgs/msg/detail/gripper_rot_state__rosidl_typesupport_introspection_cpp.hpp
-- Installing: /home/jim/rm_dh_ws/install/dh_gripper_msgs/include/dh_gripper_msgs/dh_gripper_msgs/msg/detail/gripper_rot_ctrl__rosidl_typesupport_introspection_cpp.hpp
-- Installing: /home/jim/rm_dh_ws/install/dh_gripper_msgs/include/dh_gripper_msgs/dh_gripper_msgs/msg/detail/gripper_ctrl__type_support.cpp
-- Installing: /home/jim/rm_dh_ws/install/dh_gripper_msgs/include/dh_gripper_msgs/dh_gripper_msgs/msg/detail/gripper_state__type_support.cpp
-- Installing: /home/jim/rm_dh_ws/install/dh_gripper_msgs/include/dh_gripper_msgs/dh_gripper_msgs/msg/detail/gripper_ctrl__rosidl_typesupport_introspection_cpp.hpp
-- Installing: /home/jim/rm_dh_ws/install/dh_gripper_msgs/include/dh_gripper_msgs/dh_gripper_msgs/msg/detail/gripper_state__rosidl_typesupport_introspection_cpp.hpp
-- Installing: /home/jim/rm_dh_ws/install/dh_gripper_msgs/lib/libdh_gripper_msgs__rosidl_typesupport_introspection_cpp.so
-- Set runtime path of "/home/jim/rm_dh_ws/install/dh_gripper_msgs/lib/libdh_gripper_msgs__rosidl_typesupport_introspection_cpp.so" to ""
-- Installing: /home/jim/rm_dh_ws/install/dh_gripper_msgs/lib/libdh_gripper_msgs__rosidl_typesupport_cpp.so
-- Set runtime path of "/home/jim/rm_dh_ws/install/dh_gripper_msgs/lib/libdh_gripper_msgs__rosidl_typesupport_cpp.so" to ""
-- Installing: /home/jim/rm_dh_ws/install/dh_gripper_msgs/share/dh_gripper_msgs/environment/pythonpath.sh
-- Installing: /home/jim/rm_dh_ws/install/dh_gripper_msgs/share/dh_gripper_msgs/environment/pythonpath.dsv
-- Installing: /home/jim/rm_dh_ws/install/dh_gripper_msgs/local/lib/python3.10/dist-packages/dh_gripper_msgs-0.0.1-py3.10.egg-info
-- Installing: /home/jim/rm_dh_ws/install/dh_gripper_msgs/local/lib/python3.10/dist-packages/dh_gripper_msgs-0.0.1-py3.10.egg-info/dependency_links.txt
-- Installing: /home/jim/rm_dh_ws/install/dh_gripper_msgs/local/lib/python3.10/dist-packages/dh_gripper_msgs-0.0.1-py3.10.egg-info/PKG-INFO
-- Installing: /home/jim/rm_dh_ws/install/dh_gripper_msgs/local/lib/python3.10/dist-packages/dh_gripper_msgs-0.0.1-py3.10.egg-info/SOURCES.txt
-- Installing: /home/jim/rm_dh_ws/install/dh_gripper_msgs/local/lib/python3.10/dist-packages/dh_gripper_msgs-0.0.1-py3.10.egg-info/top_level.txt
-- Installing: /home/jim/rm_dh_ws/install/dh_gripper_msgs/local/lib/python3.10/dist-packages/dh_gripper_msgs
-- Installing: /home/jim/rm_dh_ws/install/dh_gripper_msgs/local/lib/python3.10/dist-packages/dh_gripper_msgs/dh_gripper_msgs_s__rosidl_typesupport_introspection_c.cpython-310-x86_64-linux-gnu.so
-- Installing: /home/jim/rm_dh_ws/install/dh_gripper_msgs/local/lib/python3.10/dist-packages/dh_gripper_msgs/msg
-- Installing: /home/jim/rm_dh_ws/install/dh_gripper_msgs/local/lib/python3.10/dist-packages/dh_gripper_msgs/msg/_gripper_ctrl_s.c
-- Installing: /home/jim/rm_dh_ws/install/dh_gripper_msgs/local/lib/python3.10/dist-packages/dh_gripper_msgs/msg/_gripper_rot_state_s.c
-- Installing: /home/jim/rm_dh_ws/install/dh_gripper_msgs/local/lib/python3.10/dist-packages/dh_gripper_msgs/msg/_gripper_rot_ctrl_s.c
-- Installing: /home/jim/rm_dh_ws/install/dh_gripper_msgs/local/lib/python3.10/dist-packages/dh_gripper_msgs/msg/_gripper_state_s.c
-- Installing: /home/jim/rm_dh_ws/install/dh_gripper_msgs/local/lib/python3.10/dist-packages/dh_gripper_msgs/msg/__init__.py
-- Installing: /home/jim/rm_dh_ws/install/dh_gripper_msgs/local/lib/python3.10/dist-packages/dh_gripper_msgs/msg/_gripper_rot_ctrl.py
-- Installing: /home/jim/rm_dh_ws/install/dh_gripper_msgs/local/lib/python3.10/dist-packages/dh_gripper_msgs/msg/_gripper_rot_state.py
-- Installing: /home/jim/rm_dh_ws/install/dh_gripper_msgs/local/lib/python3.10/dist-packages/dh_gripper_msgs/msg/_gripper_ctrl.py
-- Installing: /home/jim/rm_dh_ws/install/dh_gripper_msgs/local/lib/python3.10/dist-packages/dh_gripper_msgs/msg/_gripper_state.py
-- Installing: /home/jim/rm_dh_ws/install/dh_gripper_msgs/local/lib/python3.10/dist-packages/dh_gripper_msgs/__init__.py
-- Installing: /home/jim/rm_dh_ws/install/dh_gripper_msgs/local/lib/python3.10/dist-packages/dh_gripper_msgs/libdh_gripper_msgs__rosidl_generator_py.so
-- Installing: /home/jim/rm_dh_ws/install/dh_gripper_msgs/local/lib/python3.10/dist-packages/dh_gripper_msgs/dh_gripper_msgs_s__rosidl_typesupport_fastrtps_c.cpython-310-x86_64-linux-gnu.so
-- Installing: /home/jim/rm_dh_ws/install/dh_gripper_msgs/local/lib/python3.10/dist-packages/dh_gripper_msgs/_dh_gripper_msgs_s.ep.rosidl_typesupport_introspection_c.c
-- Installing: /home/jim/rm_dh_ws/install/dh_gripper_msgs/local/lib/python3.10/dist-packages/dh_gripper_msgs/_dh_gripper_msgs_s.ep.rosidl_typesupport_c.c
-- Installing: /home/jim/rm_dh_ws/install/dh_gripper_msgs/local/lib/python3.10/dist-packages/dh_gripper_msgs/dh_gripper_msgs_s__rosidl_typesupport_c.cpython-310-x86_64-linux-gnu.so
-- Installing: /home/jim/rm_dh_ws/install/dh_gripper_msgs/local/lib/python3.10/dist-packages/dh_gripper_msgs/_dh_gripper_msgs_s.ep.rosidl_typesupport_fastrtps_c.c
Listing '/home/jim/rm_dh_ws/install/dh_gripper_msgs/local/lib/python3.10/dist-packages/dh_gripper_msgs'...
Compiling '/home/jim/rm_dh_ws/install/dh_gripper_msgs/local/lib/python3.10/dist-packages/dh_gripper_msgs/__init__.py'...
Listing '/home/jim/rm_dh_ws/install/dh_gripper_msgs/local/lib/python3.10/dist-packages/dh_gripper_msgs/msg'...
Compiling '/home/jim/rm_dh_ws/install/dh_gripper_msgs/local/lib/python3.10/dist-packages/dh_gripper_msgs/msg/__init__.py'...
Compiling '/home/jim/rm_dh_ws/install/dh_gripper_msgs/local/lib/python3.10/dist-packages/dh_gripper_msgs/msg/_gripper_ctrl.py'...
Compiling '/home/jim/rm_dh_ws/install/dh_gripper_msgs/local/lib/python3.10/dist-packages/dh_gripper_msgs/msg/_gripper_rot_ctrl.py'...
Compiling '/home/jim/rm_dh_ws/install/dh_gripper_msgs/local/lib/python3.10/dist-packages/dh_gripper_msgs/msg/_gripper_rot_state.py'...
Compiling '/home/jim/rm_dh_ws/install/dh_gripper_msgs/local/lib/python3.10/dist-packages/dh_gripper_msgs/msg/_gripper_state.py'...
-- Installing: /home/jim/rm_dh_ws/install/dh_gripper_msgs/local/lib/python3.10/dist-packages/dh_gripper_msgs/dh_gripper_msgs_s__rosidl_typesupport_fastrtps_c.cpython-310-x86_64-linux-gnu.so
-- Set runtime path of "/home/jim/rm_dh_ws/install/dh_gripper_msgs/local/lib/python3.10/dist-packages/dh_gripper_msgs/dh_gripper_msgs_s__rosidl_typesupport_fastrtps_c.cpython-310-x86_64-linux-gnu.so" to ""
-- Installing: /home/jim/rm_dh_ws/install/dh_gripper_msgs/local/lib/python3.10/dist-packages/dh_gripper_msgs/dh_gripper_msgs_s__rosidl_typesupport_introspection_c.cpython-310-x86_64-linux-gnu.so
-- Set runtime path of "/home/jim/rm_dh_ws/install/dh_gripper_msgs/local/lib/python3.10/dist-packages/dh_gripper_msgs/dh_gripper_msgs_s__rosidl_typesupport_introspection_c.cpython-310-x86_64-linux-gnu.so" to ""
-- Installing: /home/jim/rm_dh_ws/install/dh_gripper_msgs/local/lib/python3.10/dist-packages/dh_gripper_msgs/dh_gripper_msgs_s__rosidl_typesupport_c.cpython-310-x86_64-linux-gnu.so
-- Set runtime path of "/home/jim/rm_dh_ws/install/dh_gripper_msgs/local/lib/python3.10/dist-packages/dh_gripper_msgs/dh_gripper_msgs_s__rosidl_typesupport_c.cpython-310-x86_64-linux-gnu.so" to ""
-- Installing: /home/jim/rm_dh_ws/install/dh_gripper_msgs/lib/libdh_gripper_msgs__rosidl_generator_py.so
-- Set runtime path of "/home/jim/rm_dh_ws/install/dh_gripper_msgs/lib/libdh_gripper_msgs__rosidl_generator_py.so" to ""
-- Installing: /home/jim/rm_dh_ws/install/dh_gripper_msgs/share/dh_gripper_msgs/msg/GripperCtrl.idl
-- Installing: /home/jim/rm_dh_ws/install/dh_gripper_msgs/share/dh_gripper_msgs/msg/GripperState.idl
-- Installing: /home/jim/rm_dh_ws/install/dh_gripper_msgs/share/dh_gripper_msgs/msg/GripperRotCtrl.idl
-- Installing: /home/jim/rm_dh_ws/install/dh_gripper_msgs/share/dh_gripper_msgs/msg/GripperRotState.idl
-- Installing: /home/jim/rm_dh_ws/install/dh_gripper_msgs/share/dh_gripper_msgs/msg/GripperCtrl.msg
-- Installing: /home/jim/rm_dh_ws/install/dh_gripper_msgs/share/dh_gripper_msgs/msg/GripperState.msg
-- Installing: /home/jim/rm_dh_ws/install/dh_gripper_msgs/share/dh_gripper_msgs/msg/GripperRotCtrl.msg
-- Installing: /home/jim/rm_dh_ws/install/dh_gripper_msgs/share/dh_gripper_msgs/msg/GripperRotState.msg
-- Installing: /home/jim/rm_dh_ws/install/dh_gripper_msgs/share/ament_index/resource_index/package_run_dependencies/dh_gripper_msgs
-- Installing: /home/jim/rm_dh_ws/install/dh_gripper_msgs/share/ament_index/resource_index/parent_prefix_path/dh_gripper_msgs
-- Installing: /home/jim/rm_dh_ws/install/dh_gripper_msgs/share/dh_gripper_msgs/environment/ament_prefix_path.sh
-- Installing: /home/jim/rm_dh_ws/install/dh_gripper_msgs/share/dh_gripper_msgs/environment/ament_prefix_path.dsv
-- Installing: /home/jim/rm_dh_ws/install/dh_gripper_msgs/share/dh_gripper_msgs/environment/path.sh
-- Installing: /home/jim/rm_dh_ws/install/dh_gripper_msgs/share/dh_gripper_msgs/environment/path.dsv
-- Installing: /home/jim/rm_dh_ws/install/dh_gripper_msgs/share/dh_gripper_msgs/local_setup.bash
-- Installing: /home/jim/rm_dh_ws/install/dh_gripper_msgs/share/dh_gripper_msgs/local_setup.sh
-- Installing: /home/jim/rm_dh_ws/install/dh_gripper_msgs/share/dh_gripper_msgs/local_setup.zsh
-- Installing: /home/jim/rm_dh_ws/install/dh_gripper_msgs/share/dh_gripper_msgs/local_setup.dsv
-- Installing: /home/jim/rm_dh_ws/install/dh_gripper_msgs/share/dh_gripper_msgs/package.dsv
-- Installing: /home/jim/rm_dh_ws/install/dh_gripper_msgs/share/ament_index/resource_index/packages/dh_gripper_msgs
-- Installing: /home/jim/rm_dh_ws/install/dh_gripper_msgs/share/dh_gripper_msgs/cmake/export_dh_gripper_msgs__rosidl_generator_cExport.cmake
-- Installing: /home/jim/rm_dh_ws/install/dh_gripper_msgs/share/dh_gripper_msgs/cmake/export_dh_gripper_msgs__rosidl_generator_cExport-noconfig.cmake
-- Installing: /home/jim/rm_dh_ws/install/dh_gripper_msgs/share/dh_gripper_msgs/cmake/export_dh_gripper_msgs__rosidl_typesupport_fastrtps_cExport.cmake
-- Installing: /home/jim/rm_dh_ws/install/dh_gripper_msgs/share/dh_gripper_msgs/cmake/export_dh_gripper_msgs__rosidl_typesupport_fastrtps_cExport-noconfig.cmake
-- Installing: /home/jim/rm_dh_ws/install/dh_gripper_msgs/share/dh_gripper_msgs/cmake/dh_gripper_msgs__rosidl_typesupport_introspection_cExport.cmake
-- Installing: /home/jim/rm_dh_ws/install/dh_gripper_msgs/share/dh_gripper_msgs/cmake/dh_gripper_msgs__rosidl_typesupport_introspection_cExport-noconfig.cmake
-- Installing: /home/jim/rm_dh_ws/install/dh_gripper_msgs/share/dh_gripper_msgs/cmake/dh_gripper_msgs__rosidl_typesupport_cExport.cmake
-- Installing: /home/jim/rm_dh_ws/install/dh_gripper_msgs/share/dh_gripper_msgs/cmake/dh_gripper_msgs__rosidl_typesupport_cExport-noconfig.cmake
-- Installing: /home/jim/rm_dh_ws/install/dh_gripper_msgs/share/dh_gripper_msgs/cmake/export_dh_gripper_msgs__rosidl_generator_cppExport.cmake
-- Installing: /home/jim/rm_dh_ws/install/dh_gripper_msgs/share/dh_gripper_msgs/cmake/export_dh_gripper_msgs__rosidl_typesupport_fastrtps_cppExport.cmake
-- Installing: /home/jim/rm_dh_ws/install/dh_gripper_msgs/share/dh_gripper_msgs/cmake/export_dh_gripper_msgs__rosidl_typesupport_fastrtps_cppExport-noconfig.cmake
-- Installing: /home/jim/rm_dh_ws/install/dh_gripper_msgs/share/dh_gripper_msgs/cmake/dh_gripper_msgs__rosidl_typesupport_introspection_cppExport.cmake
-- Installing: /home/jim/rm_dh_ws/install/dh_gripper_msgs/share/dh_gripper_msgs/cmake/dh_gripper_msgs__rosidl_typesupport_introspection_cppExport-noconfig.cmake
-- Installing: /home/jim/rm_dh_ws/install/dh_gripper_msgs/share/dh_gripper_msgs/cmake/dh_gripper_msgs__rosidl_typesupport_cppExport.cmake
-- Installing: /home/jim/rm_dh_ws/install/dh_gripper_msgs/share/dh_gripper_msgs/cmake/dh_gripper_msgs__rosidl_typesupport_cppExport-noconfig.cmake
-- Installing: /home/jim/rm_dh_ws/install/dh_gripper_msgs/share/dh_gripper_msgs/cmake/export_dh_gripper_msgs__rosidl_generator_pyExport.cmake
-- Installing: /home/jim/rm_dh_ws/install/dh_gripper_msgs/share/dh_gripper_msgs/cmake/export_dh_gripper_msgs__rosidl_generator_pyExport-noconfig.cmake
-- Installing: /home/jim/rm_dh_ws/install/dh_gripper_msgs/share/dh_gripper_msgs/cmake/rosidl_cmake-extras.cmake
-- Installing: /home/jim/rm_dh_ws/install/dh_gripper_msgs/share/dh_gripper_msgs/cmake/ament_cmake_export_dependencies-extras.cmake
-- Installing: /home/jim/rm_dh_ws/install/dh_gripper_msgs/share/dh_gripper_msgs/cmake/ament_cmake_export_include_directories-extras.cmake
-- Installing: /home/jim/rm_dh_ws/install/dh_gripper_msgs/share/dh_gripper_msgs/cmake/ament_cmake_export_libraries-extras.cmake
-- Installing: /home/jim/rm_dh_ws/install/dh_gripper_msgs/share/dh_gripper_msgs/cmake/ament_cmake_export_targets-extras.cmake
-- Installing: /home/jim/rm_dh_ws/install/dh_gripper_msgs/share/dh_gripper_msgs/cmake/rosidl_cmake_export_typesupport_targets-extras.cmake
-- Installing: /home/jim/rm_dh_ws/install/dh_gripper_msgs/share/dh_gripper_msgs/cmake/rosidl_cmake_export_typesupport_libraries-extras.cmake
-- Installing: /home/jim/rm_dh_ws/install/dh_gripper_msgs/share/dh_gripper_msgs/cmake/dh_gripper_msgsConfig.cmake
-- Installing: /home/jim/rm_dh_ws/install/dh_gripper_msgs/share/dh_gripper_msgs/cmake/dh_gripper_msgsConfig-version.cmake
-- Installing: /home/jim/rm_dh_ws/install/dh_gripper_msgs/share/dh_gripper_msgs/package.xml
