[35m[1mConsolidate compiler generated dependencies of target dh_gripper_msgs__rosidl_generator_c[0m
[  1%] Built target dh_gripper_msgs__cpp
[ 12%] Built target dh_gripper_msgs__rosidl_generator_c
[ 12%] Built target ament_cmake_python_copy_dh_gripper_msgs
[35m[1mConsolidate compiler generated dependencies of target dh_gripper_msgs__rosidl_typesupport_introspection_cpp[0m
[35m[1mConsolidate compiler generated dependencies of target dh_gripper_msgs__rosidl_typesupport_cpp[0m
[35m[1mConsolidate compiler generated dependencies of target dh_gripper_msgs__rosidl_typesupport_fastrtps_cpp[0m
[35m[1mConsolidate compiler generated dependencies of target dh_gripper_msgs__rosidl_typesupport_c[0m
[35m[1mConsolidate compiler generated dependencies of target dh_gripper_msgs__rosidl_typesupport_introspection_c[0m
[35m[1mConsolidate compiler generated dependencies of target dh_gripper_msgs__rosidl_typesupport_fastrtps_c[0m
[ 23%] Built target dh_gripper_msgs__rosidl_typesupport_c
[ 34%] Built target dh_gripper_msgs__rosidl_typesupport_introspection_cpp
[ 50%] Built target dh_gripper_msgs__rosidl_typesupport_cpp
[ 56%] Built target dh_gripper_msgs__rosidl_typesupport_introspection_c
[ 67%] Built target dh_gripper_msgs__rosidl_typesupport_fastrtps_c
[ 78%] Built target dh_gripper_msgs__rosidl_typesupport_fastrtps_cpp
[ 78%] Built target dh_gripper_msgs
[ 80%] Built target dh_gripper_msgs__py
[35m[1mConsolidate compiler generated dependencies of target dh_gripper_msgs__rosidl_generator_py[0m
[ 89%] Built target dh_gripper_msgs__rosidl_generator_py
[35m[1mConsolidate compiler generated dependencies of target dh_gripper_msgs__rosidl_typesupport_introspection_c__pyext[0m
[35m[1mConsolidate compiler generated dependencies of target dh_gripper_msgs__rosidl_typesupport_c__pyext[0m
[35m[1mConsolidate compiler generated dependencies of target dh_gripper_msgs__rosidl_typesupport_fastrtps_c__pyext[0m
[ 92%] Built target dh_gripper_msgs__rosidl_typesupport_introspection_c__pyext
[ 96%] Built target dh_gripper_msgs__rosidl_typesupport_fastrtps_c__pyext
[100%] Built target dh_gripper_msgs__rosidl_typesupport_c__pyext
running egg_info
writing dh_gripper_msgs.egg-info/PKG-INFO
writing dependency_links to dh_gripper_msgs.egg-info/dependency_links.txt
writing top-level names to dh_gripper_msgs.egg-info/top_level.txt
reading manifest file 'dh_gripper_msgs.egg-info/SOURCES.txt'
writing manifest file 'dh_gripper_msgs.egg-info/SOURCES.txt'
[100%] Built target ament_cmake_python_build_dh_gripper_msgs_egg
-- Install configuration: ""
-- Up-to-date: /home/jim/rm_dh_ws/install/dh_gripper_msgs/share/ament_index/resource_index/rosidl_interfaces/dh_gripper_msgs
-- Up-to-date: /home/jim/rm_dh_ws/install/dh_gripper_msgs/include/dh_gripper_msgs/dh_gripper_msgs
-- Up-to-date: /home/jim/rm_dh_ws/install/dh_gripper_msgs/include/dh_gripper_msgs/dh_gripper_msgs/msg
-- Up-to-date: /home/jim/rm_dh_ws/install/dh_gripper_msgs/include/dh_gripper_msgs/dh_gripper_msgs/msg/gripper_rot_state.h
-- Up-to-date: /home/jim/rm_dh_ws/install/dh_gripper_msgs/include/dh_gripper_msgs/dh_gripper_msgs/msg/gripper_state.h
-- Up-to-date: /home/jim/rm_dh_ws/install/dh_gripper_msgs/include/dh_gripper_msgs/dh_gripper_msgs/msg/rosidl_generator_c__visibility_control.h
-- Up-to-date: /home/jim/rm_dh_ws/install/dh_gripper_msgs/include/dh_gripper_msgs/dh_gripper_msgs/msg/gripper_rot_ctrl.h
-- Up-to-date: /home/jim/rm_dh_ws/install/dh_gripper_msgs/include/dh_gripper_msgs/dh_gripper_msgs/msg/gripper_ctrl.h
-- Up-to-date: /home/jim/rm_dh_ws/install/dh_gripper_msgs/include/dh_gripper_msgs/dh_gripper_msgs/msg/detail
-- Up-to-date: /home/jim/rm_dh_ws/install/dh_gripper_msgs/include/dh_gripper_msgs/dh_gripper_msgs/msg/detail/gripper_rot_ctrl__functions.h
-- Up-to-date: /home/jim/rm_dh_ws/install/dh_gripper_msgs/include/dh_gripper_msgs/dh_gripper_msgs/msg/detail/gripper_ctrl__struct.h
-- Up-to-date: /home/jim/rm_dh_ws/install/dh_gripper_msgs/include/dh_gripper_msgs/dh_gripper_msgs/msg/detail/gripper_ctrl__functions.h
-- Up-to-date: /home/jim/rm_dh_ws/install/dh_gripper_msgs/include/dh_gripper_msgs/dh_gripper_msgs/msg/detail/gripper_ctrl__functions.c
-- Up-to-date: /home/jim/rm_dh_ws/install/dh_gripper_msgs/include/dh_gripper_msgs/dh_gripper_msgs/msg/detail/gripper_rot_state__functions.h
-- Up-to-date: /home/jim/rm_dh_ws/install/dh_gripper_msgs/include/dh_gripper_msgs/dh_gripper_msgs/msg/detail/gripper_rot_ctrl__struct.h
-- Up-to-date: /home/jim/rm_dh_ws/install/dh_gripper_msgs/include/dh_gripper_msgs/dh_gripper_msgs/msg/detail/gripper_state__struct.h
-- Up-to-date: /home/jim/rm_dh_ws/install/dh_gripper_msgs/include/dh_gripper_msgs/dh_gripper_msgs/msg/detail/gripper_rot_state__functions.c
-- Up-to-date: /home/jim/rm_dh_ws/install/dh_gripper_msgs/include/dh_gripper_msgs/dh_gripper_msgs/msg/detail/gripper_ctrl__type_support.h
-- Up-to-date: /home/jim/rm_dh_ws/install/dh_gripper_msgs/include/dh_gripper_msgs/dh_gripper_msgs/msg/detail/gripper_rot_state__type_support.h
-- Up-to-date: /home/jim/rm_dh_ws/install/dh_gripper_msgs/include/dh_gripper_msgs/dh_gripper_msgs/msg/detail/gripper_state__type_support.h
-- Up-to-date: /home/jim/rm_dh_ws/install/dh_gripper_msgs/include/dh_gripper_msgs/dh_gripper_msgs/msg/detail/gripper_rot_ctrl__functions.c
-- Up-to-date: /home/jim/rm_dh_ws/install/dh_gripper_msgs/include/dh_gripper_msgs/dh_gripper_msgs/msg/detail/gripper_rot_state__struct.h
-- Up-to-date: /home/jim/rm_dh_ws/install/dh_gripper_msgs/include/dh_gripper_msgs/dh_gripper_msgs/msg/detail/gripper_state__functions.h
-- Up-to-date: /home/jim/rm_dh_ws/install/dh_gripper_msgs/include/dh_gripper_msgs/dh_gripper_msgs/msg/detail/gripper_rot_ctrl__type_support.h
-- Up-to-date: /home/jim/rm_dh_ws/install/dh_gripper_msgs/include/dh_gripper_msgs/dh_gripper_msgs/msg/detail/gripper_state__functions.c
-- Up-to-date: /home/jim/rm_dh_ws/install/dh_gripper_msgs/share/dh_gripper_msgs/environment/library_path.sh
-- Up-to-date: /home/jim/rm_dh_ws/install/dh_gripper_msgs/share/dh_gripper_msgs/environment/library_path.dsv
-- Up-to-date: /home/jim/rm_dh_ws/install/dh_gripper_msgs/lib/libdh_gripper_msgs__rosidl_generator_c.so
-- Up-to-date: /home/jim/rm_dh_ws/install/dh_gripper_msgs/include/dh_gripper_msgs/dh_gripper_msgs
-- Up-to-date: /home/jim/rm_dh_ws/install/dh_gripper_msgs/include/dh_gripper_msgs/dh_gripper_msgs/msg
-- Up-to-date: /home/jim/rm_dh_ws/install/dh_gripper_msgs/include/dh_gripper_msgs/dh_gripper_msgs/msg/rosidl_typesupport_fastrtps_c__visibility_control.h
-- Up-to-date: /home/jim/rm_dh_ws/install/dh_gripper_msgs/include/dh_gripper_msgs/dh_gripper_msgs/msg/detail
-- Up-to-date: /home/jim/rm_dh_ws/install/dh_gripper_msgs/include/dh_gripper_msgs/dh_gripper_msgs/msg/detail/gripper_rot_ctrl__rosidl_typesupport_fastrtps_c.h
-- Up-to-date: /home/jim/rm_dh_ws/install/dh_gripper_msgs/include/dh_gripper_msgs/dh_gripper_msgs/msg/detail/gripper_rot_state__rosidl_typesupport_fastrtps_c.h
-- Up-to-date: /home/jim/rm_dh_ws/install/dh_gripper_msgs/include/dh_gripper_msgs/dh_gripper_msgs/msg/detail/gripper_state__rosidl_typesupport_fastrtps_c.h
-- Up-to-date: /home/jim/rm_dh_ws/install/dh_gripper_msgs/include/dh_gripper_msgs/dh_gripper_msgs/msg/detail/gripper_ctrl__rosidl_typesupport_fastrtps_c.h
-- Up-to-date: /home/jim/rm_dh_ws/install/dh_gripper_msgs/lib/libdh_gripper_msgs__rosidl_typesupport_fastrtps_c.so
-- Up-to-date: /home/jim/rm_dh_ws/install/dh_gripper_msgs/include/dh_gripper_msgs/dh_gripper_msgs
-- Up-to-date: /home/jim/rm_dh_ws/install/dh_gripper_msgs/include/dh_gripper_msgs/dh_gripper_msgs/msg
-- Up-to-date: /home/jim/rm_dh_ws/install/dh_gripper_msgs/include/dh_gripper_msgs/dh_gripper_msgs/msg/rosidl_typesupport_introspection_c__visibility_control.h
-- Up-to-date: /home/jim/rm_dh_ws/install/dh_gripper_msgs/include/dh_gripper_msgs/dh_gripper_msgs/msg/detail
-- Up-to-date: /home/jim/rm_dh_ws/install/dh_gripper_msgs/include/dh_gripper_msgs/dh_gripper_msgs/msg/detail/gripper_rot_state__rosidl_typesupport_introspection_c.h
-- Up-to-date: /home/jim/rm_dh_ws/install/dh_gripper_msgs/include/dh_gripper_msgs/dh_gripper_msgs/msg/detail/gripper_state__rosidl_typesupport_introspection_c.h
-- Up-to-date: /home/jim/rm_dh_ws/install/dh_gripper_msgs/include/dh_gripper_msgs/dh_gripper_msgs/msg/detail/gripper_ctrl__rosidl_typesupport_introspection_c.h
-- Up-to-date: /home/jim/rm_dh_ws/install/dh_gripper_msgs/include/dh_gripper_msgs/dh_gripper_msgs/msg/detail/gripper_rot_state__type_support.c
-- Up-to-date: /home/jim/rm_dh_ws/install/dh_gripper_msgs/include/dh_gripper_msgs/dh_gripper_msgs/msg/detail/gripper_rot_ctrl__type_support.c
-- Up-to-date: /home/jim/rm_dh_ws/install/dh_gripper_msgs/include/dh_gripper_msgs/dh_gripper_msgs/msg/detail/gripper_ctrl__type_support.c
-- Up-to-date: /home/jim/rm_dh_ws/install/dh_gripper_msgs/include/dh_gripper_msgs/dh_gripper_msgs/msg/detail/gripper_rot_ctrl__rosidl_typesupport_introspection_c.h
-- Up-to-date: /home/jim/rm_dh_ws/install/dh_gripper_msgs/include/dh_gripper_msgs/dh_gripper_msgs/msg/detail/gripper_state__type_support.c
-- Up-to-date: /home/jim/rm_dh_ws/install/dh_gripper_msgs/lib/libdh_gripper_msgs__rosidl_typesupport_introspection_c.so
-- Up-to-date: /home/jim/rm_dh_ws/install/dh_gripper_msgs/lib/libdh_gripper_msgs__rosidl_typesupport_c.so
-- Up-to-date: /home/jim/rm_dh_ws/install/dh_gripper_msgs/include/dh_gripper_msgs/dh_gripper_msgs
-- Up-to-date: /home/jim/rm_dh_ws/install/dh_gripper_msgs/include/dh_gripper_msgs/dh_gripper_msgs/msg
-- Up-to-date: /home/jim/rm_dh_ws/install/dh_gripper_msgs/include/dh_gripper_msgs/dh_gripper_msgs/msg/rosidl_generator_cpp__visibility_control.hpp
-- Up-to-date: /home/jim/rm_dh_ws/install/dh_gripper_msgs/include/dh_gripper_msgs/dh_gripper_msgs/msg/gripper_state.hpp
-- Up-to-date: /home/jim/rm_dh_ws/install/dh_gripper_msgs/include/dh_gripper_msgs/dh_gripper_msgs/msg/gripper_rot_state.hpp
-- Up-to-date: /home/jim/rm_dh_ws/install/dh_gripper_msgs/include/dh_gripper_msgs/dh_gripper_msgs/msg/detail
-- Up-to-date: /home/jim/rm_dh_ws/install/dh_gripper_msgs/include/dh_gripper_msgs/dh_gripper_msgs/msg/detail/gripper_rot_ctrl__builder.hpp
-- Up-to-date: /home/jim/rm_dh_ws/install/dh_gripper_msgs/include/dh_gripper_msgs/dh_gripper_msgs/msg/detail/gripper_state__type_support.hpp
-- Up-to-date: /home/jim/rm_dh_ws/install/dh_gripper_msgs/include/dh_gripper_msgs/dh_gripper_msgs/msg/detail/gripper_ctrl__struct.hpp
-- Up-to-date: /home/jim/rm_dh_ws/install/dh_gripper_msgs/include/dh_gripper_msgs/dh_gripper_msgs/msg/detail/gripper_rot_ctrl__type_support.hpp
-- Up-to-date: /home/jim/rm_dh_ws/install/dh_gripper_msgs/include/dh_gripper_msgs/dh_gripper_msgs/msg/detail/gripper_state__builder.hpp
-- Up-to-date: /home/jim/rm_dh_ws/install/dh_gripper_msgs/include/dh_gripper_msgs/dh_gripper_msgs/msg/detail/gripper_state__traits.hpp
-- Up-to-date: /home/jim/rm_dh_ws/install/dh_gripper_msgs/include/dh_gripper_msgs/dh_gripper_msgs/msg/detail/gripper_rot_ctrl__struct.hpp
-- Up-to-date: /home/jim/rm_dh_ws/install/dh_gripper_msgs/include/dh_gripper_msgs/dh_gripper_msgs/msg/detail/gripper_state__struct.hpp
-- Up-to-date: /home/jim/rm_dh_ws/install/dh_gripper_msgs/include/dh_gripper_msgs/dh_gripper_msgs/msg/detail/gripper_ctrl__traits.hpp
-- Up-to-date: /home/jim/rm_dh_ws/install/dh_gripper_msgs/include/dh_gripper_msgs/dh_gripper_msgs/msg/detail/gripper_rot_state__type_support.hpp
-- Up-to-date: /home/jim/rm_dh_ws/install/dh_gripper_msgs/include/dh_gripper_msgs/dh_gripper_msgs/msg/detail/gripper_ctrl__builder.hpp
-- Up-to-date: /home/jim/rm_dh_ws/install/dh_gripper_msgs/include/dh_gripper_msgs/dh_gripper_msgs/msg/detail/gripper_rot_ctrl__traits.hpp
-- Up-to-date: /home/jim/rm_dh_ws/install/dh_gripper_msgs/include/dh_gripper_msgs/dh_gripper_msgs/msg/detail/gripper_rot_state__traits.hpp
-- Up-to-date: /home/jim/rm_dh_ws/install/dh_gripper_msgs/include/dh_gripper_msgs/dh_gripper_msgs/msg/detail/gripper_rot_state__struct.hpp
-- Up-to-date: /home/jim/rm_dh_ws/install/dh_gripper_msgs/include/dh_gripper_msgs/dh_gripper_msgs/msg/detail/gripper_rot_state__builder.hpp
-- Up-to-date: /home/jim/rm_dh_ws/install/dh_gripper_msgs/include/dh_gripper_msgs/dh_gripper_msgs/msg/detail/gripper_ctrl__type_support.hpp
-- Up-to-date: /home/jim/rm_dh_ws/install/dh_gripper_msgs/include/dh_gripper_msgs/dh_gripper_msgs/msg/gripper_ctrl.hpp
-- Up-to-date: /home/jim/rm_dh_ws/install/dh_gripper_msgs/include/dh_gripper_msgs/dh_gripper_msgs/msg/gripper_rot_ctrl.hpp
-- Up-to-date: /home/jim/rm_dh_ws/install/dh_gripper_msgs/include/dh_gripper_msgs/dh_gripper_msgs
-- Up-to-date: /home/jim/rm_dh_ws/install/dh_gripper_msgs/include/dh_gripper_msgs/dh_gripper_msgs/msg
-- Up-to-date: /home/jim/rm_dh_ws/install/dh_gripper_msgs/include/dh_gripper_msgs/dh_gripper_msgs/msg/rosidl_typesupport_fastrtps_cpp__visibility_control.h
-- Up-to-date: /home/jim/rm_dh_ws/install/dh_gripper_msgs/include/dh_gripper_msgs/dh_gripper_msgs/msg/detail
-- Up-to-date: /home/jim/rm_dh_ws/install/dh_gripper_msgs/include/dh_gripper_msgs/dh_gripper_msgs/msg/detail/gripper_state__rosidl_typesupport_fastrtps_cpp.hpp
-- Up-to-date: /home/jim/rm_dh_ws/install/dh_gripper_msgs/include/dh_gripper_msgs/dh_gripper_msgs/msg/detail/gripper_ctrl__rosidl_typesupport_fastrtps_cpp.hpp
-- Up-to-date: /home/jim/rm_dh_ws/install/dh_gripper_msgs/include/dh_gripper_msgs/dh_gripper_msgs/msg/detail/gripper_rot_ctrl__rosidl_typesupport_fastrtps_cpp.hpp
-- Up-to-date: /home/jim/rm_dh_ws/install/dh_gripper_msgs/include/dh_gripper_msgs/dh_gripper_msgs/msg/detail/gripper_rot_state__rosidl_typesupport_fastrtps_cpp.hpp
-- Up-to-date: /home/jim/rm_dh_ws/install/dh_gripper_msgs/include/dh_gripper_msgs/dh_gripper_msgs/msg/detail/dds_fastrtps
-- Up-to-date: /home/jim/rm_dh_ws/install/dh_gripper_msgs/lib/libdh_gripper_msgs__rosidl_typesupport_fastrtps_cpp.so
-- Up-to-date: /home/jim/rm_dh_ws/install/dh_gripper_msgs/include/dh_gripper_msgs/dh_gripper_msgs
-- Up-to-date: /home/jim/rm_dh_ws/install/dh_gripper_msgs/include/dh_gripper_msgs/dh_gripper_msgs/msg
-- Up-to-date: /home/jim/rm_dh_ws/install/dh_gripper_msgs/include/dh_gripper_msgs/dh_gripper_msgs/msg/detail
-- Up-to-date: /home/jim/rm_dh_ws/install/dh_gripper_msgs/include/dh_gripper_msgs/dh_gripper_msgs/msg/detail/gripper_rot_state__type_support.cpp
-- Up-to-date: /home/jim/rm_dh_ws/install/dh_gripper_msgs/include/dh_gripper_msgs/dh_gripper_msgs/msg/detail/gripper_rot_ctrl__type_support.cpp
-- Up-to-date: /home/jim/rm_dh_ws/install/dh_gripper_msgs/include/dh_gripper_msgs/dh_gripper_msgs/msg/detail/gripper_rot_state__rosidl_typesupport_introspection_cpp.hpp
-- Up-to-date: /home/jim/rm_dh_ws/install/dh_gripper_msgs/include/dh_gripper_msgs/dh_gripper_msgs/msg/detail/gripper_rot_ctrl__rosidl_typesupport_introspection_cpp.hpp
-- Up-to-date: /home/jim/rm_dh_ws/install/dh_gripper_msgs/include/dh_gripper_msgs/dh_gripper_msgs/msg/detail/gripper_ctrl__type_support.cpp
-- Up-to-date: /home/jim/rm_dh_ws/install/dh_gripper_msgs/include/dh_gripper_msgs/dh_gripper_msgs/msg/detail/gripper_state__type_support.cpp
-- Up-to-date: /home/jim/rm_dh_ws/install/dh_gripper_msgs/include/dh_gripper_msgs/dh_gripper_msgs/msg/detail/gripper_ctrl__rosidl_typesupport_introspection_cpp.hpp
-- Up-to-date: /home/jim/rm_dh_ws/install/dh_gripper_msgs/include/dh_gripper_msgs/dh_gripper_msgs/msg/detail/gripper_state__rosidl_typesupport_introspection_cpp.hpp
-- Up-to-date: /home/jim/rm_dh_ws/install/dh_gripper_msgs/lib/libdh_gripper_msgs__rosidl_typesupport_introspection_cpp.so
-- Up-to-date: /home/jim/rm_dh_ws/install/dh_gripper_msgs/lib/libdh_gripper_msgs__rosidl_typesupport_cpp.so
-- Up-to-date: /home/jim/rm_dh_ws/install/dh_gripper_msgs/share/dh_gripper_msgs/environment/pythonpath.sh
-- Up-to-date: /home/jim/rm_dh_ws/install/dh_gripper_msgs/share/dh_gripper_msgs/environment/pythonpath.dsv
-- Up-to-date: /home/jim/rm_dh_ws/install/dh_gripper_msgs/local/lib/python3.10/dist-packages/dh_gripper_msgs-0.0.1-py3.10.egg-info
-- Installing: /home/jim/rm_dh_ws/install/dh_gripper_msgs/local/lib/python3.10/dist-packages/dh_gripper_msgs-0.0.1-py3.10.egg-info/dependency_links.txt
-- Installing: /home/jim/rm_dh_ws/install/dh_gripper_msgs/local/lib/python3.10/dist-packages/dh_gripper_msgs-0.0.1-py3.10.egg-info/PKG-INFO
-- Installing: /home/jim/rm_dh_ws/install/dh_gripper_msgs/local/lib/python3.10/dist-packages/dh_gripper_msgs-0.0.1-py3.10.egg-info/SOURCES.txt
-- Installing: /home/jim/rm_dh_ws/install/dh_gripper_msgs/local/lib/python3.10/dist-packages/dh_gripper_msgs-0.0.1-py3.10.egg-info/top_level.txt
-- Up-to-date: /home/jim/rm_dh_ws/install/dh_gripper_msgs/local/lib/python3.10/dist-packages/dh_gripper_msgs
-- Up-to-date: /home/jim/rm_dh_ws/install/dh_gripper_msgs/local/lib/python3.10/dist-packages/dh_gripper_msgs/dh_gripper_msgs_s__rosidl_typesupport_introspection_c.cpython-310-x86_64-linux-gnu.so
-- Up-to-date: /home/jim/rm_dh_ws/install/dh_gripper_msgs/local/lib/python3.10/dist-packages/dh_gripper_msgs/msg
-- Up-to-date: /home/jim/rm_dh_ws/install/dh_gripper_msgs/local/lib/python3.10/dist-packages/dh_gripper_msgs/msg/_gripper_ctrl_s.c
-- Up-to-date: /home/jim/rm_dh_ws/install/dh_gripper_msgs/local/lib/python3.10/dist-packages/dh_gripper_msgs/msg/_gripper_rot_state_s.c
-- Up-to-date: /home/jim/rm_dh_ws/install/dh_gripper_msgs/local/lib/python3.10/dist-packages/dh_gripper_msgs/msg/_gripper_rot_ctrl_s.c
-- Up-to-date: /home/jim/rm_dh_ws/install/dh_gripper_msgs/local/lib/python3.10/dist-packages/dh_gripper_msgs/msg/_gripper_state_s.c
-- Up-to-date: /home/jim/rm_dh_ws/install/dh_gripper_msgs/local/lib/python3.10/dist-packages/dh_gripper_msgs/msg/__init__.py
-- Up-to-date: /home/jim/rm_dh_ws/install/dh_gripper_msgs/local/lib/python3.10/dist-packages/dh_gripper_msgs/msg/_gripper_rot_ctrl.py
-- Up-to-date: /home/jim/rm_dh_ws/install/dh_gripper_msgs/local/lib/python3.10/dist-packages/dh_gripper_msgs/msg/_gripper_rot_state.py
-- Up-to-date: /home/jim/rm_dh_ws/install/dh_gripper_msgs/local/lib/python3.10/dist-packages/dh_gripper_msgs/msg/_gripper_ctrl.py
-- Up-to-date: /home/jim/rm_dh_ws/install/dh_gripper_msgs/local/lib/python3.10/dist-packages/dh_gripper_msgs/msg/_gripper_state.py
-- Up-to-date: /home/jim/rm_dh_ws/install/dh_gripper_msgs/local/lib/python3.10/dist-packages/dh_gripper_msgs/__init__.py
-- Up-to-date: /home/jim/rm_dh_ws/install/dh_gripper_msgs/local/lib/python3.10/dist-packages/dh_gripper_msgs/libdh_gripper_msgs__rosidl_generator_py.so
-- Up-to-date: /home/jim/rm_dh_ws/install/dh_gripper_msgs/local/lib/python3.10/dist-packages/dh_gripper_msgs/dh_gripper_msgs_s__rosidl_typesupport_fastrtps_c.cpython-310-x86_64-linux-gnu.so
-- Up-to-date: /home/jim/rm_dh_ws/install/dh_gripper_msgs/local/lib/python3.10/dist-packages/dh_gripper_msgs/_dh_gripper_msgs_s.ep.rosidl_typesupport_introspection_c.c
-- Up-to-date: /home/jim/rm_dh_ws/install/dh_gripper_msgs/local/lib/python3.10/dist-packages/dh_gripper_msgs/_dh_gripper_msgs_s.ep.rosidl_typesupport_c.c
-- Up-to-date: /home/jim/rm_dh_ws/install/dh_gripper_msgs/local/lib/python3.10/dist-packages/dh_gripper_msgs/dh_gripper_msgs_s__rosidl_typesupport_c.cpython-310-x86_64-linux-gnu.so
-- Up-to-date: /home/jim/rm_dh_ws/install/dh_gripper_msgs/local/lib/python3.10/dist-packages/dh_gripper_msgs/_dh_gripper_msgs_s.ep.rosidl_typesupport_fastrtps_c.c
Listing '/home/jim/rm_dh_ws/install/dh_gripper_msgs/local/lib/python3.10/dist-packages/dh_gripper_msgs'...
Listing '/home/jim/rm_dh_ws/install/dh_gripper_msgs/local/lib/python3.10/dist-packages/dh_gripper_msgs/msg'...
-- Up-to-date: /home/jim/rm_dh_ws/install/dh_gripper_msgs/local/lib/python3.10/dist-packages/dh_gripper_msgs/dh_gripper_msgs_s__rosidl_typesupport_fastrtps_c.cpython-310-x86_64-linux-gnu.so
-- Up-to-date: /home/jim/rm_dh_ws/install/dh_gripper_msgs/local/lib/python3.10/dist-packages/dh_gripper_msgs/dh_gripper_msgs_s__rosidl_typesupport_introspection_c.cpython-310-x86_64-linux-gnu.so
-- Up-to-date: /home/jim/rm_dh_ws/install/dh_gripper_msgs/local/lib/python3.10/dist-packages/dh_gripper_msgs/dh_gripper_msgs_s__rosidl_typesupport_c.cpython-310-x86_64-linux-gnu.so
-- Up-to-date: /home/jim/rm_dh_ws/install/dh_gripper_msgs/lib/libdh_gripper_msgs__rosidl_generator_py.so
-- Up-to-date: /home/jim/rm_dh_ws/install/dh_gripper_msgs/share/dh_gripper_msgs/msg/GripperCtrl.idl
-- Up-to-date: /home/jim/rm_dh_ws/install/dh_gripper_msgs/share/dh_gripper_msgs/msg/GripperState.idl
-- Up-to-date: /home/jim/rm_dh_ws/install/dh_gripper_msgs/share/dh_gripper_msgs/msg/GripperRotCtrl.idl
-- Up-to-date: /home/jim/rm_dh_ws/install/dh_gripper_msgs/share/dh_gripper_msgs/msg/GripperRotState.idl
-- Up-to-date: /home/jim/rm_dh_ws/install/dh_gripper_msgs/share/dh_gripper_msgs/msg/GripperCtrl.msg
-- Up-to-date: /home/jim/rm_dh_ws/install/dh_gripper_msgs/share/dh_gripper_msgs/msg/GripperState.msg
-- Up-to-date: /home/jim/rm_dh_ws/install/dh_gripper_msgs/share/dh_gripper_msgs/msg/GripperRotCtrl.msg
-- Up-to-date: /home/jim/rm_dh_ws/install/dh_gripper_msgs/share/dh_gripper_msgs/msg/GripperRotState.msg
-- Up-to-date: /home/jim/rm_dh_ws/install/dh_gripper_msgs/share/ament_index/resource_index/package_run_dependencies/dh_gripper_msgs
-- Up-to-date: /home/jim/rm_dh_ws/install/dh_gripper_msgs/share/ament_index/resource_index/parent_prefix_path/dh_gripper_msgs
-- Up-to-date: /home/jim/rm_dh_ws/install/dh_gripper_msgs/share/dh_gripper_msgs/environment/ament_prefix_path.sh
-- Up-to-date: /home/jim/rm_dh_ws/install/dh_gripper_msgs/share/dh_gripper_msgs/environment/ament_prefix_path.dsv
-- Up-to-date: /home/jim/rm_dh_ws/install/dh_gripper_msgs/share/dh_gripper_msgs/environment/path.sh
-- Up-to-date: /home/jim/rm_dh_ws/install/dh_gripper_msgs/share/dh_gripper_msgs/environment/path.dsv
-- Up-to-date: /home/jim/rm_dh_ws/install/dh_gripper_msgs/share/dh_gripper_msgs/local_setup.bash
-- Up-to-date: /home/jim/rm_dh_ws/install/dh_gripper_msgs/share/dh_gripper_msgs/local_setup.sh
-- Up-to-date: /home/jim/rm_dh_ws/install/dh_gripper_msgs/share/dh_gripper_msgs/local_setup.zsh
-- Up-to-date: /home/jim/rm_dh_ws/install/dh_gripper_msgs/share/dh_gripper_msgs/local_setup.dsv
-- Installing: /home/jim/rm_dh_ws/install/dh_gripper_msgs/share/dh_gripper_msgs/package.dsv
-- Up-to-date: /home/jim/rm_dh_ws/install/dh_gripper_msgs/share/ament_index/resource_index/packages/dh_gripper_msgs
-- Up-to-date: /home/jim/rm_dh_ws/install/dh_gripper_msgs/share/dh_gripper_msgs/cmake/export_dh_gripper_msgs__rosidl_generator_cExport.cmake
-- Up-to-date: /home/jim/rm_dh_ws/install/dh_gripper_msgs/share/dh_gripper_msgs/cmake/export_dh_gripper_msgs__rosidl_generator_cExport-noconfig.cmake
-- Up-to-date: /home/jim/rm_dh_ws/install/dh_gripper_msgs/share/dh_gripper_msgs/cmake/export_dh_gripper_msgs__rosidl_typesupport_fastrtps_cExport.cmake
-- Up-to-date: /home/jim/rm_dh_ws/install/dh_gripper_msgs/share/dh_gripper_msgs/cmake/export_dh_gripper_msgs__rosidl_typesupport_fastrtps_cExport-noconfig.cmake
-- Up-to-date: /home/jim/rm_dh_ws/install/dh_gripper_msgs/share/dh_gripper_msgs/cmake/dh_gripper_msgs__rosidl_typesupport_introspection_cExport.cmake
-- Up-to-date: /home/jim/rm_dh_ws/install/dh_gripper_msgs/share/dh_gripper_msgs/cmake/dh_gripper_msgs__rosidl_typesupport_introspection_cExport-noconfig.cmake
-- Up-to-date: /home/jim/rm_dh_ws/install/dh_gripper_msgs/share/dh_gripper_msgs/cmake/dh_gripper_msgs__rosidl_typesupport_cExport.cmake
-- Up-to-date: /home/jim/rm_dh_ws/install/dh_gripper_msgs/share/dh_gripper_msgs/cmake/dh_gripper_msgs__rosidl_typesupport_cExport-noconfig.cmake
-- Up-to-date: /home/jim/rm_dh_ws/install/dh_gripper_msgs/share/dh_gripper_msgs/cmake/export_dh_gripper_msgs__rosidl_generator_cppExport.cmake
-- Up-to-date: /home/jim/rm_dh_ws/install/dh_gripper_msgs/share/dh_gripper_msgs/cmake/export_dh_gripper_msgs__rosidl_typesupport_fastrtps_cppExport.cmake
-- Up-to-date: /home/jim/rm_dh_ws/install/dh_gripper_msgs/share/dh_gripper_msgs/cmake/export_dh_gripper_msgs__rosidl_typesupport_fastrtps_cppExport-noconfig.cmake
-- Up-to-date: /home/jim/rm_dh_ws/install/dh_gripper_msgs/share/dh_gripper_msgs/cmake/dh_gripper_msgs__rosidl_typesupport_introspection_cppExport.cmake
-- Up-to-date: /home/jim/rm_dh_ws/install/dh_gripper_msgs/share/dh_gripper_msgs/cmake/dh_gripper_msgs__rosidl_typesupport_introspection_cppExport-noconfig.cmake
-- Up-to-date: /home/jim/rm_dh_ws/install/dh_gripper_msgs/share/dh_gripper_msgs/cmake/dh_gripper_msgs__rosidl_typesupport_cppExport.cmake
-- Up-to-date: /home/jim/rm_dh_ws/install/dh_gripper_msgs/share/dh_gripper_msgs/cmake/dh_gripper_msgs__rosidl_typesupport_cppExport-noconfig.cmake
-- Up-to-date: /home/jim/rm_dh_ws/install/dh_gripper_msgs/share/dh_gripper_msgs/cmake/export_dh_gripper_msgs__rosidl_generator_pyExport.cmake
-- Up-to-date: /home/jim/rm_dh_ws/install/dh_gripper_msgs/share/dh_gripper_msgs/cmake/export_dh_gripper_msgs__rosidl_generator_pyExport-noconfig.cmake
-- Up-to-date: /home/jim/rm_dh_ws/install/dh_gripper_msgs/share/dh_gripper_msgs/cmake/rosidl_cmake-extras.cmake
-- Up-to-date: /home/jim/rm_dh_ws/install/dh_gripper_msgs/share/dh_gripper_msgs/cmake/ament_cmake_export_dependencies-extras.cmake
-- Up-to-date: /home/jim/rm_dh_ws/install/dh_gripper_msgs/share/dh_gripper_msgs/cmake/ament_cmake_export_include_directories-extras.cmake
-- Up-to-date: /home/jim/rm_dh_ws/install/dh_gripper_msgs/share/dh_gripper_msgs/cmake/ament_cmake_export_libraries-extras.cmake
-- Up-to-date: /home/jim/rm_dh_ws/install/dh_gripper_msgs/share/dh_gripper_msgs/cmake/ament_cmake_export_targets-extras.cmake
-- Up-to-date: /home/jim/rm_dh_ws/install/dh_gripper_msgs/share/dh_gripper_msgs/cmake/rosidl_cmake_export_typesupport_targets-extras.cmake
-- Up-to-date: /home/jim/rm_dh_ws/install/dh_gripper_msgs/share/dh_gripper_msgs/cmake/rosidl_cmake_export_typesupport_libraries-extras.cmake
-- Up-to-date: /home/jim/rm_dh_ws/install/dh_gripper_msgs/share/dh_gripper_msgs/cmake/dh_gripper_msgsConfig.cmake
-- Up-to-date: /home/jim/rm_dh_ws/install/dh_gripper_msgs/share/dh_gripper_msgs/cmake/dh_gripper_msgsConfig-version.cmake
-- Up-to-date: /home/jim/rm_dh_ws/install/dh_gripper_msgs/share/dh_gripper_msgs/package.xml
