[0.052s] Invoking command in '/home/jim/rm_dh_ws/build/rm_install': CMAKE_PREFIX_PATH=${CMAKE_PREFIX_PATH}:/home/jim/ws_moveit2/install/moveit_configs_utils:/home/jim/ws_moveit2/install/launch_param_builder:/home/jim/tactile_ws/install/tactile_sensor_ros2:/opt/ros/humble /usr/bin/cmake /home/jim/rm_dh_ws/src/rm_install -DCMAKE_INSTALL_PREFIX=/home/jim/rm_dh_ws/install/rm_install
[0.117s] -- The C compiler identification is GNU 11.4.0
[0.170s] -- The CXX compiler identification is GNU 11.4.0
[0.180s] -- Detecting C compiler ABI info
[0.249s] -- Detecting C compiler ABI info - done
[0.258s] -- Check for working C compiler: /usr/bin/cc - skipped
[0.259s] -- Detecting C compile features
[0.259s] -- Detecting C compile features - done
[0.262s] -- Detecting CXX compiler ABI info
[0.359s] -- Detecting CXX compiler ABI info - done
[0.366s] -- Check for working CXX compiler: /usr/bin/c++ - skipped
[0.367s] -- Detecting CXX compile features
[0.367s] -- Detecting CXX compile features - done
[0.378s] -- Found ament_cmake: 1.3.12 (/opt/ros/humble/share/ament_cmake/cmake)
[0.564s] -- Found Python3: /usr/bin/python3 (found version "3.10.12") found components: Interpreter 
[0.712s] -- Found ament_lint_auto: 0.12.14 (/opt/ros/humble/share/ament_lint_auto/cmake)
[0.790s] -- Added test 'lint_cmake' to check CMake code style
[0.791s] -- Added test 'xmllint' to check XML markup files
[0.792s] -- Configuring done
[0.794s] -- Generating done
[0.795s] -- Build files have been written to: /home/jim/rm_dh_ws/build/rm_install
[0.802s] Invoked command in '/home/jim/rm_dh_ws/build/rm_install' returned '0': CMAKE_PREFIX_PATH=${CMAKE_PREFIX_PATH}:/home/jim/ws_moveit2/install/moveit_configs_utils:/home/jim/ws_moveit2/install/launch_param_builder:/home/jim/tactile_ws/install/tactile_sensor_ros2:/opt/ros/humble /usr/bin/cmake /home/jim/rm_dh_ws/src/rm_install -DCMAKE_INSTALL_PREFIX=/home/jim/rm_dh_ws/install/rm_install
[0.803s] Invoking command in '/home/jim/rm_dh_ws/build/rm_install': CMAKE_PREFIX_PATH=${CMAKE_PREFIX_PATH}:/home/jim/ws_moveit2/install/moveit_configs_utils:/home/jim/ws_moveit2/install/launch_param_builder:/home/jim/tactile_ws/install/tactile_sensor_ros2:/opt/ros/humble /usr/bin/cmake --build /home/jim/rm_dh_ws/build/rm_install -- -j16 -l16
[0.852s] Invoked command in '/home/jim/rm_dh_ws/build/rm_install' returned '0': CMAKE_PREFIX_PATH=${CMAKE_PREFIX_PATH}:/home/jim/ws_moveit2/install/moveit_configs_utils:/home/jim/ws_moveit2/install/launch_param_builder:/home/jim/tactile_ws/install/tactile_sensor_ros2:/opt/ros/humble /usr/bin/cmake --build /home/jim/rm_dh_ws/build/rm_install -- -j16 -l16
[0.854s] Invoking command in '/home/jim/rm_dh_ws/build/rm_install': CMAKE_PREFIX_PATH=${CMAKE_PREFIX_PATH}:/home/jim/ws_moveit2/install/moveit_configs_utils:/home/jim/ws_moveit2/install/launch_param_builder:/home/jim/tactile_ws/install/tactile_sensor_ros2:/opt/ros/humble /usr/bin/cmake --install /home/jim/rm_dh_ws/build/rm_install
[0.867s] -- Install configuration: ""
[0.867s] -- Installing: /home/jim/rm_dh_ws/install/rm_install/share/ament_index/resource_index/package_run_dependencies/rm_install
[0.867s] -- Installing: /home/jim/rm_dh_ws/install/rm_install/share/ament_index/resource_index/parent_prefix_path/rm_install
[0.867s] -- Installing: /home/jim/rm_dh_ws/install/rm_install/share/rm_install/environment/ament_prefix_path.sh
[0.867s] -- Installing: /home/jim/rm_dh_ws/install/rm_install/share/rm_install/environment/ament_prefix_path.dsv
[0.867s] -- Installing: /home/jim/rm_dh_ws/install/rm_install/share/rm_install/environment/path.sh
[0.867s] -- Installing: /home/jim/rm_dh_ws/install/rm_install/share/rm_install/environment/path.dsv
[0.867s] -- Installing: /home/jim/rm_dh_ws/install/rm_install/share/rm_install/local_setup.bash
[0.868s] -- Installing: /home/jim/rm_dh_ws/install/rm_install/share/rm_install/local_setup.sh
[0.868s] -- Installing: /home/jim/rm_dh_ws/install/rm_install/share/rm_install/local_setup.zsh
[0.868s] -- Installing: /home/jim/rm_dh_ws/install/rm_install/share/rm_install/local_setup.dsv
[0.868s] -- Installing: /home/jim/rm_dh_ws/install/rm_install/share/rm_install/package.dsv
[0.868s] -- Installing: /home/jim/rm_dh_ws/install/rm_install/share/ament_index/resource_index/packages/rm_install
[0.868s] -- Installing: /home/jim/rm_dh_ws/install/rm_install/share/rm_install/cmake/rm_installConfig.cmake
[0.868s] -- Installing: /home/jim/rm_dh_ws/install/rm_install/share/rm_install/cmake/rm_installConfig-version.cmake
[0.869s] -- Installing: /home/jim/rm_dh_ws/install/rm_install/share/rm_install/package.xml
[0.886s] Invoked command in '/home/jim/rm_dh_ws/build/rm_install' returned '0': CMAKE_PREFIX_PATH=${CMAKE_PREFIX_PATH}:/home/jim/ws_moveit2/install/moveit_configs_utils:/home/jim/ws_moveit2/install/launch_param_builder:/home/jim/tactile_ws/install/tactile_sensor_ros2:/opt/ros/humble /usr/bin/cmake --install /home/jim/rm_dh_ws/build/rm_install
