[0.082s] DEBUG:colcon:Command line arguments: ['/usr/bin/colcon', 'build', '--packages-select', 'dh_gripper_description']
[0.082s] DEBUG:colcon:Parsed command line arguments: Namespace(log_base=None, log_level=None, verb_name='build', build_base='build', install_base='install', merge_install=False, symlink_install=False, test_result_base=None, continue_on_error=False, executor='parallel', parallel_workers=16, event_handlers=None, ignore_user_meta=False, metas=['./colcon.meta'], base_paths=['.'], packages_ignore=None, packages_ignore_regex=None, paths=None, packages_up_to=None, packages_up_to_regex=None, packages_above=None, packages_above_and_dependencies=None, packages_above_depth=None, packages_select_by_dep=None, packages_skip_by_dep=None, packages_skip_up_to=None, packages_select_build_failed=False, packages_skip_build_finished=False, packages_select_test_failures=False, packages_skip_test_passed=False, packages_select=['dh_gripper_description'], packages_skip=None, packages_select_regex=None, packages_skip_regex=None, packages_start=None, packages_end=None, allow_overriding=[], cmake_args=None, cmake_target=None, cmake_target_skip_unavailable=False, cmake_clean_cache=False, cmake_clean_first=False, cmake_force_configure=False, ament_cmake_args=None, catkin_cmake_args=None, catkin_skip_building_tests=False, mixin_files=None, mixin=None, verb_parser=<colcon_mixin.mixin.mixin_argument.MixinArgumentDecorator object at 0x7f714a5a6020>, verb_extension=<colcon_core.verb.build.BuildVerb object at 0x7f714a5a5b70>, main=<bound method BuildVerb.main of <colcon_core.verb.build.BuildVerb object at 0x7f714a5a5b70>>, mixin_verb=('build',))
[0.195s] Level 1:colcon.colcon_core.package_discovery:discover_packages(colcon_meta) check parameters
[0.195s] Level 1:colcon.colcon_core.package_discovery:discover_packages(recursive) check parameters
[0.195s] Level 1:colcon.colcon_core.package_discovery:discover_packages(ignore) check parameters
[0.195s] Level 1:colcon.colcon_core.package_discovery:discover_packages(path) check parameters
[0.195s] Level 1:colcon.colcon_core.package_discovery:discover_packages(colcon_meta) discover
[0.195s] Level 1:colcon.colcon_core.package_discovery:discover_packages(recursive) discover
[0.195s] INFO:colcon.colcon_core.package_discovery:Crawling recursively for packages in '/home/jim/rm_dh_ws'
[0.195s] Level 1:colcon.colcon_core.package_identification:_identify(.) by extensions ['ignore', 'ignore_ament_install']
[0.195s] Level 1:colcon.colcon_core.package_identification:_identify(.) by extension 'ignore'
[0.195s] Level 1:colcon.colcon_core.package_identification:_identify(.) by extension 'ignore_ament_install'
[0.195s] Level 1:colcon.colcon_core.package_identification:_identify(.) by extensions ['colcon_pkg']
[0.196s] Level 1:colcon.colcon_core.package_identification:_identify(.) by extension 'colcon_pkg'
[0.196s] Level 1:colcon.colcon_core.package_identification:_identify(.) by extensions ['colcon_meta']
[0.196s] Level 1:colcon.colcon_core.package_identification:_identify(.) by extension 'colcon_meta'
[0.196s] Level 1:colcon.colcon_core.package_identification:_identify(.) by extensions ['ros']
[0.196s] Level 1:colcon.colcon_core.package_identification:_identify(.) by extension 'ros'
[0.209s] Level 1:colcon.colcon_core.package_identification:_identify(.) by extensions ['cmake', 'python']
[0.209s] Level 1:colcon.colcon_core.package_identification:_identify(.) by extension 'cmake'
[0.209s] Level 1:colcon.colcon_core.package_identification:_identify(.) by extension 'python'
[0.209s] Level 1:colcon.colcon_core.package_identification:_identify(.) by extensions ['python_setup_py']
[0.209s] Level 1:colcon.colcon_core.package_identification:_identify(.) by extension 'python_setup_py'
[0.209s] Level 1:colcon.colcon_core.package_identification:_identify(build) by extensions ['ignore', 'ignore_ament_install']
[0.209s] Level 1:colcon.colcon_core.package_identification:_identify(build) by extension 'ignore'
[0.209s] Level 1:colcon.colcon_core.package_identification:_identify(build) ignored
[0.209s] Level 1:colcon.colcon_core.package_identification:_identify(install) by extensions ['ignore', 'ignore_ament_install']
[0.209s] Level 1:colcon.colcon_core.package_identification:_identify(install) by extension 'ignore'
[0.209s] Level 1:colcon.colcon_core.package_identification:_identify(install) ignored
[0.210s] Level 1:colcon.colcon_core.package_identification:_identify(log) by extensions ['ignore', 'ignore_ament_install']
[0.210s] Level 1:colcon.colcon_core.package_identification:_identify(log) by extension 'ignore'
[0.210s] Level 1:colcon.colcon_core.package_identification:_identify(log) ignored
[0.210s] Level 1:colcon.colcon_core.package_identification:_identify(src) by extensions ['ignore', 'ignore_ament_install']
[0.210s] Level 1:colcon.colcon_core.package_identification:_identify(src) by extension 'ignore'
[0.210s] Level 1:colcon.colcon_core.package_identification:_identify(src) by extension 'ignore_ament_install'
[0.210s] Level 1:colcon.colcon_core.package_identification:_identify(src) by extensions ['colcon_pkg']
[0.210s] Level 1:colcon.colcon_core.package_identification:_identify(src) by extension 'colcon_pkg'
[0.210s] Level 1:colcon.colcon_core.package_identification:_identify(src) by extensions ['colcon_meta']
[0.210s] Level 1:colcon.colcon_core.package_identification:_identify(src) by extension 'colcon_meta'
[0.210s] Level 1:colcon.colcon_core.package_identification:_identify(src) by extensions ['ros']
[0.210s] Level 1:colcon.colcon_core.package_identification:_identify(src) by extension 'ros'
[0.210s] Level 1:colcon.colcon_core.package_identification:_identify(src) by extensions ['cmake', 'python']
[0.210s] Level 1:colcon.colcon_core.package_identification:_identify(src) by extension 'cmake'
[0.210s] Level 1:colcon.colcon_core.package_identification:_identify(src) by extension 'python'
[0.210s] Level 1:colcon.colcon_core.package_identification:_identify(src) by extensions ['python_setup_py']
[0.210s] Level 1:colcon.colcon_core.package_identification:_identify(src) by extension 'python_setup_py'
[0.210s] Level 1:colcon.colcon_core.package_identification:_identify(src/dh_gripper_description) by extensions ['ignore', 'ignore_ament_install']
[0.210s] Level 1:colcon.colcon_core.package_identification:_identify(src/dh_gripper_description) by extension 'ignore'
[0.210s] Level 1:colcon.colcon_core.package_identification:_identify(src/dh_gripper_description) by extension 'ignore_ament_install'
[0.210s] Level 1:colcon.colcon_core.package_identification:_identify(src/dh_gripper_description) by extensions ['colcon_pkg']
[0.210s] Level 1:colcon.colcon_core.package_identification:_identify(src/dh_gripper_description) by extension 'colcon_pkg'
[0.210s] Level 1:colcon.colcon_core.package_identification:_identify(src/dh_gripper_description) by extensions ['colcon_meta']
[0.210s] Level 1:colcon.colcon_core.package_identification:_identify(src/dh_gripper_description) by extension 'colcon_meta'
[0.210s] Level 1:colcon.colcon_core.package_identification:_identify(src/dh_gripper_description) by extensions ['ros']
[0.210s] Level 1:colcon.colcon_core.package_identification:_identify(src/dh_gripper_description) by extension 'ros'
[0.212s] DEBUG:colcon.colcon_core.package_identification:Package 'src/dh_gripper_description' with type 'ros.ament_cmake' and name 'dh_gripper_description'
[0.212s] Level 1:colcon.colcon_core.package_identification:_identify(src/dh_gripper_driver) by extensions ['ignore', 'ignore_ament_install']
[0.212s] Level 1:colcon.colcon_core.package_identification:_identify(src/dh_gripper_driver) by extension 'ignore'
[0.212s] Level 1:colcon.colcon_core.package_identification:_identify(src/dh_gripper_driver) by extension 'ignore_ament_install'
[0.212s] Level 1:colcon.colcon_core.package_identification:_identify(src/dh_gripper_driver) by extensions ['colcon_pkg']
[0.212s] Level 1:colcon.colcon_core.package_identification:_identify(src/dh_gripper_driver) by extension 'colcon_pkg'
[0.212s] Level 1:colcon.colcon_core.package_identification:_identify(src/dh_gripper_driver) by extensions ['colcon_meta']
[0.212s] Level 1:colcon.colcon_core.package_identification:_identify(src/dh_gripper_driver) by extension 'colcon_meta'
[0.212s] Level 1:colcon.colcon_core.package_identification:_identify(src/dh_gripper_driver) by extensions ['ros']
[0.212s] Level 1:colcon.colcon_core.package_identification:_identify(src/dh_gripper_driver) by extension 'ros'
[0.213s] DEBUG:colcon.colcon_core.package_identification:Package 'src/dh_gripper_driver' with type 'ros.ament_python' and name 'dh_gripper_driver'
[0.213s] Level 1:colcon.colcon_core.package_identification:_identify(src/dh_gripper_msgs) by extensions ['ignore', 'ignore_ament_install']
[0.213s] Level 1:colcon.colcon_core.package_identification:_identify(src/dh_gripper_msgs) by extension 'ignore'
[0.213s] Level 1:colcon.colcon_core.package_identification:_identify(src/dh_gripper_msgs) by extension 'ignore_ament_install'
[0.213s] Level 1:colcon.colcon_core.package_identification:_identify(src/dh_gripper_msgs) by extensions ['colcon_pkg']
[0.213s] Level 1:colcon.colcon_core.package_identification:_identify(src/dh_gripper_msgs) by extension 'colcon_pkg'
[0.213s] Level 1:colcon.colcon_core.package_identification:_identify(src/dh_gripper_msgs) by extensions ['colcon_meta']
[0.213s] Level 1:colcon.colcon_core.package_identification:_identify(src/dh_gripper_msgs) by extension 'colcon_meta'
[0.213s] Level 1:colcon.colcon_core.package_identification:_identify(src/dh_gripper_msgs) by extensions ['ros']
[0.213s] Level 1:colcon.colcon_core.package_identification:_identify(src/dh_gripper_msgs) by extension 'ros'
[0.213s] DEBUG:colcon.colcon_core.package_identification:Package 'src/dh_gripper_msgs' with type 'ros.ament_cmake' and name 'dh_gripper_msgs'
[0.214s] Level 1:colcon.colcon_core.package_identification:_identify(src/rm_arm_examples) by extensions ['ignore', 'ignore_ament_install']
[0.214s] Level 1:colcon.colcon_core.package_identification:_identify(src/rm_arm_examples) by extension 'ignore'
[0.214s] Level 1:colcon.colcon_core.package_identification:_identify(src/rm_arm_examples) by extension 'ignore_ament_install'
[0.214s] Level 1:colcon.colcon_core.package_identification:_identify(src/rm_arm_examples) by extensions ['colcon_pkg']
[0.214s] Level 1:colcon.colcon_core.package_identification:_identify(src/rm_arm_examples) by extension 'colcon_pkg'
[0.214s] Level 1:colcon.colcon_core.package_identification:_identify(src/rm_arm_examples) by extensions ['colcon_meta']
[0.214s] Level 1:colcon.colcon_core.package_identification:_identify(src/rm_arm_examples) by extension 'colcon_meta'
[0.214s] Level 1:colcon.colcon_core.package_identification:_identify(src/rm_arm_examples) by extensions ['ros']
[0.214s] Level 1:colcon.colcon_core.package_identification:_identify(src/rm_arm_examples) by extension 'ros'
[0.214s] Level 1:colcon.colcon_core.package_identification:_identify(src/rm_arm_examples) by extensions ['cmake', 'python']
[0.214s] Level 1:colcon.colcon_core.package_identification:_identify(src/rm_arm_examples) by extension 'cmake'
[0.214s] Level 1:colcon.colcon_core.package_identification:_identify(src/rm_arm_examples) by extension 'python'
[0.214s] Level 1:colcon.colcon_core.package_identification:_identify(src/rm_arm_examples) by extensions ['python_setup_py']
[0.214s] Level 1:colcon.colcon_core.package_identification:_identify(src/rm_arm_examples) by extension 'python_setup_py'
[0.214s] Level 1:colcon.colcon_core.package_identification:_identify(src/rm_arm_examples/control_arm_move) by extensions ['ignore', 'ignore_ament_install']
[0.214s] Level 1:colcon.colcon_core.package_identification:_identify(src/rm_arm_examples/control_arm_move) by extension 'ignore'
[0.214s] Level 1:colcon.colcon_core.package_identification:_identify(src/rm_arm_examples/control_arm_move) by extension 'ignore_ament_install'
[0.214s] Level 1:colcon.colcon_core.package_identification:_identify(src/rm_arm_examples/control_arm_move) by extensions ['colcon_pkg']
[0.214s] Level 1:colcon.colcon_core.package_identification:_identify(src/rm_arm_examples/control_arm_move) by extension 'colcon_pkg'
[0.214s] Level 1:colcon.colcon_core.package_identification:_identify(src/rm_arm_examples/control_arm_move) by extensions ['colcon_meta']
[0.214s] Level 1:colcon.colcon_core.package_identification:_identify(src/rm_arm_examples/control_arm_move) by extension 'colcon_meta'
[0.214s] Level 1:colcon.colcon_core.package_identification:_identify(src/rm_arm_examples/control_arm_move) by extensions ['ros']
[0.214s] Level 1:colcon.colcon_core.package_identification:_identify(src/rm_arm_examples/control_arm_move) by extension 'ros'
[0.215s] DEBUG:colcon.colcon_core.package_identification:Package 'src/rm_arm_examples/control_arm_move' with type 'ros.ament_cmake' and name 'control_arm_move'
[0.215s] Level 1:colcon.colcon_core.package_identification:_identify(src/rm_arm_examples/force_position_control) by extensions ['ignore', 'ignore_ament_install']
[0.215s] Level 1:colcon.colcon_core.package_identification:_identify(src/rm_arm_examples/force_position_control) by extension 'ignore'
[0.215s] Level 1:colcon.colcon_core.package_identification:_identify(src/rm_arm_examples/force_position_control) by extension 'ignore_ament_install'
[0.215s] Level 1:colcon.colcon_core.package_identification:_identify(src/rm_arm_examples/force_position_control) by extensions ['colcon_pkg']
[0.215s] Level 1:colcon.colcon_core.package_identification:_identify(src/rm_arm_examples/force_position_control) by extension 'colcon_pkg'
[0.215s] Level 1:colcon.colcon_core.package_identification:_identify(src/rm_arm_examples/force_position_control) by extensions ['colcon_meta']
[0.215s] Level 1:colcon.colcon_core.package_identification:_identify(src/rm_arm_examples/force_position_control) by extension 'colcon_meta'
[0.215s] Level 1:colcon.colcon_core.package_identification:_identify(src/rm_arm_examples/force_position_control) by extensions ['ros']
[0.215s] Level 1:colcon.colcon_core.package_identification:_identify(src/rm_arm_examples/force_position_control) by extension 'ros'
[0.215s] DEBUG:colcon.colcon_core.package_identification:Package 'src/rm_arm_examples/force_position_control' with type 'ros.ament_cmake' and name 'force_position_control'
[0.215s] Level 1:colcon.colcon_core.package_identification:_identify(src/rm_arm_examples/get_arm_state) by extensions ['ignore', 'ignore_ament_install']
[0.215s] Level 1:colcon.colcon_core.package_identification:_identify(src/rm_arm_examples/get_arm_state) by extension 'ignore'
[0.215s] Level 1:colcon.colcon_core.package_identification:_identify(src/rm_arm_examples/get_arm_state) by extension 'ignore_ament_install'
[0.215s] Level 1:colcon.colcon_core.package_identification:_identify(src/rm_arm_examples/get_arm_state) by extensions ['colcon_pkg']
[0.215s] Level 1:colcon.colcon_core.package_identification:_identify(src/rm_arm_examples/get_arm_state) by extension 'colcon_pkg'
[0.215s] Level 1:colcon.colcon_core.package_identification:_identify(src/rm_arm_examples/get_arm_state) by extensions ['colcon_meta']
[0.215s] Level 1:colcon.colcon_core.package_identification:_identify(src/rm_arm_examples/get_arm_state) by extension 'colcon_meta'
[0.215s] Level 1:colcon.colcon_core.package_identification:_identify(src/rm_arm_examples/get_arm_state) by extensions ['ros']
[0.216s] Level 1:colcon.colcon_core.package_identification:_identify(src/rm_arm_examples/get_arm_state) by extension 'ros'
[0.216s] DEBUG:colcon.colcon_core.package_identification:Package 'src/rm_arm_examples/get_arm_state' with type 'ros.ament_cmake' and name 'get_arm_state'
[0.216s] Level 1:colcon.colcon_core.package_identification:_identify(src/rm_bringup) by extensions ['ignore', 'ignore_ament_install']
[0.216s] Level 1:colcon.colcon_core.package_identification:_identify(src/rm_bringup) by extension 'ignore'
[0.216s] Level 1:colcon.colcon_core.package_identification:_identify(src/rm_bringup) by extension 'ignore_ament_install'
[0.216s] Level 1:colcon.colcon_core.package_identification:_identify(src/rm_bringup) by extensions ['colcon_pkg']
[0.216s] Level 1:colcon.colcon_core.package_identification:_identify(src/rm_bringup) by extension 'colcon_pkg'
[0.216s] Level 1:colcon.colcon_core.package_identification:_identify(src/rm_bringup) by extensions ['colcon_meta']
[0.216s] Level 1:colcon.colcon_core.package_identification:_identify(src/rm_bringup) by extension 'colcon_meta'
[0.216s] Level 1:colcon.colcon_core.package_identification:_identify(src/rm_bringup) by extensions ['ros']
[0.216s] Level 1:colcon.colcon_core.package_identification:_identify(src/rm_bringup) by extension 'ros'
[0.216s] DEBUG:colcon.colcon_core.package_identification:Package 'src/rm_bringup' with type 'ros.ament_cmake' and name 'rm_bringup'
[0.217s] Level 1:colcon.colcon_core.package_identification:_identify(src/rm_control) by extensions ['ignore', 'ignore_ament_install']
[0.217s] Level 1:colcon.colcon_core.package_identification:_identify(src/rm_control) by extension 'ignore'
[0.217s] Level 1:colcon.colcon_core.package_identification:_identify(src/rm_control) by extension 'ignore_ament_install'
[0.217s] Level 1:colcon.colcon_core.package_identification:_identify(src/rm_control) by extensions ['colcon_pkg']
[0.217s] Level 1:colcon.colcon_core.package_identification:_identify(src/rm_control) by extension 'colcon_pkg'
[0.217s] Level 1:colcon.colcon_core.package_identification:_identify(src/rm_control) by extensions ['colcon_meta']
[0.217s] Level 1:colcon.colcon_core.package_identification:_identify(src/rm_control) by extension 'colcon_meta'
[0.217s] Level 1:colcon.colcon_core.package_identification:_identify(src/rm_control) by extensions ['ros']
[0.217s] Level 1:colcon.colcon_core.package_identification:_identify(src/rm_control) by extension 'ros'
[0.217s] DEBUG:colcon.colcon_core.package_identification:Package 'src/rm_control' with type 'ros.ament_cmake' and name 'rm_control'
[0.217s] Level 1:colcon.colcon_core.package_identification:_identify(src/rm_description) by extensions ['ignore', 'ignore_ament_install']
[0.217s] Level 1:colcon.colcon_core.package_identification:_identify(src/rm_description) by extension 'ignore'
[0.217s] Level 1:colcon.colcon_core.package_identification:_identify(src/rm_description) by extension 'ignore_ament_install'
[0.217s] Level 1:colcon.colcon_core.package_identification:_identify(src/rm_description) by extensions ['colcon_pkg']
[0.217s] Level 1:colcon.colcon_core.package_identification:_identify(src/rm_description) by extension 'colcon_pkg'
[0.217s] Level 1:colcon.colcon_core.package_identification:_identify(src/rm_description) by extensions ['colcon_meta']
[0.217s] Level 1:colcon.colcon_core.package_identification:_identify(src/rm_description) by extension 'colcon_meta'
[0.217s] Level 1:colcon.colcon_core.package_identification:_identify(src/rm_description) by extensions ['ros']
[0.217s] Level 1:colcon.colcon_core.package_identification:_identify(src/rm_description) by extension 'ros'
[0.218s] DEBUG:colcon.colcon_core.package_identification:Package 'src/rm_description' with type 'ros.ament_cmake' and name 'rm_description'
[0.218s] Level 1:colcon.colcon_core.package_identification:_identify(src/rm_doc) by extensions ['ignore', 'ignore_ament_install']
[0.218s] Level 1:colcon.colcon_core.package_identification:_identify(src/rm_doc) by extension 'ignore'
[0.218s] Level 1:colcon.colcon_core.package_identification:_identify(src/rm_doc) by extension 'ignore_ament_install'
[0.218s] Level 1:colcon.colcon_core.package_identification:_identify(src/rm_doc) by extensions ['colcon_pkg']
[0.218s] Level 1:colcon.colcon_core.package_identification:_identify(src/rm_doc) by extension 'colcon_pkg'
[0.218s] Level 1:colcon.colcon_core.package_identification:_identify(src/rm_doc) by extensions ['colcon_meta']
[0.218s] Level 1:colcon.colcon_core.package_identification:_identify(src/rm_doc) by extension 'colcon_meta'
[0.218s] Level 1:colcon.colcon_core.package_identification:_identify(src/rm_doc) by extensions ['ros']
[0.218s] Level 1:colcon.colcon_core.package_identification:_identify(src/rm_doc) by extension 'ros'
[0.218s] DEBUG:colcon.colcon_core.package_identification:Package 'src/rm_doc' with type 'ros.ament_cmake' and name 'rm_doc'
[0.218s] Level 1:colcon.colcon_core.package_identification:_identify(src/rm_driver) by extensions ['ignore', 'ignore_ament_install']
[0.218s] Level 1:colcon.colcon_core.package_identification:_identify(src/rm_driver) by extension 'ignore'
[0.218s] Level 1:colcon.colcon_core.package_identification:_identify(src/rm_driver) by extension 'ignore_ament_install'
[0.219s] Level 1:colcon.colcon_core.package_identification:_identify(src/rm_driver) by extensions ['colcon_pkg']
[0.219s] Level 1:colcon.colcon_core.package_identification:_identify(src/rm_driver) by extension 'colcon_pkg'
[0.219s] Level 1:colcon.colcon_core.package_identification:_identify(src/rm_driver) by extensions ['colcon_meta']
[0.219s] Level 1:colcon.colcon_core.package_identification:_identify(src/rm_driver) by extension 'colcon_meta'
[0.219s] Level 1:colcon.colcon_core.package_identification:_identify(src/rm_driver) by extensions ['ros']
[0.219s] Level 1:colcon.colcon_core.package_identification:_identify(src/rm_driver) by extension 'ros'
[0.219s] DEBUG:colcon.colcon_core.package_identification:Package 'src/rm_driver' with type 'ros.ament_cmake' and name 'rm_driver'
[0.219s] Level 1:colcon.colcon_core.package_identification:_identify(src/rm_example) by extensions ['ignore', 'ignore_ament_install']
[0.219s] Level 1:colcon.colcon_core.package_identification:_identify(src/rm_example) by extension 'ignore'
[0.219s] Level 1:colcon.colcon_core.package_identification:_identify(src/rm_example) by extension 'ignore_ament_install'
[0.219s] Level 1:colcon.colcon_core.package_identification:_identify(src/rm_example) by extensions ['colcon_pkg']
[0.219s] Level 1:colcon.colcon_core.package_identification:_identify(src/rm_example) by extension 'colcon_pkg'
[0.219s] Level 1:colcon.colcon_core.package_identification:_identify(src/rm_example) by extensions ['colcon_meta']
[0.219s] Level 1:colcon.colcon_core.package_identification:_identify(src/rm_example) by extension 'colcon_meta'
[0.219s] Level 1:colcon.colcon_core.package_identification:_identify(src/rm_example) by extensions ['ros']
[0.219s] Level 1:colcon.colcon_core.package_identification:_identify(src/rm_example) by extension 'ros'
[0.220s] DEBUG:colcon.colcon_core.package_identification:Package 'src/rm_example' with type 'ros.ament_cmake' and name 'rm_example'
[0.220s] Level 1:colcon.colcon_core.package_identification:_identify(src/rm_gazebo) by extensions ['ignore', 'ignore_ament_install']
[0.220s] Level 1:colcon.colcon_core.package_identification:_identify(src/rm_gazebo) by extension 'ignore'
[0.220s] Level 1:colcon.colcon_core.package_identification:_identify(src/rm_gazebo) by extension 'ignore_ament_install'
[0.220s] Level 1:colcon.colcon_core.package_identification:_identify(src/rm_gazebo) by extensions ['colcon_pkg']
[0.220s] Level 1:colcon.colcon_core.package_identification:_identify(src/rm_gazebo) by extension 'colcon_pkg'
[0.220s] Level 1:colcon.colcon_core.package_identification:_identify(src/rm_gazebo) by extensions ['colcon_meta']
[0.220s] Level 1:colcon.colcon_core.package_identification:_identify(src/rm_gazebo) by extension 'colcon_meta'
[0.220s] Level 1:colcon.colcon_core.package_identification:_identify(src/rm_gazebo) by extensions ['ros']
[0.220s] Level 1:colcon.colcon_core.package_identification:_identify(src/rm_gazebo) by extension 'ros'
[0.220s] DEBUG:colcon.colcon_core.package_identification:Package 'src/rm_gazebo' with type 'ros.ament_cmake' and name 'rm_gazebo'
[0.221s] Level 1:colcon.colcon_core.package_identification:_identify(src/rm_install) by extensions ['ignore', 'ignore_ament_install']
[0.221s] Level 1:colcon.colcon_core.package_identification:_identify(src/rm_install) by extension 'ignore'
[0.221s] Level 1:colcon.colcon_core.package_identification:_identify(src/rm_install) by extension 'ignore_ament_install'
[0.221s] Level 1:colcon.colcon_core.package_identification:_identify(src/rm_install) by extensions ['colcon_pkg']
[0.221s] Level 1:colcon.colcon_core.package_identification:_identify(src/rm_install) by extension 'colcon_pkg'
[0.221s] Level 1:colcon.colcon_core.package_identification:_identify(src/rm_install) by extensions ['colcon_meta']
[0.221s] Level 1:colcon.colcon_core.package_identification:_identify(src/rm_install) by extension 'colcon_meta'
[0.221s] Level 1:colcon.colcon_core.package_identification:_identify(src/rm_install) by extensions ['ros']
[0.221s] Level 1:colcon.colcon_core.package_identification:_identify(src/rm_install) by extension 'ros'
[0.221s] DEBUG:colcon.colcon_core.package_identification:Package 'src/rm_install' with type 'ros.ament_cmake' and name 'rm_install'
[0.221s] Level 1:colcon.colcon_core.package_identification:_identify(src/rm_moveit2_config) by extensions ['ignore', 'ignore_ament_install']
[0.221s] Level 1:colcon.colcon_core.package_identification:_identify(src/rm_moveit2_config) by extension 'ignore'
[0.221s] Level 1:colcon.colcon_core.package_identification:_identify(src/rm_moveit2_config) by extension 'ignore_ament_install'
[0.221s] Level 1:colcon.colcon_core.package_identification:_identify(src/rm_moveit2_config) by extensions ['colcon_pkg']
[0.221s] Level 1:colcon.colcon_core.package_identification:_identify(src/rm_moveit2_config) by extension 'colcon_pkg'
[0.221s] Level 1:colcon.colcon_core.package_identification:_identify(src/rm_moveit2_config) by extensions ['colcon_meta']
[0.221s] Level 1:colcon.colcon_core.package_identification:_identify(src/rm_moveit2_config) by extension 'colcon_meta'
[0.221s] Level 1:colcon.colcon_core.package_identification:_identify(src/rm_moveit2_config) by extensions ['ros']
[0.221s] Level 1:colcon.colcon_core.package_identification:_identify(src/rm_moveit2_config) by extension 'ros'
[0.221s] Level 1:colcon.colcon_core.package_identification:_identify(src/rm_moveit2_config) by extensions ['cmake', 'python']
[0.221s] Level 1:colcon.colcon_core.package_identification:_identify(src/rm_moveit2_config) by extension 'cmake'
[0.221s] Level 1:colcon.colcon_core.package_identification:_identify(src/rm_moveit2_config) by extension 'python'
[0.221s] Level 1:colcon.colcon_core.package_identification:_identify(src/rm_moveit2_config) by extensions ['python_setup_py']
[0.221s] Level 1:colcon.colcon_core.package_identification:_identify(src/rm_moveit2_config) by extension 'python_setup_py'
[0.222s] Level 1:colcon.colcon_core.package_identification:_identify(src/rm_moveit2_config/doc) by extensions ['ignore', 'ignore_ament_install']
[0.222s] Level 1:colcon.colcon_core.package_identification:_identify(src/rm_moveit2_config/doc) by extension 'ignore'
[0.222s] Level 1:colcon.colcon_core.package_identification:_identify(src/rm_moveit2_config/doc) by extension 'ignore_ament_install'
[0.222s] Level 1:colcon.colcon_core.package_identification:_identify(src/rm_moveit2_config/doc) by extensions ['colcon_pkg']
[0.222s] Level 1:colcon.colcon_core.package_identification:_identify(src/rm_moveit2_config/doc) by extension 'colcon_pkg'
[0.222s] Level 1:colcon.colcon_core.package_identification:_identify(src/rm_moveit2_config/doc) by extensions ['colcon_meta']
[0.222s] Level 1:colcon.colcon_core.package_identification:_identify(src/rm_moveit2_config/doc) by extension 'colcon_meta'
[0.222s] Level 1:colcon.colcon_core.package_identification:_identify(src/rm_moveit2_config/doc) by extensions ['ros']
[0.222s] Level 1:colcon.colcon_core.package_identification:_identify(src/rm_moveit2_config/doc) by extension 'ros'
[0.222s] Level 1:colcon.colcon_core.package_identification:_identify(src/rm_moveit2_config/doc) by extensions ['cmake', 'python']
[0.222s] Level 1:colcon.colcon_core.package_identification:_identify(src/rm_moveit2_config/doc) by extension 'cmake'
[0.222s] Level 1:colcon.colcon_core.package_identification:_identify(src/rm_moveit2_config/doc) by extension 'python'
[0.222s] Level 1:colcon.colcon_core.package_identification:_identify(src/rm_moveit2_config/doc) by extensions ['python_setup_py']
[0.222s] Level 1:colcon.colcon_core.package_identification:_identify(src/rm_moveit2_config/doc) by extension 'python_setup_py'
[0.222s] Level 1:colcon.colcon_core.package_identification:_identify(src/rm_moveit2_config/rm_63_config) by extensions ['ignore', 'ignore_ament_install']
[0.222s] Level 1:colcon.colcon_core.package_identification:_identify(src/rm_moveit2_config/rm_63_config) by extension 'ignore'
[0.222s] Level 1:colcon.colcon_core.package_identification:_identify(src/rm_moveit2_config/rm_63_config) by extension 'ignore_ament_install'
[0.222s] Level 1:colcon.colcon_core.package_identification:_identify(src/rm_moveit2_config/rm_63_config) by extensions ['colcon_pkg']
[0.222s] Level 1:colcon.colcon_core.package_identification:_identify(src/rm_moveit2_config/rm_63_config) by extension 'colcon_pkg'
[0.222s] Level 1:colcon.colcon_core.package_identification:_identify(src/rm_moveit2_config/rm_63_config) by extensions ['colcon_meta']
[0.222s] Level 1:colcon.colcon_core.package_identification:_identify(src/rm_moveit2_config/rm_63_config) by extension 'colcon_meta'
[0.222s] Level 1:colcon.colcon_core.package_identification:_identify(src/rm_moveit2_config/rm_63_config) by extensions ['ros']
[0.222s] Level 1:colcon.colcon_core.package_identification:_identify(src/rm_moveit2_config/rm_63_config) by extension 'ros'
[0.223s] DEBUG:colcon.colcon_core.package_identification:Package 'src/rm_moveit2_config/rm_63_config' with type 'ros.ament_cmake' and name 'rm_63_config'
[0.223s] Level 1:colcon.colcon_core.package_identification:_identify(src/rm_moveit2_config/rm_65_config) by extensions ['ignore', 'ignore_ament_install']
[0.223s] Level 1:colcon.colcon_core.package_identification:_identify(src/rm_moveit2_config/rm_65_config) by extension 'ignore'
[0.223s] Level 1:colcon.colcon_core.package_identification:_identify(src/rm_moveit2_config/rm_65_config) by extension 'ignore_ament_install'
[0.223s] Level 1:colcon.colcon_core.package_identification:_identify(src/rm_moveit2_config/rm_65_config) by extensions ['colcon_pkg']
[0.223s] Level 1:colcon.colcon_core.package_identification:_identify(src/rm_moveit2_config/rm_65_config) by extension 'colcon_pkg'
[0.223s] Level 1:colcon.colcon_core.package_identification:_identify(src/rm_moveit2_config/rm_65_config) by extensions ['colcon_meta']
[0.223s] Level 1:colcon.colcon_core.package_identification:_identify(src/rm_moveit2_config/rm_65_config) by extension 'colcon_meta'
[0.223s] Level 1:colcon.colcon_core.package_identification:_identify(src/rm_moveit2_config/rm_65_config) by extensions ['ros']
[0.223s] Level 1:colcon.colcon_core.package_identification:_identify(src/rm_moveit2_config/rm_65_config) by extension 'ros'
[0.223s] DEBUG:colcon.colcon_core.package_identification:Package 'src/rm_moveit2_config/rm_65_config' with type 'ros.ament_cmake' and name 'rm_65_config'
[0.223s] Level 1:colcon.colcon_core.package_identification:_identify(src/rm_moveit2_config/rm_75_config) by extensions ['ignore', 'ignore_ament_install']
[0.224s] Level 1:colcon.colcon_core.package_identification:_identify(src/rm_moveit2_config/rm_75_config) by extension 'ignore'
[0.224s] Level 1:colcon.colcon_core.package_identification:_identify(src/rm_moveit2_config/rm_75_config) by extension 'ignore_ament_install'
[0.224s] Level 1:colcon.colcon_core.package_identification:_identify(src/rm_moveit2_config/rm_75_config) by extensions ['colcon_pkg']
[0.224s] Level 1:colcon.colcon_core.package_identification:_identify(src/rm_moveit2_config/rm_75_config) by extension 'colcon_pkg'
[0.224s] Level 1:colcon.colcon_core.package_identification:_identify(src/rm_moveit2_config/rm_75_config) by extensions ['colcon_meta']
[0.224s] Level 1:colcon.colcon_core.package_identification:_identify(src/rm_moveit2_config/rm_75_config) by extension 'colcon_meta'
[0.224s] Level 1:colcon.colcon_core.package_identification:_identify(src/rm_moveit2_config/rm_75_config) by extensions ['ros']
[0.224s] Level 1:colcon.colcon_core.package_identification:_identify(src/rm_moveit2_config/rm_75_config) by extension 'ros'
[0.224s] DEBUG:colcon.colcon_core.package_identification:Package 'src/rm_moveit2_config/rm_75_config' with type 'ros.ament_cmake' and name 'rm_75_config'
[0.224s] Level 1:colcon.colcon_core.package_identification:_identify(src/rm_moveit2_config/rm_eco63_config) by extensions ['ignore', 'ignore_ament_install']
[0.224s] Level 1:colcon.colcon_core.package_identification:_identify(src/rm_moveit2_config/rm_eco63_config) by extension 'ignore'
[0.224s] Level 1:colcon.colcon_core.package_identification:_identify(src/rm_moveit2_config/rm_eco63_config) by extension 'ignore_ament_install'
[0.224s] Level 1:colcon.colcon_core.package_identification:_identify(src/rm_moveit2_config/rm_eco63_config) by extensions ['colcon_pkg']
[0.224s] Level 1:colcon.colcon_core.package_identification:_identify(src/rm_moveit2_config/rm_eco63_config) by extension 'colcon_pkg'
[0.224s] Level 1:colcon.colcon_core.package_identification:_identify(src/rm_moveit2_config/rm_eco63_config) by extensions ['colcon_meta']
[0.224s] Level 1:colcon.colcon_core.package_identification:_identify(src/rm_moveit2_config/rm_eco63_config) by extension 'colcon_meta'
[0.225s] Level 1:colcon.colcon_core.package_identification:_identify(src/rm_moveit2_config/rm_eco63_config) by extensions ['ros']
[0.225s] Level 1:colcon.colcon_core.package_identification:_identify(src/rm_moveit2_config/rm_eco63_config) by extension 'ros'
[0.225s] DEBUG:colcon.colcon_core.package_identification:Package 'src/rm_moveit2_config/rm_eco63_config' with type 'ros.ament_cmake' and name 'rm_eco63_config'
[0.225s] Level 1:colcon.colcon_core.package_identification:_identify(src/rm_moveit2_config/rm_eco65_config) by extensions ['ignore', 'ignore_ament_install']
[0.225s] Level 1:colcon.colcon_core.package_identification:_identify(src/rm_moveit2_config/rm_eco65_config) by extension 'ignore'
[0.225s] Level 1:colcon.colcon_core.package_identification:_identify(src/rm_moveit2_config/rm_eco65_config) by extension 'ignore_ament_install'
[0.225s] Level 1:colcon.colcon_core.package_identification:_identify(src/rm_moveit2_config/rm_eco65_config) by extensions ['colcon_pkg']
[0.225s] Level 1:colcon.colcon_core.package_identification:_identify(src/rm_moveit2_config/rm_eco65_config) by extension 'colcon_pkg'
[0.225s] Level 1:colcon.colcon_core.package_identification:_identify(src/rm_moveit2_config/rm_eco65_config) by extensions ['colcon_meta']
[0.225s] Level 1:colcon.colcon_core.package_identification:_identify(src/rm_moveit2_config/rm_eco65_config) by extension 'colcon_meta'
[0.225s] Level 1:colcon.colcon_core.package_identification:_identify(src/rm_moveit2_config/rm_eco65_config) by extensions ['ros']
[0.225s] Level 1:colcon.colcon_core.package_identification:_identify(src/rm_moveit2_config/rm_eco65_config) by extension 'ros'
[0.226s] DEBUG:colcon.colcon_core.package_identification:Package 'src/rm_moveit2_config/rm_eco65_config' with type 'ros.ament_cmake' and name 'rm_eco65_config'
[0.226s] Level 1:colcon.colcon_core.package_identification:_identify(src/rm_moveit2_config/rm_gen72_config) by extensions ['ignore', 'ignore_ament_install']
[0.226s] Level 1:colcon.colcon_core.package_identification:_identify(src/rm_moveit2_config/rm_gen72_config) by extension 'ignore'
[0.226s] Level 1:colcon.colcon_core.package_identification:_identify(src/rm_moveit2_config/rm_gen72_config) by extension 'ignore_ament_install'
[0.226s] Level 1:colcon.colcon_core.package_identification:_identify(src/rm_moveit2_config/rm_gen72_config) by extensions ['colcon_pkg']
[0.226s] Level 1:colcon.colcon_core.package_identification:_identify(src/rm_moveit2_config/rm_gen72_config) by extension 'colcon_pkg'
[0.226s] Level 1:colcon.colcon_core.package_identification:_identify(src/rm_moveit2_config/rm_gen72_config) by extensions ['colcon_meta']
[0.226s] Level 1:colcon.colcon_core.package_identification:_identify(src/rm_moveit2_config/rm_gen72_config) by extension 'colcon_meta'
[0.226s] Level 1:colcon.colcon_core.package_identification:_identify(src/rm_moveit2_config/rm_gen72_config) by extensions ['ros']
[0.226s] Level 1:colcon.colcon_core.package_identification:_identify(src/rm_moveit2_config/rm_gen72_config) by extension 'ros'
[0.227s] DEBUG:colcon.colcon_core.package_identification:Package 'src/rm_moveit2_config/rm_gen72_config' with type 'ros.ament_cmake' and name 'rm_gen72_config'
[0.227s] Level 1:colcon.colcon_core.package_identification:_identify(src/rm_ros_interfaces) by extensions ['ignore', 'ignore_ament_install']
[0.227s] Level 1:colcon.colcon_core.package_identification:_identify(src/rm_ros_interfaces) by extension 'ignore'
[0.227s] Level 1:colcon.colcon_core.package_identification:_identify(src/rm_ros_interfaces) by extension 'ignore_ament_install'
[0.227s] Level 1:colcon.colcon_core.package_identification:_identify(src/rm_ros_interfaces) by extensions ['colcon_pkg']
[0.227s] Level 1:colcon.colcon_core.package_identification:_identify(src/rm_ros_interfaces) by extension 'colcon_pkg'
[0.227s] Level 1:colcon.colcon_core.package_identification:_identify(src/rm_ros_interfaces) by extensions ['colcon_meta']
[0.227s] Level 1:colcon.colcon_core.package_identification:_identify(src/rm_ros_interfaces) by extension 'colcon_meta'
[0.227s] Level 1:colcon.colcon_core.package_identification:_identify(src/rm_ros_interfaces) by extensions ['ros']
[0.227s] Level 1:colcon.colcon_core.package_identification:_identify(src/rm_ros_interfaces) by extension 'ros'
[0.227s] DEBUG:colcon.colcon_core.package_identification:Package 'src/rm_ros_interfaces' with type 'ros.ament_cmake' and name 'rm_ros_interfaces'
[0.227s] Level 1:colcon.colcon_core.package_discovery:discover_packages(recursive) using defaults
[0.227s] Level 1:colcon.colcon_core.package_discovery:discover_packages(ignore) discover
[0.227s] Level 1:colcon.colcon_core.package_discovery:discover_packages(ignore) using defaults
[0.227s] Level 1:colcon.colcon_core.package_discovery:discover_packages(path) discover
[0.227s] Level 1:colcon.colcon_core.package_discovery:discover_packages(path) using defaults
[0.244s] INFO:colcon.colcon_core.package_selection:Skipping not selected package 'dh_gripper_msgs' in 'src/dh_gripper_msgs'
[0.244s] INFO:colcon.colcon_core.package_selection:Skipping not selected package 'rm_65_config' in 'src/rm_moveit2_config/rm_65_config'
[0.244s] INFO:colcon.colcon_core.package_selection:Skipping not selected package 'rm_bringup' in 'src/rm_bringup'
[0.244s] INFO:colcon.colcon_core.package_selection:Skipping not selected package 'rm_description' in 'src/rm_description'
[0.244s] INFO:colcon.colcon_core.package_selection:Skipping not selected package 'rm_doc' in 'src/rm_doc'
[0.244s] INFO:colcon.colcon_core.package_selection:Skipping not selected package 'rm_gazebo' in 'src/rm_gazebo'
[0.244s] INFO:colcon.colcon_core.package_selection:Skipping not selected package 'rm_install' in 'src/rm_install'
[0.244s] INFO:colcon.colcon_core.package_selection:Skipping not selected package 'rm_ros_interfaces' in 'src/rm_ros_interfaces'
[0.244s] INFO:colcon.colcon_core.package_selection:Skipping not selected package 'control_arm_move' in 'src/rm_arm_examples/control_arm_move'
[0.244s] INFO:colcon.colcon_core.package_selection:Skipping not selected package 'dh_gripper_driver' in 'src/dh_gripper_driver'
[0.244s] INFO:colcon.colcon_core.package_selection:Skipping not selected package 'force_position_control' in 'src/rm_arm_examples/force_position_control'
[0.244s] INFO:colcon.colcon_core.package_selection:Skipping not selected package 'get_arm_state' in 'src/rm_arm_examples/get_arm_state'
[0.244s] INFO:colcon.colcon_core.package_selection:Skipping not selected package 'rm_63_config' in 'src/rm_moveit2_config/rm_63_config'
[0.244s] INFO:colcon.colcon_core.package_selection:Skipping not selected package 'rm_75_config' in 'src/rm_moveit2_config/rm_75_config'
[0.244s] INFO:colcon.colcon_core.package_selection:Skipping not selected package 'rm_control' in 'src/rm_control'
[0.244s] INFO:colcon.colcon_core.package_selection:Skipping not selected package 'rm_driver' in 'src/rm_driver'
[0.244s] INFO:colcon.colcon_core.package_selection:Skipping not selected package 'rm_eco63_config' in 'src/rm_moveit2_config/rm_eco63_config'
[0.244s] INFO:colcon.colcon_core.package_selection:Skipping not selected package 'rm_eco65_config' in 'src/rm_moveit2_config/rm_eco65_config'
[0.244s] INFO:colcon.colcon_core.package_selection:Skipping not selected package 'rm_example' in 'src/rm_example'
[0.244s] INFO:colcon.colcon_core.package_selection:Skipping not selected package 'rm_gen72_config' in 'src/rm_moveit2_config/rm_gen72_config'
[0.244s] Level 1:colcon.colcon_core.package_discovery:discover_packages(prefix_path) check parameters
[0.244s] Level 1:colcon.colcon_core.package_discovery:discover_packages(prefix_path) discover
[0.247s] DEBUG:colcon.colcon_installed_package_information.package_discovery:Found 21 installed packages in /home/jim/rm_dh_ws/install
[0.248s] DEBUG:colcon.colcon_installed_package_information.package_discovery:Found 55 installed packages in /home/jim/ws_moveit2/install
[0.248s] DEBUG:colcon.colcon_installed_package_information.package_discovery:Found 1 installed packages in /home/jim/tactile_ws/install
[0.249s] DEBUG:colcon.colcon_installed_package_information.package_discovery:Found 475 installed packages in /opt/ros/humble
[0.251s] Level 1:colcon.colcon_core.package_discovery:discover_packages(prefix_path) using defaults
[0.285s] Level 5:colcon.colcon_core.verb:set package 'dh_gripper_description' build argument 'cmake_args' from command line to 'None'
[0.285s] Level 5:colcon.colcon_core.verb:set package 'dh_gripper_description' build argument 'cmake_target' from command line to 'None'
[0.285s] Level 5:colcon.colcon_core.verb:set package 'dh_gripper_description' build argument 'cmake_target_skip_unavailable' from command line to 'False'
[0.285s] Level 5:colcon.colcon_core.verb:set package 'dh_gripper_description' build argument 'cmake_clean_cache' from command line to 'False'
[0.285s] Level 5:colcon.colcon_core.verb:set package 'dh_gripper_description' build argument 'cmake_clean_first' from command line to 'False'
[0.285s] Level 5:colcon.colcon_core.verb:set package 'dh_gripper_description' build argument 'cmake_force_configure' from command line to 'False'
[0.285s] Level 5:colcon.colcon_core.verb:set package 'dh_gripper_description' build argument 'ament_cmake_args' from command line to 'None'
[0.285s] Level 5:colcon.colcon_core.verb:set package 'dh_gripper_description' build argument 'catkin_cmake_args' from command line to 'None'
[0.285s] Level 5:colcon.colcon_core.verb:set package 'dh_gripper_description' build argument 'catkin_skip_building_tests' from command line to 'False'
[0.285s] DEBUG:colcon.colcon_core.verb:Building package 'dh_gripper_description' with the following arguments: {'ament_cmake_args': None, 'build_base': '/home/jim/rm_dh_ws/build/dh_gripper_description', 'catkin_cmake_args': None, 'catkin_skip_building_tests': False, 'cmake_args': None, 'cmake_clean_cache': False, 'cmake_clean_first': False, 'cmake_force_configure': False, 'cmake_target': None, 'cmake_target_skip_unavailable': False, 'install_base': '/home/jim/rm_dh_ws/install/dh_gripper_description', 'merge_install': False, 'path': '/home/jim/rm_dh_ws/src/dh_gripper_description', 'symlink_install': False, 'test_result_base': None}
[0.285s] INFO:colcon.colcon_core.executor:Executing jobs using 'parallel' executor
[0.286s] DEBUG:colcon.colcon_parallel_executor.executor.parallel:run_until_complete
[0.286s] INFO:colcon.colcon_ros.task.ament_cmake.build:Building ROS package in '/home/jim/rm_dh_ws/src/dh_gripper_description' with build type 'ament_cmake'
[0.286s] INFO:colcon.colcon_cmake.task.cmake.build:Building CMake package in '/home/jim/rm_dh_ws/src/dh_gripper_description'
[0.288s] INFO:colcon.colcon_core.plugin_system:Skipping extension 'colcon_core.shell.bat': Not used on non-Windows systems
[0.288s] INFO:colcon.colcon_core.shell:Skip shell extension 'powershell' for command environment: Not usable outside of PowerShell
[0.288s] DEBUG:colcon.colcon_core.shell:Skip shell extension 'dsv' for command environment
[0.308s] DEBUG:colcon.colcon_core.event_handler.log_command:Invoking command in '/home/jim/rm_dh_ws/build/dh_gripper_description': AMENT_PREFIX_PATH=/home/jim/rm_dh_ws/install/dh_gripper_driver:/home/jim/rm_dh_ws/install/rm_example:/home/jim/rm_dh_ws/install/rm_driver:/home/jim/rm_dh_ws/install/rm_control:/home/jim/rm_dh_ws/install/get_arm_state:/home/jim/rm_dh_ws/install/force_position_control:/home/jim/rm_dh_ws/install/control_arm_move:/home/jim/rm_dh_ws/install/rm_ros_interfaces:/home/jim/rm_dh_ws/install/rm_install:/home/jim/rm_dh_ws/install/rm_gen72_config:/home/jim/rm_dh_ws/install/rm_gazebo:/home/jim/rm_dh_ws/install/rm_eco65_config:/home/jim/rm_dh_ws/install/rm_eco63_config:/home/jim/rm_dh_ws/install/rm_doc:/home/jim/rm_dh_ws/install/rm_75_config:/home/jim/rm_dh_ws/install/rm_63_config:/home/jim/rm_dh_ws/install/rm_description:/home/jim/rm_dh_ws/install/rm_bringup:/home/jim/rm_dh_ws/install/rm_65_config:/home/jim/rm_dh_ws/install/dh_gripper_description:/home/jim/rm_dh_ws/install/dh_gripper_msgs:/home/jim/ws_moveit2/install/pilz_industrial_motion_planner_testutils:/home/jim/ws_moveit2/install/moveit_runtime:/home/jim/ws_moveit2/install/moveit2_tutorials:/home/jim/ws_moveit2/install/moveit:/home/jim/ws_moveit2/install/moveit_planners:/home/jim/ws_moveit2/install/pilz_industrial_motion_planner:/home/jim/ws_moveit2/install/moveit_visual_tools:/home/jim/ws_moveit2/install/moveit_task_constructor_visualization:/home/jim/ws_moveit2/install/moveit_task_constructor_demo:/home/jim/ws_moveit2/install/moveit_task_constructor_capabilities:/home/jim/ws_moveit2/install/moveit_task_constructor_core:/home/jim/ws_moveit2/install/moveit_ros_control_interface:/home/jim/ws_moveit2/install/moveit_plugins:/home/jim/ws_moveit2/install/moveit_simple_controller_manager:/home/jim/ws_moveit2/install/moveit_setup_assistant:/home/jim/ws_moveit2/install/moveit_setup_srdf_plugins:/home/jim/ws_moveit2/install/moveit_setup_core_plugins:/home/jim/ws_moveit2/install/moveit_setup_controllers:/home/jim/ws_moveit2/install/moveit_setup_app_plugins:/home/jim/ws_moveit2/install/moveit_setup_framework:/home/jim/ws_moveit2/install/moveit_servo:/home/jim/ws_moveit2/install/moveit_ros:/home/jim/ws_moveit2/install/moveit_ros_visualization:/home/jim/ws_moveit2/install/moveit_hybrid_planning:/home/jim/ws_moveit2/install/moveit_ros_planning_interface:/home/jim/ws_moveit2/install/moveit_ros_benchmarks:/home/jim/ws_moveit2/install/moveit_ros_warehouse:/home/jim/ws_moveit2/install/moveit_ros_robot_interaction:/home/jim/ws_moveit2/install/moveit_ros_perception:/home/jim/ws_moveit2/install/moveit_resources_prbt_pg70_support:/home/jim/ws_moveit2/install/moveit_resources_prbt_moveit_config:/home/jim/ws_moveit2/install/moveit_ros_move_group:/home/jim/ws_moveit2/install/moveit_planners_ompl:/home/jim/ws_moveit2/install/moveit_ros_planning:/home/jim/ws_moveit2/install/moveit_ros_occupancy_map_monitor:/home/jim/ws_moveit2/install/moveit_resources_prbt_ikfast_manipulator_plugin:/home/jim/ws_moveit2/install/moveit_planners_chomp:/home/jim/ws_moveit2/install/moveit_kinematics:/home/jim/ws_moveit2/install/moveit_chomp_optimizer_adapter:/home/jim/ws_moveit2/install/chomp_motion_planner:/home/jim/ws_moveit2/install/moveit_core:/home/jim/ws_moveit2/install/moveit_configs_utils:/home/jim/ws_moveit2/install/srdfdom:/home/jim/ws_moveit2/install/rviz_marker_tools:/home/jim/ws_moveit2/install/rosparam_shortcuts:/home/jim/ws_moveit2/install/moveit_task_constructor_msgs:/home/jim/ws_moveit2/install/moveit_resources_prbt_support:/home/jim/ws_moveit2/install/moveit_resources:/home/jim/ws_moveit2/install/moveit_resources_pr2_description:/home/jim/ws_moveit2/install/moveit_resources_panda_moveit_config:/home/jim/ws_moveit2/install/moveit_resources_panda_description:/home/jim/ws_moveit2/install/moveit_resources_fanuc_moveit_config:/home/jim/ws_moveit2/install/moveit_resources_fanuc_description:/home/jim/ws_moveit2/install/moveit_common:/home/jim/ws_moveit2/install/launch_param_builder:/home/jim/tactile_ws/install/tactile_sensor_ros2:/opt/ros/humble CMAKE_PREFIX_PATH=/home/jim/rm_dh_ws/install/dh_gripper_msgs:/home/jim/rm_dh_ws/install/rm_example:/home/jim/rm_dh_ws/install/rm_driver:/home/jim/rm_dh_ws/install/rm_control:/home/jim/rm_dh_ws/install/get_arm_state:/home/jim/rm_dh_ws/install/force_position_control:/home/jim/rm_dh_ws/install/control_arm_move:/home/jim/rm_dh_ws/install/rm_ros_interfaces:/home/jim/rm_dh_ws/install/rm_install:/home/jim/rm_dh_ws/install/rm_gen72_config:/home/jim/rm_dh_ws/install/rm_gazebo:/home/jim/rm_dh_ws/install/rm_eco65_config:/home/jim/rm_dh_ws/install/rm_eco63_config:/home/jim/rm_dh_ws/install/rm_doc:/home/jim/rm_dh_ws/install/rm_75_config:/home/jim/rm_dh_ws/install/rm_63_config:/home/jim/rm_dh_ws/install/rm_description:/home/jim/rm_dh_ws/install/rm_bringup:/home/jim/rm_dh_ws/install/rm_65_config:/home/jim/rm_dh_ws/install/dh_gripper_description:/home/jim/ws_moveit2/install/pilz_industrial_motion_planner_testutils:/home/jim/ws_moveit2/install/moveit_runtime:/home/jim/ws_moveit2/install/moveit2_tutorials:/home/jim/ws_moveit2/install/moveit:/home/jim/ws_moveit2/install/moveit_planners:/home/jim/ws_moveit2/install/pilz_industrial_motion_planner:/home/jim/ws_moveit2/install/moveit_visual_tools:/home/jim/ws_moveit2/install/moveit_task_constructor_visualization:/home/jim/ws_moveit2/install/moveit_task_constructor_demo:/home/jim/ws_moveit2/install/moveit_task_constructor_capabilities:/home/jim/ws_moveit2/install/moveit_task_constructor_core:/home/jim/ws_moveit2/install/moveit_ros_control_interface:/home/jim/ws_moveit2/install/moveit_plugins:/home/jim/ws_moveit2/install/moveit_simple_controller_manager:/home/jim/ws_moveit2/install/moveit_setup_assistant:/home/jim/ws_moveit2/install/moveit_setup_srdf_plugins:/home/jim/ws_moveit2/install/moveit_setup_core_plugins:/home/jim/ws_moveit2/install/moveit_setup_controllers:/home/jim/ws_moveit2/install/moveit_setup_app_plugins:/home/jim/ws_moveit2/install/moveit_setup_framework:/home/jim/ws_moveit2/install/moveit_servo:/home/jim/ws_moveit2/install/moveit_ros:/home/jim/ws_moveit2/install/moveit_ros_visualization:/home/jim/ws_moveit2/install/moveit_hybrid_planning:/home/jim/ws_moveit2/install/moveit_ros_planning_interface:/home/jim/ws_moveit2/install/moveit_ros_benchmarks:/home/jim/ws_moveit2/install/moveit_ros_warehouse:/home/jim/ws_moveit2/install/moveit_ros_robot_interaction:/home/jim/ws_moveit2/install/moveit_ros_perception:/home/jim/ws_moveit2/install/moveit_resources_prbt_pg70_support:/home/jim/ws_moveit2/install/moveit_resources_prbt_moveit_config:/home/jim/ws_moveit2/install/moveit_ros_move_group:/home/jim/ws_moveit2/install/moveit_planners_ompl:/home/jim/ws_moveit2/install/moveit_ros_planning:/home/jim/ws_moveit2/install/moveit_ros_occupancy_map_monitor:/home/jim/ws_moveit2/install/moveit_resources_prbt_ikfast_manipulator_plugin:/home/jim/ws_moveit2/install/moveit_planners_chomp:/home/jim/ws_moveit2/install/moveit_kinematics:/home/jim/ws_moveit2/install/moveit_chomp_optimizer_adapter:/home/jim/ws_moveit2/install/chomp_motion_planner:/home/jim/ws_moveit2/install/moveit_core:/home/jim/ws_moveit2/install/srdfdom:/home/jim/ws_moveit2/install/rviz_marker_tools:/home/jim/ws_moveit2/install/rosparam_shortcuts:/home/jim/ws_moveit2/install/moveit_task_constructor_msgs:/home/jim/ws_moveit2/install/moveit_resources_prbt_support:/home/jim/ws_moveit2/install/moveit_resources:/home/jim/ws_moveit2/install/moveit_resources_pr2_description:/home/jim/ws_moveit2/install/moveit_resources_panda_moveit_config:/home/jim/ws_moveit2/install/moveit_resources_panda_description:/home/jim/ws_moveit2/install/moveit_resources_fanuc_moveit_config:/home/jim/ws_moveit2/install/moveit_resources_fanuc_description:/home/jim/ws_moveit2/install/moveit_common:/home/jim/rm_dh_ws/install/dh_gripper_driver:/home/jim/ws_moveit2/install/moveit_configs_utils:/home/jim/ws_moveit2/install/launch_param_builder:/home/jim/tactile_ws/install/tactile_sensor_ros2:/opt/ros/humble LD_LIBRARY_PATH=/home/jim/rm_dh_ws/install/dh_gripper_msgs/lib:/home/jim/rm_dh_ws/install/rm_ros_interfaces/lib:/home/jim/ws_moveit2/install/pilz_industrial_motion_planner_testutils/lib:/home/jim/ws_moveit2/install/pilz_industrial_motion_planner/lib:/home/jim/ws_moveit2/install/moveit_visual_tools/lib:/home/jim/ws_moveit2/install/moveit_task_constructor_visualization/lib:/home/jim/ws_moveit2/install/moveit_task_constructor_demo/lib:/home/jim/ws_moveit2/install/moveit_task_constructor_capabilities/lib:/home/jim/ws_moveit2/install/moveit_task_constructor_core/lib:/home/jim/ws_moveit2/install/moveit_ros_control_interface/lib:/home/jim/ws_moveit2/install/moveit_simple_controller_manager/lib:/home/jim/ws_moveit2/install/moveit_setup_assistant/lib:/home/jim/ws_moveit2/install/moveit_setup_srdf_plugins/lib:/home/jim/ws_moveit2/install/moveit_setup_core_plugins/lib:/home/jim/ws_moveit2/install/moveit_setup_controllers/lib:/home/jim/ws_moveit2/install/moveit_setup_app_plugins/lib:/home/jim/ws_moveit2/install/moveit_setup_framework/lib:/home/jim/ws_moveit2/install/moveit_servo/lib:/home/jim/ws_moveit2/install/moveit_ros_visualization/lib:/home/jim/ws_moveit2/install/moveit_hybrid_planning/lib:/home/jim/ws_moveit2/install/moveit_ros_planning_interface/lib:/home/jim/ws_moveit2/install/moveit_ros_benchmarks/lib:/home/jim/ws_moveit2/install/moveit_ros_warehouse/lib:/home/jim/ws_moveit2/install/moveit_ros_robot_interaction/lib:/home/jim/ws_moveit2/install/moveit_ros_perception/lib:/home/jim/ws_moveit2/install/moveit_ros_move_group/lib:/home/jim/ws_moveit2/install/moveit_planners_ompl/lib:/home/jim/ws_moveit2/install/moveit_ros_planning/lib:/home/jim/ws_moveit2/install/moveit_ros_occupancy_map_monitor/lib:/home/jim/ws_moveit2/install/moveit_resources_prbt_ikfast_manipulator_plugin/lib:/home/jim/ws_moveit2/install/moveit_planners_chomp/lib:/home/jim/ws_moveit2/install/moveit_kinematics/lib:/home/jim/ws_moveit2/install/moveit_chomp_optimizer_adapter/lib:/home/jim/ws_moveit2/install/chomp_motion_planner/lib:/home/jim/ws_moveit2/install/moveit_core/lib:/home/jim/ws_moveit2/install/srdfdom/lib:/home/jim/ws_moveit2/install/rviz_marker_tools/lib:/home/jim/ws_moveit2/install/rosparam_shortcuts/lib:/home/jim/ws_moveit2/install/moveit_task_constructor_msgs/lib:/usr/lib/x86_64-linux-gnu/gazebo-11/plugins:/opt/ros/humble/opt/rviz_ogre_vendor/lib:/opt/ros/humble/lib/x86_64-linux-gnu:/opt/ros/humble/lib PYTHONPATH=/home/jim/rm_dh_ws/install/dh_gripper_driver/lib/python3.10/site-packages:/home/jim/rm_dh_ws/install/rm_ros_interfaces/local/lib/python3.10/dist-packages:/home/jim/rm_dh_ws/install/dh_gripper_msgs/local/lib/python3.10/dist-packages:/home/jim/ws_moveit2/install/moveit_task_constructor_core/local/lib/python3.10/dist-packages:/home/jim/ws_moveit2/install/moveit_configs_utils/lib/python3.10/site-packages:/home/jim/ws_moveit2/install/srdfdom/local/lib/python3.10/dist-packages:/home/jim/ws_moveit2/install/moveit_task_constructor_msgs/local/lib/python3.10/dist-packages:/home/jim/ws_moveit2/install/launch_param_builder/lib/python3.10/site-packages:/home/jim/tactile_ws/install/tactile_sensor_ros2/lib/python3.10/site-packages:/opt/ros/humble/lib/python3.10/site-packages:/opt/ros/humble/local/lib/python3.10/dist-packages /usr/bin/cmake --build /home/jim/rm_dh_ws/build/dh_gripper_description -- -j16 -l16
[0.374s] DEBUG:colcon.colcon_core.event_handler.log_command:Invoked command in '/home/jim/rm_dh_ws/build/dh_gripper_description' returned '0': AMENT_PREFIX_PATH=/home/jim/rm_dh_ws/install/dh_gripper_driver:/home/jim/rm_dh_ws/install/rm_example:/home/jim/rm_dh_ws/install/rm_driver:/home/jim/rm_dh_ws/install/rm_control:/home/jim/rm_dh_ws/install/get_arm_state:/home/jim/rm_dh_ws/install/force_position_control:/home/jim/rm_dh_ws/install/control_arm_move:/home/jim/rm_dh_ws/install/rm_ros_interfaces:/home/jim/rm_dh_ws/install/rm_install:/home/jim/rm_dh_ws/install/rm_gen72_config:/home/jim/rm_dh_ws/install/rm_gazebo:/home/jim/rm_dh_ws/install/rm_eco65_config:/home/jim/rm_dh_ws/install/rm_eco63_config:/home/jim/rm_dh_ws/install/rm_doc:/home/jim/rm_dh_ws/install/rm_75_config:/home/jim/rm_dh_ws/install/rm_63_config:/home/jim/rm_dh_ws/install/rm_description:/home/jim/rm_dh_ws/install/rm_bringup:/home/jim/rm_dh_ws/install/rm_65_config:/home/jim/rm_dh_ws/install/dh_gripper_description:/home/jim/rm_dh_ws/install/dh_gripper_msgs:/home/jim/ws_moveit2/install/pilz_industrial_motion_planner_testutils:/home/jim/ws_moveit2/install/moveit_runtime:/home/jim/ws_moveit2/install/moveit2_tutorials:/home/jim/ws_moveit2/install/moveit:/home/jim/ws_moveit2/install/moveit_planners:/home/jim/ws_moveit2/install/pilz_industrial_motion_planner:/home/jim/ws_moveit2/install/moveit_visual_tools:/home/jim/ws_moveit2/install/moveit_task_constructor_visualization:/home/jim/ws_moveit2/install/moveit_task_constructor_demo:/home/jim/ws_moveit2/install/moveit_task_constructor_capabilities:/home/jim/ws_moveit2/install/moveit_task_constructor_core:/home/jim/ws_moveit2/install/moveit_ros_control_interface:/home/jim/ws_moveit2/install/moveit_plugins:/home/jim/ws_moveit2/install/moveit_simple_controller_manager:/home/jim/ws_moveit2/install/moveit_setup_assistant:/home/jim/ws_moveit2/install/moveit_setup_srdf_plugins:/home/jim/ws_moveit2/install/moveit_setup_core_plugins:/home/jim/ws_moveit2/install/moveit_setup_controllers:/home/jim/ws_moveit2/install/moveit_setup_app_plugins:/home/jim/ws_moveit2/install/moveit_setup_framework:/home/jim/ws_moveit2/install/moveit_servo:/home/jim/ws_moveit2/install/moveit_ros:/home/jim/ws_moveit2/install/moveit_ros_visualization:/home/jim/ws_moveit2/install/moveit_hybrid_planning:/home/jim/ws_moveit2/install/moveit_ros_planning_interface:/home/jim/ws_moveit2/install/moveit_ros_benchmarks:/home/jim/ws_moveit2/install/moveit_ros_warehouse:/home/jim/ws_moveit2/install/moveit_ros_robot_interaction:/home/jim/ws_moveit2/install/moveit_ros_perception:/home/jim/ws_moveit2/install/moveit_resources_prbt_pg70_support:/home/jim/ws_moveit2/install/moveit_resources_prbt_moveit_config:/home/jim/ws_moveit2/install/moveit_ros_move_group:/home/jim/ws_moveit2/install/moveit_planners_ompl:/home/jim/ws_moveit2/install/moveit_ros_planning:/home/jim/ws_moveit2/install/moveit_ros_occupancy_map_monitor:/home/jim/ws_moveit2/install/moveit_resources_prbt_ikfast_manipulator_plugin:/home/jim/ws_moveit2/install/moveit_planners_chomp:/home/jim/ws_moveit2/install/moveit_kinematics:/home/jim/ws_moveit2/install/moveit_chomp_optimizer_adapter:/home/jim/ws_moveit2/install/chomp_motion_planner:/home/jim/ws_moveit2/install/moveit_core:/home/jim/ws_moveit2/install/moveit_configs_utils:/home/jim/ws_moveit2/install/srdfdom:/home/jim/ws_moveit2/install/rviz_marker_tools:/home/jim/ws_moveit2/install/rosparam_shortcuts:/home/jim/ws_moveit2/install/moveit_task_constructor_msgs:/home/jim/ws_moveit2/install/moveit_resources_prbt_support:/home/jim/ws_moveit2/install/moveit_resources:/home/jim/ws_moveit2/install/moveit_resources_pr2_description:/home/jim/ws_moveit2/install/moveit_resources_panda_moveit_config:/home/jim/ws_moveit2/install/moveit_resources_panda_description:/home/jim/ws_moveit2/install/moveit_resources_fanuc_moveit_config:/home/jim/ws_moveit2/install/moveit_resources_fanuc_description:/home/jim/ws_moveit2/install/moveit_common:/home/jim/ws_moveit2/install/launch_param_builder:/home/jim/tactile_ws/install/tactile_sensor_ros2:/opt/ros/humble CMAKE_PREFIX_PATH=/home/jim/rm_dh_ws/install/dh_gripper_msgs:/home/jim/rm_dh_ws/install/rm_example:/home/jim/rm_dh_ws/install/rm_driver:/home/jim/rm_dh_ws/install/rm_control:/home/jim/rm_dh_ws/install/get_arm_state:/home/jim/rm_dh_ws/install/force_position_control:/home/jim/rm_dh_ws/install/control_arm_move:/home/jim/rm_dh_ws/install/rm_ros_interfaces:/home/jim/rm_dh_ws/install/rm_install:/home/jim/rm_dh_ws/install/rm_gen72_config:/home/jim/rm_dh_ws/install/rm_gazebo:/home/jim/rm_dh_ws/install/rm_eco65_config:/home/jim/rm_dh_ws/install/rm_eco63_config:/home/jim/rm_dh_ws/install/rm_doc:/home/jim/rm_dh_ws/install/rm_75_config:/home/jim/rm_dh_ws/install/rm_63_config:/home/jim/rm_dh_ws/install/rm_description:/home/jim/rm_dh_ws/install/rm_bringup:/home/jim/rm_dh_ws/install/rm_65_config:/home/jim/rm_dh_ws/install/dh_gripper_description:/home/jim/ws_moveit2/install/pilz_industrial_motion_planner_testutils:/home/jim/ws_moveit2/install/moveit_runtime:/home/jim/ws_moveit2/install/moveit2_tutorials:/home/jim/ws_moveit2/install/moveit:/home/jim/ws_moveit2/install/moveit_planners:/home/jim/ws_moveit2/install/pilz_industrial_motion_planner:/home/jim/ws_moveit2/install/moveit_visual_tools:/home/jim/ws_moveit2/install/moveit_task_constructor_visualization:/home/jim/ws_moveit2/install/moveit_task_constructor_demo:/home/jim/ws_moveit2/install/moveit_task_constructor_capabilities:/home/jim/ws_moveit2/install/moveit_task_constructor_core:/home/jim/ws_moveit2/install/moveit_ros_control_interface:/home/jim/ws_moveit2/install/moveit_plugins:/home/jim/ws_moveit2/install/moveit_simple_controller_manager:/home/jim/ws_moveit2/install/moveit_setup_assistant:/home/jim/ws_moveit2/install/moveit_setup_srdf_plugins:/home/jim/ws_moveit2/install/moveit_setup_core_plugins:/home/jim/ws_moveit2/install/moveit_setup_controllers:/home/jim/ws_moveit2/install/moveit_setup_app_plugins:/home/jim/ws_moveit2/install/moveit_setup_framework:/home/jim/ws_moveit2/install/moveit_servo:/home/jim/ws_moveit2/install/moveit_ros:/home/jim/ws_moveit2/install/moveit_ros_visualization:/home/jim/ws_moveit2/install/moveit_hybrid_planning:/home/jim/ws_moveit2/install/moveit_ros_planning_interface:/home/jim/ws_moveit2/install/moveit_ros_benchmarks:/home/jim/ws_moveit2/install/moveit_ros_warehouse:/home/jim/ws_moveit2/install/moveit_ros_robot_interaction:/home/jim/ws_moveit2/install/moveit_ros_perception:/home/jim/ws_moveit2/install/moveit_resources_prbt_pg70_support:/home/jim/ws_moveit2/install/moveit_resources_prbt_moveit_config:/home/jim/ws_moveit2/install/moveit_ros_move_group:/home/jim/ws_moveit2/install/moveit_planners_ompl:/home/jim/ws_moveit2/install/moveit_ros_planning:/home/jim/ws_moveit2/install/moveit_ros_occupancy_map_monitor:/home/jim/ws_moveit2/install/moveit_resources_prbt_ikfast_manipulator_plugin:/home/jim/ws_moveit2/install/moveit_planners_chomp:/home/jim/ws_moveit2/install/moveit_kinematics:/home/jim/ws_moveit2/install/moveit_chomp_optimizer_adapter:/home/jim/ws_moveit2/install/chomp_motion_planner:/home/jim/ws_moveit2/install/moveit_core:/home/jim/ws_moveit2/install/srdfdom:/home/jim/ws_moveit2/install/rviz_marker_tools:/home/jim/ws_moveit2/install/rosparam_shortcuts:/home/jim/ws_moveit2/install/moveit_task_constructor_msgs:/home/jim/ws_moveit2/install/moveit_resources_prbt_support:/home/jim/ws_moveit2/install/moveit_resources:/home/jim/ws_moveit2/install/moveit_resources_pr2_description:/home/jim/ws_moveit2/install/moveit_resources_panda_moveit_config:/home/jim/ws_moveit2/install/moveit_resources_panda_description:/home/jim/ws_moveit2/install/moveit_resources_fanuc_moveit_config:/home/jim/ws_moveit2/install/moveit_resources_fanuc_description:/home/jim/ws_moveit2/install/moveit_common:/home/jim/rm_dh_ws/install/dh_gripper_driver:/home/jim/ws_moveit2/install/moveit_configs_utils:/home/jim/ws_moveit2/install/launch_param_builder:/home/jim/tactile_ws/install/tactile_sensor_ros2:/opt/ros/humble LD_LIBRARY_PATH=/home/jim/rm_dh_ws/install/dh_gripper_msgs/lib:/home/jim/rm_dh_ws/install/rm_ros_interfaces/lib:/home/jim/ws_moveit2/install/pilz_industrial_motion_planner_testutils/lib:/home/jim/ws_moveit2/install/pilz_industrial_motion_planner/lib:/home/jim/ws_moveit2/install/moveit_visual_tools/lib:/home/jim/ws_moveit2/install/moveit_task_constructor_visualization/lib:/home/jim/ws_moveit2/install/moveit_task_constructor_demo/lib:/home/jim/ws_moveit2/install/moveit_task_constructor_capabilities/lib:/home/jim/ws_moveit2/install/moveit_task_constructor_core/lib:/home/jim/ws_moveit2/install/moveit_ros_control_interface/lib:/home/jim/ws_moveit2/install/moveit_simple_controller_manager/lib:/home/jim/ws_moveit2/install/moveit_setup_assistant/lib:/home/jim/ws_moveit2/install/moveit_setup_srdf_plugins/lib:/home/jim/ws_moveit2/install/moveit_setup_core_plugins/lib:/home/jim/ws_moveit2/install/moveit_setup_controllers/lib:/home/jim/ws_moveit2/install/moveit_setup_app_plugins/lib:/home/jim/ws_moveit2/install/moveit_setup_framework/lib:/home/jim/ws_moveit2/install/moveit_servo/lib:/home/jim/ws_moveit2/install/moveit_ros_visualization/lib:/home/jim/ws_moveit2/install/moveit_hybrid_planning/lib:/home/jim/ws_moveit2/install/moveit_ros_planning_interface/lib:/home/jim/ws_moveit2/install/moveit_ros_benchmarks/lib:/home/jim/ws_moveit2/install/moveit_ros_warehouse/lib:/home/jim/ws_moveit2/install/moveit_ros_robot_interaction/lib:/home/jim/ws_moveit2/install/moveit_ros_perception/lib:/home/jim/ws_moveit2/install/moveit_ros_move_group/lib:/home/jim/ws_moveit2/install/moveit_planners_ompl/lib:/home/jim/ws_moveit2/install/moveit_ros_planning/lib:/home/jim/ws_moveit2/install/moveit_ros_occupancy_map_monitor/lib:/home/jim/ws_moveit2/install/moveit_resources_prbt_ikfast_manipulator_plugin/lib:/home/jim/ws_moveit2/install/moveit_planners_chomp/lib:/home/jim/ws_moveit2/install/moveit_kinematics/lib:/home/jim/ws_moveit2/install/moveit_chomp_optimizer_adapter/lib:/home/jim/ws_moveit2/install/chomp_motion_planner/lib:/home/jim/ws_moveit2/install/moveit_core/lib:/home/jim/ws_moveit2/install/srdfdom/lib:/home/jim/ws_moveit2/install/rviz_marker_tools/lib:/home/jim/ws_moveit2/install/rosparam_shortcuts/lib:/home/jim/ws_moveit2/install/moveit_task_constructor_msgs/lib:/usr/lib/x86_64-linux-gnu/gazebo-11/plugins:/opt/ros/humble/opt/rviz_ogre_vendor/lib:/opt/ros/humble/lib/x86_64-linux-gnu:/opt/ros/humble/lib PYTHONPATH=/home/jim/rm_dh_ws/install/dh_gripper_driver/lib/python3.10/site-packages:/home/jim/rm_dh_ws/install/rm_ros_interfaces/local/lib/python3.10/dist-packages:/home/jim/rm_dh_ws/install/dh_gripper_msgs/local/lib/python3.10/dist-packages:/home/jim/ws_moveit2/install/moveit_task_constructor_core/local/lib/python3.10/dist-packages:/home/jim/ws_moveit2/install/moveit_configs_utils/lib/python3.10/site-packages:/home/jim/ws_moveit2/install/srdfdom/local/lib/python3.10/dist-packages:/home/jim/ws_moveit2/install/moveit_task_constructor_msgs/local/lib/python3.10/dist-packages:/home/jim/ws_moveit2/install/launch_param_builder/lib/python3.10/site-packages:/home/jim/tactile_ws/install/tactile_sensor_ros2/lib/python3.10/site-packages:/opt/ros/humble/lib/python3.10/site-packages:/opt/ros/humble/local/lib/python3.10/dist-packages /usr/bin/cmake --build /home/jim/rm_dh_ws/build/dh_gripper_description -- -j16 -l16
[0.392s] DEBUG:colcon.colcon_core.event_handler.log_command:Invoking command in '/home/jim/rm_dh_ws/build/dh_gripper_description': AMENT_PREFIX_PATH=/home/jim/rm_dh_ws/install/dh_gripper_driver:/home/jim/rm_dh_ws/install/rm_example:/home/jim/rm_dh_ws/install/rm_driver:/home/jim/rm_dh_ws/install/rm_control:/home/jim/rm_dh_ws/install/get_arm_state:/home/jim/rm_dh_ws/install/force_position_control:/home/jim/rm_dh_ws/install/control_arm_move:/home/jim/rm_dh_ws/install/rm_ros_interfaces:/home/jim/rm_dh_ws/install/rm_install:/home/jim/rm_dh_ws/install/rm_gen72_config:/home/jim/rm_dh_ws/install/rm_gazebo:/home/jim/rm_dh_ws/install/rm_eco65_config:/home/jim/rm_dh_ws/install/rm_eco63_config:/home/jim/rm_dh_ws/install/rm_doc:/home/jim/rm_dh_ws/install/rm_75_config:/home/jim/rm_dh_ws/install/rm_63_config:/home/jim/rm_dh_ws/install/rm_description:/home/jim/rm_dh_ws/install/rm_bringup:/home/jim/rm_dh_ws/install/rm_65_config:/home/jim/rm_dh_ws/install/dh_gripper_description:/home/jim/rm_dh_ws/install/dh_gripper_msgs:/home/jim/ws_moveit2/install/pilz_industrial_motion_planner_testutils:/home/jim/ws_moveit2/install/moveit_runtime:/home/jim/ws_moveit2/install/moveit2_tutorials:/home/jim/ws_moveit2/install/moveit:/home/jim/ws_moveit2/install/moveit_planners:/home/jim/ws_moveit2/install/pilz_industrial_motion_planner:/home/jim/ws_moveit2/install/moveit_visual_tools:/home/jim/ws_moveit2/install/moveit_task_constructor_visualization:/home/jim/ws_moveit2/install/moveit_task_constructor_demo:/home/jim/ws_moveit2/install/moveit_task_constructor_capabilities:/home/jim/ws_moveit2/install/moveit_task_constructor_core:/home/jim/ws_moveit2/install/moveit_ros_control_interface:/home/jim/ws_moveit2/install/moveit_plugins:/home/jim/ws_moveit2/install/moveit_simple_controller_manager:/home/jim/ws_moveit2/install/moveit_setup_assistant:/home/jim/ws_moveit2/install/moveit_setup_srdf_plugins:/home/jim/ws_moveit2/install/moveit_setup_core_plugins:/home/jim/ws_moveit2/install/moveit_setup_controllers:/home/jim/ws_moveit2/install/moveit_setup_app_plugins:/home/jim/ws_moveit2/install/moveit_setup_framework:/home/jim/ws_moveit2/install/moveit_servo:/home/jim/ws_moveit2/install/moveit_ros:/home/jim/ws_moveit2/install/moveit_ros_visualization:/home/jim/ws_moveit2/install/moveit_hybrid_planning:/home/jim/ws_moveit2/install/moveit_ros_planning_interface:/home/jim/ws_moveit2/install/moveit_ros_benchmarks:/home/jim/ws_moveit2/install/moveit_ros_warehouse:/home/jim/ws_moveit2/install/moveit_ros_robot_interaction:/home/jim/ws_moveit2/install/moveit_ros_perception:/home/jim/ws_moveit2/install/moveit_resources_prbt_pg70_support:/home/jim/ws_moveit2/install/moveit_resources_prbt_moveit_config:/home/jim/ws_moveit2/install/moveit_ros_move_group:/home/jim/ws_moveit2/install/moveit_planners_ompl:/home/jim/ws_moveit2/install/moveit_ros_planning:/home/jim/ws_moveit2/install/moveit_ros_occupancy_map_monitor:/home/jim/ws_moveit2/install/moveit_resources_prbt_ikfast_manipulator_plugin:/home/jim/ws_moveit2/install/moveit_planners_chomp:/home/jim/ws_moveit2/install/moveit_kinematics:/home/jim/ws_moveit2/install/moveit_chomp_optimizer_adapter:/home/jim/ws_moveit2/install/chomp_motion_planner:/home/jim/ws_moveit2/install/moveit_core:/home/jim/ws_moveit2/install/moveit_configs_utils:/home/jim/ws_moveit2/install/srdfdom:/home/jim/ws_moveit2/install/rviz_marker_tools:/home/jim/ws_moveit2/install/rosparam_shortcuts:/home/jim/ws_moveit2/install/moveit_task_constructor_msgs:/home/jim/ws_moveit2/install/moveit_resources_prbt_support:/home/jim/ws_moveit2/install/moveit_resources:/home/jim/ws_moveit2/install/moveit_resources_pr2_description:/home/jim/ws_moveit2/install/moveit_resources_panda_moveit_config:/home/jim/ws_moveit2/install/moveit_resources_panda_description:/home/jim/ws_moveit2/install/moveit_resources_fanuc_moveit_config:/home/jim/ws_moveit2/install/moveit_resources_fanuc_description:/home/jim/ws_moveit2/install/moveit_common:/home/jim/ws_moveit2/install/launch_param_builder:/home/jim/tactile_ws/install/tactile_sensor_ros2:/opt/ros/humble CMAKE_PREFIX_PATH=/home/jim/rm_dh_ws/install/dh_gripper_msgs:/home/jim/rm_dh_ws/install/rm_example:/home/jim/rm_dh_ws/install/rm_driver:/home/jim/rm_dh_ws/install/rm_control:/home/jim/rm_dh_ws/install/get_arm_state:/home/jim/rm_dh_ws/install/force_position_control:/home/jim/rm_dh_ws/install/control_arm_move:/home/jim/rm_dh_ws/install/rm_ros_interfaces:/home/jim/rm_dh_ws/install/rm_install:/home/jim/rm_dh_ws/install/rm_gen72_config:/home/jim/rm_dh_ws/install/rm_gazebo:/home/jim/rm_dh_ws/install/rm_eco65_config:/home/jim/rm_dh_ws/install/rm_eco63_config:/home/jim/rm_dh_ws/install/rm_doc:/home/jim/rm_dh_ws/install/rm_75_config:/home/jim/rm_dh_ws/install/rm_63_config:/home/jim/rm_dh_ws/install/rm_description:/home/jim/rm_dh_ws/install/rm_bringup:/home/jim/rm_dh_ws/install/rm_65_config:/home/jim/rm_dh_ws/install/dh_gripper_description:/home/jim/ws_moveit2/install/pilz_industrial_motion_planner_testutils:/home/jim/ws_moveit2/install/moveit_runtime:/home/jim/ws_moveit2/install/moveit2_tutorials:/home/jim/ws_moveit2/install/moveit:/home/jim/ws_moveit2/install/moveit_planners:/home/jim/ws_moveit2/install/pilz_industrial_motion_planner:/home/jim/ws_moveit2/install/moveit_visual_tools:/home/jim/ws_moveit2/install/moveit_task_constructor_visualization:/home/jim/ws_moveit2/install/moveit_task_constructor_demo:/home/jim/ws_moveit2/install/moveit_task_constructor_capabilities:/home/jim/ws_moveit2/install/moveit_task_constructor_core:/home/jim/ws_moveit2/install/moveit_ros_control_interface:/home/jim/ws_moveit2/install/moveit_plugins:/home/jim/ws_moveit2/install/moveit_simple_controller_manager:/home/jim/ws_moveit2/install/moveit_setup_assistant:/home/jim/ws_moveit2/install/moveit_setup_srdf_plugins:/home/jim/ws_moveit2/install/moveit_setup_core_plugins:/home/jim/ws_moveit2/install/moveit_setup_controllers:/home/jim/ws_moveit2/install/moveit_setup_app_plugins:/home/jim/ws_moveit2/install/moveit_setup_framework:/home/jim/ws_moveit2/install/moveit_servo:/home/jim/ws_moveit2/install/moveit_ros:/home/jim/ws_moveit2/install/moveit_ros_visualization:/home/jim/ws_moveit2/install/moveit_hybrid_planning:/home/jim/ws_moveit2/install/moveit_ros_planning_interface:/home/jim/ws_moveit2/install/moveit_ros_benchmarks:/home/jim/ws_moveit2/install/moveit_ros_warehouse:/home/jim/ws_moveit2/install/moveit_ros_robot_interaction:/home/jim/ws_moveit2/install/moveit_ros_perception:/home/jim/ws_moveit2/install/moveit_resources_prbt_pg70_support:/home/jim/ws_moveit2/install/moveit_resources_prbt_moveit_config:/home/jim/ws_moveit2/install/moveit_ros_move_group:/home/jim/ws_moveit2/install/moveit_planners_ompl:/home/jim/ws_moveit2/install/moveit_ros_planning:/home/jim/ws_moveit2/install/moveit_ros_occupancy_map_monitor:/home/jim/ws_moveit2/install/moveit_resources_prbt_ikfast_manipulator_plugin:/home/jim/ws_moveit2/install/moveit_planners_chomp:/home/jim/ws_moveit2/install/moveit_kinematics:/home/jim/ws_moveit2/install/moveit_chomp_optimizer_adapter:/home/jim/ws_moveit2/install/chomp_motion_planner:/home/jim/ws_moveit2/install/moveit_core:/home/jim/ws_moveit2/install/srdfdom:/home/jim/ws_moveit2/install/rviz_marker_tools:/home/jim/ws_moveit2/install/rosparam_shortcuts:/home/jim/ws_moveit2/install/moveit_task_constructor_msgs:/home/jim/ws_moveit2/install/moveit_resources_prbt_support:/home/jim/ws_moveit2/install/moveit_resources:/home/jim/ws_moveit2/install/moveit_resources_pr2_description:/home/jim/ws_moveit2/install/moveit_resources_panda_moveit_config:/home/jim/ws_moveit2/install/moveit_resources_panda_description:/home/jim/ws_moveit2/install/moveit_resources_fanuc_moveit_config:/home/jim/ws_moveit2/install/moveit_resources_fanuc_description:/home/jim/ws_moveit2/install/moveit_common:/home/jim/rm_dh_ws/install/dh_gripper_driver:/home/jim/ws_moveit2/install/moveit_configs_utils:/home/jim/ws_moveit2/install/launch_param_builder:/home/jim/tactile_ws/install/tactile_sensor_ros2:/opt/ros/humble LD_LIBRARY_PATH=/home/jim/rm_dh_ws/install/dh_gripper_msgs/lib:/home/jim/rm_dh_ws/install/rm_ros_interfaces/lib:/home/jim/ws_moveit2/install/pilz_industrial_motion_planner_testutils/lib:/home/jim/ws_moveit2/install/pilz_industrial_motion_planner/lib:/home/jim/ws_moveit2/install/moveit_visual_tools/lib:/home/jim/ws_moveit2/install/moveit_task_constructor_visualization/lib:/home/jim/ws_moveit2/install/moveit_task_constructor_demo/lib:/home/jim/ws_moveit2/install/moveit_task_constructor_capabilities/lib:/home/jim/ws_moveit2/install/moveit_task_constructor_core/lib:/home/jim/ws_moveit2/install/moveit_ros_control_interface/lib:/home/jim/ws_moveit2/install/moveit_simple_controller_manager/lib:/home/jim/ws_moveit2/install/moveit_setup_assistant/lib:/home/jim/ws_moveit2/install/moveit_setup_srdf_plugins/lib:/home/jim/ws_moveit2/install/moveit_setup_core_plugins/lib:/home/jim/ws_moveit2/install/moveit_setup_controllers/lib:/home/jim/ws_moveit2/install/moveit_setup_app_plugins/lib:/home/jim/ws_moveit2/install/moveit_setup_framework/lib:/home/jim/ws_moveit2/install/moveit_servo/lib:/home/jim/ws_moveit2/install/moveit_ros_visualization/lib:/home/jim/ws_moveit2/install/moveit_hybrid_planning/lib:/home/jim/ws_moveit2/install/moveit_ros_planning_interface/lib:/home/jim/ws_moveit2/install/moveit_ros_benchmarks/lib:/home/jim/ws_moveit2/install/moveit_ros_warehouse/lib:/home/jim/ws_moveit2/install/moveit_ros_robot_interaction/lib:/home/jim/ws_moveit2/install/moveit_ros_perception/lib:/home/jim/ws_moveit2/install/moveit_ros_move_group/lib:/home/jim/ws_moveit2/install/moveit_planners_ompl/lib:/home/jim/ws_moveit2/install/moveit_ros_planning/lib:/home/jim/ws_moveit2/install/moveit_ros_occupancy_map_monitor/lib:/home/jim/ws_moveit2/install/moveit_resources_prbt_ikfast_manipulator_plugin/lib:/home/jim/ws_moveit2/install/moveit_planners_chomp/lib:/home/jim/ws_moveit2/install/moveit_kinematics/lib:/home/jim/ws_moveit2/install/moveit_chomp_optimizer_adapter/lib:/home/jim/ws_moveit2/install/chomp_motion_planner/lib:/home/jim/ws_moveit2/install/moveit_core/lib:/home/jim/ws_moveit2/install/srdfdom/lib:/home/jim/ws_moveit2/install/rviz_marker_tools/lib:/home/jim/ws_moveit2/install/rosparam_shortcuts/lib:/home/jim/ws_moveit2/install/moveit_task_constructor_msgs/lib:/usr/lib/x86_64-linux-gnu/gazebo-11/plugins:/opt/ros/humble/opt/rviz_ogre_vendor/lib:/opt/ros/humble/lib/x86_64-linux-gnu:/opt/ros/humble/lib PYTHONPATH=/home/jim/rm_dh_ws/install/dh_gripper_driver/lib/python3.10/site-packages:/home/jim/rm_dh_ws/install/rm_ros_interfaces/local/lib/python3.10/dist-packages:/home/jim/rm_dh_ws/install/dh_gripper_msgs/local/lib/python3.10/dist-packages:/home/jim/ws_moveit2/install/moveit_task_constructor_core/local/lib/python3.10/dist-packages:/home/jim/ws_moveit2/install/moveit_configs_utils/lib/python3.10/site-packages:/home/jim/ws_moveit2/install/srdfdom/local/lib/python3.10/dist-packages:/home/jim/ws_moveit2/install/moveit_task_constructor_msgs/local/lib/python3.10/dist-packages:/home/jim/ws_moveit2/install/launch_param_builder/lib/python3.10/site-packages:/home/jim/tactile_ws/install/tactile_sensor_ros2/lib/python3.10/site-packages:/opt/ros/humble/lib/python3.10/site-packages:/opt/ros/humble/local/lib/python3.10/dist-packages /usr/bin/cmake --install /home/jim/rm_dh_ws/build/dh_gripper_description
[0.409s] Level 1:colcon.colcon_core.environment:create_environment_scripts_only(dh_gripper_description)
[0.409s] DEBUG:colcon.colcon_core.event_handler.log_command:Invoked command in '/home/jim/rm_dh_ws/build/dh_gripper_description' returned '0': AMENT_PREFIX_PATH=/home/jim/rm_dh_ws/install/dh_gripper_driver:/home/jim/rm_dh_ws/install/rm_example:/home/jim/rm_dh_ws/install/rm_driver:/home/jim/rm_dh_ws/install/rm_control:/home/jim/rm_dh_ws/install/get_arm_state:/home/jim/rm_dh_ws/install/force_position_control:/home/jim/rm_dh_ws/install/control_arm_move:/home/jim/rm_dh_ws/install/rm_ros_interfaces:/home/jim/rm_dh_ws/install/rm_install:/home/jim/rm_dh_ws/install/rm_gen72_config:/home/jim/rm_dh_ws/install/rm_gazebo:/home/jim/rm_dh_ws/install/rm_eco65_config:/home/jim/rm_dh_ws/install/rm_eco63_config:/home/jim/rm_dh_ws/install/rm_doc:/home/jim/rm_dh_ws/install/rm_75_config:/home/jim/rm_dh_ws/install/rm_63_config:/home/jim/rm_dh_ws/install/rm_description:/home/jim/rm_dh_ws/install/rm_bringup:/home/jim/rm_dh_ws/install/rm_65_config:/home/jim/rm_dh_ws/install/dh_gripper_description:/home/jim/rm_dh_ws/install/dh_gripper_msgs:/home/jim/ws_moveit2/install/pilz_industrial_motion_planner_testutils:/home/jim/ws_moveit2/install/moveit_runtime:/home/jim/ws_moveit2/install/moveit2_tutorials:/home/jim/ws_moveit2/install/moveit:/home/jim/ws_moveit2/install/moveit_planners:/home/jim/ws_moveit2/install/pilz_industrial_motion_planner:/home/jim/ws_moveit2/install/moveit_visual_tools:/home/jim/ws_moveit2/install/moveit_task_constructor_visualization:/home/jim/ws_moveit2/install/moveit_task_constructor_demo:/home/jim/ws_moveit2/install/moveit_task_constructor_capabilities:/home/jim/ws_moveit2/install/moveit_task_constructor_core:/home/jim/ws_moveit2/install/moveit_ros_control_interface:/home/jim/ws_moveit2/install/moveit_plugins:/home/jim/ws_moveit2/install/moveit_simple_controller_manager:/home/jim/ws_moveit2/install/moveit_setup_assistant:/home/jim/ws_moveit2/install/moveit_setup_srdf_plugins:/home/jim/ws_moveit2/install/moveit_setup_core_plugins:/home/jim/ws_moveit2/install/moveit_setup_controllers:/home/jim/ws_moveit2/install/moveit_setup_app_plugins:/home/jim/ws_moveit2/install/moveit_setup_framework:/home/jim/ws_moveit2/install/moveit_servo:/home/jim/ws_moveit2/install/moveit_ros:/home/jim/ws_moveit2/install/moveit_ros_visualization:/home/jim/ws_moveit2/install/moveit_hybrid_planning:/home/jim/ws_moveit2/install/moveit_ros_planning_interface:/home/jim/ws_moveit2/install/moveit_ros_benchmarks:/home/jim/ws_moveit2/install/moveit_ros_warehouse:/home/jim/ws_moveit2/install/moveit_ros_robot_interaction:/home/jim/ws_moveit2/install/moveit_ros_perception:/home/jim/ws_moveit2/install/moveit_resources_prbt_pg70_support:/home/jim/ws_moveit2/install/moveit_resources_prbt_moveit_config:/home/jim/ws_moveit2/install/moveit_ros_move_group:/home/jim/ws_moveit2/install/moveit_planners_ompl:/home/jim/ws_moveit2/install/moveit_ros_planning:/home/jim/ws_moveit2/install/moveit_ros_occupancy_map_monitor:/home/jim/ws_moveit2/install/moveit_resources_prbt_ikfast_manipulator_plugin:/home/jim/ws_moveit2/install/moveit_planners_chomp:/home/jim/ws_moveit2/install/moveit_kinematics:/home/jim/ws_moveit2/install/moveit_chomp_optimizer_adapter:/home/jim/ws_moveit2/install/chomp_motion_planner:/home/jim/ws_moveit2/install/moveit_core:/home/jim/ws_moveit2/install/moveit_configs_utils:/home/jim/ws_moveit2/install/srdfdom:/home/jim/ws_moveit2/install/rviz_marker_tools:/home/jim/ws_moveit2/install/rosparam_shortcuts:/home/jim/ws_moveit2/install/moveit_task_constructor_msgs:/home/jim/ws_moveit2/install/moveit_resources_prbt_support:/home/jim/ws_moveit2/install/moveit_resources:/home/jim/ws_moveit2/install/moveit_resources_pr2_description:/home/jim/ws_moveit2/install/moveit_resources_panda_moveit_config:/home/jim/ws_moveit2/install/moveit_resources_panda_description:/home/jim/ws_moveit2/install/moveit_resources_fanuc_moveit_config:/home/jim/ws_moveit2/install/moveit_resources_fanuc_description:/home/jim/ws_moveit2/install/moveit_common:/home/jim/ws_moveit2/install/launch_param_builder:/home/jim/tactile_ws/install/tactile_sensor_ros2:/opt/ros/humble CMAKE_PREFIX_PATH=/home/jim/rm_dh_ws/install/dh_gripper_msgs:/home/jim/rm_dh_ws/install/rm_example:/home/jim/rm_dh_ws/install/rm_driver:/home/jim/rm_dh_ws/install/rm_control:/home/jim/rm_dh_ws/install/get_arm_state:/home/jim/rm_dh_ws/install/force_position_control:/home/jim/rm_dh_ws/install/control_arm_move:/home/jim/rm_dh_ws/install/rm_ros_interfaces:/home/jim/rm_dh_ws/install/rm_install:/home/jim/rm_dh_ws/install/rm_gen72_config:/home/jim/rm_dh_ws/install/rm_gazebo:/home/jim/rm_dh_ws/install/rm_eco65_config:/home/jim/rm_dh_ws/install/rm_eco63_config:/home/jim/rm_dh_ws/install/rm_doc:/home/jim/rm_dh_ws/install/rm_75_config:/home/jim/rm_dh_ws/install/rm_63_config:/home/jim/rm_dh_ws/install/rm_description:/home/jim/rm_dh_ws/install/rm_bringup:/home/jim/rm_dh_ws/install/rm_65_config:/home/jim/rm_dh_ws/install/dh_gripper_description:/home/jim/ws_moveit2/install/pilz_industrial_motion_planner_testutils:/home/jim/ws_moveit2/install/moveit_runtime:/home/jim/ws_moveit2/install/moveit2_tutorials:/home/jim/ws_moveit2/install/moveit:/home/jim/ws_moveit2/install/moveit_planners:/home/jim/ws_moveit2/install/pilz_industrial_motion_planner:/home/jim/ws_moveit2/install/moveit_visual_tools:/home/jim/ws_moveit2/install/moveit_task_constructor_visualization:/home/jim/ws_moveit2/install/moveit_task_constructor_demo:/home/jim/ws_moveit2/install/moveit_task_constructor_capabilities:/home/jim/ws_moveit2/install/moveit_task_constructor_core:/home/jim/ws_moveit2/install/moveit_ros_control_interface:/home/jim/ws_moveit2/install/moveit_plugins:/home/jim/ws_moveit2/install/moveit_simple_controller_manager:/home/jim/ws_moveit2/install/moveit_setup_assistant:/home/jim/ws_moveit2/install/moveit_setup_srdf_plugins:/home/jim/ws_moveit2/install/moveit_setup_core_plugins:/home/jim/ws_moveit2/install/moveit_setup_controllers:/home/jim/ws_moveit2/install/moveit_setup_app_plugins:/home/jim/ws_moveit2/install/moveit_setup_framework:/home/jim/ws_moveit2/install/moveit_servo:/home/jim/ws_moveit2/install/moveit_ros:/home/jim/ws_moveit2/install/moveit_ros_visualization:/home/jim/ws_moveit2/install/moveit_hybrid_planning:/home/jim/ws_moveit2/install/moveit_ros_planning_interface:/home/jim/ws_moveit2/install/moveit_ros_benchmarks:/home/jim/ws_moveit2/install/moveit_ros_warehouse:/home/jim/ws_moveit2/install/moveit_ros_robot_interaction:/home/jim/ws_moveit2/install/moveit_ros_perception:/home/jim/ws_moveit2/install/moveit_resources_prbt_pg70_support:/home/jim/ws_moveit2/install/moveit_resources_prbt_moveit_config:/home/jim/ws_moveit2/install/moveit_ros_move_group:/home/jim/ws_moveit2/install/moveit_planners_ompl:/home/jim/ws_moveit2/install/moveit_ros_planning:/home/jim/ws_moveit2/install/moveit_ros_occupancy_map_monitor:/home/jim/ws_moveit2/install/moveit_resources_prbt_ikfast_manipulator_plugin:/home/jim/ws_moveit2/install/moveit_planners_chomp:/home/jim/ws_moveit2/install/moveit_kinematics:/home/jim/ws_moveit2/install/moveit_chomp_optimizer_adapter:/home/jim/ws_moveit2/install/chomp_motion_planner:/home/jim/ws_moveit2/install/moveit_core:/home/jim/ws_moveit2/install/srdfdom:/home/jim/ws_moveit2/install/rviz_marker_tools:/home/jim/ws_moveit2/install/rosparam_shortcuts:/home/jim/ws_moveit2/install/moveit_task_constructor_msgs:/home/jim/ws_moveit2/install/moveit_resources_prbt_support:/home/jim/ws_moveit2/install/moveit_resources:/home/jim/ws_moveit2/install/moveit_resources_pr2_description:/home/jim/ws_moveit2/install/moveit_resources_panda_moveit_config:/home/jim/ws_moveit2/install/moveit_resources_panda_description:/home/jim/ws_moveit2/install/moveit_resources_fanuc_moveit_config:/home/jim/ws_moveit2/install/moveit_resources_fanuc_description:/home/jim/ws_moveit2/install/moveit_common:/home/jim/rm_dh_ws/install/dh_gripper_driver:/home/jim/ws_moveit2/install/moveit_configs_utils:/home/jim/ws_moveit2/install/launch_param_builder:/home/jim/tactile_ws/install/tactile_sensor_ros2:/opt/ros/humble LD_LIBRARY_PATH=/home/jim/rm_dh_ws/install/dh_gripper_msgs/lib:/home/jim/rm_dh_ws/install/rm_ros_interfaces/lib:/home/jim/ws_moveit2/install/pilz_industrial_motion_planner_testutils/lib:/home/jim/ws_moveit2/install/pilz_industrial_motion_planner/lib:/home/jim/ws_moveit2/install/moveit_visual_tools/lib:/home/jim/ws_moveit2/install/moveit_task_constructor_visualization/lib:/home/jim/ws_moveit2/install/moveit_task_constructor_demo/lib:/home/jim/ws_moveit2/install/moveit_task_constructor_capabilities/lib:/home/jim/ws_moveit2/install/moveit_task_constructor_core/lib:/home/jim/ws_moveit2/install/moveit_ros_control_interface/lib:/home/jim/ws_moveit2/install/moveit_simple_controller_manager/lib:/home/jim/ws_moveit2/install/moveit_setup_assistant/lib:/home/jim/ws_moveit2/install/moveit_setup_srdf_plugins/lib:/home/jim/ws_moveit2/install/moveit_setup_core_plugins/lib:/home/jim/ws_moveit2/install/moveit_setup_controllers/lib:/home/jim/ws_moveit2/install/moveit_setup_app_plugins/lib:/home/jim/ws_moveit2/install/moveit_setup_framework/lib:/home/jim/ws_moveit2/install/moveit_servo/lib:/home/jim/ws_moveit2/install/moveit_ros_visualization/lib:/home/jim/ws_moveit2/install/moveit_hybrid_planning/lib:/home/jim/ws_moveit2/install/moveit_ros_planning_interface/lib:/home/jim/ws_moveit2/install/moveit_ros_benchmarks/lib:/home/jim/ws_moveit2/install/moveit_ros_warehouse/lib:/home/jim/ws_moveit2/install/moveit_ros_robot_interaction/lib:/home/jim/ws_moveit2/install/moveit_ros_perception/lib:/home/jim/ws_moveit2/install/moveit_ros_move_group/lib:/home/jim/ws_moveit2/install/moveit_planners_ompl/lib:/home/jim/ws_moveit2/install/moveit_ros_planning/lib:/home/jim/ws_moveit2/install/moveit_ros_occupancy_map_monitor/lib:/home/jim/ws_moveit2/install/moveit_resources_prbt_ikfast_manipulator_plugin/lib:/home/jim/ws_moveit2/install/moveit_planners_chomp/lib:/home/jim/ws_moveit2/install/moveit_kinematics/lib:/home/jim/ws_moveit2/install/moveit_chomp_optimizer_adapter/lib:/home/jim/ws_moveit2/install/chomp_motion_planner/lib:/home/jim/ws_moveit2/install/moveit_core/lib:/home/jim/ws_moveit2/install/srdfdom/lib:/home/jim/ws_moveit2/install/rviz_marker_tools/lib:/home/jim/ws_moveit2/install/rosparam_shortcuts/lib:/home/jim/ws_moveit2/install/moveit_task_constructor_msgs/lib:/usr/lib/x86_64-linux-gnu/gazebo-11/plugins:/opt/ros/humble/opt/rviz_ogre_vendor/lib:/opt/ros/humble/lib/x86_64-linux-gnu:/opt/ros/humble/lib PYTHONPATH=/home/jim/rm_dh_ws/install/dh_gripper_driver/lib/python3.10/site-packages:/home/jim/rm_dh_ws/install/rm_ros_interfaces/local/lib/python3.10/dist-packages:/home/jim/rm_dh_ws/install/dh_gripper_msgs/local/lib/python3.10/dist-packages:/home/jim/ws_moveit2/install/moveit_task_constructor_core/local/lib/python3.10/dist-packages:/home/jim/ws_moveit2/install/moveit_configs_utils/lib/python3.10/site-packages:/home/jim/ws_moveit2/install/srdfdom/local/lib/python3.10/dist-packages:/home/jim/ws_moveit2/install/moveit_task_constructor_msgs/local/lib/python3.10/dist-packages:/home/jim/ws_moveit2/install/launch_param_builder/lib/python3.10/site-packages:/home/jim/tactile_ws/install/tactile_sensor_ros2/lib/python3.10/site-packages:/opt/ros/humble/lib/python3.10/site-packages:/opt/ros/humble/local/lib/python3.10/dist-packages /usr/bin/cmake --install /home/jim/rm_dh_ws/build/dh_gripper_description
[0.414s] Level 1:colcon.colcon_core.environment:checking '/home/jim/rm_dh_ws/install/dh_gripper_description' for CMake module files
[0.414s] Level 1:colcon.colcon_core.environment:checking '/home/jim/rm_dh_ws/install/dh_gripper_description' for CMake config files
[0.414s] Level 1:colcon.colcon_core.shell:create_environment_hook('dh_gripper_description', 'cmake_prefix_path')
[0.415s] INFO:colcon.colcon_core.shell:Creating environment hook '/home/jim/rm_dh_ws/install/dh_gripper_description/share/dh_gripper_description/hook/cmake_prefix_path.ps1'
[0.416s] INFO:colcon.colcon_core.shell:Creating environment descriptor '/home/jim/rm_dh_ws/install/dh_gripper_description/share/dh_gripper_description/hook/cmake_prefix_path.dsv'
[0.416s] INFO:colcon.colcon_core.shell:Creating environment hook '/home/jim/rm_dh_ws/install/dh_gripper_description/share/dh_gripper_description/hook/cmake_prefix_path.sh'
[0.417s] Level 1:colcon.colcon_core.environment:checking '/home/jim/rm_dh_ws/install/dh_gripper_description/bin'
[0.417s] Level 1:colcon.colcon_core.environment:checking '/home/jim/rm_dh_ws/install/dh_gripper_description/lib/pkgconfig/dh_gripper_description.pc'
[0.417s] Level 1:colcon.colcon_core.environment:checking '/home/jim/rm_dh_ws/install/dh_gripper_description/lib/python3.10/site-packages'
[0.418s] Level 1:colcon.colcon_core.environment:checking '/home/jim/rm_dh_ws/install/dh_gripper_description/bin'
[0.418s] INFO:colcon.colcon_core.shell:Creating package script '/home/jim/rm_dh_ws/install/dh_gripper_description/share/dh_gripper_description/package.ps1'
[0.419s] INFO:colcon.colcon_core.shell:Creating package descriptor '/home/jim/rm_dh_ws/install/dh_gripper_description/share/dh_gripper_description/package.dsv'
[0.420s] INFO:colcon.colcon_core.shell:Creating package script '/home/jim/rm_dh_ws/install/dh_gripper_description/share/dh_gripper_description/package.sh'
[0.421s] INFO:colcon.colcon_core.shell:Creating package script '/home/jim/rm_dh_ws/install/dh_gripper_description/share/dh_gripper_description/package.bash'
[0.422s] INFO:colcon.colcon_core.shell:Creating package script '/home/jim/rm_dh_ws/install/dh_gripper_description/share/dh_gripper_description/package.zsh'
[0.423s] Level 1:colcon.colcon_core.environment:create_file_with_runtime_dependencies(/home/jim/rm_dh_ws/install/dh_gripper_description/share/colcon-core/packages/dh_gripper_description)
[0.424s] Level 1:colcon.colcon_core.environment:create_environment_scripts_only(dh_gripper_description)
[0.424s] Level 1:colcon.colcon_core.environment:checking '/home/jim/rm_dh_ws/install/dh_gripper_description' for CMake module files
[0.424s] Level 1:colcon.colcon_core.environment:checking '/home/jim/rm_dh_ws/install/dh_gripper_description' for CMake config files
[0.425s] Level 1:colcon.colcon_core.shell:create_environment_hook('dh_gripper_description', 'cmake_prefix_path')
[0.425s] INFO:colcon.colcon_core.shell:Creating environment hook '/home/jim/rm_dh_ws/install/dh_gripper_description/share/dh_gripper_description/hook/cmake_prefix_path.ps1'
[0.425s] INFO:colcon.colcon_core.shell:Creating environment descriptor '/home/jim/rm_dh_ws/install/dh_gripper_description/share/dh_gripper_description/hook/cmake_prefix_path.dsv'
[0.426s] INFO:colcon.colcon_core.shell:Creating environment hook '/home/jim/rm_dh_ws/install/dh_gripper_description/share/dh_gripper_description/hook/cmake_prefix_path.sh'
[0.426s] Level 1:colcon.colcon_core.environment:checking '/home/jim/rm_dh_ws/install/dh_gripper_description/bin'
[0.426s] Level 1:colcon.colcon_core.environment:checking '/home/jim/rm_dh_ws/install/dh_gripper_description/lib/pkgconfig/dh_gripper_description.pc'
[0.427s] Level 1:colcon.colcon_core.environment:checking '/home/jim/rm_dh_ws/install/dh_gripper_description/lib/python3.10/site-packages'
[0.427s] Level 1:colcon.colcon_core.environment:checking '/home/jim/rm_dh_ws/install/dh_gripper_description/bin'
[0.427s] INFO:colcon.colcon_core.shell:Creating package script '/home/jim/rm_dh_ws/install/dh_gripper_description/share/dh_gripper_description/package.ps1'
[0.428s] INFO:colcon.colcon_core.shell:Creating package descriptor '/home/jim/rm_dh_ws/install/dh_gripper_description/share/dh_gripper_description/package.dsv'
[0.428s] INFO:colcon.colcon_core.shell:Creating package script '/home/jim/rm_dh_ws/install/dh_gripper_description/share/dh_gripper_description/package.sh'
[0.428s] INFO:colcon.colcon_core.shell:Creating package script '/home/jim/rm_dh_ws/install/dh_gripper_description/share/dh_gripper_description/package.bash'
[0.429s] INFO:colcon.colcon_core.shell:Creating package script '/home/jim/rm_dh_ws/install/dh_gripper_description/share/dh_gripper_description/package.zsh'
[0.429s] Level 1:colcon.colcon_core.environment:create_file_with_runtime_dependencies(/home/jim/rm_dh_ws/install/dh_gripper_description/share/colcon-core/packages/dh_gripper_description)
[0.429s] DEBUG:colcon.colcon_parallel_executor.executor.parallel:closing loop
[0.429s] DEBUG:colcon.colcon_parallel_executor.executor.parallel:loop closed
[0.429s] DEBUG:colcon.colcon_parallel_executor.executor.parallel:run_until_complete finished with '0'
[0.430s] DEBUG:colcon.colcon_core.event_reactor:joining thread
[0.434s] INFO:colcon.colcon_core.plugin_system:Skipping extension 'colcon_notification.desktop_notification.terminal_notifier': Not used on non-Darwin systems
[0.434s] INFO:colcon.colcon_core.plugin_system:Skipping extension 'colcon_notification.desktop_notification.win32': Not used on non-Windows systems
[0.434s] INFO:colcon.colcon_notification.desktop_notification:Sending desktop notification using 'notify2'
[0.445s] DEBUG:colcon.colcon_core.event_reactor:joined thread
[0.446s] INFO:colcon.colcon_core.shell:Creating prefix script '/home/jim/rm_dh_ws/install/local_setup.ps1'
[0.446s] INFO:colcon.colcon_core.shell:Creating prefix util module '/home/jim/rm_dh_ws/install/_local_setup_util_ps1.py'
[0.447s] INFO:colcon.colcon_core.shell:Creating prefix chain script '/home/jim/rm_dh_ws/install/setup.ps1'
[0.450s] INFO:colcon.colcon_core.shell:Creating prefix script '/home/jim/rm_dh_ws/install/local_setup.sh'
[0.450s] INFO:colcon.colcon_core.shell:Creating prefix util module '/home/jim/rm_dh_ws/install/_local_setup_util_sh.py'
[0.450s] INFO:colcon.colcon_core.shell:Creating prefix chain script '/home/jim/rm_dh_ws/install/setup.sh'
[0.452s] INFO:colcon.colcon_core.shell:Creating prefix script '/home/jim/rm_dh_ws/install/local_setup.bash'
[0.453s] INFO:colcon.colcon_core.shell:Creating prefix chain script '/home/jim/rm_dh_ws/install/setup.bash'
[0.455s] INFO:colcon.colcon_core.shell:Creating prefix script '/home/jim/rm_dh_ws/install/local_setup.zsh'
[0.455s] INFO:colcon.colcon_core.shell:Creating prefix chain script '/home/jim/rm_dh_ws/install/setup.zsh'
