[0.059s] Invoking command in '/home/jim/rm_dh_ws/build/rm_install': CMAKE_PREFIX_PATH=${CMAKE_PREFIX_PATH}:/home/jim/rm_dh_ws/install/dh_gripper_driver:/home/jim/ws_moveit2/install/moveit_configs_utils:/home/jim/ws_moveit2/install/launch_param_builder:/home/jim/tactile_ws/install/tactile_sensor_ros2:/opt/ros/humble /usr/bin/cmake /home/jim/rm_dh_ws/src/rm_install -DCMAKE_INSTALL_PREFIX=/home/jim/rm_dh_ws/install/rm_install
[0.171s] -- The C compiler identification is GNU 11.4.0
[0.233s] -- The CXX compiler identification is GNU 11.4.0
[0.240s] -- Detecting C compiler ABI info
[0.325s] -- Detecting C compiler ABI info - done
[0.334s] -- Check for working C compiler: /usr/bin/cc - skipped
[0.334s] -- Detecting C compile features
[0.335s] -- Detecting C compile features - done
[0.338s] -- Detecting CXX compiler ABI info
[0.424s] -- Detecting CXX compiler ABI info - done
[0.433s] -- Check for working CXX compiler: /usr/bin/c++ - skipped
[0.434s] -- Detecting CXX compile features
[0.434s] -- Detecting CXX compile features - done
[0.444s] -- Found ament_cmake: 1.3.12 (/opt/ros/humble/share/ament_cmake/cmake)
[0.628s] -- Found Python3: /usr/bin/python3 (found version "3.10.12") found components: Interpreter 
[0.763s] -- Found ament_lint_auto: 0.12.14 (/opt/ros/humble/share/ament_lint_auto/cmake)
[0.856s] -- Added test 'lint_cmake' to check CMake code style
[0.858s] -- Added test 'xmllint' to check XML markup files
[0.859s] -- Configuring done
[0.860s] -- Generating done
[0.861s] -- Build files have been written to: /home/jim/rm_dh_ws/build/rm_install
[0.885s] Invoked command in '/home/jim/rm_dh_ws/build/rm_install' returned '0': CMAKE_PREFIX_PATH=${CMAKE_PREFIX_PATH}:/home/jim/rm_dh_ws/install/dh_gripper_driver:/home/jim/ws_moveit2/install/moveit_configs_utils:/home/jim/ws_moveit2/install/launch_param_builder:/home/jim/tactile_ws/install/tactile_sensor_ros2:/opt/ros/humble /usr/bin/cmake /home/jim/rm_dh_ws/src/rm_install -DCMAKE_INSTALL_PREFIX=/home/jim/rm_dh_ws/install/rm_install
[0.887s] Invoking command in '/home/jim/rm_dh_ws/build/rm_install': CMAKE_PREFIX_PATH=${CMAKE_PREFIX_PATH}:/home/jim/rm_dh_ws/install/dh_gripper_driver:/home/jim/ws_moveit2/install/moveit_configs_utils:/home/jim/ws_moveit2/install/launch_param_builder:/home/jim/tactile_ws/install/tactile_sensor_ros2:/opt/ros/humble /usr/bin/cmake --build /home/jim/rm_dh_ws/build/rm_install -- -j16 -l16
[0.940s] Invoked command in '/home/jim/rm_dh_ws/build/rm_install' returned '0': CMAKE_PREFIX_PATH=${CMAKE_PREFIX_PATH}:/home/jim/rm_dh_ws/install/dh_gripper_driver:/home/jim/ws_moveit2/install/moveit_configs_utils:/home/jim/ws_moveit2/install/launch_param_builder:/home/jim/tactile_ws/install/tactile_sensor_ros2:/opt/ros/humble /usr/bin/cmake --build /home/jim/rm_dh_ws/build/rm_install -- -j16 -l16
[0.943s] Invoking command in '/home/jim/rm_dh_ws/build/rm_install': CMAKE_PREFIX_PATH=${CMAKE_PREFIX_PATH}:/home/jim/rm_dh_ws/install/dh_gripper_driver:/home/jim/ws_moveit2/install/moveit_configs_utils:/home/jim/ws_moveit2/install/launch_param_builder:/home/jim/tactile_ws/install/tactile_sensor_ros2:/opt/ros/humble /usr/bin/cmake --install /home/jim/rm_dh_ws/build/rm_install
[0.952s] -- Install configuration: ""
[0.952s] -- Installing: /home/jim/rm_dh_ws/install/rm_install/share/ament_index/resource_index/package_run_dependencies/rm_install
[0.952s] -- Installing: /home/jim/rm_dh_ws/install/rm_install/share/ament_index/resource_index/parent_prefix_path/rm_install
[0.952s] -- Installing: /home/jim/rm_dh_ws/install/rm_install/share/rm_install/environment/ament_prefix_path.sh
[0.953s] -- Installing: /home/jim/rm_dh_ws/install/rm_install/share/rm_install/environment/ament_prefix_path.dsv
[0.953s] -- Installing: /home/jim/rm_dh_ws/install/rm_install/share/rm_install/environment/path.sh
[0.953s] -- Installing: /home/jim/rm_dh_ws/install/rm_install/share/rm_install/environment/path.dsv
[0.953s] -- Installing: /home/jim/rm_dh_ws/install/rm_install/share/rm_install/local_setup.bash
[0.953s] -- Installing: /home/jim/rm_dh_ws/install/rm_install/share/rm_install/local_setup.sh
[0.953s] -- Installing: /home/jim/rm_dh_ws/install/rm_install/share/rm_install/local_setup.zsh
[0.953s] -- Installing: /home/jim/rm_dh_ws/install/rm_install/share/rm_install/local_setup.dsv
[0.953s] -- Installing: /home/jim/rm_dh_ws/install/rm_install/share/rm_install/package.dsv
[0.953s] -- Installing: /home/jim/rm_dh_ws/install/rm_install/share/ament_index/resource_index/packages/rm_install
[0.953s] -- Installing: /home/jim/rm_dh_ws/install/rm_install/share/rm_install/cmake/rm_installConfig.cmake
[0.953s] -- Installing: /home/jim/rm_dh_ws/install/rm_install/share/rm_install/cmake/rm_installConfig-version.cmake
[0.953s] -- Installing: /home/jim/rm_dh_ws/install/rm_install/share/rm_install/package.xml
[0.954s] Invoked command in '/home/jim/rm_dh_ws/build/rm_install' returned '0': CMAKE_PREFIX_PATH=${CMAKE_PREFIX_PATH}:/home/jim/rm_dh_ws/install/dh_gripper_driver:/home/jim/ws_moveit2/install/moveit_configs_utils:/home/jim/ws_moveit2/install/launch_param_builder:/home/jim/tactile_ws/install/tactile_sensor_ros2:/opt/ros/humble /usr/bin/cmake --install /home/jim/rm_dh_ws/build/rm_install
