[0.046s] Invoking command in '/home/jim/rm_dh_ws/build/rm_65_config': CMAKE_PREFIX_PATH=${CMAKE_PREFIX_PATH}:/home/jim/ws_moveit2/install/moveit_configs_utils:/home/jim/ws_moveit2/install/launch_param_builder:/home/jim/tactile_ws/install/tactile_sensor_ros2:/opt/ros/humble /usr/bin/cmake /home/jim/rm_dh_ws/src/rm_moveit2_config/rm_65_config -DCMAKE_INSTALL_PREFIX=/home/jim/rm_dh_ws/install/rm_65_config
[0.124s] -- The C compiler identification is GNU 11.4.0
[0.170s] -- The CXX compiler identification is GNU 11.4.0
[0.178s] -- Detecting C compiler ABI info
[0.261s] -- Detecting C compiler ABI info - done
[0.270s] -- Check for working C compiler: /usr/bin/cc - skipped
[0.271s] -- Detecting C compile features
[0.271s] -- Detecting C compile features - done
[0.275s] -- Detecting CXX compiler ABI info
[0.368s] -- Detecting CXX compiler ABI info - done
[0.373s] -- Check for working CXX compiler: /usr/bin/c++ - skipped
[0.373s] -- Detecting CXX compile features
[0.374s] -- Detecting CXX compile features - done
[0.378s] -- Found ament_cmake: 1.3.12 (/opt/ros/humble/share/ament_cmake/cmake)
[0.560s] -- Found Python3: /usr/bin/python3 (found version "3.10.12") found components: Interpreter 
[0.774s] -- Configuring done
[0.775s] -- Generating done
[0.776s] -- Build files have been written to: /home/jim/rm_dh_ws/build/rm_65_config
[0.781s] Invoked command in '/home/jim/rm_dh_ws/build/rm_65_config' returned '0': CMAKE_PREFIX_PATH=${CMAKE_PREFIX_PATH}:/home/jim/ws_moveit2/install/moveit_configs_utils:/home/jim/ws_moveit2/install/launch_param_builder:/home/jim/tactile_ws/install/tactile_sensor_ros2:/opt/ros/humble /usr/bin/cmake /home/jim/rm_dh_ws/src/rm_moveit2_config/rm_65_config -DCMAKE_INSTALL_PREFIX=/home/jim/rm_dh_ws/install/rm_65_config
[0.782s] Invoking command in '/home/jim/rm_dh_ws/build/rm_65_config': CMAKE_PREFIX_PATH=${CMAKE_PREFIX_PATH}:/home/jim/ws_moveit2/install/moveit_configs_utils:/home/jim/ws_moveit2/install/launch_param_builder:/home/jim/tactile_ws/install/tactile_sensor_ros2:/opt/ros/humble /usr/bin/cmake --build /home/jim/rm_dh_ws/build/rm_65_config -- -j16 -l16
[0.828s] Invoked command in '/home/jim/rm_dh_ws/build/rm_65_config' returned '0': CMAKE_PREFIX_PATH=${CMAKE_PREFIX_PATH}:/home/jim/ws_moveit2/install/moveit_configs_utils:/home/jim/ws_moveit2/install/launch_param_builder:/home/jim/tactile_ws/install/tactile_sensor_ros2:/opt/ros/humble /usr/bin/cmake --build /home/jim/rm_dh_ws/build/rm_65_config -- -j16 -l16
[0.839s] Invoking command in '/home/jim/rm_dh_ws/build/rm_65_config': CMAKE_PREFIX_PATH=${CMAKE_PREFIX_PATH}:/home/jim/ws_moveit2/install/moveit_configs_utils:/home/jim/ws_moveit2/install/launch_param_builder:/home/jim/tactile_ws/install/tactile_sensor_ros2:/opt/ros/humble /usr/bin/cmake --install /home/jim/rm_dh_ws/build/rm_65_config
[0.846s] -- Install configuration: ""
[0.846s] -- Installing: /home/jim/rm_dh_ws/install/rm_65_config/share/ament_index/resource_index/package_run_dependencies/rm_65_config
[0.846s] -- Installing: /home/jim/rm_dh_ws/install/rm_65_config/share/ament_index/resource_index/parent_prefix_path/rm_65_config
[0.846s] -- Installing: /home/jim/rm_dh_ws/install/rm_65_config/share/rm_65_config/environment/ament_prefix_path.sh
[0.847s] -- Installing: /home/jim/rm_dh_ws/install/rm_65_config/share/rm_65_config/environment/ament_prefix_path.dsv
[0.847s] -- Installing: /home/jim/rm_dh_ws/install/rm_65_config/share/rm_65_config/environment/path.sh
[0.847s] -- Installing: /home/jim/rm_dh_ws/install/rm_65_config/share/rm_65_config/environment/path.dsv
[0.847s] -- Installing: /home/jim/rm_dh_ws/install/rm_65_config/share/rm_65_config/local_setup.bash
[0.847s] -- Installing: /home/jim/rm_dh_ws/install/rm_65_config/share/rm_65_config/local_setup.sh
[0.847s] -- Installing: /home/jim/rm_dh_ws/install/rm_65_config/share/rm_65_config/local_setup.zsh
[0.847s] -- Installing: /home/jim/rm_dh_ws/install/rm_65_config/share/rm_65_config/local_setup.dsv
[0.847s] -- Installing: /home/jim/rm_dh_ws/install/rm_65_config/share/rm_65_config/package.dsv
[0.847s] -- Installing: /home/jim/rm_dh_ws/install/rm_65_config/share/ament_index/resource_index/packages/rm_65_config
[0.848s] -- Installing: /home/jim/rm_dh_ws/install/rm_65_config/share/rm_65_config/cmake/rm_65_configConfig.cmake
[0.848s] -- Installing: /home/jim/rm_dh_ws/install/rm_65_config/share/rm_65_config/cmake/rm_65_configConfig-version.cmake
[0.848s] -- Installing: /home/jim/rm_dh_ws/install/rm_65_config/share/rm_65_config/package.xml
[0.848s] -- Installing: /home/jim/rm_dh_ws/install/rm_65_config/share/rm_65_config/launch
[0.848s] -- Installing: /home/jim/rm_dh_ws/install/rm_65_config/share/rm_65_config/launch/move_group.launch.py
[0.848s] -- Installing: /home/jim/rm_dh_ws/install/rm_65_config/share/rm_65_config/launch/gazebo_moveit_demo.launch.py
[0.848s] -- Installing: /home/jim/rm_dh_ws/install/rm_65_config/share/rm_65_config/launch/real_moveit_demo_6f.launch.py
[0.848s] -- Installing: /home/jim/rm_dh_ws/install/rm_65_config/share/rm_65_config/launch/demo_6f.launch.py
[0.848s] -- Installing: /home/jim/rm_dh_ws/install/rm_65_config/share/rm_65_config/launch/setup_assistant.launch.py
[0.848s] -- Installing: /home/jim/rm_dh_ws/install/rm_65_config/share/rm_65_config/launch/real_moveit_demo_6fb.launch.py
[0.848s] -- Installing: /home/jim/rm_dh_ws/install/rm_65_config/share/rm_65_config/launch/warehouse_db.launch.py
[0.848s] -- Installing: /home/jim/rm_dh_ws/install/rm_65_config/share/rm_65_config/launch/moveit_rviz.launch.py
[0.848s] -- Installing: /home/jim/rm_dh_ws/install/rm_65_config/share/rm_65_config/launch/real_moveit_demo.launch.py
[0.848s] -- Installing: /home/jim/rm_dh_ws/install/rm_65_config/share/rm_65_config/launch/demo_6fb.launch copy.py
[0.848s] -- Installing: /home/jim/rm_dh_ws/install/rm_65_config/share/rm_65_config/launch/spawn_controllers.launch.py
[0.848s] -- Installing: /home/jim/rm_dh_ws/install/rm_65_config/share/rm_65_config/launch/demo_6fb.launch.py
[0.848s] -- Installing: /home/jim/rm_dh_ws/install/rm_65_config/share/rm_65_config/launch/gazebo_moveit_demo_6f.launch.py
[0.848s] -- Installing: /home/jim/rm_dh_ws/install/rm_65_config/share/rm_65_config/launch/static_virtual_joint_tfs.launch.py
[0.849s] -- Installing: /home/jim/rm_dh_ws/install/rm_65_config/share/rm_65_config/launch/demo.launch.py
[0.849s] -- Installing: /home/jim/rm_dh_ws/install/rm_65_config/share/rm_65_config/launch/gazebo_moveit_demo_6fb.launch.py
[0.849s] -- Installing: /home/jim/rm_dh_ws/install/rm_65_config/share/rm_65_config/launch/rsp.launch.py
[0.849s] -- Installing: /home/jim/rm_dh_ws/install/rm_65_config/share/rm_65_config/config
[0.849s] -- Installing: /home/jim/rm_dh_ws/install/rm_65_config/share/rm_65_config/config/ros2_controllers.yaml
[0.849s] -- Installing: /home/jim/rm_dh_ws/install/rm_65_config/share/rm_65_config/config/rm_65_description.ros2_control.xacro
[0.849s] -- Installing: /home/jim/rm_dh_ws/install/rm_65_config/share/rm_65_config/config/rm_65_6fb_description.urdf.xacro
[0.849s] -- Installing: /home/jim/rm_dh_ws/install/rm_65_config/share/rm_65_config/config/initial_positions.yaml
[0.849s] -- Installing: /home/jim/rm_dh_ws/install/rm_65_config/share/rm_65_config/config/rm_65_description.srdf
[0.849s] -- Installing: /home/jim/rm_dh_ws/install/rm_65_config/share/rm_65_config/config/pilz_cartesian_limits.yaml
[0.849s] -- Installing: /home/jim/rm_dh_ws/install/rm_65_config/share/rm_65_config/config/kinematics.yaml
[0.849s] -- Installing: /home/jim/rm_dh_ws/install/rm_65_config/share/rm_65_config/config/joint_limits.yaml
[0.849s] -- Installing: /home/jim/rm_dh_ws/install/rm_65_config/share/rm_65_config/config/moveit.rviz
[0.849s] -- Installing: /home/jim/rm_dh_ws/install/rm_65_config/share/rm_65_config/config/moveit_controllers.yaml
[0.849s] -- Installing: /home/jim/rm_dh_ws/install/rm_65_config/share/rm_65_config/config/rm_65_description.urdf.xacro
[0.850s] -- Installing: /home/jim/rm_dh_ws/install/rm_65_config/share/rm_65_config/.setup_assistant
[0.852s] Invoked command in '/home/jim/rm_dh_ws/build/rm_65_config' returned '0': CMAKE_PREFIX_PATH=${CMAKE_PREFIX_PATH}:/home/jim/ws_moveit2/install/moveit_configs_utils:/home/jim/ws_moveit2/install/launch_param_builder:/home/jim/tactile_ws/install/tactile_sensor_ros2:/opt/ros/humble /usr/bin/cmake --install /home/jim/rm_dh_ws/build/rm_65_config
