-- Install configuration: ""
-- Up-to-date: /home/jim/rm_dh_ws/install/rm_bringup/share/rm_bringup/launch
-- Up-to-date: /home/jim/rm_dh_ws/install/rm_bringup/share/rm_bringup/launch/rm_75_6f_gazebo.launch.py
-- Up-to-date: /home/jim/rm_dh_ws/install/rm_bringup/share/rm_bringup/launch/rm_65_6f_gazebo.launch.py
-- Up-to-date: /home/jim/rm_dh_ws/install/rm_bringup/share/rm_bringup/launch/rm_63_6f_gazebo.launch.py
-- Up-to-date: /home/jim/rm_dh_ws/install/rm_bringup/share/rm_bringup/launch/rm_63_6fb_bringup.launch.py
-- Up-to-date: /home/jim/rm_dh_ws/install/rm_bringup/share/rm_bringup/launch/rm_gen72_gazebo.launch.py
-- Up-to-date: /home/jim/rm_dh_ws/install/rm_bringup/share/rm_bringup/launch/rm_75_bringup.launch.py
-- Up-to-date: /home/jim/rm_dh_ws/install/rm_bringup/share/rm_bringup/launch/rm_65_6fb_gazebo.launch.py
-- Up-to-date: /home/jim/rm_dh_ws/install/rm_bringup/share/rm_bringup/launch/rm_eco63_6fb_gazebo.launch.py
-- Up-to-date: /home/jim/rm_dh_ws/install/rm_bringup/share/rm_bringup/launch/rm_63_III_6fb_bringup.launch.py
-- Up-to-date: /home/jim/rm_dh_ws/install/rm_bringup/share/rm_bringup/launch/rm_75_6fb_gazebo.launch.py
-- Up-to-date: /home/jim/rm_dh_ws/install/rm_bringup/share/rm_bringup/launch/rm_75_6f_bringup.launch.py
-- Up-to-date: /home/jim/rm_dh_ws/install/rm_bringup/share/rm_bringup/launch/rm_75_6fb_bringup.launch.py
-- Up-to-date: /home/jim/rm_dh_ws/install/rm_bringup/share/rm_bringup/launch/rm_eco63_6fb_bringup.launch.py
-- Up-to-date: /home/jim/rm_dh_ws/install/rm_bringup/share/rm_bringup/launch/rm_eco65_6f_gazebo.launch.py
-- Up-to-date: /home/jim/rm_dh_ws/install/rm_bringup/share/rm_bringup/launch/rm_63_6f_bringup.launch.py
-- Up-to-date: /home/jim/rm_dh_ws/install/rm_bringup/share/rm_bringup/launch/rm_eco65_6f_bringup.launch.py
-- Up-to-date: /home/jim/rm_dh_ws/install/rm_bringup/share/rm_bringup/launch/rm_63_III_gazebo.launch.py
-- Up-to-date: /home/jim/rm_dh_ws/install/rm_bringup/share/rm_bringup/launch/rm_63_III_bringup.launch.py
-- Up-to-date: /home/jim/rm_dh_ws/install/rm_bringup/share/rm_bringup/launch/rm_gen72_II_gazebo.launch.py
-- Up-to-date: /home/jim/rm_dh_ws/install/rm_bringup/share/rm_bringup/launch/rm_gen72_bringup.launch.py
-- Up-to-date: /home/jim/rm_dh_ws/install/rm_bringup/share/rm_bringup/launch/rm_63_bringup.launch.py
-- Up-to-date: /home/jim/rm_dh_ws/install/rm_bringup/share/rm_bringup/launch/rm_eco65_6fb_bringup.launch.py
-- Up-to-date: /home/jim/rm_dh_ws/install/rm_bringup/share/rm_bringup/launch/rm_65_bringup.launch.py
-- Up-to-date: /home/jim/rm_dh_ws/install/rm_bringup/share/rm_bringup/launch/rm_63_III_6fb_gazebo.launch.py
-- Up-to-date: /home/jim/rm_dh_ws/install/rm_bringup/share/rm_bringup/launch/rm_75_gazebo.launch.py
-- Installing: /home/jim/rm_dh_ws/install/rm_bringup/share/rm_bringup/launch/rm_65_ag95_hardware.launch.py
-- Up-to-date: /home/jim/rm_dh_ws/install/rm_bringup/share/rm_bringup/launch/rm_65_gazebo.launch.py
-- Up-to-date: /home/jim/rm_dh_ws/install/rm_bringup/share/rm_bringup/launch/rm_63_6fb_gazebo.launch.py
-- Up-to-date: /home/jim/rm_dh_ws/install/rm_bringup/share/rm_bringup/launch/rm_eco63_gazebo.launch.py
-- Up-to-date: /home/jim/rm_dh_ws/install/rm_bringup/share/rm_bringup/launch/rm_65_6fb_bringup.launch.py
-- Up-to-date: /home/jim/rm_dh_ws/install/rm_bringup/share/rm_bringup/launch/rm_eco65_gazebo.launch.py
-- Up-to-date: /home/jim/rm_dh_ws/install/rm_bringup/share/rm_bringup/launch/rm_63_gazebo.launch.py
-- Up-to-date: /home/jim/rm_dh_ws/install/rm_bringup/share/rm_bringup/launch/rm_eco65_bringup.launch.py
-- Up-to-date: /home/jim/rm_dh_ws/install/rm_bringup/share/rm_bringup/launch/rm_eco65_6fb_gazebo.launch.py
-- Up-to-date: /home/jim/rm_dh_ws/install/rm_bringup/share/rm_bringup/launch/rm_65_6f_bringup.launch.py
-- Up-to-date: /home/jim/rm_dh_ws/install/rm_bringup/share/rm_bringup/launch/rm_gen72_II_bringup.launch.py
-- Up-to-date: /home/jim/rm_dh_ws/install/rm_bringup/share/rm_bringup/launch/rm_eco63_bringup.launch.py
-- Up-to-date: /home/jim/rm_dh_ws/install/rm_bringup/share/ament_index/resource_index/package_run_dependencies/rm_bringup
-- Up-to-date: /home/jim/rm_dh_ws/install/rm_bringup/share/ament_index/resource_index/parent_prefix_path/rm_bringup
-- Up-to-date: /home/jim/rm_dh_ws/install/rm_bringup/share/rm_bringup/environment/ament_prefix_path.sh
-- Up-to-date: /home/jim/rm_dh_ws/install/rm_bringup/share/rm_bringup/environment/ament_prefix_path.dsv
-- Up-to-date: /home/jim/rm_dh_ws/install/rm_bringup/share/rm_bringup/environment/path.sh
-- Up-to-date: /home/jim/rm_dh_ws/install/rm_bringup/share/rm_bringup/environment/path.dsv
-- Up-to-date: /home/jim/rm_dh_ws/install/rm_bringup/share/rm_bringup/local_setup.bash
-- Up-to-date: /home/jim/rm_dh_ws/install/rm_bringup/share/rm_bringup/local_setup.sh
-- Up-to-date: /home/jim/rm_dh_ws/install/rm_bringup/share/rm_bringup/local_setup.zsh
-- Up-to-date: /home/jim/rm_dh_ws/install/rm_bringup/share/rm_bringup/local_setup.dsv
-- Up-to-date: /home/jim/rm_dh_ws/install/rm_bringup/share/rm_bringup/package.dsv
-- Up-to-date: /home/jim/rm_dh_ws/install/rm_bringup/share/ament_index/resource_index/packages/rm_bringup
-- Up-to-date: /home/jim/rm_dh_ws/install/rm_bringup/share/rm_bringup/cmake/rm_bringupConfig.cmake
-- Up-to-date: /home/jim/rm_dh_ws/install/rm_bringup/share/rm_bringup/cmake/rm_bringupConfig-version.cmake
-- Up-to-date: /home/jim/rm_dh_ws/install/rm_bringup/share/rm_bringup/package.xml
