[35m[1mConsolidate compiler generated dependencies of target rm_driver[0m
[100%] Built target rm_driver
-- Install configuration: ""
-- Up-to-date: /home/jim/rm_dh_ws/install/rm_driver/lib/rm_driver/rm_driver
-- Up-to-date: /home/jim/rm_dh_ws/install/rm_driver/share/rm_driver/launch
-- Up-to-date: /home/jim/rm_dh_ws/install/rm_driver/share/rm_driver/launch/rm_65_driver.launch.py
-- Up-to-date: /home/jim/rm_dh_ws/install/rm_driver/share/rm_driver/launch/rm_eco65_driver.launch.py
-- Up-to-date: /home/jim/rm_dh_ws/install/rm_driver/share/rm_driver/launch/rm_eco63_driver.launch.py
-- Up-to-date: /home/jim/rm_dh_ws/install/rm_driver/share/rm_driver/launch/rm_gen72_driver.launch.py
-- Up-to-date: /home/jim/rm_dh_ws/install/rm_driver/share/rm_driver/launch/rm_63_driver.launch.py
-- Up-to-date: /home/jim/rm_dh_ws/install/rm_driver/share/rm_driver/launch/rm_75_driver.launch.py
-- Up-to-date: /home/jim/rm_dh_ws/install/rm_driver/share/rm_driver/config
-- Up-to-date: /home/jim/rm_dh_ws/install/rm_driver/share/rm_driver/config/rm_75_config.yaml
-- Up-to-date: /home/jim/rm_dh_ws/install/rm_driver/share/rm_driver/config/rm_65_config.yaml
-- Up-to-date: /home/jim/rm_dh_ws/install/rm_driver/share/rm_driver/config/rm_eco65_config.yaml
-- Up-to-date: /home/jim/rm_dh_ws/install/rm_driver/share/rm_driver/config/rm_gen72_config.yaml
-- Up-to-date: /home/jim/rm_dh_ws/install/rm_driver/share/rm_driver/config/rm_eco63_config.yaml
-- Up-to-date: /home/jim/rm_dh_ws/install/rm_driver/share/rm_driver/config/rm_63_config.yaml
-- Up-to-date: /home/jim/rm_dh_ws/install/rm_driver/share/ament_index/resource_index/package_run_dependencies/rm_driver
-- Up-to-date: /home/jim/rm_dh_ws/install/rm_driver/share/ament_index/resource_index/parent_prefix_path/rm_driver
-- Up-to-date: /home/jim/rm_dh_ws/install/rm_driver/share/rm_driver/environment/ament_prefix_path.sh
-- Up-to-date: /home/jim/rm_dh_ws/install/rm_driver/share/rm_driver/environment/ament_prefix_path.dsv
-- Up-to-date: /home/jim/rm_dh_ws/install/rm_driver/share/rm_driver/environment/path.sh
-- Up-to-date: /home/jim/rm_dh_ws/install/rm_driver/share/rm_driver/environment/path.dsv
-- Up-to-date: /home/jim/rm_dh_ws/install/rm_driver/share/rm_driver/local_setup.bash
-- Up-to-date: /home/jim/rm_dh_ws/install/rm_driver/share/rm_driver/local_setup.sh
-- Up-to-date: /home/jim/rm_dh_ws/install/rm_driver/share/rm_driver/local_setup.zsh
-- Up-to-date: /home/jim/rm_dh_ws/install/rm_driver/share/rm_driver/local_setup.dsv
-- Installing: /home/jim/rm_dh_ws/install/rm_driver/share/rm_driver/package.dsv
-- Up-to-date: /home/jim/rm_dh_ws/install/rm_driver/share/ament_index/resource_index/packages/rm_driver
-- Up-to-date: /home/jim/rm_dh_ws/install/rm_driver/share/rm_driver/cmake/rm_driverConfig.cmake
-- Up-to-date: /home/jim/rm_dh_ws/install/rm_driver/share/rm_driver/cmake/rm_driverConfig-version.cmake
-- Up-to-date: /home/jim/rm_dh_ws/install/rm_driver/share/rm_driver/package.xml
