-- Install configuration: ""
-- Up-to-date: /home/jim/rm_dh_ws/install/rm_gazebo/share/rm_gazebo/launch
-- Up-to-date: /home/jim/rm_dh_ws/install/rm_gazebo/share/rm_gazebo/launch/gazebo_65_6f_demo.launch.py
-- Up-to-date: /home/jim/rm_dh_ws/install/rm_gazebo/share/rm_gazebo/launch/gazebo_75_demo.launch.py
-- Up-to-date: /home/jim/rm_dh_ws/install/rm_gazebo/share/rm_gazebo/launch/gazebo_eco65_6fb_demo.launch.py
-- Up-to-date: /home/jim/rm_dh_ws/install/rm_gazebo/share/rm_gazebo/launch/gazebo_63_III_demo.launch.py
-- Up-to-date: /home/jim/rm_dh_ws/install/rm_gazebo/share/rm_gazebo/launch/gazebo_65_demo.launch.py
-- Up-to-date: /home/jim/rm_dh_ws/install/rm_gazebo/share/rm_gazebo/launch/gazebo_75_6f_demo.launch.py
-- Up-to-date: /home/jim/rm_dh_ws/install/rm_gazebo/share/rm_gazebo/launch/gazebo_63_6f_demo.launch.py
-- Up-to-date: /home/jim/rm_dh_ws/install/rm_gazebo/share/rm_gazebo/launch/gazebo_65_6fb_demo.launch.py
-- Up-to-date: /home/jim/rm_dh_ws/install/rm_gazebo/share/rm_gazebo/launch/gazebo_eco65_6f_demo.launch.py
-- Up-to-date: /home/jim/rm_dh_ws/install/rm_gazebo/share/rm_gazebo/launch/gazebo_gen72_demo.launch.py
-- Up-to-date: /home/jim/rm_dh_ws/install/rm_gazebo/share/rm_gazebo/launch/gazebo_eco63_demo.launch.py
-- Up-to-date: /home/jim/rm_dh_ws/install/rm_gazebo/share/rm_gazebo/launch/gazebo_gen72_II_demo.launch.py
-- Up-to-date: /home/jim/rm_dh_ws/install/rm_gazebo/share/rm_gazebo/launch/gazebo_63_demo.launch.py
-- Up-to-date: /home/jim/rm_dh_ws/install/rm_gazebo/share/rm_gazebo/launch/gazebo_75_6fb_demo.launch.py
-- Up-to-date: /home/jim/rm_dh_ws/install/rm_gazebo/share/rm_gazebo/launch/gazebo_63_6fb_demo.launch.py
-- Up-to-date: /home/jim/rm_dh_ws/install/rm_gazebo/share/rm_gazebo/launch/gazebo_63_III_6fb_demo.launch.py
-- Up-to-date: /home/jim/rm_dh_ws/install/rm_gazebo/share/rm_gazebo/launch/gazebo_eco65_demo.launch.py
-- Up-to-date: /home/jim/rm_dh_ws/install/rm_gazebo/share/rm_gazebo/launch/gazebo_eco63_6fb_demo.launch.py
-- Up-to-date: /home/jim/rm_dh_ws/install/rm_gazebo/share/rm_gazebo/config
-- Up-to-date: /home/jim/rm_dh_ws/install/rm_gazebo/share/rm_gazebo/config/gazebo_63_description.urdf.xacro
-- Up-to-date: /home/jim/rm_dh_ws/install/rm_gazebo/share/rm_gazebo/config/gazebo_65_description.urdf.xacro
-- Up-to-date: /home/jim/rm_dh_ws/install/rm_gazebo/share/rm_gazebo/config/gazebo_gen72_II_description.urdf.xacro
-- Up-to-date: /home/jim/rm_dh_ws/install/rm_gazebo/share/rm_gazebo/config/gazebo_eco65_6fb_description.urdf.xacro
-- Up-to-date: /home/jim/rm_dh_ws/install/rm_gazebo/share/rm_gazebo/config/gazebo_63_III_description.urdf.xacro
-- Up-to-date: /home/jim/rm_dh_ws/install/rm_gazebo/share/rm_gazebo/config/gazebo_gen72_description.urdf.xacro
-- Up-to-date: /home/jim/rm_dh_ws/install/rm_gazebo/share/rm_gazebo/config/gazebo_eco63_description.urdf.xacro
-- Up-to-date: /home/jim/rm_dh_ws/install/rm_gazebo/share/rm_gazebo/config/gazebo_63_6fb_description.urdf.xacro
-- Up-to-date: /home/jim/rm_dh_ws/install/rm_gazebo/share/rm_gazebo/config/gazebo_75_6fb_description.urdf.xacro
-- Up-to-date: /home/jim/rm_dh_ws/install/rm_gazebo/share/rm_gazebo/config/gazebo_75_description.urdf.xacro
-- Up-to-date: /home/jim/rm_dh_ws/install/rm_gazebo/share/rm_gazebo/config/gazebo_65_6fb_description.urdf.xacro
-- Up-to-date: /home/jim/rm_dh_ws/install/rm_gazebo/share/rm_gazebo/config/gazebo_eco65_description.urdf.xacro
-- Up-to-date: /home/jim/rm_dh_ws/install/rm_gazebo/share/rm_gazebo/config/gazebo_eco63_6fb_description.urdf.xacro
-- Up-to-date: /home/jim/rm_dh_ws/install/rm_gazebo/share/ament_index/resource_index/package_run_dependencies/rm_gazebo
-- Up-to-date: /home/jim/rm_dh_ws/install/rm_gazebo/share/ament_index/resource_index/parent_prefix_path/rm_gazebo
-- Up-to-date: /home/jim/rm_dh_ws/install/rm_gazebo/share/rm_gazebo/environment/ament_prefix_path.sh
-- Up-to-date: /home/jim/rm_dh_ws/install/rm_gazebo/share/rm_gazebo/environment/ament_prefix_path.dsv
-- Up-to-date: /home/jim/rm_dh_ws/install/rm_gazebo/share/rm_gazebo/environment/path.sh
-- Up-to-date: /home/jim/rm_dh_ws/install/rm_gazebo/share/rm_gazebo/environment/path.dsv
-- Up-to-date: /home/jim/rm_dh_ws/install/rm_gazebo/share/rm_gazebo/local_setup.bash
-- Up-to-date: /home/jim/rm_dh_ws/install/rm_gazebo/share/rm_gazebo/local_setup.sh
-- Up-to-date: /home/jim/rm_dh_ws/install/rm_gazebo/share/rm_gazebo/local_setup.zsh
-- Up-to-date: /home/jim/rm_dh_ws/install/rm_gazebo/share/rm_gazebo/local_setup.dsv
-- Up-to-date: /home/jim/rm_dh_ws/install/rm_gazebo/share/rm_gazebo/package.dsv
-- Up-to-date: /home/jim/rm_dh_ws/install/rm_gazebo/share/ament_index/resource_index/packages/rm_gazebo
-- Up-to-date: /home/jim/rm_dh_ws/install/rm_gazebo/share/rm_gazebo/cmake/rm_gazeboConfig.cmake
-- Up-to-date: /home/jim/rm_dh_ws/install/rm_gazebo/share/rm_gazebo/cmake/rm_gazeboConfig-version.cmake
-- Up-to-date: /home/jim/rm_dh_ws/install/rm_gazebo/share/rm_gazebo/package.xml
