[0.042s] Invoking command in '/home/jim/rm_dh_ws/build/rm_install': CMAKE_PREFIX_PATH=${CMAKE_PREFIX_PATH}:/home/jim/rm_dh_ws/install/dh_gripper_driver:/home/jim/ws_moveit2/install/moveit_configs_utils:/home/jim/ws_moveit2/install/launch_param_builder:/home/jim/tactile_ws/install/tactile_sensor_ros2:/opt/ros/humble /usr/bin/cmake --build /home/jim/rm_dh_ws/build/rm_install -- -j16 -l16
[0.120s] Invoked command in '/home/jim/rm_dh_ws/build/rm_install' returned '0': CMAKE_PREFIX_PATH=${CMAKE_PREFIX_PATH}:/home/jim/rm_dh_ws/install/dh_gripper_driver:/home/jim/ws_moveit2/install/moveit_configs_utils:/home/jim/ws_moveit2/install/launch_param_builder:/home/jim/tactile_ws/install/tactile_sensor_ros2:/opt/ros/humble /usr/bin/cmake --build /home/jim/rm_dh_ws/build/rm_install -- -j16 -l16
[0.123s] Invoking command in '/home/jim/rm_dh_ws/build/rm_install': CMAKE_PREFIX_PATH=${CMAKE_PREFIX_PATH}:/home/jim/rm_dh_ws/install/dh_gripper_driver:/home/jim/ws_moveit2/install/moveit_configs_utils:/home/jim/ws_moveit2/install/launch_param_builder:/home/jim/tactile_ws/install/tactile_sensor_ros2:/opt/ros/humble /usr/bin/cmake --install /home/jim/rm_dh_ws/build/rm_install
[0.126s] -- Install configuration: ""
[0.126s] -- Up-to-date: /home/jim/rm_dh_ws/install/rm_install/share/ament_index/resource_index/package_run_dependencies/rm_install
[0.126s] -- Up-to-date: /home/jim/rm_dh_ws/install/rm_install/share/ament_index/resource_index/parent_prefix_path/rm_install
[0.126s] -- Up-to-date: /home/jim/rm_dh_ws/install/rm_install/share/rm_install/environment/ament_prefix_path.sh
[0.126s] -- Up-to-date: /home/jim/rm_dh_ws/install/rm_install/share/rm_install/environment/ament_prefix_path.dsv
[0.126s] -- Up-to-date: /home/jim/rm_dh_ws/install/rm_install/share/rm_install/environment/path.sh
[0.126s] -- Up-to-date: /home/jim/rm_dh_ws/install/rm_install/share/rm_install/environment/path.dsv
[0.126s] -- Up-to-date: /home/jim/rm_dh_ws/install/rm_install/share/rm_install/local_setup.bash
[0.126s] -- Up-to-date: /home/jim/rm_dh_ws/install/rm_install/share/rm_install/local_setup.sh
[0.126s] -- Up-to-date: /home/jim/rm_dh_ws/install/rm_install/share/rm_install/local_setup.zsh
[0.126s] -- Up-to-date: /home/jim/rm_dh_ws/install/rm_install/share/rm_install/local_setup.dsv
[0.126s] -- Up-to-date: /home/jim/rm_dh_ws/install/rm_install/share/rm_install/package.dsv
[0.126s] -- Up-to-date: /home/jim/rm_dh_ws/install/rm_install/share/ament_index/resource_index/packages/rm_install
[0.126s] -- Up-to-date: /home/jim/rm_dh_ws/install/rm_install/share/rm_install/cmake/rm_installConfig.cmake
[0.126s] -- Up-to-date: /home/jim/rm_dh_ws/install/rm_install/share/rm_install/cmake/rm_installConfig-version.cmake
[0.126s] -- Up-to-date: /home/jim/rm_dh_ws/install/rm_install/share/rm_install/package.xml
[0.247s] Invoked command in '/home/jim/rm_dh_ws/build/rm_install' returned '0': CMAKE_PREFIX_PATH=${CMAKE_PREFIX_PATH}:/home/jim/rm_dh_ws/install/dh_gripper_driver:/home/jim/ws_moveit2/install/moveit_configs_utils:/home/jim/ws_moveit2/install/launch_param_builder:/home/jim/tactile_ws/install/tactile_sensor_ros2:/opt/ros/humble /usr/bin/cmake --install /home/jim/rm_dh_ws/build/rm_install
