[35m[1mConsolidate compiler generated dependencies of target rm_get_arm_state_demo[0m
[100%] Built target rm_get_arm_state_demo
-- Install configuration: ""
-- Up-to-date: /home/jim/rm_dh_ws/install/get_arm_state/share/get_arm_state/launch
-- Up-to-date: /home/jim/rm_dh_ws/install/get_arm_state/share/get_arm_state/launch/get_arm_state_demo.launch.py
-- Up-to-date: /home/jim/rm_dh_ws/install/get_arm_state/lib/get_arm_state/rm_get_arm_state_demo
-- Up-to-date: /home/jim/rm_dh_ws/install/get_arm_state/share/ament_index/resource_index/package_run_dependencies/get_arm_state
-- Up-to-date: /home/jim/rm_dh_ws/install/get_arm_state/share/ament_index/resource_index/parent_prefix_path/get_arm_state
-- Up-to-date: /home/jim/rm_dh_ws/install/get_arm_state/share/get_arm_state/environment/ament_prefix_path.sh
-- Up-to-date: /home/jim/rm_dh_ws/install/get_arm_state/share/get_arm_state/environment/ament_prefix_path.dsv
-- Up-to-date: /home/jim/rm_dh_ws/install/get_arm_state/share/get_arm_state/environment/path.sh
-- Up-to-date: /home/jim/rm_dh_ws/install/get_arm_state/share/get_arm_state/environment/path.dsv
-- Up-to-date: /home/jim/rm_dh_ws/install/get_arm_state/share/get_arm_state/local_setup.bash
-- Up-to-date: /home/jim/rm_dh_ws/install/get_arm_state/share/get_arm_state/local_setup.sh
-- Up-to-date: /home/jim/rm_dh_ws/install/get_arm_state/share/get_arm_state/local_setup.zsh
-- Up-to-date: /home/jim/rm_dh_ws/install/get_arm_state/share/get_arm_state/local_setup.dsv
-- Installing: /home/jim/rm_dh_ws/install/get_arm_state/share/get_arm_state/package.dsv
-- Up-to-date: /home/jim/rm_dh_ws/install/get_arm_state/share/ament_index/resource_index/packages/get_arm_state
-- Up-to-date: /home/jim/rm_dh_ws/install/get_arm_state/share/get_arm_state/cmake/get_arm_stateConfig.cmake
-- Up-to-date: /home/jim/rm_dh_ws/install/get_arm_state/share/get_arm_state/cmake/get_arm_stateConfig-version.cmake
-- Up-to-date: /home/jim/rm_dh_ws/install/get_arm_state/share/get_arm_state/package.xml
