-- Install configuration: ""
-- Up-to-date: /home/jim/rm_dh_ws/install/dh_gripper_description/share/dh_gripper_description/launch
-- Up-to-date: /home/jim/rm_dh_ws/install/dh_gripper_description/share/dh_gripper_description/launch/dh_gripper_bringup.launch.py
-- Up-to-date: /home/jim/rm_dh_ws/install/dh_gripper_description/share/dh_gripper_description/meshes
-- Up-to-date: /home/jim/rm_dh_ws/install/dh_gripper_description/share/dh_gripper_description/meshes/base_link.STL
-- Up-to-date: /home/jim/rm_dh_ws/install/dh_gripper_description/share/dh_gripper_description/meshes/rod_Link.STL
-- Up-to-date: /home/jim/rm_dh_ws/install/dh_gripper_description/share/dh_gripper_description/meshes/distal_phalanx_Link.STL
-- Up-to-date: /home/jim/rm_dh_ws/install/dh_gripper_description/share/dh_gripper_description/meshes/proximal_phalanx_Link.STL
-- Up-to-date: /home/jim/rm_dh_ws/install/dh_gripper_description/share/dh_gripper_description/meshes/crank_Link.STL
-- Up-to-date: /home/jim/rm_dh_ws/install/dh_gripper_description/share/dh_gripper_description/urdf
-- Up-to-date: /home/jim/rm_dh_ws/install/dh_gripper_description/share/dh_gripper_description/urdf/ag95_gripper.urdf.xacro
-- Up-to-date: /home/jim/rm_dh_ws/install/dh_gripper_description/share/ament_index/resource_index/package_run_dependencies/dh_gripper_description
-- Up-to-date: /home/jim/rm_dh_ws/install/dh_gripper_description/share/ament_index/resource_index/parent_prefix_path/dh_gripper_description
-- Up-to-date: /home/jim/rm_dh_ws/install/dh_gripper_description/share/dh_gripper_description/environment/ament_prefix_path.sh
-- Up-to-date: /home/jim/rm_dh_ws/install/dh_gripper_description/share/dh_gripper_description/environment/ament_prefix_path.dsv
-- Up-to-date: /home/jim/rm_dh_ws/install/dh_gripper_description/share/dh_gripper_description/environment/path.sh
-- Up-to-date: /home/jim/rm_dh_ws/install/dh_gripper_description/share/dh_gripper_description/environment/path.dsv
-- Up-to-date: /home/jim/rm_dh_ws/install/dh_gripper_description/share/dh_gripper_description/local_setup.bash
-- Up-to-date: /home/jim/rm_dh_ws/install/dh_gripper_description/share/dh_gripper_description/local_setup.sh
-- Up-to-date: /home/jim/rm_dh_ws/install/dh_gripper_description/share/dh_gripper_description/local_setup.zsh
-- Up-to-date: /home/jim/rm_dh_ws/install/dh_gripper_description/share/dh_gripper_description/local_setup.dsv
-- Up-to-date: /home/jim/rm_dh_ws/install/dh_gripper_description/share/dh_gripper_description/package.dsv
-- Up-to-date: /home/jim/rm_dh_ws/install/dh_gripper_description/share/ament_index/resource_index/packages/dh_gripper_description
-- Up-to-date: /home/jim/rm_dh_ws/install/dh_gripper_description/share/dh_gripper_description/cmake/dh_gripper_descriptionConfig.cmake
-- Up-to-date: /home/jim/rm_dh_ws/install/dh_gripper_description/share/dh_gripper_description/cmake/dh_gripper_descriptionConfig-version.cmake
-- Up-to-date: /home/jim/rm_dh_ws/install/dh_gripper_description/share/dh_gripper_description/package.xml
