[0.040s] Invoking command in '/home/jim/rm_dh_ws/build/rm_65_config': CMAKE_PREFIX_PATH=${CMAKE_PREFIX_PATH}:/home/jim/rm_dh_ws/install/dh_gripper_driver:/home/jim/ws_moveit2/install/moveit_configs_utils:/home/jim/ws_moveit2/install/launch_param_builder:/home/jim/tactile_ws/install/tactile_sensor_ros2:/opt/ros/humble /usr/bin/cmake --build /home/jim/rm_dh_ws/build/rm_65_config -- -j16 -l16
[0.111s] Invoked command in '/home/jim/rm_dh_ws/build/rm_65_config' returned '0': CMAKE_PREFIX_PATH=${CMAKE_PREFIX_PATH}:/home/jim/rm_dh_ws/install/dh_gripper_driver:/home/jim/ws_moveit2/install/moveit_configs_utils:/home/jim/ws_moveit2/install/launch_param_builder:/home/jim/tactile_ws/install/tactile_sensor_ros2:/opt/ros/humble /usr/bin/cmake --build /home/jim/rm_dh_ws/build/rm_65_config -- -j16 -l16
[0.113s] Invoking command in '/home/jim/rm_dh_ws/build/rm_65_config': CMAKE_PREFIX_PATH=${CMAKE_PREFIX_PATH}:/home/jim/rm_dh_ws/install/dh_gripper_driver:/home/jim/ws_moveit2/install/moveit_configs_utils:/home/jim/ws_moveit2/install/launch_param_builder:/home/jim/tactile_ws/install/tactile_sensor_ros2:/opt/ros/humble /usr/bin/cmake --install /home/jim/rm_dh_ws/build/rm_65_config
[0.139s] -- Install configuration: ""
[0.140s] -- Up-to-date: /home/jim/rm_dh_ws/install/rm_65_config/share/ament_index/resource_index/package_run_dependencies/rm_65_config
[0.140s] -- Up-to-date: /home/jim/rm_dh_ws/install/rm_65_config/share/ament_index/resource_index/parent_prefix_path/rm_65_config
[0.140s] -- Up-to-date: /home/jim/rm_dh_ws/install/rm_65_config/share/rm_65_config/environment/ament_prefix_path.sh
[0.140s] -- Up-to-date: /home/jim/rm_dh_ws/install/rm_65_config/share/rm_65_config/environment/ament_prefix_path.dsv
[0.140s] -- Up-to-date: /home/jim/rm_dh_ws/install/rm_65_config/share/rm_65_config/environment/path.sh
[0.141s] -- Up-to-date: /home/jim/rm_dh_ws/install/rm_65_config/share/rm_65_config/environment/path.dsv
[0.141s] -- Up-to-date: /home/jim/rm_dh_ws/install/rm_65_config/share/rm_65_config/local_setup.bash
[0.142s] -- Up-to-date: /home/jim/rm_dh_ws/install/rm_65_config/share/rm_65_config/local_setup.sh
[0.143s] -- Up-to-date: /home/jim/rm_dh_ws/install/rm_65_config/share/rm_65_config/local_setup.zsh
[0.143s] -- Up-to-date: /home/jim/rm_dh_ws/install/rm_65_config/share/rm_65_config/local_setup.dsv
[0.143s] -- Up-to-date: /home/jim/rm_dh_ws/install/rm_65_config/share/rm_65_config/package.dsv
[0.143s] -- Up-to-date: /home/jim/rm_dh_ws/install/rm_65_config/share/ament_index/resource_index/packages/rm_65_config
[0.143s] -- Up-to-date: /home/jim/rm_dh_ws/install/rm_65_config/share/rm_65_config/cmake/rm_65_configConfig.cmake
[0.143s] -- Up-to-date: /home/jim/rm_dh_ws/install/rm_65_config/share/rm_65_config/cmake/rm_65_configConfig-version.cmake
[0.143s] -- Up-to-date: /home/jim/rm_dh_ws/install/rm_65_config/share/rm_65_config/package.xml
[0.143s] -- Up-to-date: /home/jim/rm_dh_ws/install/rm_65_config/share/rm_65_config/launch
[0.143s] -- Up-to-date: /home/jim/rm_dh_ws/install/rm_65_config/share/rm_65_config/launch/move_group.launch.py
[0.143s] -- Up-to-date: /home/jim/rm_dh_ws/install/rm_65_config/share/rm_65_config/launch/gazebo_moveit_demo.launch.py
[0.143s] -- Up-to-date: /home/jim/rm_dh_ws/install/rm_65_config/share/rm_65_config/launch/real_moveit_demo_6f.launch.py
[0.143s] -- Up-to-date: /home/jim/rm_dh_ws/install/rm_65_config/share/rm_65_config/launch/demo_6f.launch.py
[0.143s] -- Up-to-date: /home/jim/rm_dh_ws/install/rm_65_config/share/rm_65_config/launch/setup_assistant.launch.py
[0.143s] -- Up-to-date: /home/jim/rm_dh_ws/install/rm_65_config/share/rm_65_config/launch/real_moveit_demo_6fb.launch.py
[0.143s] -- Up-to-date: /home/jim/rm_dh_ws/install/rm_65_config/share/rm_65_config/launch/warehouse_db.launch.py
[0.143s] -- Up-to-date: /home/jim/rm_dh_ws/install/rm_65_config/share/rm_65_config/launch/moveit_rviz.launch.py
[0.143s] -- Up-to-date: /home/jim/rm_dh_ws/install/rm_65_config/share/rm_65_config/launch/real_moveit_demo.launch.py
[0.143s] -- Up-to-date: /home/jim/rm_dh_ws/install/rm_65_config/share/rm_65_config/launch/demo_6fb.launch copy.py
[0.143s] -- Up-to-date: /home/jim/rm_dh_ws/install/rm_65_config/share/rm_65_config/launch/spawn_controllers.launch.py
[0.143s] -- Up-to-date: /home/jim/rm_dh_ws/install/rm_65_config/share/rm_65_config/launch/demo_6fb.launch.py
[0.143s] -- Up-to-date: /home/jim/rm_dh_ws/install/rm_65_config/share/rm_65_config/launch/gazebo_moveit_demo_6f.launch.py
[0.143s] -- Up-to-date: /home/jim/rm_dh_ws/install/rm_65_config/share/rm_65_config/launch/static_virtual_joint_tfs.launch.py
[0.143s] -- Up-to-date: /home/jim/rm_dh_ws/install/rm_65_config/share/rm_65_config/launch/demo.launch.py
[0.143s] -- Up-to-date: /home/jim/rm_dh_ws/install/rm_65_config/share/rm_65_config/launch/gazebo_moveit_demo_6fb.launch.py
[0.143s] -- Up-to-date: /home/jim/rm_dh_ws/install/rm_65_config/share/rm_65_config/launch/rsp.launch.py
[0.143s] -- Up-to-date: /home/jim/rm_dh_ws/install/rm_65_config/share/rm_65_config/config
[0.143s] -- Up-to-date: /home/jim/rm_dh_ws/install/rm_65_config/share/rm_65_config/config/ros2_controllers.yaml
[0.143s] -- Up-to-date: /home/jim/rm_dh_ws/install/rm_65_config/share/rm_65_config/config/rm_65_description.ros2_control.xacro
[0.143s] -- Up-to-date: /home/jim/rm_dh_ws/install/rm_65_config/share/rm_65_config/config/rm_65_6fb_description.urdf.xacro
[0.144s] -- Up-to-date: /home/jim/rm_dh_ws/install/rm_65_config/share/rm_65_config/config/initial_positions.yaml
[0.144s] -- Up-to-date: /home/jim/rm_dh_ws/install/rm_65_config/share/rm_65_config/config/rm_65_description.srdf
[0.144s] -- Up-to-date: /home/jim/rm_dh_ws/install/rm_65_config/share/rm_65_config/config/pilz_cartesian_limits.yaml
[0.144s] -- Up-to-date: /home/jim/rm_dh_ws/install/rm_65_config/share/rm_65_config/config/kinematics.yaml
[0.144s] -- Up-to-date: /home/jim/rm_dh_ws/install/rm_65_config/share/rm_65_config/config/joint_limits.yaml
[0.144s] -- Up-to-date: /home/jim/rm_dh_ws/install/rm_65_config/share/rm_65_config/config/moveit.rviz
[0.144s] -- Up-to-date: /home/jim/rm_dh_ws/install/rm_65_config/share/rm_65_config/config/moveit_controllers.yaml
[0.144s] -- Up-to-date: /home/jim/rm_dh_ws/install/rm_65_config/share/rm_65_config/config/rm_65_description.urdf.xacro
[0.144s] -- Up-to-date: /home/jim/rm_dh_ws/install/rm_65_config/share/rm_65_config/.setup_assistant
[0.213s] Invoked command in '/home/jim/rm_dh_ws/build/rm_65_config' returned '0': CMAKE_PREFIX_PATH=${CMAKE_PREFIX_PATH}:/home/jim/rm_dh_ws/install/dh_gripper_driver:/home/jim/ws_moveit2/install/moveit_configs_utils:/home/jim/ws_moveit2/install/launch_param_builder:/home/jim/tactile_ws/install/tactile_sensor_ros2:/opt/ros/humble /usr/bin/cmake --install /home/jim/rm_dh_ws/build/rm_65_config
