[0.102s] DEBUG:colcon:Command line arguments: ['/usr/bin/colcon', 'build', '--packages-select', 'rm_description']
[0.102s] DEBUG:colcon:Parsed command line arguments: Namespace(log_base=None, log_level=None, verb_name='build', build_base='build', install_base='install', merge_install=False, symlink_install=False, test_result_base=None, continue_on_error=False, executor='parallel', parallel_workers=16, event_handlers=None, ignore_user_meta=False, metas=['./colcon.meta'], base_paths=['.'], packages_ignore=None, packages_ignore_regex=None, paths=None, packages_up_to=None, packages_up_to_regex=None, packages_above=None, packages_above_and_dependencies=None, packages_above_depth=None, packages_select_by_dep=None, packages_skip_by_dep=None, packages_skip_up_to=None, packages_select_build_failed=False, packages_skip_build_finished=False, packages_select_test_failures=False, packages_skip_test_passed=False, packages_select=['rm_description'], packages_skip=None, packages_select_regex=None, packages_skip_regex=None, packages_start=None, packages_end=None, allow_overriding=[], cmake_args=None, cmake_target=None, cmake_target_skip_unavailable=False, cmake_clean_cache=False, cmake_clean_first=False, cmake_force_configure=False, ament_cmake_args=None, catkin_cmake_args=None, catkin_skip_building_tests=False, mixin_files=None, mixin=None, verb_parser=<colcon_mixin.mixin.mixin_argument.MixinArgumentDecorator object at 0x7f35dc59e020>, verb_extension=<colcon_core.verb.build.BuildVerb object at 0x7f35dc59db70>, main=<bound method BuildVerb.main of <colcon_core.verb.build.BuildVerb object at 0x7f35dc59db70>>, mixin_verb=('build',))
[0.218s] Level 1:colcon.colcon_core.package_discovery:discover_packages(colcon_meta) check parameters
[0.218s] Level 1:colcon.colcon_core.package_discovery:discover_packages(recursive) check parameters
[0.218s] Level 1:colcon.colcon_core.package_discovery:discover_packages(ignore) check parameters
[0.218s] Level 1:colcon.colcon_core.package_discovery:discover_packages(path) check parameters
[0.218s] Level 1:colcon.colcon_core.package_discovery:discover_packages(colcon_meta) discover
[0.218s] Level 1:colcon.colcon_core.package_discovery:discover_packages(recursive) discover
[0.218s] INFO:colcon.colcon_core.package_discovery:Crawling recursively for packages in '/home/jim/rm_dh_ws'
[0.218s] Level 1:colcon.colcon_core.package_identification:_identify(.) by extensions ['ignore', 'ignore_ament_install']
[0.218s] Level 1:colcon.colcon_core.package_identification:_identify(.) by extension 'ignore'
[0.218s] Level 1:colcon.colcon_core.package_identification:_identify(.) by extension 'ignore_ament_install'
[0.218s] Level 1:colcon.colcon_core.package_identification:_identify(.) by extensions ['colcon_pkg']
[0.218s] Level 1:colcon.colcon_core.package_identification:_identify(.) by extension 'colcon_pkg'
[0.218s] Level 1:colcon.colcon_core.package_identification:_identify(.) by extensions ['colcon_meta']
[0.218s] Level 1:colcon.colcon_core.package_identification:_identify(.) by extension 'colcon_meta'
[0.218s] Level 1:colcon.colcon_core.package_identification:_identify(.) by extensions ['ros']
[0.218s] Level 1:colcon.colcon_core.package_identification:_identify(.) by extension 'ros'
[0.231s] Level 1:colcon.colcon_core.package_identification:_identify(.) by extensions ['cmake', 'python']
[0.231s] Level 1:colcon.colcon_core.package_identification:_identify(.) by extension 'cmake'
[0.231s] Level 1:colcon.colcon_core.package_identification:_identify(.) by extension 'python'
[0.231s] Level 1:colcon.colcon_core.package_identification:_identify(.) by extensions ['python_setup_py']
[0.231s] Level 1:colcon.colcon_core.package_identification:_identify(.) by extension 'python_setup_py'
[0.231s] Level 1:colcon.colcon_core.package_identification:_identify(build) by extensions ['ignore', 'ignore_ament_install']
[0.232s] Level 1:colcon.colcon_core.package_identification:_identify(build) by extension 'ignore'
[0.232s] Level 1:colcon.colcon_core.package_identification:_identify(build) ignored
[0.232s] Level 1:colcon.colcon_core.package_identification:_identify(install) by extensions ['ignore', 'ignore_ament_install']
[0.232s] Level 1:colcon.colcon_core.package_identification:_identify(install) by extension 'ignore'
[0.232s] Level 1:colcon.colcon_core.package_identification:_identify(install) ignored
[0.232s] Level 1:colcon.colcon_core.package_identification:_identify(log) by extensions ['ignore', 'ignore_ament_install']
[0.232s] Level 1:colcon.colcon_core.package_identification:_identify(log) by extension 'ignore'
[0.232s] Level 1:colcon.colcon_core.package_identification:_identify(log) ignored
[0.232s] Level 1:colcon.colcon_core.package_identification:_identify(src) by extensions ['ignore', 'ignore_ament_install']
[0.232s] Level 1:colcon.colcon_core.package_identification:_identify(src) by extension 'ignore'
[0.232s] Level 1:colcon.colcon_core.package_identification:_identify(src) by extension 'ignore_ament_install'
[0.232s] Level 1:colcon.colcon_core.package_identification:_identify(src) by extensions ['colcon_pkg']
[0.232s] Level 1:colcon.colcon_core.package_identification:_identify(src) by extension 'colcon_pkg'
[0.232s] Level 1:colcon.colcon_core.package_identification:_identify(src) by extensions ['colcon_meta']
[0.232s] Level 1:colcon.colcon_core.package_identification:_identify(src) by extension 'colcon_meta'
[0.232s] Level 1:colcon.colcon_core.package_identification:_identify(src) by extensions ['ros']
[0.232s] Level 1:colcon.colcon_core.package_identification:_identify(src) by extension 'ros'
[0.232s] Level 1:colcon.colcon_core.package_identification:_identify(src) by extensions ['cmake', 'python']
[0.232s] Level 1:colcon.colcon_core.package_identification:_identify(src) by extension 'cmake'
[0.232s] Level 1:colcon.colcon_core.package_identification:_identify(src) by extension 'python'
[0.232s] Level 1:colcon.colcon_core.package_identification:_identify(src) by extensions ['python_setup_py']
[0.232s] Level 1:colcon.colcon_core.package_identification:_identify(src) by extension 'python_setup_py'
[0.232s] Level 1:colcon.colcon_core.package_identification:_identify(src/dh_gripper_description) by extensions ['ignore', 'ignore_ament_install']
[0.232s] Level 1:colcon.colcon_core.package_identification:_identify(src/dh_gripper_description) by extension 'ignore'
[0.232s] Level 1:colcon.colcon_core.package_identification:_identify(src/dh_gripper_description) by extension 'ignore_ament_install'
[0.232s] Level 1:colcon.colcon_core.package_identification:_identify(src/dh_gripper_description) by extensions ['colcon_pkg']
[0.232s] Level 1:colcon.colcon_core.package_identification:_identify(src/dh_gripper_description) by extension 'colcon_pkg'
[0.232s] Level 1:colcon.colcon_core.package_identification:_identify(src/dh_gripper_description) by extensions ['colcon_meta']
[0.232s] Level 1:colcon.colcon_core.package_identification:_identify(src/dh_gripper_description) by extension 'colcon_meta'
[0.232s] Level 1:colcon.colcon_core.package_identification:_identify(src/dh_gripper_description) by extensions ['ros']
[0.232s] Level 1:colcon.colcon_core.package_identification:_identify(src/dh_gripper_description) by extension 'ros'
[0.234s] DEBUG:colcon.colcon_core.package_identification:Package 'src/dh_gripper_description' with type 'ros.ament_cmake' and name 'dh_gripper_description'
[0.234s] Level 1:colcon.colcon_core.package_identification:_identify(src/dh_gripper_driver) by extensions ['ignore', 'ignore_ament_install']
[0.234s] Level 1:colcon.colcon_core.package_identification:_identify(src/dh_gripper_driver) by extension 'ignore'
[0.234s] Level 1:colcon.colcon_core.package_identification:_identify(src/dh_gripper_driver) by extension 'ignore_ament_install'
[0.234s] Level 1:colcon.colcon_core.package_identification:_identify(src/dh_gripper_driver) by extensions ['colcon_pkg']
[0.234s] Level 1:colcon.colcon_core.package_identification:_identify(src/dh_gripper_driver) by extension 'colcon_pkg'
[0.234s] Level 1:colcon.colcon_core.package_identification:_identify(src/dh_gripper_driver) by extensions ['colcon_meta']
[0.234s] Level 1:colcon.colcon_core.package_identification:_identify(src/dh_gripper_driver) by extension 'colcon_meta'
[0.234s] Level 1:colcon.colcon_core.package_identification:_identify(src/dh_gripper_driver) by extensions ['ros']
[0.234s] Level 1:colcon.colcon_core.package_identification:_identify(src/dh_gripper_driver) by extension 'ros'
[0.235s] DEBUG:colcon.colcon_core.package_identification:Package 'src/dh_gripper_driver' with type 'ros.ament_python' and name 'dh_gripper_driver'
[0.235s] Level 1:colcon.colcon_core.package_identification:_identify(src/dh_gripper_msgs) by extensions ['ignore', 'ignore_ament_install']
[0.235s] Level 1:colcon.colcon_core.package_identification:_identify(src/dh_gripper_msgs) by extension 'ignore'
[0.235s] Level 1:colcon.colcon_core.package_identification:_identify(src/dh_gripper_msgs) by extension 'ignore_ament_install'
[0.235s] Level 1:colcon.colcon_core.package_identification:_identify(src/dh_gripper_msgs) by extensions ['colcon_pkg']
[0.235s] Level 1:colcon.colcon_core.package_identification:_identify(src/dh_gripper_msgs) by extension 'colcon_pkg'
[0.235s] Level 1:colcon.colcon_core.package_identification:_identify(src/dh_gripper_msgs) by extensions ['colcon_meta']
[0.235s] Level 1:colcon.colcon_core.package_identification:_identify(src/dh_gripper_msgs) by extension 'colcon_meta'
[0.235s] Level 1:colcon.colcon_core.package_identification:_identify(src/dh_gripper_msgs) by extensions ['ros']
[0.235s] Level 1:colcon.colcon_core.package_identification:_identify(src/dh_gripper_msgs) by extension 'ros'
[0.236s] DEBUG:colcon.colcon_core.package_identification:Package 'src/dh_gripper_msgs' with type 'ros.ament_cmake' and name 'dh_gripper_msgs'
[0.236s] Level 1:colcon.colcon_core.package_identification:_identify(src/rm_arm_examples) by extensions ['ignore', 'ignore_ament_install']
[0.236s] Level 1:colcon.colcon_core.package_identification:_identify(src/rm_arm_examples) by extension 'ignore'
[0.236s] Level 1:colcon.colcon_core.package_identification:_identify(src/rm_arm_examples) by extension 'ignore_ament_install'
[0.236s] Level 1:colcon.colcon_core.package_identification:_identify(src/rm_arm_examples) by extensions ['colcon_pkg']
[0.236s] Level 1:colcon.colcon_core.package_identification:_identify(src/rm_arm_examples) by extension 'colcon_pkg'
[0.236s] Level 1:colcon.colcon_core.package_identification:_identify(src/rm_arm_examples) by extensions ['colcon_meta']
[0.236s] Level 1:colcon.colcon_core.package_identification:_identify(src/rm_arm_examples) by extension 'colcon_meta'
[0.236s] Level 1:colcon.colcon_core.package_identification:_identify(src/rm_arm_examples) by extensions ['ros']
[0.236s] Level 1:colcon.colcon_core.package_identification:_identify(src/rm_arm_examples) by extension 'ros'
[0.236s] Level 1:colcon.colcon_core.package_identification:_identify(src/rm_arm_examples) by extensions ['cmake', 'python']
[0.236s] Level 1:colcon.colcon_core.package_identification:_identify(src/rm_arm_examples) by extension 'cmake'
[0.236s] Level 1:colcon.colcon_core.package_identification:_identify(src/rm_arm_examples) by extension 'python'
[0.236s] Level 1:colcon.colcon_core.package_identification:_identify(src/rm_arm_examples) by extensions ['python_setup_py']
[0.236s] Level 1:colcon.colcon_core.package_identification:_identify(src/rm_arm_examples) by extension 'python_setup_py'
[0.236s] Level 1:colcon.colcon_core.package_identification:_identify(src/rm_arm_examples/control_arm_move) by extensions ['ignore', 'ignore_ament_install']
[0.236s] Level 1:colcon.colcon_core.package_identification:_identify(src/rm_arm_examples/control_arm_move) by extension 'ignore'
[0.236s] Level 1:colcon.colcon_core.package_identification:_identify(src/rm_arm_examples/control_arm_move) by extension 'ignore_ament_install'
[0.236s] Level 1:colcon.colcon_core.package_identification:_identify(src/rm_arm_examples/control_arm_move) by extensions ['colcon_pkg']
[0.236s] Level 1:colcon.colcon_core.package_identification:_identify(src/rm_arm_examples/control_arm_move) by extension 'colcon_pkg'
[0.236s] Level 1:colcon.colcon_core.package_identification:_identify(src/rm_arm_examples/control_arm_move) by extensions ['colcon_meta']
[0.236s] Level 1:colcon.colcon_core.package_identification:_identify(src/rm_arm_examples/control_arm_move) by extension 'colcon_meta'
[0.236s] Level 1:colcon.colcon_core.package_identification:_identify(src/rm_arm_examples/control_arm_move) by extensions ['ros']
[0.236s] Level 1:colcon.colcon_core.package_identification:_identify(src/rm_arm_examples/control_arm_move) by extension 'ros'
[0.237s] DEBUG:colcon.colcon_core.package_identification:Package 'src/rm_arm_examples/control_arm_move' with type 'ros.ament_cmake' and name 'control_arm_move'
[0.237s] Level 1:colcon.colcon_core.package_identification:_identify(src/rm_arm_examples/force_position_control) by extensions ['ignore', 'ignore_ament_install']
[0.237s] Level 1:colcon.colcon_core.package_identification:_identify(src/rm_arm_examples/force_position_control) by extension 'ignore'
[0.237s] Level 1:colcon.colcon_core.package_identification:_identify(src/rm_arm_examples/force_position_control) by extension 'ignore_ament_install'
[0.237s] Level 1:colcon.colcon_core.package_identification:_identify(src/rm_arm_examples/force_position_control) by extensions ['colcon_pkg']
[0.237s] Level 1:colcon.colcon_core.package_identification:_identify(src/rm_arm_examples/force_position_control) by extension 'colcon_pkg'
[0.237s] Level 1:colcon.colcon_core.package_identification:_identify(src/rm_arm_examples/force_position_control) by extensions ['colcon_meta']
[0.237s] Level 1:colcon.colcon_core.package_identification:_identify(src/rm_arm_examples/force_position_control) by extension 'colcon_meta'
[0.237s] Level 1:colcon.colcon_core.package_identification:_identify(src/rm_arm_examples/force_position_control) by extensions ['ros']
[0.237s] Level 1:colcon.colcon_core.package_identification:_identify(src/rm_arm_examples/force_position_control) by extension 'ros'
[0.237s] DEBUG:colcon.colcon_core.package_identification:Package 'src/rm_arm_examples/force_position_control' with type 'ros.ament_cmake' and name 'force_position_control'
[0.237s] Level 1:colcon.colcon_core.package_identification:_identify(src/rm_arm_examples/get_arm_state) by extensions ['ignore', 'ignore_ament_install']
[0.238s] Level 1:colcon.colcon_core.package_identification:_identify(src/rm_arm_examples/get_arm_state) by extension 'ignore'
[0.238s] Level 1:colcon.colcon_core.package_identification:_identify(src/rm_arm_examples/get_arm_state) by extension 'ignore_ament_install'
[0.238s] Level 1:colcon.colcon_core.package_identification:_identify(src/rm_arm_examples/get_arm_state) by extensions ['colcon_pkg']
[0.238s] Level 1:colcon.colcon_core.package_identification:_identify(src/rm_arm_examples/get_arm_state) by extension 'colcon_pkg'
[0.238s] Level 1:colcon.colcon_core.package_identification:_identify(src/rm_arm_examples/get_arm_state) by extensions ['colcon_meta']
[0.238s] Level 1:colcon.colcon_core.package_identification:_identify(src/rm_arm_examples/get_arm_state) by extension 'colcon_meta'
[0.238s] Level 1:colcon.colcon_core.package_identification:_identify(src/rm_arm_examples/get_arm_state) by extensions ['ros']
[0.238s] Level 1:colcon.colcon_core.package_identification:_identify(src/rm_arm_examples/get_arm_state) by extension 'ros'
[0.238s] DEBUG:colcon.colcon_core.package_identification:Package 'src/rm_arm_examples/get_arm_state' with type 'ros.ament_cmake' and name 'get_arm_state'
[0.238s] Level 1:colcon.colcon_core.package_identification:_identify(src/rm_bringup) by extensions ['ignore', 'ignore_ament_install']
[0.238s] Level 1:colcon.colcon_core.package_identification:_identify(src/rm_bringup) by extension 'ignore'
[0.238s] Level 1:colcon.colcon_core.package_identification:_identify(src/rm_bringup) by extension 'ignore_ament_install'
[0.238s] Level 1:colcon.colcon_core.package_identification:_identify(src/rm_bringup) by extensions ['colcon_pkg']
[0.238s] Level 1:colcon.colcon_core.package_identification:_identify(src/rm_bringup) by extension 'colcon_pkg'
[0.238s] Level 1:colcon.colcon_core.package_identification:_identify(src/rm_bringup) by extensions ['colcon_meta']
[0.238s] Level 1:colcon.colcon_core.package_identification:_identify(src/rm_bringup) by extension 'colcon_meta'
[0.238s] Level 1:colcon.colcon_core.package_identification:_identify(src/rm_bringup) by extensions ['ros']
[0.238s] Level 1:colcon.colcon_core.package_identification:_identify(src/rm_bringup) by extension 'ros'
[0.239s] DEBUG:colcon.colcon_core.package_identification:Package 'src/rm_bringup' with type 'ros.ament_cmake' and name 'rm_bringup'
[0.239s] Level 1:colcon.colcon_core.package_identification:_identify(src/rm_control) by extensions ['ignore', 'ignore_ament_install']
[0.239s] Level 1:colcon.colcon_core.package_identification:_identify(src/rm_control) by extension 'ignore'
[0.239s] Level 1:colcon.colcon_core.package_identification:_identify(src/rm_control) by extension 'ignore_ament_install'
[0.239s] Level 1:colcon.colcon_core.package_identification:_identify(src/rm_control) by extensions ['colcon_pkg']
[0.239s] Level 1:colcon.colcon_core.package_identification:_identify(src/rm_control) by extension 'colcon_pkg'
[0.239s] Level 1:colcon.colcon_core.package_identification:_identify(src/rm_control) by extensions ['colcon_meta']
[0.239s] Level 1:colcon.colcon_core.package_identification:_identify(src/rm_control) by extension 'colcon_meta'
[0.239s] Level 1:colcon.colcon_core.package_identification:_identify(src/rm_control) by extensions ['ros']
[0.239s] Level 1:colcon.colcon_core.package_identification:_identify(src/rm_control) by extension 'ros'
[0.239s] DEBUG:colcon.colcon_core.package_identification:Package 'src/rm_control' with type 'ros.ament_cmake' and name 'rm_control'
[0.239s] Level 1:colcon.colcon_core.package_identification:_identify(src/rm_description) by extensions ['ignore', 'ignore_ament_install']
[0.240s] Level 1:colcon.colcon_core.package_identification:_identify(src/rm_description) by extension 'ignore'
[0.240s] Level 1:colcon.colcon_core.package_identification:_identify(src/rm_description) by extension 'ignore_ament_install'
[0.240s] Level 1:colcon.colcon_core.package_identification:_identify(src/rm_description) by extensions ['colcon_pkg']
[0.240s] Level 1:colcon.colcon_core.package_identification:_identify(src/rm_description) by extension 'colcon_pkg'
[0.240s] Level 1:colcon.colcon_core.package_identification:_identify(src/rm_description) by extensions ['colcon_meta']
[0.240s] Level 1:colcon.colcon_core.package_identification:_identify(src/rm_description) by extension 'colcon_meta'
[0.240s] Level 1:colcon.colcon_core.package_identification:_identify(src/rm_description) by extensions ['ros']
[0.240s] Level 1:colcon.colcon_core.package_identification:_identify(src/rm_description) by extension 'ros'
[0.240s] DEBUG:colcon.colcon_core.package_identification:Package 'src/rm_description' with type 'ros.ament_cmake' and name 'rm_description'
[0.240s] Level 1:colcon.colcon_core.package_identification:_identify(src/rm_doc) by extensions ['ignore', 'ignore_ament_install']
[0.240s] Level 1:colcon.colcon_core.package_identification:_identify(src/rm_doc) by extension 'ignore'
[0.240s] Level 1:colcon.colcon_core.package_identification:_identify(src/rm_doc) by extension 'ignore_ament_install'
[0.240s] Level 1:colcon.colcon_core.package_identification:_identify(src/rm_doc) by extensions ['colcon_pkg']
[0.240s] Level 1:colcon.colcon_core.package_identification:_identify(src/rm_doc) by extension 'colcon_pkg'
[0.240s] Level 1:colcon.colcon_core.package_identification:_identify(src/rm_doc) by extensions ['colcon_meta']
[0.240s] Level 1:colcon.colcon_core.package_identification:_identify(src/rm_doc) by extension 'colcon_meta'
[0.240s] Level 1:colcon.colcon_core.package_identification:_identify(src/rm_doc) by extensions ['ros']
[0.240s] Level 1:colcon.colcon_core.package_identification:_identify(src/rm_doc) by extension 'ros'
[0.241s] DEBUG:colcon.colcon_core.package_identification:Package 'src/rm_doc' with type 'ros.ament_cmake' and name 'rm_doc'
[0.241s] Level 1:colcon.colcon_core.package_identification:_identify(src/rm_driver) by extensions ['ignore', 'ignore_ament_install']
[0.241s] Level 1:colcon.colcon_core.package_identification:_identify(src/rm_driver) by extension 'ignore'
[0.241s] Level 1:colcon.colcon_core.package_identification:_identify(src/rm_driver) by extension 'ignore_ament_install'
[0.241s] Level 1:colcon.colcon_core.package_identification:_identify(src/rm_driver) by extensions ['colcon_pkg']
[0.241s] Level 1:colcon.colcon_core.package_identification:_identify(src/rm_driver) by extension 'colcon_pkg'
[0.241s] Level 1:colcon.colcon_core.package_identification:_identify(src/rm_driver) by extensions ['colcon_meta']
[0.241s] Level 1:colcon.colcon_core.package_identification:_identify(src/rm_driver) by extension 'colcon_meta'
[0.241s] Level 1:colcon.colcon_core.package_identification:_identify(src/rm_driver) by extensions ['ros']
[0.241s] Level 1:colcon.colcon_core.package_identification:_identify(src/rm_driver) by extension 'ros'
[0.241s] DEBUG:colcon.colcon_core.package_identification:Package 'src/rm_driver' with type 'ros.ament_cmake' and name 'rm_driver'
[0.241s] Level 1:colcon.colcon_core.package_identification:_identify(src/rm_example) by extensions ['ignore', 'ignore_ament_install']
[0.242s] Level 1:colcon.colcon_core.package_identification:_identify(src/rm_example) by extension 'ignore'
[0.242s] Level 1:colcon.colcon_core.package_identification:_identify(src/rm_example) by extension 'ignore_ament_install'
[0.242s] Level 1:colcon.colcon_core.package_identification:_identify(src/rm_example) by extensions ['colcon_pkg']
[0.242s] Level 1:colcon.colcon_core.package_identification:_identify(src/rm_example) by extension 'colcon_pkg'
[0.242s] Level 1:colcon.colcon_core.package_identification:_identify(src/rm_example) by extensions ['colcon_meta']
[0.242s] Level 1:colcon.colcon_core.package_identification:_identify(src/rm_example) by extension 'colcon_meta'
[0.242s] Level 1:colcon.colcon_core.package_identification:_identify(src/rm_example) by extensions ['ros']
[0.242s] Level 1:colcon.colcon_core.package_identification:_identify(src/rm_example) by extension 'ros'
[0.242s] DEBUG:colcon.colcon_core.package_identification:Package 'src/rm_example' with type 'ros.ament_cmake' and name 'rm_example'
[0.242s] Level 1:colcon.colcon_core.package_identification:_identify(src/rm_gazebo) by extensions ['ignore', 'ignore_ament_install']
[0.242s] Level 1:colcon.colcon_core.package_identification:_identify(src/rm_gazebo) by extension 'ignore'
[0.242s] Level 1:colcon.colcon_core.package_identification:_identify(src/rm_gazebo) by extension 'ignore_ament_install'
[0.242s] Level 1:colcon.colcon_core.package_identification:_identify(src/rm_gazebo) by extensions ['colcon_pkg']
[0.242s] Level 1:colcon.colcon_core.package_identification:_identify(src/rm_gazebo) by extension 'colcon_pkg'
[0.242s] Level 1:colcon.colcon_core.package_identification:_identify(src/rm_gazebo) by extensions ['colcon_meta']
[0.242s] Level 1:colcon.colcon_core.package_identification:_identify(src/rm_gazebo) by extension 'colcon_meta'
[0.242s] Level 1:colcon.colcon_core.package_identification:_identify(src/rm_gazebo) by extensions ['ros']
[0.242s] Level 1:colcon.colcon_core.package_identification:_identify(src/rm_gazebo) by extension 'ros'
[0.243s] DEBUG:colcon.colcon_core.package_identification:Package 'src/rm_gazebo' with type 'ros.ament_cmake' and name 'rm_gazebo'
[0.243s] Level 1:colcon.colcon_core.package_identification:_identify(src/rm_install) by extensions ['ignore', 'ignore_ament_install']
[0.243s] Level 1:colcon.colcon_core.package_identification:_identify(src/rm_install) by extension 'ignore'
[0.243s] Level 1:colcon.colcon_core.package_identification:_identify(src/rm_install) by extension 'ignore_ament_install'
[0.243s] Level 1:colcon.colcon_core.package_identification:_identify(src/rm_install) by extensions ['colcon_pkg']
[0.243s] Level 1:colcon.colcon_core.package_identification:_identify(src/rm_install) by extension 'colcon_pkg'
[0.243s] Level 1:colcon.colcon_core.package_identification:_identify(src/rm_install) by extensions ['colcon_meta']
[0.243s] Level 1:colcon.colcon_core.package_identification:_identify(src/rm_install) by extension 'colcon_meta'
[0.243s] Level 1:colcon.colcon_core.package_identification:_identify(src/rm_install) by extensions ['ros']
[0.243s] Level 1:colcon.colcon_core.package_identification:_identify(src/rm_install) by extension 'ros'
[0.244s] DEBUG:colcon.colcon_core.package_identification:Package 'src/rm_install' with type 'ros.ament_cmake' and name 'rm_install'
[0.244s] Level 1:colcon.colcon_core.package_identification:_identify(src/rm_moveit2_config) by extensions ['ignore', 'ignore_ament_install']
[0.244s] Level 1:colcon.colcon_core.package_identification:_identify(src/rm_moveit2_config) by extension 'ignore'
[0.244s] Level 1:colcon.colcon_core.package_identification:_identify(src/rm_moveit2_config) by extension 'ignore_ament_install'
[0.244s] Level 1:colcon.colcon_core.package_identification:_identify(src/rm_moveit2_config) by extensions ['colcon_pkg']
[0.244s] Level 1:colcon.colcon_core.package_identification:_identify(src/rm_moveit2_config) by extension 'colcon_pkg'
[0.244s] Level 1:colcon.colcon_core.package_identification:_identify(src/rm_moveit2_config) by extensions ['colcon_meta']
[0.244s] Level 1:colcon.colcon_core.package_identification:_identify(src/rm_moveit2_config) by extension 'colcon_meta'
[0.244s] Level 1:colcon.colcon_core.package_identification:_identify(src/rm_moveit2_config) by extensions ['ros']
[0.244s] Level 1:colcon.colcon_core.package_identification:_identify(src/rm_moveit2_config) by extension 'ros'
[0.244s] Level 1:colcon.colcon_core.package_identification:_identify(src/rm_moveit2_config) by extensions ['cmake', 'python']
[0.244s] Level 1:colcon.colcon_core.package_identification:_identify(src/rm_moveit2_config) by extension 'cmake'
[0.244s] Level 1:colcon.colcon_core.package_identification:_identify(src/rm_moveit2_config) by extension 'python'
[0.244s] Level 1:colcon.colcon_core.package_identification:_identify(src/rm_moveit2_config) by extensions ['python_setup_py']
[0.244s] Level 1:colcon.colcon_core.package_identification:_identify(src/rm_moveit2_config) by extension 'python_setup_py'
[0.244s] Level 1:colcon.colcon_core.package_identification:_identify(src/rm_moveit2_config/doc) by extensions ['ignore', 'ignore_ament_install']
[0.244s] Level 1:colcon.colcon_core.package_identification:_identify(src/rm_moveit2_config/doc) by extension 'ignore'
[0.244s] Level 1:colcon.colcon_core.package_identification:_identify(src/rm_moveit2_config/doc) by extension 'ignore_ament_install'
[0.244s] Level 1:colcon.colcon_core.package_identification:_identify(src/rm_moveit2_config/doc) by extensions ['colcon_pkg']
[0.244s] Level 1:colcon.colcon_core.package_identification:_identify(src/rm_moveit2_config/doc) by extension 'colcon_pkg'
[0.244s] Level 1:colcon.colcon_core.package_identification:_identify(src/rm_moveit2_config/doc) by extensions ['colcon_meta']
[0.244s] Level 1:colcon.colcon_core.package_identification:_identify(src/rm_moveit2_config/doc) by extension 'colcon_meta'
[0.244s] Level 1:colcon.colcon_core.package_identification:_identify(src/rm_moveit2_config/doc) by extensions ['ros']
[0.244s] Level 1:colcon.colcon_core.package_identification:_identify(src/rm_moveit2_config/doc) by extension 'ros'
[0.244s] Level 1:colcon.colcon_core.package_identification:_identify(src/rm_moveit2_config/doc) by extensions ['cmake', 'python']
[0.244s] Level 1:colcon.colcon_core.package_identification:_identify(src/rm_moveit2_config/doc) by extension 'cmake'
[0.244s] Level 1:colcon.colcon_core.package_identification:_identify(src/rm_moveit2_config/doc) by extension 'python'
[0.244s] Level 1:colcon.colcon_core.package_identification:_identify(src/rm_moveit2_config/doc) by extensions ['python_setup_py']
[0.244s] Level 1:colcon.colcon_core.package_identification:_identify(src/rm_moveit2_config/doc) by extension 'python_setup_py'
[0.244s] Level 1:colcon.colcon_core.package_identification:_identify(src/rm_moveit2_config/rm_63_config) by extensions ['ignore', 'ignore_ament_install']
[0.244s] Level 1:colcon.colcon_core.package_identification:_identify(src/rm_moveit2_config/rm_63_config) by extension 'ignore'
[0.244s] Level 1:colcon.colcon_core.package_identification:_identify(src/rm_moveit2_config/rm_63_config) by extension 'ignore_ament_install'
[0.244s] Level 1:colcon.colcon_core.package_identification:_identify(src/rm_moveit2_config/rm_63_config) by extensions ['colcon_pkg']
[0.244s] Level 1:colcon.colcon_core.package_identification:_identify(src/rm_moveit2_config/rm_63_config) by extension 'colcon_pkg'
[0.244s] Level 1:colcon.colcon_core.package_identification:_identify(src/rm_moveit2_config/rm_63_config) by extensions ['colcon_meta']
[0.245s] Level 1:colcon.colcon_core.package_identification:_identify(src/rm_moveit2_config/rm_63_config) by extension 'colcon_meta'
[0.245s] Level 1:colcon.colcon_core.package_identification:_identify(src/rm_moveit2_config/rm_63_config) by extensions ['ros']
[0.245s] Level 1:colcon.colcon_core.package_identification:_identify(src/rm_moveit2_config/rm_63_config) by extension 'ros'
[0.245s] DEBUG:colcon.colcon_core.package_identification:Package 'src/rm_moveit2_config/rm_63_config' with type 'ros.ament_cmake' and name 'rm_63_config'
[0.245s] Level 1:colcon.colcon_core.package_identification:_identify(src/rm_moveit2_config/rm_65_config) by extensions ['ignore', 'ignore_ament_install']
[0.245s] Level 1:colcon.colcon_core.package_identification:_identify(src/rm_moveit2_config/rm_65_config) by extension 'ignore'
[0.245s] Level 1:colcon.colcon_core.package_identification:_identify(src/rm_moveit2_config/rm_65_config) by extension 'ignore_ament_install'
[0.245s] Level 1:colcon.colcon_core.package_identification:_identify(src/rm_moveit2_config/rm_65_config) by extensions ['colcon_pkg']
[0.245s] Level 1:colcon.colcon_core.package_identification:_identify(src/rm_moveit2_config/rm_65_config) by extension 'colcon_pkg'
[0.245s] Level 1:colcon.colcon_core.package_identification:_identify(src/rm_moveit2_config/rm_65_config) by extensions ['colcon_meta']
[0.245s] Level 1:colcon.colcon_core.package_identification:_identify(src/rm_moveit2_config/rm_65_config) by extension 'colcon_meta'
[0.245s] Level 1:colcon.colcon_core.package_identification:_identify(src/rm_moveit2_config/rm_65_config) by extensions ['ros']
[0.245s] Level 1:colcon.colcon_core.package_identification:_identify(src/rm_moveit2_config/rm_65_config) by extension 'ros'
[0.246s] DEBUG:colcon.colcon_core.package_identification:Package 'src/rm_moveit2_config/rm_65_config' with type 'ros.ament_cmake' and name 'rm_65_config'
[0.246s] Level 1:colcon.colcon_core.package_identification:_identify(src/rm_moveit2_config/rm_75_config) by extensions ['ignore', 'ignore_ament_install']
[0.246s] Level 1:colcon.colcon_core.package_identification:_identify(src/rm_moveit2_config/rm_75_config) by extension 'ignore'
[0.246s] Level 1:colcon.colcon_core.package_identification:_identify(src/rm_moveit2_config/rm_75_config) by extension 'ignore_ament_install'
[0.246s] Level 1:colcon.colcon_core.package_identification:_identify(src/rm_moveit2_config/rm_75_config) by extensions ['colcon_pkg']
[0.246s] Level 1:colcon.colcon_core.package_identification:_identify(src/rm_moveit2_config/rm_75_config) by extension 'colcon_pkg'
[0.246s] Level 1:colcon.colcon_core.package_identification:_identify(src/rm_moveit2_config/rm_75_config) by extensions ['colcon_meta']
[0.246s] Level 1:colcon.colcon_core.package_identification:_identify(src/rm_moveit2_config/rm_75_config) by extension 'colcon_meta'
[0.246s] Level 1:colcon.colcon_core.package_identification:_identify(src/rm_moveit2_config/rm_75_config) by extensions ['ros']
[0.246s] Level 1:colcon.colcon_core.package_identification:_identify(src/rm_moveit2_config/rm_75_config) by extension 'ros'
[0.247s] DEBUG:colcon.colcon_core.package_identification:Package 'src/rm_moveit2_config/rm_75_config' with type 'ros.ament_cmake' and name 'rm_75_config'
[0.247s] Level 1:colcon.colcon_core.package_identification:_identify(src/rm_moveit2_config/rm_eco63_config) by extensions ['ignore', 'ignore_ament_install']
[0.247s] Level 1:colcon.colcon_core.package_identification:_identify(src/rm_moveit2_config/rm_eco63_config) by extension 'ignore'
[0.247s] Level 1:colcon.colcon_core.package_identification:_identify(src/rm_moveit2_config/rm_eco63_config) by extension 'ignore_ament_install'
[0.247s] Level 1:colcon.colcon_core.package_identification:_identify(src/rm_moveit2_config/rm_eco63_config) by extensions ['colcon_pkg']
[0.247s] Level 1:colcon.colcon_core.package_identification:_identify(src/rm_moveit2_config/rm_eco63_config) by extension 'colcon_pkg'
[0.247s] Level 1:colcon.colcon_core.package_identification:_identify(src/rm_moveit2_config/rm_eco63_config) by extensions ['colcon_meta']
[0.247s] Level 1:colcon.colcon_core.package_identification:_identify(src/rm_moveit2_config/rm_eco63_config) by extension 'colcon_meta'
[0.247s] Level 1:colcon.colcon_core.package_identification:_identify(src/rm_moveit2_config/rm_eco63_config) by extensions ['ros']
[0.247s] Level 1:colcon.colcon_core.package_identification:_identify(src/rm_moveit2_config/rm_eco63_config) by extension 'ros'
[0.248s] DEBUG:colcon.colcon_core.package_identification:Package 'src/rm_moveit2_config/rm_eco63_config' with type 'ros.ament_cmake' and name 'rm_eco63_config'
[0.248s] Level 1:colcon.colcon_core.package_identification:_identify(src/rm_moveit2_config/rm_eco65_config) by extensions ['ignore', 'ignore_ament_install']
[0.248s] Level 1:colcon.colcon_core.package_identification:_identify(src/rm_moveit2_config/rm_eco65_config) by extension 'ignore'
[0.248s] Level 1:colcon.colcon_core.package_identification:_identify(src/rm_moveit2_config/rm_eco65_config) by extension 'ignore_ament_install'
[0.248s] Level 1:colcon.colcon_core.package_identification:_identify(src/rm_moveit2_config/rm_eco65_config) by extensions ['colcon_pkg']
[0.248s] Level 1:colcon.colcon_core.package_identification:_identify(src/rm_moveit2_config/rm_eco65_config) by extension 'colcon_pkg'
[0.248s] Level 1:colcon.colcon_core.package_identification:_identify(src/rm_moveit2_config/rm_eco65_config) by extensions ['colcon_meta']
[0.248s] Level 1:colcon.colcon_core.package_identification:_identify(src/rm_moveit2_config/rm_eco65_config) by extension 'colcon_meta'
[0.248s] Level 1:colcon.colcon_core.package_identification:_identify(src/rm_moveit2_config/rm_eco65_config) by extensions ['ros']
[0.248s] Level 1:colcon.colcon_core.package_identification:_identify(src/rm_moveit2_config/rm_eco65_config) by extension 'ros'
[0.248s] DEBUG:colcon.colcon_core.package_identification:Package 'src/rm_moveit2_config/rm_eco65_config' with type 'ros.ament_cmake' and name 'rm_eco65_config'
[0.248s] Level 1:colcon.colcon_core.package_identification:_identify(src/rm_moveit2_config/rm_gen72_config) by extensions ['ignore', 'ignore_ament_install']
[0.248s] Level 1:colcon.colcon_core.package_identification:_identify(src/rm_moveit2_config/rm_gen72_config) by extension 'ignore'
[0.249s] Level 1:colcon.colcon_core.package_identification:_identify(src/rm_moveit2_config/rm_gen72_config) by extension 'ignore_ament_install'
[0.249s] Level 1:colcon.colcon_core.package_identification:_identify(src/rm_moveit2_config/rm_gen72_config) by extensions ['colcon_pkg']
[0.249s] Level 1:colcon.colcon_core.package_identification:_identify(src/rm_moveit2_config/rm_gen72_config) by extension 'colcon_pkg'
[0.249s] Level 1:colcon.colcon_core.package_identification:_identify(src/rm_moveit2_config/rm_gen72_config) by extensions ['colcon_meta']
[0.249s] Level 1:colcon.colcon_core.package_identification:_identify(src/rm_moveit2_config/rm_gen72_config) by extension 'colcon_meta'
[0.249s] Level 1:colcon.colcon_core.package_identification:_identify(src/rm_moveit2_config/rm_gen72_config) by extensions ['ros']
[0.249s] Level 1:colcon.colcon_core.package_identification:_identify(src/rm_moveit2_config/rm_gen72_config) by extension 'ros'
[0.249s] DEBUG:colcon.colcon_core.package_identification:Package 'src/rm_moveit2_config/rm_gen72_config' with type 'ros.ament_cmake' and name 'rm_gen72_config'
[0.249s] Level 1:colcon.colcon_core.package_identification:_identify(src/rm_ros_interfaces) by extensions ['ignore', 'ignore_ament_install']
[0.249s] Level 1:colcon.colcon_core.package_identification:_identify(src/rm_ros_interfaces) by extension 'ignore'
[0.249s] Level 1:colcon.colcon_core.package_identification:_identify(src/rm_ros_interfaces) by extension 'ignore_ament_install'
[0.249s] Level 1:colcon.colcon_core.package_identification:_identify(src/rm_ros_interfaces) by extensions ['colcon_pkg']
[0.249s] Level 1:colcon.colcon_core.package_identification:_identify(src/rm_ros_interfaces) by extension 'colcon_pkg'
[0.249s] Level 1:colcon.colcon_core.package_identification:_identify(src/rm_ros_interfaces) by extensions ['colcon_meta']
[0.249s] Level 1:colcon.colcon_core.package_identification:_identify(src/rm_ros_interfaces) by extension 'colcon_meta'
[0.249s] Level 1:colcon.colcon_core.package_identification:_identify(src/rm_ros_interfaces) by extensions ['ros']
[0.250s] Level 1:colcon.colcon_core.package_identification:_identify(src/rm_ros_interfaces) by extension 'ros'
[0.250s] DEBUG:colcon.colcon_core.package_identification:Package 'src/rm_ros_interfaces' with type 'ros.ament_cmake' and name 'rm_ros_interfaces'
[0.250s] Level 1:colcon.colcon_core.package_discovery:discover_packages(recursive) using defaults
[0.250s] Level 1:colcon.colcon_core.package_discovery:discover_packages(ignore) discover
[0.250s] Level 1:colcon.colcon_core.package_discovery:discover_packages(ignore) using defaults
[0.250s] Level 1:colcon.colcon_core.package_discovery:discover_packages(path) discover
[0.250s] Level 1:colcon.colcon_core.package_discovery:discover_packages(path) using defaults
[0.268s] INFO:colcon.colcon_core.package_selection:Skipping not selected package 'dh_gripper_msgs' in 'src/dh_gripper_msgs'
[0.268s] INFO:colcon.colcon_core.package_selection:Skipping not selected package 'rm_65_config' in 'src/rm_moveit2_config/rm_65_config'
[0.268s] INFO:colcon.colcon_core.package_selection:Skipping not selected package 'rm_bringup' in 'src/rm_bringup'
[0.268s] INFO:colcon.colcon_core.package_selection:Skipping not selected package 'rm_doc' in 'src/rm_doc'
[0.268s] INFO:colcon.colcon_core.package_selection:Skipping not selected package 'rm_gazebo' in 'src/rm_gazebo'
[0.268s] INFO:colcon.colcon_core.package_selection:Skipping not selected package 'rm_install' in 'src/rm_install'
[0.268s] INFO:colcon.colcon_core.package_selection:Skipping not selected package 'rm_ros_interfaces' in 'src/rm_ros_interfaces'
[0.268s] INFO:colcon.colcon_core.package_selection:Skipping not selected package 'control_arm_move' in 'src/rm_arm_examples/control_arm_move'
[0.268s] INFO:colcon.colcon_core.package_selection:Skipping not selected package 'dh_gripper_driver' in 'src/dh_gripper_driver'
[0.268s] INFO:colcon.colcon_core.package_selection:Skipping not selected package 'force_position_control' in 'src/rm_arm_examples/force_position_control'
[0.268s] INFO:colcon.colcon_core.package_selection:Skipping not selected package 'get_arm_state' in 'src/rm_arm_examples/get_arm_state'
[0.268s] INFO:colcon.colcon_core.package_selection:Skipping not selected package 'rm_63_config' in 'src/rm_moveit2_config/rm_63_config'
[0.268s] INFO:colcon.colcon_core.package_selection:Skipping not selected package 'rm_75_config' in 'src/rm_moveit2_config/rm_75_config'
[0.268s] INFO:colcon.colcon_core.package_selection:Skipping not selected package 'rm_control' in 'src/rm_control'
[0.268s] INFO:colcon.colcon_core.package_selection:Skipping not selected package 'rm_driver' in 'src/rm_driver'
[0.268s] INFO:colcon.colcon_core.package_selection:Skipping not selected package 'rm_eco63_config' in 'src/rm_moveit2_config/rm_eco63_config'
[0.268s] INFO:colcon.colcon_core.package_selection:Skipping not selected package 'rm_eco65_config' in 'src/rm_moveit2_config/rm_eco65_config'
[0.268s] INFO:colcon.colcon_core.package_selection:Skipping not selected package 'rm_example' in 'src/rm_example'
[0.268s] INFO:colcon.colcon_core.package_selection:Skipping not selected package 'rm_gen72_config' in 'src/rm_moveit2_config/rm_gen72_config'
[0.268s] INFO:colcon.colcon_core.package_selection:Skipping not selected package 'dh_gripper_description' in 'src/dh_gripper_description'
[0.268s] Level 1:colcon.colcon_core.package_discovery:discover_packages(prefix_path) check parameters
[0.268s] Level 1:colcon.colcon_core.package_discovery:discover_packages(prefix_path) discover
[0.271s] DEBUG:colcon.colcon_installed_package_information.package_discovery:Found 21 installed packages in /home/jim/rm_dh_ws/install
[0.272s] DEBUG:colcon.colcon_installed_package_information.package_discovery:Found 55 installed packages in /home/jim/ws_moveit2/install
[0.272s] DEBUG:colcon.colcon_installed_package_information.package_discovery:Found 1 installed packages in /home/jim/tactile_ws/install
[0.273s] DEBUG:colcon.colcon_installed_package_information.package_discovery:Found 475 installed packages in /opt/ros/humble
[0.275s] Level 1:colcon.colcon_core.package_discovery:discover_packages(prefix_path) using defaults
[0.309s] WARNING:colcon.colcon_core.package_selection:Some selected packages are already built in one or more underlay workspaces:
	'rm_description' is in: /home/jim/rm_dh_ws/install/rm_description
If a package in a merged underlay workspace is overridden and it installs headers, then all packages in the overlay must sort their include directories by workspace order. Failure to do so may result in build failures or undefined behavior at run time.
If the overridden package is used by another package in any underlay, then the overriding package in the overlay must be API and ABI compatible or undefined behavior at run time may occur.

If you understand the risks and want to override a package anyways, add the following to the command line:
	--allow-overriding rm_description

This may be promoted to an error in a future release of colcon-override-check.
[0.310s] Level 5:colcon.colcon_core.verb:set package 'rm_description' build argument 'cmake_args' from command line to 'None'
[0.310s] Level 5:colcon.colcon_core.verb:set package 'rm_description' build argument 'cmake_target' from command line to 'None'
[0.310s] Level 5:colcon.colcon_core.verb:set package 'rm_description' build argument 'cmake_target_skip_unavailable' from command line to 'False'
[0.310s] Level 5:colcon.colcon_core.verb:set package 'rm_description' build argument 'cmake_clean_cache' from command line to 'False'
[0.310s] Level 5:colcon.colcon_core.verb:set package 'rm_description' build argument 'cmake_clean_first' from command line to 'False'
[0.310s] Level 5:colcon.colcon_core.verb:set package 'rm_description' build argument 'cmake_force_configure' from command line to 'False'
[0.310s] Level 5:colcon.colcon_core.verb:set package 'rm_description' build argument 'ament_cmake_args' from command line to 'None'
[0.310s] Level 5:colcon.colcon_core.verb:set package 'rm_description' build argument 'catkin_cmake_args' from command line to 'None'
[0.310s] Level 5:colcon.colcon_core.verb:set package 'rm_description' build argument 'catkin_skip_building_tests' from command line to 'False'
[0.310s] DEBUG:colcon.colcon_core.verb:Building package 'rm_description' with the following arguments: {'ament_cmake_args': None, 'build_base': '/home/jim/rm_dh_ws/build/rm_description', 'catkin_cmake_args': None, 'catkin_skip_building_tests': False, 'cmake_args': None, 'cmake_clean_cache': False, 'cmake_clean_first': False, 'cmake_force_configure': False, 'cmake_target': None, 'cmake_target_skip_unavailable': False, 'install_base': '/home/jim/rm_dh_ws/install/rm_description', 'merge_install': False, 'path': '/home/jim/rm_dh_ws/src/rm_description', 'symlink_install': False, 'test_result_base': None}
[0.310s] INFO:colcon.colcon_core.executor:Executing jobs using 'parallel' executor
[0.311s] DEBUG:colcon.colcon_parallel_executor.executor.parallel:run_until_complete
[0.311s] INFO:colcon.colcon_ros.task.ament_cmake.build:Building ROS package in '/home/jim/rm_dh_ws/src/rm_description' with build type 'ament_cmake'
[0.311s] INFO:colcon.colcon_cmake.task.cmake.build:Building CMake package in '/home/jim/rm_dh_ws/src/rm_description'
[0.312s] INFO:colcon.colcon_core.plugin_system:Skipping extension 'colcon_core.shell.bat': Not used on non-Windows systems
[0.313s] INFO:colcon.colcon_core.shell:Skip shell extension 'powershell' for command environment: Not usable outside of PowerShell
[0.313s] DEBUG:colcon.colcon_core.shell:Skip shell extension 'dsv' for command environment
[0.325s] DEBUG:colcon.colcon_core.event_handler.log_command:Invoking command in '/home/jim/rm_dh_ws/build/rm_description': CMAKE_PREFIX_PATH=${CMAKE_PREFIX_PATH}:/home/jim/rm_dh_ws/install/dh_gripper_driver:/home/jim/ws_moveit2/install/moveit_configs_utils:/home/jim/ws_moveit2/install/launch_param_builder:/home/jim/tactile_ws/install/tactile_sensor_ros2:/opt/ros/humble /usr/bin/cmake --build /home/jim/rm_dh_ws/build/rm_description -- -j16 -l16
[0.575s] DEBUG:colcon.colcon_core.event_handler.log_command:Invoked command in '/home/jim/rm_dh_ws/build/rm_description' returned '0': CMAKE_PREFIX_PATH=${CMAKE_PREFIX_PATH}:/home/jim/rm_dh_ws/install/dh_gripper_driver:/home/jim/ws_moveit2/install/moveit_configs_utils:/home/jim/ws_moveit2/install/launch_param_builder:/home/jim/tactile_ws/install/tactile_sensor_ros2:/opt/ros/humble /usr/bin/cmake --build /home/jim/rm_dh_ws/build/rm_description -- -j16 -l16
[0.593s] DEBUG:colcon.colcon_core.event_handler.log_command:Invoking command in '/home/jim/rm_dh_ws/build/rm_description': CMAKE_PREFIX_PATH=${CMAKE_PREFIX_PATH}:/home/jim/rm_dh_ws/install/dh_gripper_driver:/home/jim/ws_moveit2/install/moveit_configs_utils:/home/jim/ws_moveit2/install/launch_param_builder:/home/jim/tactile_ws/install/tactile_sensor_ros2:/opt/ros/humble /usr/bin/cmake --install /home/jim/rm_dh_ws/build/rm_description
[0.609s] Level 1:colcon.colcon_core.environment:create_environment_scripts_only(rm_description)
[0.612s] DEBUG:colcon.colcon_core.event_handler.log_command:Invoked command in '/home/jim/rm_dh_ws/build/rm_description' returned '0': CMAKE_PREFIX_PATH=${CMAKE_PREFIX_PATH}:/home/jim/rm_dh_ws/install/dh_gripper_driver:/home/jim/ws_moveit2/install/moveit_configs_utils:/home/jim/ws_moveit2/install/launch_param_builder:/home/jim/tactile_ws/install/tactile_sensor_ros2:/opt/ros/humble /usr/bin/cmake --install /home/jim/rm_dh_ws/build/rm_description
[0.613s] Level 1:colcon.colcon_core.environment:checking '/home/jim/rm_dh_ws/install/rm_description' for CMake module files
[0.614s] Level 1:colcon.colcon_core.environment:checking '/home/jim/rm_dh_ws/install/rm_description' for CMake config files
[0.614s] Level 1:colcon.colcon_core.shell:create_environment_hook('rm_description', 'cmake_prefix_path')
[0.614s] INFO:colcon.colcon_core.shell:Creating environment hook '/home/jim/rm_dh_ws/install/rm_description/share/rm_description/hook/cmake_prefix_path.ps1'
[0.615s] INFO:colcon.colcon_core.shell:Creating environment descriptor '/home/jim/rm_dh_ws/install/rm_description/share/rm_description/hook/cmake_prefix_path.dsv'
[0.615s] INFO:colcon.colcon_core.shell:Creating environment hook '/home/jim/rm_dh_ws/install/rm_description/share/rm_description/hook/cmake_prefix_path.sh'
[0.616s] Level 1:colcon.colcon_core.environment:checking '/home/jim/rm_dh_ws/install/rm_description/bin'
[0.616s] Level 1:colcon.colcon_core.environment:checking '/home/jim/rm_dh_ws/install/rm_description/lib/pkgconfig/rm_description.pc'
[0.616s] Level 1:colcon.colcon_core.environment:checking '/home/jim/rm_dh_ws/install/rm_description/lib/python3.10/site-packages'
[0.616s] Level 1:colcon.colcon_core.environment:checking '/home/jim/rm_dh_ws/install/rm_description/bin'
[0.616s] INFO:colcon.colcon_core.shell:Creating package script '/home/jim/rm_dh_ws/install/rm_description/share/rm_description/package.ps1'
[0.617s] INFO:colcon.colcon_core.shell:Creating package descriptor '/home/jim/rm_dh_ws/install/rm_description/share/rm_description/package.dsv'
[0.617s] INFO:colcon.colcon_core.shell:Creating package script '/home/jim/rm_dh_ws/install/rm_description/share/rm_description/package.sh'
[0.617s] INFO:colcon.colcon_core.shell:Creating package script '/home/jim/rm_dh_ws/install/rm_description/share/rm_description/package.bash'
[0.618s] INFO:colcon.colcon_core.shell:Creating package script '/home/jim/rm_dh_ws/install/rm_description/share/rm_description/package.zsh'
[0.618s] Level 1:colcon.colcon_core.environment:create_file_with_runtime_dependencies(/home/jim/rm_dh_ws/install/rm_description/share/colcon-core/packages/rm_description)
[0.619s] Level 1:colcon.colcon_core.environment:create_environment_scripts_only(rm_description)
[0.619s] Level 1:colcon.colcon_core.environment:checking '/home/jim/rm_dh_ws/install/rm_description' for CMake module files
[0.619s] Level 1:colcon.colcon_core.environment:checking '/home/jim/rm_dh_ws/install/rm_description' for CMake config files
[0.619s] Level 1:colcon.colcon_core.shell:create_environment_hook('rm_description', 'cmake_prefix_path')
[0.619s] INFO:colcon.colcon_core.shell:Creating environment hook '/home/jim/rm_dh_ws/install/rm_description/share/rm_description/hook/cmake_prefix_path.ps1'
[0.620s] INFO:colcon.colcon_core.shell:Creating environment descriptor '/home/jim/rm_dh_ws/install/rm_description/share/rm_description/hook/cmake_prefix_path.dsv'
[0.620s] INFO:colcon.colcon_core.shell:Creating environment hook '/home/jim/rm_dh_ws/install/rm_description/share/rm_description/hook/cmake_prefix_path.sh'
[0.620s] Level 1:colcon.colcon_core.environment:checking '/home/jim/rm_dh_ws/install/rm_description/bin'
[0.620s] Level 1:colcon.colcon_core.environment:checking '/home/jim/rm_dh_ws/install/rm_description/lib/pkgconfig/rm_description.pc'
[0.620s] Level 1:colcon.colcon_core.environment:checking '/home/jim/rm_dh_ws/install/rm_description/lib/python3.10/site-packages'
[0.621s] Level 1:colcon.colcon_core.environment:checking '/home/jim/rm_dh_ws/install/rm_description/bin'
[0.621s] INFO:colcon.colcon_core.shell:Creating package script '/home/jim/rm_dh_ws/install/rm_description/share/rm_description/package.ps1'
[0.621s] INFO:colcon.colcon_core.shell:Creating package descriptor '/home/jim/rm_dh_ws/install/rm_description/share/rm_description/package.dsv'
[0.621s] INFO:colcon.colcon_core.shell:Creating package script '/home/jim/rm_dh_ws/install/rm_description/share/rm_description/package.sh'
[0.622s] INFO:colcon.colcon_core.shell:Creating package script '/home/jim/rm_dh_ws/install/rm_description/share/rm_description/package.bash'
[0.622s] INFO:colcon.colcon_core.shell:Creating package script '/home/jim/rm_dh_ws/install/rm_description/share/rm_description/package.zsh'
[0.622s] Level 1:colcon.colcon_core.environment:create_file_with_runtime_dependencies(/home/jim/rm_dh_ws/install/rm_description/share/colcon-core/packages/rm_description)
[0.622s] DEBUG:colcon.colcon_parallel_executor.executor.parallel:closing loop
[0.623s] DEBUG:colcon.colcon_parallel_executor.executor.parallel:loop closed
[0.623s] DEBUG:colcon.colcon_parallel_executor.executor.parallel:run_until_complete finished with '0'
[0.623s] DEBUG:colcon.colcon_core.event_reactor:joining thread
[0.627s] INFO:colcon.colcon_core.plugin_system:Skipping extension 'colcon_notification.desktop_notification.terminal_notifier': Not used on non-Darwin systems
[0.627s] INFO:colcon.colcon_core.plugin_system:Skipping extension 'colcon_notification.desktop_notification.win32': Not used on non-Windows systems
[0.627s] INFO:colcon.colcon_notification.desktop_notification:Sending desktop notification using 'notify2'
[0.635s] DEBUG:colcon.colcon_core.event_reactor:joined thread
[0.636s] INFO:colcon.colcon_core.shell:Creating prefix script '/home/jim/rm_dh_ws/install/local_setup.ps1'
[0.637s] INFO:colcon.colcon_core.shell:Creating prefix util module '/home/jim/rm_dh_ws/install/_local_setup_util_ps1.py'
[0.638s] INFO:colcon.colcon_core.shell:Creating prefix chain script '/home/jim/rm_dh_ws/install/setup.ps1'
[0.640s] INFO:colcon.colcon_core.shell:Creating prefix script '/home/jim/rm_dh_ws/install/local_setup.sh'
[0.641s] INFO:colcon.colcon_core.shell:Creating prefix util module '/home/jim/rm_dh_ws/install/_local_setup_util_sh.py'
[0.641s] INFO:colcon.colcon_core.shell:Creating prefix chain script '/home/jim/rm_dh_ws/install/setup.sh'
[0.643s] INFO:colcon.colcon_core.shell:Creating prefix script '/home/jim/rm_dh_ws/install/local_setup.bash'
[0.644s] INFO:colcon.colcon_core.shell:Creating prefix chain script '/home/jim/rm_dh_ws/install/setup.bash'
[0.646s] INFO:colcon.colcon_core.shell:Creating prefix script '/home/jim/rm_dh_ws/install/local_setup.zsh'
[0.646s] INFO:colcon.colcon_core.shell:Creating prefix chain script '/home/jim/rm_dh_ws/install/setup.zsh'
