running egg_info
creating ../../build/dh_gripper_driver/dh_gripper_driver.egg-info
writing ../../build/dh_gripper_driver/dh_gripper_driver.egg-info/PKG-INFO
writing dependency_links to ../../build/dh_gripper_driver/dh_gripper_driver.egg-info/dependency_links.txt
writing entry points to ../../build/dh_gripper_driver/dh_gripper_driver.egg-info/entry_points.txt
writing requirements to ../../build/dh_gripper_driver/dh_gripper_driver.egg-info/requires.txt
writing top-level names to ../../build/dh_gripper_driver/dh_gripper_driver.egg-info/top_level.txt
writing manifest file '../../build/dh_gripper_driver/dh_gripper_driver.egg-info/SOURCES.txt'
reading manifest file '../../build/dh_gripper_driver/dh_gripper_driver.egg-info/SOURCES.txt'
writing manifest file '../../build/dh_gripper_driver/dh_gripper_driver.egg-info/SOURCES.txt'
running build
running build_py
creating /home/jim/rm_dh_ws/build/dh_gripper_driver/build
creating /home/jim/rm_dh_ws/build/dh_gripper_driver/build/lib
creating /home/jim/rm_dh_ws/build/dh_gripper_driver/build/lib/dh_gripper_driver
copying dh_gripper_driver/driver.py -> /home/jim/rm_dh_ws/build/dh_gripper_driver/build/lib/dh_gripper_driver
copying dh_gripper_driver/__init__.py -> /home/jim/rm_dh_ws/build/dh_gripper_driver/build/lib/dh_gripper_driver
running install
running install_lib
creating /home/jim/rm_dh_ws/install/dh_gripper_driver/lib/python3.10/site-packages/dh_gripper_driver
copying /home/jim/rm_dh_ws/build/dh_gripper_driver/build/lib/dh_gripper_driver/driver.py -> /home/jim/rm_dh_ws/install/dh_gripper_driver/lib/python3.10/site-packages/dh_gripper_driver
copying /home/jim/rm_dh_ws/build/dh_gripper_driver/build/lib/dh_gripper_driver/__init__.py -> /home/jim/rm_dh_ws/install/dh_gripper_driver/lib/python3.10/site-packages/dh_gripper_driver
byte-compiling /home/jim/rm_dh_ws/install/dh_gripper_driver/lib/python3.10/site-packages/dh_gripper_driver/driver.py to driver.cpython-310.pyc
byte-compiling /home/jim/rm_dh_ws/install/dh_gripper_driver/lib/python3.10/site-packages/dh_gripper_driver/__init__.py to __init__.cpython-310.pyc
running install_data
creating /home/jim/rm_dh_ws/install/dh_gripper_driver/share/ament_index
creating /home/jim/rm_dh_ws/install/dh_gripper_driver/share/ament_index/resource_index
creating /home/jim/rm_dh_ws/install/dh_gripper_driver/share/ament_index/resource_index/packages
copying resource/dh_gripper_driver -> /home/jim/rm_dh_ws/install/dh_gripper_driver/share/ament_index/resource_index/packages
copying package.xml -> /home/jim/rm_dh_ws/install/dh_gripper_driver/share/dh_gripper_driver
running install_egg_info
Copying ../../build/dh_gripper_driver/dh_gripper_driver.egg-info to /home/jim/rm_dh_ws/install/dh_gripper_driver/lib/python3.10/site-packages/dh_gripper_driver-0.0.0-py3.10.egg-info
running install_scripts
Installing dh_gripper_driver script to /home/jim/rm_dh_ws/install/dh_gripper_driver/lib/dh_gripper_driver
writing list of installed files to '/home/jim/rm_dh_ws/build/dh_gripper_driver/install.log'
